<?xml version="1.0" encoding="UTF-8"?>
<testsuite xmlns:xsi="http://www.w3.org/2001/XMLSchema-instance" xsi:noNamespaceSchemaLocation="https://maven.apache.org/surefire/maven-surefire-plugin/xsd/surefire-test-report-3.0.xsd" version="3.0" name="tuichalange.RunCucumberTest" time="1.949" tests="129" errors="0" skipped="115" failures="6">
  <properties>
    <property name="java.specification.version" value="21"/>
    <property name="sun.jnu.encoding" value="UTF-8"/>
    <property name="java.class.path" value="/Users/apetrova/Documents/examples/target/test-classes:/Users/apetrova/Documents/examples/target/classes:/Users/apetrova/.m2/repository/io/cucumber/cucumber-java/7.15.0/cucumber-java-7.15.0.jar:/Users/apetrova/.m2/repository/io/cucumber/cucumber-core/7.15.0/cucumber-core-7.15.0.jar:/Users/apetrova/.m2/repository/io/cucumber/cucumber-gherkin/7.15.0/cucumber-gherkin-7.15.0.jar:/Users/apetrova/.m2/repository/io/cucumber/cucumber-gherkin-messages/7.15.0/cucumber-gherkin-messages-7.15.0.jar:/Users/apetrova/.m2/repository/io/cucumber/gherkin/26.2.0/gherkin-26.2.0.jar:/Users/apetrova/.m2/repository/io/cucumber/messages/22.0.0/messages-22.0.0.jar:/Users/apetrova/.m2/repository/io/cucumber/tag-expressions/6.0.0/tag-expressions-6.0.0.jar:/Users/apetrova/.m2/repository/io/cucumber/cucumber-expressions/17.0.1/cucumber-expressions-17.0.1.jar:/Users/apetrova/.m2/repository/io/cucumber/datatable/7.15.0/datatable-7.15.0.jar:/Users/apetrova/.m2/repository/io/cucumber/cucumber-plugin/7.15.0/cucumber-plugin-7.15.0.jar:/Users/apetrova/.m2/repository/io/cucumber/docstring/7.15.0/docstring-7.15.0.jar:/Users/apetrova/.m2/repository/io/cucumber/html-formatter/20.4.0/html-formatter-20.4.0.jar:/Users/apetrova/.m2/repository/io/cucumber/junit-xml-formatter/0.2.0/junit-xml-formatter-0.2.0.jar:/Users/apetrova/.m2/repository/org/apiguardian/apiguardian-api/1.1.2/apiguardian-api-1.1.2.jar:/Users/apetrova/.m2/repository/io/cucumber/cucumber-junit-platform-engine/7.15.0/cucumber-junit-platform-engine-7.15.0.jar:/Users/apetrova/.m2/repository/org/junit/platform/junit-platform-engine/1.10.1/junit-platform-engine-1.10.1.jar:/Users/apetrova/.m2/repository/org/opentest4j/opentest4j/1.3.0/opentest4j-1.3.0.jar:/Users/apetrova/.m2/repository/org/junit/platform/junit-platform-commons/1.10.1/junit-platform-commons-1.10.1.jar:/Users/apetrova/.m2/repository/org/junit/platform/junit-platform-suite/1.10.1/junit-platform-suite-1.10.1.jar:/Users/apetrova/.m2/repository/org/junit/platform/junit-platform-suite-api/1.10.1/junit-platform-suite-api-1.10.1.jar:/Users/apetrova/.m2/repository/org/junit/platform/junit-platform-suite-engine/1.10.1/junit-platform-suite-engine-1.10.1.jar:/Users/apetrova/.m2/repository/org/junit/platform/junit-platform-suite-commons/1.10.1/junit-platform-suite-commons-1.10.1.jar:/Users/apetrova/.m2/repository/org/junit/platform/junit-platform-launcher/1.10.1/junit-platform-launcher-1.10.1.jar:/Users/apetrova/.m2/repository/org/junit/jupiter/junit-jupiter/5.10.1/junit-jupiter-5.10.1.jar:/Users/apetrova/.m2/repository/org/junit/jupiter/junit-jupiter-api/5.10.1/junit-jupiter-api-5.10.1.jar:/Users/apetrova/.m2/repository/org/junit/jupiter/junit-jupiter-params/5.10.1/junit-jupiter-params-5.10.1.jar:/Users/apetrova/.m2/repository/org/junit/jupiter/junit-jupiter-engine/5.10.1/junit-jupiter-engine-5.10.1.jar:/Users/apetrova/.m2/repository/org/seleniumhq/selenium/selenium-java/3.14.0/selenium-java-3.14.0.jar:/Users/apetrova/.m2/repository/org/seleniumhq/selenium/selenium-chrome-driver/3.14.0/selenium-chrome-driver-3.14.0.jar:/Users/apetrova/.m2/repository/org/seleniumhq/selenium/selenium-edge-driver/3.14.0/selenium-edge-driver-3.14.0.jar:/Users/apetrova/.m2/repository/org/seleniumhq/selenium/selenium-firefox-driver/3.14.0/selenium-firefox-driver-3.14.0.jar:/Users/apetrova/.m2/repository/org/seleniumhq/selenium/selenium-ie-driver/3.14.0/selenium-ie-driver-3.14.0.jar:/Users/apetrova/.m2/repository/org/seleniumhq/selenium/selenium-opera-driver/3.14.0/selenium-opera-driver-3.14.0.jar:/Users/apetrova/.m2/repository/org/seleniumhq/selenium/selenium-remote-driver/3.14.0/selenium-remote-driver-3.14.0.jar:/Users/apetrova/.m2/repository/org/seleniumhq/selenium/selenium-safari-driver/3.14.0/selenium-safari-driver-3.14.0.jar:/Users/apetrova/.m2/repository/org/seleniumhq/selenium/selenium-support/3.14.0/selenium-support-3.14.0.jar:/Users/apetrova/.m2/repository/net/bytebuddy/byte-buddy/1.8.15/byte-buddy-1.8.15.jar:/Users/apetrova/.m2/repository/org/apache/commons/commons-exec/1.3/commons-exec-1.3.jar:/Users/apetrova/.m2/repository/commons-codec/commons-codec/1.10/commons-codec-1.10.jar:/Users/apetrova/.m2/repository/commons-logging/commons-logging/1.2/commons-logging-1.2.jar:/Users/apetrova/.m2/repository/com/google/guava/guava/25.0-jre/guava-25.0-jre.jar:/Users/apetrova/.m2/repository/com/google/code/findbugs/jsr305/1.3.9/jsr305-1.3.9.jar:/Users/apetrova/.m2/repository/org/checkerframework/checker-compat-qual/2.0.0/checker-compat-qual-2.0.0.jar:/Users/apetrova/.m2/repository/com/google/errorprone/error_prone_annotations/2.1.3/error_prone_annotations-2.1.3.jar:/Users/apetrova/.m2/repository/com/google/j2objc/j2objc-annotations/1.1/j2objc-annotations-1.1.jar:/Users/apetrova/.m2/repository/org/codehaus/mojo/animal-sniffer-annotations/1.14/animal-sniffer-annotations-1.14.jar:/Users/apetrova/.m2/repository/org/apache/httpcomponents/httpclient/4.5.5/httpclient-4.5.5.jar:/Users/apetrova/.m2/repository/org/apache/httpcomponents/httpcore/4.4.9/httpcore-4.4.9.jar:/Users/apetrova/.m2/repository/com/squareup/okhttp3/okhttp/3.10.0/okhttp-3.10.0.jar:/Users/apetrova/.m2/repository/com/squareup/okio/okio/1.14.1/okio-1.14.1.jar:/Users/apetrova/.m2/repository/io/appium/java-client/7.3.0/java-client-7.3.0.jar:/Users/apetrova/.m2/repository/com/google/code/gson/gson/2.8.5/gson-2.8.5.jar:/Users/apetrova/.m2/repository/cglib/cglib/3.2.12/cglib-3.2.12.jar:/Users/apetrova/.m2/repository/org/ow2/asm/asm/7.1/asm-7.1.jar:/Users/apetrova/.m2/repository/commons-validator/commons-validator/1.6/commons-validator-1.6.jar:/Users/apetrova/.m2/repository/commons-beanutils/commons-beanutils/1.9.2/commons-beanutils-1.9.2.jar:/Users/apetrova/.m2/repository/commons-digester/commons-digester/1.8.1/commons-digester-1.8.1.jar:/Users/apetrova/.m2/repository/commons-collections/commons-collections/3.2.2/commons-collections-3.2.2.jar:/Users/apetrova/.m2/repository/org/apache/commons/commons-lang3/3.9/commons-lang3-3.9.jar:/Users/apetrova/.m2/repository/commons-io/commons-io/2.6/commons-io-2.6.jar:/Users/apetrova/.m2/repository/org/springframework/spring-context/5.1.8.RELEASE/spring-context-5.1.8.RELEASE.jar:/Users/apetrova/.m2/repository/org/springframework/spring-aop/5.1.8.RELEASE/spring-aop-5.1.8.RELEASE.jar:/Users/apetrova/.m2/repository/org/springframework/spring-beans/5.1.8.RELEASE/spring-beans-5.1.8.RELEASE.jar:/Users/apetrova/.m2/repository/org/springframework/spring-core/5.1.8.RELEASE/spring-core-5.1.8.RELEASE.jar:/Users/apetrova/.m2/repository/org/springframework/spring-jcl/5.1.8.RELEASE/spring-jcl-5.1.8.RELEASE.jar:/Users/apetrova/.m2/repository/org/springframework/spring-expression/5.1.8.RELEASE/spring-expression-5.1.8.RELEASE.jar:/Users/apetrova/.m2/repository/org/aspectj/aspectjweaver/1.9.4/aspectjweaver-1.9.4.jar:/Users/apetrova/.m2/repository/org/slf4j/slf4j-api/1.7.26/slf4j-api-1.7.26.jar:/Users/apetrova/.m2/repository/org/seleniumhq/selenium/selenium-api/3.141.59/selenium-api-3.141.59.jar:/Users/apetrova/.m2/repository/io/rest-assured/rest-assured/5.4.0/rest-assured-5.4.0.jar:/Users/apetrova/.m2/repository/org/apache/groovy/groovy/4.0.16/groovy-4.0.16.jar:/Users/apetrova/.m2/repository/org/apache/groovy/groovy-xml/4.0.16/groovy-xml-4.0.16.jar:/Users/apetrova/.m2/repository/org/apache/httpcomponents/httpmime/4.5.13/httpmime-4.5.13.jar:/Users/apetrova/.m2/repository/org/hamcrest/hamcrest/2.2/hamcrest-2.2.jar:/Users/apetrova/.m2/repository/org/ccil/cowan/tagsoup/tagsoup/1.2.1/tagsoup-1.2.1.jar:/Users/apetrova/.m2/repository/io/rest-assured/json-path/5.4.0/json-path-5.4.0.jar:/Users/apetrova/.m2/repository/org/apache/groovy/groovy-json/4.0.16/groovy-json-4.0.16.jar:/Users/apetrova/.m2/repository/io/rest-assured/rest-assured-common/5.4.0/rest-assured-common-5.4.0.jar:/Users/apetrova/.m2/repository/io/rest-assured/xml-path/5.4.0/xml-path-5.4.0.jar:/Users/apetrova/.m2/repository/org/projectlombok/lombok/1.18.30/lombok-1.18.30.jar:/Users/apetrova/.m2/repository/com/fasterxml/jackson/core/jackson-databind/2.14.2/jackson-databind-2.14.2.jar:/Users/apetrova/.m2/repository/com/fasterxml/jackson/core/jackson-annotations/2.14.2/jackson-annotations-2.14.2.jar:/Users/apetrova/.m2/repository/com/fasterxml/jackson/core/jackson-core/2.14.2/jackson-core-2.14.2.jar:/Users/apetrova/.m2/repository/io/cucumber/cucumber-picocontainer/7.15.0/cucumber-picocontainer-7.15.0.jar:/Users/apetrova/.m2/repository/org/picocontainer/picocontainer/2.15/picocontainer-2.15.jar:/Users/apetrova/.m2/repository/io/cucumber/ci-environment/10.0.0/ci-environment-10.0.0.jar:"/>
    <property name="java.vm.vendor" value="Homebrew"/>
    <property name="sun.arch.data.model" value="64"/>
    <property name="java.vendor.url" value="https://github.com/Homebrew/homebrew-core/issues"/>
    <property name="user.timezone" value="Europe/Kiev"/>
    <property name="os.name" value="Mac OS X"/>
    <property name="java.vm.specification.version" value="21"/>
    <property name="sun.java.launcher" value="SUN_STANDARD"/>
    <property name="user.country" value="UA"/>
    <property name="sun.boot.library.path" value="/opt/homebrew/Cellar/openjdk/21.0.1/libexec/openjdk.jdk/Contents/Home/lib"/>
    <property name="sun.java.command" value="/Users/apetrova/Documents/examples/target/surefire/surefirebooter-20240120173322513_3.jar /Users/apetrova/Documents/examples/target/surefire 2024-01-20T17-33-22_467-jvmRun1 surefire-20240120173322513_1tmp surefire_0-20240120173322513_2tmp"/>
    <property name="http.nonProxyHosts" value="local|*.local|169.254/16|*.169.254/16"/>
    <property name="jdk.debug" value="release"/>
    <property name="surefire.test.class.path" value="/Users/apetrova/Documents/examples/target/test-classes:/Users/apetrova/Documents/examples/target/classes:/Users/apetrova/.m2/repository/io/cucumber/cucumber-java/7.15.0/cucumber-java-7.15.0.jar:/Users/apetrova/.m2/repository/io/cucumber/cucumber-core/7.15.0/cucumber-core-7.15.0.jar:/Users/apetrova/.m2/repository/io/cucumber/cucumber-gherkin/7.15.0/cucumber-gherkin-7.15.0.jar:/Users/apetrova/.m2/repository/io/cucumber/cucumber-gherkin-messages/7.15.0/cucumber-gherkin-messages-7.15.0.jar:/Users/apetrova/.m2/repository/io/cucumber/gherkin/26.2.0/gherkin-26.2.0.jar:/Users/apetrova/.m2/repository/io/cucumber/messages/22.0.0/messages-22.0.0.jar:/Users/apetrova/.m2/repository/io/cucumber/tag-expressions/6.0.0/tag-expressions-6.0.0.jar:/Users/apetrova/.m2/repository/io/cucumber/cucumber-expressions/17.0.1/cucumber-expressions-17.0.1.jar:/Users/apetrova/.m2/repository/io/cucumber/datatable/7.15.0/datatable-7.15.0.jar:/Users/apetrova/.m2/repository/io/cucumber/cucumber-plugin/7.15.0/cucumber-plugin-7.15.0.jar:/Users/apetrova/.m2/repository/io/cucumber/docstring/7.15.0/docstring-7.15.0.jar:/Users/apetrova/.m2/repository/io/cucumber/html-formatter/20.4.0/html-formatter-20.4.0.jar:/Users/apetrova/.m2/repository/io/cucumber/junit-xml-formatter/0.2.0/junit-xml-formatter-0.2.0.jar:/Users/apetrova/.m2/repository/org/apiguardian/apiguardian-api/1.1.2/apiguardian-api-1.1.2.jar:/Users/apetrova/.m2/repository/io/cucumber/cucumber-junit-platform-engine/7.15.0/cucumber-junit-platform-engine-7.15.0.jar:/Users/apetrova/.m2/repository/org/junit/platform/junit-platform-engine/1.10.1/junit-platform-engine-1.10.1.jar:/Users/apetrova/.m2/repository/org/opentest4j/opentest4j/1.3.0/opentest4j-1.3.0.jar:/Users/apetrova/.m2/repository/org/junit/platform/junit-platform-commons/1.10.1/junit-platform-commons-1.10.1.jar:/Users/apetrova/.m2/repository/org/junit/platform/junit-platform-suite/1.10.1/junit-platform-suite-1.10.1.jar:/Users/apetrova/.m2/repository/org/junit/platform/junit-platform-suite-api/1.10.1/junit-platform-suite-api-1.10.1.jar:/Users/apetrova/.m2/repository/org/junit/platform/junit-platform-suite-engine/1.10.1/junit-platform-suite-engine-1.10.1.jar:/Users/apetrova/.m2/repository/org/junit/platform/junit-platform-suite-commons/1.10.1/junit-platform-suite-commons-1.10.1.jar:/Users/apetrova/.m2/repository/org/junit/platform/junit-platform-launcher/1.10.1/junit-platform-launcher-1.10.1.jar:/Users/apetrova/.m2/repository/org/junit/jupiter/junit-jupiter/5.10.1/junit-jupiter-5.10.1.jar:/Users/apetrova/.m2/repository/org/junit/jupiter/junit-jupiter-api/5.10.1/junit-jupiter-api-5.10.1.jar:/Users/apetrova/.m2/repository/org/junit/jupiter/junit-jupiter-params/5.10.1/junit-jupiter-params-5.10.1.jar:/Users/apetrova/.m2/repository/org/junit/jupiter/junit-jupiter-engine/5.10.1/junit-jupiter-engine-5.10.1.jar:/Users/apetrova/.m2/repository/org/seleniumhq/selenium/selenium-java/3.14.0/selenium-java-3.14.0.jar:/Users/apetrova/.m2/repository/org/seleniumhq/selenium/selenium-chrome-driver/3.14.0/selenium-chrome-driver-3.14.0.jar:/Users/apetrova/.m2/repository/org/seleniumhq/selenium/selenium-edge-driver/3.14.0/selenium-edge-driver-3.14.0.jar:/Users/apetrova/.m2/repository/org/seleniumhq/selenium/selenium-firefox-driver/3.14.0/selenium-firefox-driver-3.14.0.jar:/Users/apetrova/.m2/repository/org/seleniumhq/selenium/selenium-ie-driver/3.14.0/selenium-ie-driver-3.14.0.jar:/Users/apetrova/.m2/repository/org/seleniumhq/selenium/selenium-opera-driver/3.14.0/selenium-opera-driver-3.14.0.jar:/Users/apetrova/.m2/repository/org/seleniumhq/selenium/selenium-remote-driver/3.14.0/selenium-remote-driver-3.14.0.jar:/Users/apetrova/.m2/repository/org/seleniumhq/selenium/selenium-safari-driver/3.14.0/selenium-safari-driver-3.14.0.jar:/Users/apetrova/.m2/repository/org/seleniumhq/selenium/selenium-support/3.14.0/selenium-support-3.14.0.jar:/Users/apetrova/.m2/repository/net/bytebuddy/byte-buddy/1.8.15/byte-buddy-1.8.15.jar:/Users/apetrova/.m2/repository/org/apache/commons/commons-exec/1.3/commons-exec-1.3.jar:/Users/apetrova/.m2/repository/commons-codec/commons-codec/1.10/commons-codec-1.10.jar:/Users/apetrova/.m2/repository/commons-logging/commons-logging/1.2/commons-logging-1.2.jar:/Users/apetrova/.m2/repository/com/google/guava/guava/25.0-jre/guava-25.0-jre.jar:/Users/apetrova/.m2/repository/com/google/code/findbugs/jsr305/1.3.9/jsr305-1.3.9.jar:/Users/apetrova/.m2/repository/org/checkerframework/checker-compat-qual/2.0.0/checker-compat-qual-2.0.0.jar:/Users/apetrova/.m2/repository/com/google/errorprone/error_prone_annotations/2.1.3/error_prone_annotations-2.1.3.jar:/Users/apetrova/.m2/repository/com/google/j2objc/j2objc-annotations/1.1/j2objc-annotations-1.1.jar:/Users/apetrova/.m2/repository/org/codehaus/mojo/animal-sniffer-annotations/1.14/animal-sniffer-annotations-1.14.jar:/Users/apetrova/.m2/repository/org/apache/httpcomponents/httpclient/4.5.5/httpclient-4.5.5.jar:/Users/apetrova/.m2/repository/org/apache/httpcomponents/httpcore/4.4.9/httpcore-4.4.9.jar:/Users/apetrova/.m2/repository/com/squareup/okhttp3/okhttp/3.10.0/okhttp-3.10.0.jar:/Users/apetrova/.m2/repository/com/squareup/okio/okio/1.14.1/okio-1.14.1.jar:/Users/apetrova/.m2/repository/io/appium/java-client/7.3.0/java-client-7.3.0.jar:/Users/apetrova/.m2/repository/com/google/code/gson/gson/2.8.5/gson-2.8.5.jar:/Users/apetrova/.m2/repository/cglib/cglib/3.2.12/cglib-3.2.12.jar:/Users/apetrova/.m2/repository/org/ow2/asm/asm/7.1/asm-7.1.jar:/Users/apetrova/.m2/repository/commons-validator/commons-validator/1.6/commons-validator-1.6.jar:/Users/apetrova/.m2/repository/commons-beanutils/commons-beanutils/1.9.2/commons-beanutils-1.9.2.jar:/Users/apetrova/.m2/repository/commons-digester/commons-digester/1.8.1/commons-digester-1.8.1.jar:/Users/apetrova/.m2/repository/commons-collections/commons-collections/3.2.2/commons-collections-3.2.2.jar:/Users/apetrova/.m2/repository/org/apache/commons/commons-lang3/3.9/commons-lang3-3.9.jar:/Users/apetrova/.m2/repository/commons-io/commons-io/2.6/commons-io-2.6.jar:/Users/apetrova/.m2/repository/org/springframework/spring-context/5.1.8.RELEASE/spring-context-5.1.8.RELEASE.jar:/Users/apetrova/.m2/repository/org/springframework/spring-aop/5.1.8.RELEASE/spring-aop-5.1.8.RELEASE.jar:/Users/apetrova/.m2/repository/org/springframework/spring-beans/5.1.8.RELEASE/spring-beans-5.1.8.RELEASE.jar:/Users/apetrova/.m2/repository/org/springframework/spring-core/5.1.8.RELEASE/spring-core-5.1.8.RELEASE.jar:/Users/apetrova/.m2/repository/org/springframework/spring-jcl/5.1.8.RELEASE/spring-jcl-5.1.8.RELEASE.jar:/Users/apetrova/.m2/repository/org/springframework/spring-expression/5.1.8.RELEASE/spring-expression-5.1.8.RELEASE.jar:/Users/apetrova/.m2/repository/org/aspectj/aspectjweaver/1.9.4/aspectjweaver-1.9.4.jar:/Users/apetrova/.m2/repository/org/slf4j/slf4j-api/1.7.26/slf4j-api-1.7.26.jar:/Users/apetrova/.m2/repository/org/seleniumhq/selenium/selenium-api/3.141.59/selenium-api-3.141.59.jar:/Users/apetrova/.m2/repository/io/rest-assured/rest-assured/5.4.0/rest-assured-5.4.0.jar:/Users/apetrova/.m2/repository/org/apache/groovy/groovy/4.0.16/groovy-4.0.16.jar:/Users/apetrova/.m2/repository/org/apache/groovy/groovy-xml/4.0.16/groovy-xml-4.0.16.jar:/Users/apetrova/.m2/repository/org/apache/httpcomponents/httpmime/4.5.13/httpmime-4.5.13.jar:/Users/apetrova/.m2/repository/org/hamcrest/hamcrest/2.2/hamcrest-2.2.jar:/Users/apetrova/.m2/repository/org/ccil/cowan/tagsoup/tagsoup/1.2.1/tagsoup-1.2.1.jar:/Users/apetrova/.m2/repository/io/rest-assured/json-path/5.4.0/json-path-5.4.0.jar:/Users/apetrova/.m2/repository/org/apache/groovy/groovy-json/4.0.16/groovy-json-4.0.16.jar:/Users/apetrova/.m2/repository/io/rest-assured/rest-assured-common/5.4.0/rest-assured-common-5.4.0.jar:/Users/apetrova/.m2/repository/io/rest-assured/xml-path/5.4.0/xml-path-5.4.0.jar:/Users/apetrova/.m2/repository/org/projectlombok/lombok/1.18.30/lombok-1.18.30.jar:/Users/apetrova/.m2/repository/com/fasterxml/jackson/core/jackson-databind/2.14.2/jackson-databind-2.14.2.jar:/Users/apetrova/.m2/repository/com/fasterxml/jackson/core/jackson-annotations/2.14.2/jackson-annotations-2.14.2.jar:/Users/apetrova/.m2/repository/com/fasterxml/jackson/core/jackson-core/2.14.2/jackson-core-2.14.2.jar:/Users/apetrova/.m2/repository/io/cucumber/cucumber-picocontainer/7.15.0/cucumber-picocontainer-7.15.0.jar:/Users/apetrova/.m2/repository/org/picocontainer/picocontainer/2.15/picocontainer-2.15.jar:/Users/apetrova/.m2/repository/io/cucumber/ci-environment/10.0.0/ci-environment-10.0.0.jar:"/>
    <property name="sun.cpu.endian" value="little"/>
    <property name="user.home" value="/Users/apetrova"/>
    <property name="user.language" value="en"/>
    <property name="java.specification.vendor" value="Oracle Corporation"/>
    <property name="java.version.date" value="2023-10-17"/>
    <property name="java.home" value="/opt/homebrew/Cellar/openjdk/21.0.1/libexec/openjdk.jdk/Contents/Home"/>
    <property name="file.separator" value="/"/>
    <property name="basedir" value="/Users/apetrova/Documents/examples"/>
    <property name="java.vm.compressedOopsMode" value="Zero based"/>
    <property name="line.separator" value="&#10;"/>
    <property name="java.vm.specification.vendor" value="Oracle Corporation"/>
    <property name="java.specification.name" value="Java Platform API Specification"/>
    <property name="apple.awt.application.name" value="ForkedBooter"/>
    <property name="surefire.real.class.path" value="/Users/apetrova/Documents/examples/target/surefire/surefirebooter-20240120173322513_3.jar"/>
    <property name="sun.management.compiler" value="HotSpot 64-Bit Tiered Compilers"/>
    <property name="ftp.nonProxyHosts" value="local|*.local|169.254/16|*.169.254/16"/>
    <property name="java.runtime.version" value="21.0.1"/>
    <property name="user.name" value="apetrova"/>
    <property name="stdout.encoding" value="UTF-8"/>
    <property name="path.separator" value=":"/>
    <property name="os.version" value="13.5.2"/>
    <property name="java.runtime.name" value="OpenJDK Runtime Environment"/>
    <property name="file.encoding" value="UTF-8"/>
    <property name="java.vm.name" value="OpenJDK 64-Bit Server VM"/>
    <property name="java.vendor.version" value="Homebrew"/>
    <property name="localRepository" value="/Users/apetrova/.m2/repository"/>
    <property name="java.vendor.url.bug" value="https://github.com/Homebrew/homebrew-core/issues"/>
    <property name="java.io.tmpdir" value="/var/folders/th/fxgnkx855234w656467j0tg40000gn/T/"/>
    <property name="java.version" value="21.0.1"/>
    <property name="cucumber.filter.tags" value="@Smoke"/>
    <property name="user.dir" value="/Users/apetrova/Documents/examples"/>
    <property name="os.arch" value="aarch64"/>
    <property name="java.vm.specification.name" value="Java Virtual Machine Specification"/>
    <property name="native.encoding" value="UTF-8"/>
    <property name="java.library.path" value="/Users/apetrova/Library/Java/Extensions:/Library/Java/Extensions:/Network/Library/Java/Extensions:/System/Library/Java/Extensions:/usr/lib/java:."/>
    <property name="java.vm.info" value="mixed mode, sharing"/>
    <property name="stderr.encoding" value="UTF-8"/>
    <property name="java.vendor" value="Homebrew"/>
    <property name="java.vm.version" value="21.0.1"/>
    <property name="sun.io.unicode.encoding" value="UnicodeBig"/>
    <property name="socksNonProxyHosts" value="local|*.local|169.254/16|*.169.254/16"/>
    <property name="java.class.version" value="65.0"/>
  </properties>
  <testcase name="Example #1.1" classname="Examples" time="0.953">
    <system-out><![CDATA[
@Smoke
Scenario Outline: New owner is created successfully with first name &amp#27;[90m# src/test/resources/tuichalange/features/owner/createOwnerTests.feature:10&amp#27;[0m
Request method:	GET
Request URI:	http://localhost:9966/petclinic/api/owners
Proxy:			<none>
Request params:	<none>
Query params:	<none>
Form params:	<none>
Path params:	<none>
Headers:		Accept=*/*
				Content-Type=application/json
Cookies:		<none>
Multiparts:		<none>
Body:			<none>
HTTP/1.1 200 
Vary: Origin
Vary: Access-Control-Request-Method
Vary: Access-Control-Request-Headers
X-Content-Type-Options: nosniff
X-XSS-Protection: 0
Cache-Control: no-cache, no-store, max-age=0, must-revalidate
Pragma: no-cache
Expires: 0
X-Frame-Options: DENY
Content-Type: application/json
Transfer-Encoding: chunked
Date: Sat, 20 Jan 2024 15:33:23 GMT
Keep-Alive: timeout=60
Connection: keep-alive

[
    {
        "firstName": "George",
        "lastName": "Franklin",
        "address": "110 W. Liberty St.",
        "city": "Madison",
        "telephone": "6085551023",
        "id": 1,
        "pets": [
            {
                "name": "Leo",
                "birthDate": "2010-09-07",
                "type": {
                    "name": "cat",
                    "id": 1
                },
                "id": 1,
                "ownerId": 1,
                "visits": [
                    
                ]
            },
            {
                "name": "Leo",
                "birthDate": "2024-01-19",
                "type": {
                    "name": "cat",
                    "id": 1
                },
                "id": 15,
                "ownerId": 1,
                "visits": [
                    
                ]
            }
        ]
    },
    {
        "firstName": "Georgee",
        "lastName": "Franklinn",
        "address": "110 W. Liberty St.1",
        "city": "Madison1",
        "telephone": "6085551024",
        "id": 2,
        "pets": [
            {
                "name": "Basil",
                "birthDate": "2012-08-06",
                "type": {
                    "name": "hamster",
                    "id": 6
                },
                "id": 2,
                "ownerId": 2,
                "visits": [
                    
                ]
            }
        ]
    },
    {
        "firstName": "Eduardo",
        "lastName": "Rodriquez",
        "address": "2693 Commerce St.",
        "city": "McFarland",
        "telephone": "6085558763",
        "id": 3,
        "pets": [
            {
                "name": "Jewel",
                "birthDate": "2010-03-07",
                "type": {
                    "name": "Leo",
                    "id": 2
                },
                "id": 4,
                "ownerId": 3,
                "visits": [
                    
                ]
            },
            {
                "name": "Rosy",
                "birthDate": "2011-04-17",
                "type": {
                    "name": "Leo",
                    "id": 2
                },
                "id": 3,
                "ownerId": 3,
                "visits": [
                    
                ]
            }
        ]
    },
    {
        "firstName": "Harold",
        "lastName": "Davis",
        "address": "563 Friendly St.",
        "city": "Windsor",
        "telephone": "6085553198",
        "id": 4,
        "pets": [
            {
                "name": "Iggy",
                "birthDate": "2010-11-30",
                "type": {
                    "name": "lizard",
                    "id": 3
                },
                "id": 5,
                "ownerId": 4,
                "visits": [
                    
                ]
            }
        ]
    },
    {
        "firstName": "Peter",
        "lastName": "McTavish",
        "address": "2387 S. Fair Way",
        "city": "Madison",
        "telephone": "6085552765",
        "id": 5,
        "pets": [
            {
                "name": "George",
                "birthDate": "2010-01-20",
                "type": {
                    "name": "snake",
                    "id": 4
                },
                "id": 6,
                "ownerId": 5,
                "visits": [
                    
                ]
            }
        ]
    },
    {
        "firstName": "Jean",
        "lastName": "Coleman",
        "address": "105 N. Lake St.",
        "city": "Monona",
        "telephone": "6085552654",
        "id": 6,
        "pets": [
            {
                "name": "Max",
                "birthDate": "2012-09-04",
                "type": {
                    "name": "cat",
                    "id": 1
                },
                "id": 8,
                "ownerId": 6,
                "visits": [
                    {
                        "date": "2013-01-03",
                        "description": "neutered",
                        "id": 3,
                        "petId": null
                    },
                    {
                        "date": "2013-01-02",
                        "description": "rabies shot",
                        "id": 2,
                        "petId": null
                    }
                ]
            },
            {
                "name": "Samantha",
                "birthDate": "2012-09-04",
                "type": {
                    "name": "cat",
                    "id": 1
                },
                "id": 7,
                "ownerId": 6,
                "visits": [
                    {
                        "date": "2013-01-04",
                        "description": "spayed",
                        "id": 4,
                        "petId": null
                    },
                    {
                        "date": "2013-01-01",
                        "description": "rabies shot",
                        "id": 1,
                        "petId": null
                    }
                ]
            }
        ]
    },
    {
        "firstName": "Jeff",
        "lastName": "Black",
        "address": "1450 Oak Blvd.",
        "city": "Monona",
        "telephone": "6085555387",
        "id": 7,
        "pets": [
            {
                "name": "Lucky",
                "birthDate": "2011-08-06",
                "type": {
                    "name": "bird",
                    "id": 5
                },
                "id": 9,
                "ownerId": 7,
                "visits": [
                    
                ]
            }
        ]
    },
    {
        "firstName": "Maria",
        "lastName": "Escobito",
        "address": "345 Maple St.",
        "city": "Madison",
        "telephone": "6085557683",
        "id": 8,
        "pets": [
            {
                "name": "Mulligan",
                "birthDate": "2007-02-24",
                "type": {
                    "name": "Leo",
                    "id": 2
                },
                "id": 10,
                "ownerId": 8,
                "visits": [
                    
                ]
            }
        ]
    },
    {
        "firstName": "David",
        "lastName": "Schroeder",
        "address": "2749 Blackhawk Trail",
        "city": "Madison",
        "telephone": "6085559435",
        "id": 9,
        "pets": [
            {
                "name": "Freddy",
                "birthDate": "2010-03-09",
                "type": {
                    "name": "bird",
                    "id": 5
                },
                "id": 11,
                "ownerId": 9,
                "visits": [
                    
                ]
            }
        ]
    },
    {
        "firstName": "Carlos",
        "lastName": "Estaban",
        "address": "2335 Independence La.",
        "city": "Waunakee",
        "telephone": "6085555487",
        "id": 10,
        "pets": [
            {
                "name": "Lucky",
                "birthDate": "2010-06-24",
                "type": {
                    "name": "Leo",
                    "id": 2
                },
                "id": 12,
                "ownerId": 10,
                "visits": [
                    
                ]
            },
            {
                "name": "Sly",
                "birthDate": "2012-06-08",
                "type": {
                    "name": "cat",
                    "id": 1
                },
                "id": 13,
                "ownerId": 10,
                "visits": [
                    
                ]
            }
        ]
    },
    {
        "firstName": "FNcbXOq",
        "lastName": "LNTalqx",
        "address": "Address: e1FDM",
        "city": "City: QeshG",
        "telephone": "91624141",
        "id": 11,
        "pets": [
            {
                "name": "A",
                "birthDate": "2022-09-09",
                "type": {
                    "name": "cat",
                    "id": 1
                },
                "id": 16,
                "ownerId": 11,
                "visits": [
                    
                ]
            }
        ]
    },
    {
        "firstName": "FNgGdZm",
        "lastName": "LNfQpnI",
        "address": "Address: 0Zjvd",
        "city": "City: Y4TUj",
        "telephone": "52375567",
        "id": 12,
        "pets": [
            {
                "name": "A",
                "birthDate": "2022-09-09",
                "type": {
                    "name": "cat",
                    "id": 1
                },
                "id": 17,
                "ownerId": 12,
                "visits": [
                    
                ]
            }
        ]
    },
    {
        "firstName": "FNQVxtW",
        "lastName": "LNijDZJ",
        "address": "Address: QJBbK",
        "city": "City: ZIN3e",
        "telephone": "04606374",
        "id": 13,
        "pets": [
            
        ]
    },
    {
        "firstName": "FNtECYi",
        "lastName": "LNqsmcq",
        "address": "Address: i0KTW",
        "city": "City: YOiSl",
        "telephone": "34297126",
        "id": 14,
        "pets": [
            {
                "name": "A",
                "birthDate": "2022-09-09",
                "type": {
                    "name": "cat",
                    "id": 1
                },
                "id": 18,
                "ownerId": 14,
                "visits": [
                    
                ]
            }
        ]
    },
    {
        "firstName": "FNyluuV",
        "lastName": "LNmDlGp",
        "address": "Address: fKAO5",
        "city": "City: MVAeN",
        "telephone": "98182086",
        "id": 15,
        "pets": [
            {
                "name": "John",
                "birthDate": "2022-09-09",
                "type": {
                    "name": "cat",
                    "id": 1
                },
                "id": 19,
                "ownerId": 15,
                "visits": [
                    
                ]
            }
        ]
    },
    {
        "firstName": "FNypEUb",
        "lastName": "LNKWLEj",
        "address": "Address: 8CWUV",
        "city": "City: Z5E8K",
        "telephone": "13111097",
        "id": 16,
        "pets": [
            {
                "name": "ThirtyCharsTestNametesttestte",
                "birthDate": "2022-09-09",
                "type": {
                    "name": "cat",
                    "id": 1
                },
                "id": 20,
                "ownerId": 16,
                "visits": [
                    
                ]
            }
        ]
    },
    {
        "firstName": "FNyisHR",
        "lastName": "LNygzBW",
        "address": "Address: k7c02",
        "city": "City: q6bES",
        "telephone": "09609529",
        "id": 17,
        "pets": [
            {
                "name": "test_*()&^%$#@!?/",
                "birthDate": "2022-09-09",
                "type": {
                    "name": "cat",
                    "id": 1
                },
                "id": 21,
                "ownerId": 17,
                "visits": [
                    
                ]
            }
        ]
    },
    {
        "firstName": "FNJcWvr",
        "lastName": "LNMcSTH",
        "address": "Address: 50zuT",
        "city": "City: VenoJ",
        "telephone": "44467273",
        "id": 18,
        "pets": [
            {
                "name": "test_*()&^%$#@!?/",
                "birthDate": "2022-09-09",
                "type": {
                    "name": "cat",
                    "id": 1
                },
                "id": 22,
                "ownerId": 18,
                "visits": [
                    
                ]
            }
        ]
    },
    {
        "firstName": "FNyEVfu",
        "lastName": "LNakCFB",
        "address": "Address: DA6Me",
        "city": "City: 1JgGo",
        "telephone": "76398157",
        "id": 19,
        "pets": [
            {
                "name": "test_*()&^%$#@!?/",
                "birthDate": "2022-09-09",
                "type": {
                    "name": "cat",
                    "id": 1
                },
                "id": 23,
                "ownerId": 19,
                "visits": [
                    
                ]
            }
        ]
    },
    {
        "firstName": "FNPJsCr",
        "lastName": "LNBnDVR",
        "address": "Address: jNlsd",
        "city": "City: L53y4",
        "telephone": "94319532",
        "id": 20,
        "pets": [
            
        ]
    },
    {
        "firstName": "FNIGHFq",
        "lastName": "LNjStmf",
        "address": "Address: 8OmzF",
        "city": "City: iplQ4",
        "telephone": "10514807",
        "id": 21,
        "pets": [
            
        ]
    },
    {
        "firstName": "FNAklpN",
        "lastName": "LNcVsrO",
        "address": "Address: epr6z",
        "city": "City: diZWm",
        "telephone": "46987062",
        "id": 22,
        "pets": [
            {
                "name": "FxbWo",
                "birthDate": "2022-09-09",
                "type": {
                    "name": "cat",
                    "id": 1
                },
                "id": 24,
                "ownerId": 22,
                "visits": [
                    
                ]
            }
        ]
    },
    {
        "firstName": "FNNEcev",
        "lastName": "LNMamev",
        "address": "Address: DgnWG",
        "city": "City: 8IFp2",
        "telephone": "20562013",
        "id": 23,
        "pets": [
            
        ]
    },
    {
        "firstName": "FNQegWX",
        "lastName": "LNmMdmx",
        "address": "Address: 30U8b",
        "city": "City: DrS5k",
        "telephone": "00714539",
        "id": 24,
        "pets": [
            
        ]
    },
    {
        "firstName": "FNGklke",
        "lastName": "LNgjhcR",
        "address": "Address: Tsn9a",
        "city": "City: HITGd",
        "telephone": "75972656",
        "id": 25,
        "pets": [
            
        ]
    },
    {
        "firstName": "FNoisAU",
        "lastName": "LNUDdlI",
        "address": "Address: LpbwN",
        "city": "City: 5iDdo",
        "telephone": "25436323",
        "id": 26,
        "pets": [
            
        ]
    },
    {
        "firstName": "FNXkWkm",
        "lastName": "LNraoyE",
        "address": "Address: siTuX",
        "city": "City: z03KU",
        "telephone": "44121082",
        "id": 27,
        "pets": [
            
        ]
    },
    {
        "firstName": "FNCwnIH",
        "lastName": "LNJJNpO",
        "address": "Address: 2Aqt6",
        "city": "City: 0JFrl",
        "telephone": "68567852",
        "id": 28,
        "pets": [
            
        ]
    },
    {
        "firstName": "FNfryGx",
        "lastName": "LNoCrZc",
        "address": "Address: i1e4p",
        "city": "City: PDbUY",
        "telephone": "29696712",
        "id": 29,
        "pets": [
            
        ]
    },
    {
        "firstName": "FNQTkBA",
        "lastName": "LNQKTjv",
        "address": "Address: mpQKo",
        "city": "City: tagRS",
        "telephone": "45486684",
        "id": 30,
        "pets": [
            
        ]
    },
    {
        "firstName": "FNQupPS",
        "lastName": "LNizbof",
        "address": "Address: HLyzb",
        "city": "City: fw2CY",
        "telephone": "85605695",
        "id": 31,
        "pets": [
            
        ]
    },
    {
        "firstName": "FNEKlfa",
        "lastName": "LNXZbrn",
        "address": "Address: tuNNp",
        "city": "City: vqhKb",
        "telephone": "87195299",
        "id": 32,
        "pets": [
            
        ]
    },
    {
        "firstName": "FNtdccc",
        "lastName": "LNSKnuO",
        "address": "Address: 4AaNh",
        "city": "City: ZeClw",
        "telephone": "90400708",
        "id": 33,
        "pets": [
            {
                "name": "oaNNz",
                "birthDate": "2022-09-09",
                "type": {
                    "name": "cat",
                    "id": 1
                },
                "id": 26,
                "ownerId": 33,
                "visits": [
                    
                ]
            }
        ]
    },
    {
        "firstName": "FNaEPFP",
        "lastName": "LNsZnpO",
        "address": "Address: FKP1S",
        "city": "City: KiaJW",
        "telephone": "73390020",
        "id": 34,
        "pets": [
            {
                "name": "HtdBe",
                "birthDate": "2022-09-09",
                "type": {
                    "name": "cat",
                    "id": 1
                },
                "id": 27,
                "ownerId": 34,
                "visits": [
                    
                ]
            }
        ]
    },
    {
        "firstName": "FNBaIbI",
        "lastName": "LNocXRK",
        "address": "Address: KLsxu",
        "city": "City: Wpx4k",
        "telephone": "98731327",
        "id": 35,
        "pets": [
            {
                "name": "efEZj",
                "birthDate": "2022-09-09",
                "type": {
                    "name": "cat",
                    "id": 1
                },
                "id": 28,
                "ownerId": 35,
                "visits": [
                    
                ]
            }
        ]
    },
    {
        "firstName": "FNHKjvC",
        "lastName": "LNiRnpT",
        "address": "Address: pAkki",
        "city": "City: z7mhU",
        "telephone": "39517305",
        "id": 36,
        "pets": [
            {
                "name": "qPaMV",
                "birthDate": "2022-09-09",
                "type": {
                    "name": "cat",
                    "id": 1
                },
                "id": 29,
                "ownerId": 36,
                "visits": [
                    
                ]
            }
        ]
    },
    {
        "firstName": "FNYspmv",
        "lastName": "LNgLPJO",
        "address": "Address: WhovE",
        "city": "City: lho3H",
        "telephone": "38121637",
        "id": 37,
        "pets": [
            {
                "name": "boOZI",
                "birthDate": "2022-09-09",
                "type": {
                    "name": "cat",
                    "id": 1
                },
                "id": 30,
                "ownerId": 37,
                "visits": [
                    
                ]
            }
        ]
    },
    {
        "firstName": "FNewqHb",
        "lastName": "LNALyDC",
        "address": "Address: VeXik",
        "city": "City: oXX4h",
        "telephone": "01086701",
        "id": 38,
        "pets": [
            
        ]
    },
    {
        "firstName": "FNmULKH",
        "lastName": "LNMABIB",
        "address": "Address: ltEfQ",
        "city": "City: y0Fec",
        "telephone": "38408682",
        "id": 39,
        "pets": [
            {
                "name": "qdfpA",
                "birthDate": "2022-09-09",
                "type": {
                    "name": "cat",
                    "id": 1
                },
                "id": 31,
                "ownerId": 39,
                "visits": [
                    
                ]
            }
        ]
    },
    {
        "firstName": "FNlQXRG",
        "lastName": "LNVsOPO",
        "address": "Address: wH73Z",
        "city": "City: Ff00M",
        "telephone": "32848181",
        "id": 40,
        "pets": [
            {
                "name": "MOqkA",
                "birthDate": "2022-09-09",
                "type": {
                    "name": "cat",
                    "id": 1
                },
                "id": 32,
                "ownerId": 40,
                "visits": [
                    
                ]
            }
        ]
    },
    {
        "firstName": "FNQvluw",
        "lastName": "LNEgNBn",
        "address": "Address: oBO1a",
        "city": "City: XKOdd",
        "telephone": "15537673",
        "id": 41,
        "pets": [
            {
                "name": "OfSdq",
                "birthDate": "2022-09-09",
                "type": {
                    "name": "cat",
                    "id": 1
                },
                "id": 33,
                "ownerId": 41,
                "visits": [
                    
                ]
            }
        ]
    },
    {
        "firstName": "FNOEdRx",
        "lastName": "LNcjwhJ",
        "address": "Address: iGhvp",
        "city": "City: 4mX8E",
        "telephone": "05893702",
        "id": 42,
        "pets": [
            {
                "name": "jdMVr",
                "birthDate": "2022-09-09",
                "type": {
                    "name": "cat",
                    "id": 1
                },
                "id": 34,
                "ownerId": 42,
                "visits": [
                    
                ]
            }
        ]
    },
    {
        "firstName": "FNehFco",
        "lastName": "LNFiAqT",
        "address": "Address: x92Qk",
        "city": "City: dNdsR",
        "telephone": "27847042",
        "id": 43,
        "pets": [
            {
                "name": "taZVA",
                "birthDate": "2022-09-09",
                "type": {
                    "name": "cat",
                    "id": 1
                },
                "id": 35,
                "ownerId": 43,
                "visits": [
                    
                ]
            }
        ]
    },
    {
        "firstName": "FNaWaOH",
        "lastName": "LNwUEpc",
        "address": "Address: 5lIT6",
        "city": "City: eCxc8",
        "telephone": "49832368",
        "id": 44,
        "pets": [
            {
                "name": "UhdbF",
                "birthDate": "2022-09-09",
                "type": {
                    "name": "cat",
                    "id": 1
                },
                "id": 36,
                "ownerId": 44,
                "visits": [
                    
                ]
            }
        ]
    },
    {
        "firstName": "FNAduuC",
        "lastName": "LNdupfp",
        "address": "Address: wt9dK",
        "city": "City: 3ujp0",
        "telephone": "60790746",
        "id": 45,
        "pets": [
            {
                "name": "Leo",
                "birthDate": "2024-01-20",
                "type": {
                    "name": "cat",
                    "id": 1
                },
                "id": 37,
                "ownerId": 45,
                "visits": [
                    
                ]
            }
        ]
    },
    {
        "firstName": "FNltaoN",
        "lastName": "LNpyCrK",
        "address": "Address: mJjGG",
        "city": "City: pvByq",
        "telephone": "12868843",
        "id": 46,
        "pets": [
            {
                "name": "TKceJ",
                "birthDate": "2022-09-09",
                "type": {
                    "name": "cat",
                    "id": 1
                },
                "id": 42,
                "ownerId": 46,
                "visits": [
                    
                ]
            }
        ]
    },
    {
        "firstName": "FNzgbek",
        "lastName": "LNkosQH",
        "address": "Address: 6Vlc8",
        "city": "City: WZyU0",
        "telephone": "55053313",
        "id": 47,
        "pets": [
            {
                "name": "A",
                "birthDate": "2022-09-09",
                "type": {
                    "name": "cat",
                    "id": 1
                },
                "id": 43,
                "ownerId": 47,
                "visits": [
                    
                ]
            }
        ]
    },
    {
        "firstName": "FNqbAPd",
        "lastName": "LNxKDSj",
        "address": "Address: Cg47c",
        "city": "City: a1UHb",
        "telephone": "22811952",
        "id": 48,
        "pets": [
            {
                "name": "John",
                "birthDate": "2022-09-09",
                "type": {
                    "name": "cat",
                    "id": 1
                },
                "id": 44,
                "ownerId": 48,
                "visits": [
                    
                ]
            }
        ]
    },
    {
        "firstName": "FNWulKh",
        "lastName": "LNFXytC",
        "address": "Address: lY8jD",
        "city": "City: C5PQS",
        "telephone": "26511185",
        "id": 49,
        "pets": [
            {
                "name": "ThirtyCharsTestNametesttestte",
                "birthDate": "2022-09-09",
                "type": {
                    "name": "cat",
                    "id": 1
                },
                "id": 45,
                "ownerId": 49,
                "visits": [
                    
                ]
            }
        ]
    },
    {
        "firstName": "FNJJKZt",
        "lastName": "LNlYuMz",
        "address": "Address: ETroF",
        "city": "City: Re8zP",
        "telephone": "55605082",
        "id": 50,
        "pets": [
            {
                "name": "test_*()&^%$#@!?/",
                "birthDate": "2022-09-09",
                "type": {
                    "name": "cat",
                    "id": 1
                },
                "id": 46,
                "ownerId": 50,
                "visits": [
                    
                ]
            }
        ]
    },
    {
        "firstName": "FNQJWMP",
        "lastName": "LNRUuEN",
        "address": "Address: 9dJIx",
        "city": "City: YLwu5",
        "telephone": "62137886",
        "id": 51,
        "pets": [
            {
                "name": "ckhUk",
                "birthDate": "2022-09-09",
                "type": {
                    "name": "cat",
                    "id": 1
                },
                "id": 47,
                "ownerId": 51,
                "visits": [
                    
                ]
            }
        ]
    },
    {
        "firstName": "FNUpJLg",
        "lastName": "LNlqMWS",
        "address": "Address: krdGh",
        "city": "City: I2tXQ",
        "telephone": "76572500",
        "id": 52,
        "pets": [
            {
                "name": "A",
                "birthDate": "2022-09-09",
                "type": {
                    "name": "cat",
                    "id": 1
                },
                "id": 48,
                "ownerId": 52,
                "visits": [
                    
                ]
            }
        ]
    },
    {
        "firstName": "FNRvaYv",
        "lastName": "LNOmhHt",
        "address": "Address: nPaWt",
        "city": "City: gXvlG",
        "telephone": "18664848",
        "id": 53,
        "pets": [
            {
                "name": "John",
                "birthDate": "2022-09-09",
                "type": {
                    "name": "cat",
                    "id": 1
                },
                "id": 49,
                "ownerId": 53,
                "visits": [
                    
                ]
            }
        ]
    },
    {
        "firstName": "FNttztn",
        "lastName": "LNBIusD",
        "address": "Address: POiSo",
        "city": "City: JHPOY",
        "telephone": "38295942",
        "id": 54,
        "pets": [
            {
                "name": "ThirtyCharsTestNametesttestte",
                "birthDate": "2022-09-09",
                "type": {
                    "name": "cat",
                    "id": 1
                },
                "id": 50,
                "ownerId": 54,
                "visits": [
                    
                ]
            }
        ]
    },
    {
        "firstName": "FNvhGFI",
        "lastName": "LNbQUqt",
        "address": "Address: x7sHu",
        "city": "City: EnxWp",
        "telephone": "17012054",
        "id": 55,
        "pets": [
            {
                "name": "test_*()&^%$#@!?/",
                "birthDate": "2022-09-09",
                "type": {
                    "name": "cat",
                    "id": 1
                },
                "id": 51,
                "ownerId": 55,
                "visits": [
                    
                ]
            }
        ]
    },
    {
        "firstName": "FNycmss",
        "lastName": "LNPthvV",
        "address": "Address: v0Dvo",
        "city": "City: yN34e",
        "telephone": "05574430",
        "id": 56,
        "pets": [
            {
                "name": "SxrCq",
                "birthDate": "2022-09-09",
                "type": {
                    "name": "cat",
                    "id": 1
                },
                "id": 52,
                "ownerId": 56,
                "visits": [
                    
                ]
            }
        ]
    },
    {
        "firstName": "FNBZsUN",
        "lastName": "LNBIxNH",
        "address": "Address: ECunv",
        "city": "City: VVuMj",
        "telephone": "78914774",
        "id": 57,
        "pets": [
            {
                "name": "A",
                "birthDate": "2022-09-09",
                "type": {
                    "name": "cat",
                    "id": 1
                },
                "id": 53,
                "ownerId": 57,
                "visits": [
                    
                ]
            }
        ]
    },
    {
        "firstName": "FNKKQEp",
        "lastName": "LNuhVXz",
        "address": "Address: mQpFV",
        "city": "City: zHPEF",
        "telephone": "87484307",
        "id": 58,
        "pets": [
            {
                "name": "John",
                "birthDate": "2022-09-09",
                "type": {
                    "name": "cat",
                    "id": 1
                },
                "id": 54,
                "ownerId": 58,
                "visits": [
                    
                ]
            }
        ]
    },
    {
        "firstName": "FNfJAXJ",
        "lastName": "LNbNVQH",
        "address": "Address: rLIwK",
        "city": "City: KPdzI",
        "telephone": "28726249",
        "id": 59,
        "pets": [
            {
                "name": "ThirtyCharsTestNametesttestte",
                "birthDate": "2022-09-09",
                "type": {
                    "name": "cat",
                    "id": 1
                },
                "id": 55,
                "ownerId": 59,
                "visits": [
                    
                ]
            }
        ]
    },
    {
        "firstName": "FNMGbPG",
        "lastName": "LNsgBXT",
        "address": "Address: UdmTs",
        "city": "City: wIQyY",
        "telephone": "26189408",
        "id": 60,
        "pets": [
            {
                "name": "test_*()&^%$#@!?/",
                "birthDate": "2022-09-09",
                "type": {
                    "name": "cat",
                    "id": 1
                },
                "id": 56,
                "ownerId": 60,
                "visits": [
                    
                ]
            }
        ]
    },
    {
        "firstName": "FNlGiBk",
        "lastName": "LNzyhQU",
        "address": "Address: E093I",
        "city": "City: lwtlc",
        "telephone": "61678258",
        "id": 61,
        "pets": [
            {
                "name": "sRaoC",
                "birthDate": "2022-09-09",
                "type": {
                    "name": "cat",
                    "id": 1
                },
                "id": 57,
                "ownerId": 61,
                "visits": [
                    
                ]
            }
        ]
    },
    {
        "firstName": "FNAwgsI",
        "lastName": "LNcTJLn",
        "address": "Address: tWeCc",
        "city": "City: Okmv6",
        "telephone": "89930487",
        "id": 62,
        "pets": [
            {
                "name": "iWNUX",
                "birthDate": "2022-09-09",
                "type": {
                    "name": "cat",
                    "id": 1
                },
                "id": 58,
                "ownerId": 62,
                "visits": [
                    
                ]
            }
        ]
    },
    {
        "firstName": "FNYpikI",
        "lastName": "LNpUbrB",
        "address": "Address: QjnPi",
        "city": "City: eboTd",
        "telephone": "28027358",
        "id": 63,
        "pets": [
            {
                "name": "zOCRL",
                "birthDate": "2022-09-09",
                "type": {
                    "name": "cat",
                    "id": 1
                },
                "id": 59,
                "ownerId": 63,
                "visits": [
                    
                ]
            }
        ]
    },
    {
        "firstName": "FNGHZCj",
        "lastName": "LNKpjwV",
        "address": "Address: ASvJy",
        "city": "City: tdoYZ",
        "telephone": "70883145",
        "id": 64,
        "pets": [
            {
                "name": "Ofcyx",
                "birthDate": "2022-09-09",
                "type": {
                    "name": "cat",
                    "id": 1
                },
                "id": 60,
                "ownerId": 64,
                "visits": [
                    
                ]
            }
        ]
    },
    {
        "firstName": "FNVfRFV",
        "lastName": "LNLxCMs",
        "address": "Address: QYWoR",
        "city": "City: 57Wun",
        "telephone": "75883037",
        "id": 65,
        "pets": [
            {
                "name": "vBwvQ",
                "birthDate": "2022-09-09",
                "type": {
                    "name": "cat",
                    "id": 1
                },
                "id": 61,
                "ownerId": 65,
                "visits": [
                    
                ]
            }
        ]
    },
    {
        "firstName": "FNuKSOU",
        "lastName": "LNfmQJY",
        "address": "Address: AxsWM",
        "city": "City: l8U3k",
        "telephone": "87253881",
        "id": 66,
        "pets": [
            {
                "name": "mWvCw",
                "birthDate": "2022-09-09",
                "type": {
                    "name": "cat",
                    "id": 1
                },
                "id": 66,
                "ownerId": 66,
                "visits": [
                    
                ]
            }
        ]
    },
    {
        "firstName": "FNquiVg",
        "lastName": "LNhhnCw",
        "address": "Address: PugLO",
        "city": "City: Hatny",
        "telephone": "88168206",
        "id": 67,
        "pets": [
            {
                "name": "tmXXi",
                "birthDate": "2022-09-09",
                "type": {
                    "name": "cat",
                    "id": 1
                },
                "id": 67,
                "ownerId": 67,
                "visits": [
                    
                ]
            }
        ]
    },
    {
        "firstName": "FNMRhMu",
        "lastName": "LNKvorN",
        "address": "Address: Ui5Ck",
        "city": "City: aJAQ0",
        "telephone": "08002350",
        "id": 68,
        "pets": [
            {
                "name": "jZEtE",
                "birthDate": "2022-09-09",
                "type": {
                    "name": "cat",
                    "id": 1
                },
                "id": 68,
                "ownerId": 68,
                "visits": [
                    
                ]
            }
        ]
    },
    {
        "firstName": "FNFOpUp",
        "lastName": "LNXHTWG",
        "address": "Address: gZIIL",
        "city": "City: 50nYx",
        "telephone": "62999564",
        "id": 69,
        "pets": [
            
        ]
    },
    {
        "firstName": "FNBAYun",
        "lastName": "LNTgqDk",
        "address": "Address: 3Ll7o",
        "city": "City: yMrcM",
        "telephone": "61021079",
        "id": 70,
        "pets": [
            {
                "name": "SkHnO",
                "birthDate": "2022-09-09",
                "type": {
                    "name": "cat",
                    "id": 1
                },
                "id": 73,
                "ownerId": 70,
                "visits": [
                    
                ]
            }
        ]
    },
    {
        "firstName": "FNOOUCl",
        "lastName": "LNbxWxK",
        "address": "Address: LZyCW",
        "city": "City: MZ8ap",
        "telephone": "03079794",
        "id": 71,
        "pets": [
            {
                "name": "QZjar",
                "birthDate": "2022-09-09",
                "type": {
                    "name": "cat",
                    "id": 1
                },
                "id": 74,
                "ownerId": 71,
                "visits": [
                    
                ]
            }
        ]
    },
    {
        "firstName": "FNGxdDS",
        "lastName": "LNDaPdB",
        "address": "Address: 8XcRN",
        "city": "City: YtlXO",
        "telephone": "39879673",
        "id": 72,
        "pets": [
            {
                "name": "KkbKh",
                "birthDate": "2022-09-09",
                "type": {
                    "name": "cat",
                    "id": 1
                },
                "id": 75,
                "ownerId": 72,
                "visits": [
                    
                ]
            }
        ]
    },
    {
        "firstName": "FNVufZq",
        "lastName": "LNEsDtk",
        "address": "Address: 8fOCo",
        "city": "City: uUZXy",
        "telephone": "42123542",
        "id": 73,
        "pets": [
            {
                "name": "FiDaf",
                "birthDate": "2022-09-09",
                "type": {
                    "name": "cat",
                    "id": 1
                },
                "id": 76,
                "ownerId": 73,
                "visits": [
                    
                ]
            }
        ]
    },
    {
        "firstName": "FNPtMSb",
        "lastName": "LNQvgsf",
        "address": "Address: 46uar",
        "city": "City: 1ts8S",
        "telephone": "15955454",
        "id": 74,
        "pets": [
            {
                "name": "EVyHE",
                "birthDate": "2022-09-09",
                "type": {
                    "name": "cat",
                    "id": 1
                },
                "id": 77,
                "ownerId": 74,
                "visits": [
                    
                ]
            }
        ]
    },
    {
        "firstName": "FNihCcB",
        "lastName": "LNivKlo",
        "address": "Address: ChMX0",
        "city": "City: v1FkC",
        "telephone": "71099135",
        "id": 75,
        "pets": [
            {
                "name": "gHMiw",
                "birthDate": "2022-09-09",
                "type": {
                    "name": "cat",
                    "id": 1
                },
                "id": 78,
                "ownerId": 75,
                "visits": [
                    
                ]
            }
        ]
    },
    {
        "firstName": "FNIKWlh",
        "lastName": "LNbiDun",
        "address": "Address: UpffK",
        "city": "City: tuyi2",
        "telephone": "50710045",
        "id": 76,
        "pets": [
            {
                "name": "A",
                "birthDate": "2022-09-09",
                "type": {
                    "name": "cat",
                    "id": 1
                },
                "id": 79,
                "ownerId": 76,
                "visits": [
                    
                ]
            }
        ]
    },
    {
        "firstName": "FNxsBPX",
        "lastName": "LNqToVp",
        "address": "Address: uC3Cp",
        "city": "City: nIMwd",
        "telephone": "18400557",
        "id": 77,
        "pets": [
            {
                "name": "John",
                "birthDate": "2022-09-09",
                "type": {
                    "name": "cat",
                    "id": 1
                },
                "id": 80,
                "ownerId": 77,
                "visits": [
                    
                ]
            }
        ]
    },
    {
        "firstName": "FNPRBEM",
        "lastName": "LNtJIsL",
        "address": "Address: SrS8n",
        "city": "City: oxcY1",
        "telephone": "58741105",
        "id": 78,
        "pets": [
            {
                "name": "ThirtyCharsTestNametesttestte",
                "birthDate": "2022-09-09",
                "type": {
                    "name": "cat",
                    "id": 1
                },
                "id": 81,
                "ownerId": 78,
                "visits": [
                    
                ]
            }
        ]
    },
    {
        "firstName": "FNItCgZ",
        "lastName": "LNeyZNs",
        "address": "Address: P0Qpa",
        "city": "City: MfWT2",
        "telephone": "25407600",
        "id": 79,
        "pets": [
            {
                "name": "test_*()&^%$#@!?/",
                "birthDate": "2022-09-09",
                "type": {
                    "name": "cat",
                    "id": 1
                },
                "id": 82,
                "ownerId": 79,
                "visits": [
                    
                ]
            }
        ]
    },
    {
        "firstName": "FNBQawy",
        "lastName": "LNZFRtz",
        "address": "Address: IYXMO",
        "city": "City: R4RvB",
        "telephone": "20118398",
        "id": 80,
        "pets": [
            {
                "name": "sDRnc",
                "birthDate": "2022-09-09",
                "type": {
                    "name": "cat",
                    "id": 1
                },
                "id": 83,
                "ownerId": 80,
                "visits": [
                    
                ]
            }
        ]
    },
    {
        "firstName": "FNvByVt",
        "lastName": "LNPUIGA",
        "address": "Address: JTib6",
        "city": "City: Qbxgm",
        "telephone": "18998636",
        "id": 81,
        "pets": [
            {
                "name": "nobYv",
                "birthDate": "2022-09-09",
                "type": {
                    "name": "cat",
                    "id": 1
                },
                "id": 84,
                "ownerId": 81,
                "visits": [
                    
                ]
            }
        ]
    },
    {
        "firstName": "FNjvYHt",
        "lastName": "LNrFYyZ",
        "address": "Address: 9UlBo",
        "city": "City: 7KlYW",
        "telephone": "09663944",
        "id": 82,
        "pets": [
            {
                "name": "WWgzh",
                "birthDate": "2022-09-09",
                "type": {
                    "name": "cat",
                    "id": 1
                },
                "id": 85,
                "ownerId": 82,
                "visits": [
                    
                ]
            }
        ]
    },
    {
        "firstName": "FNQwdNG",
        "lastName": "LNjueih",
        "address": "Address: Psx3q",
        "city": "City: lUor2",
        "telephone": "74689276",
        "id": 84,
        "pets": [
            
        ]
    },
    {
        "firstName": "A",
        "lastName": "LNBtxnF",
        "address": "Address: 9rMM8",
        "city": "City: T7Jdn",
        "telephone": "94208397",
        "id": 85,
        "pets": [
            
        ]
    },
    {
        "firstName": "John",
        "lastName": "LNwtKxm",
        "address": "Address: duhZZ",
        "city": "City: xgdmk",
        "telephone": "26210415",
        "id": 86,
        "pets": [
            
        ]
    },
    {
        "firstName": "ThirtyCharsTestNametesttestte",
        "lastName": "LNeYYFC",
        "address": "Address: iWOwp",
        "city": "City: lfZZ5",
        "telephone": "42536706",
        "id": 87,
        "pets": [
            
        ]
    },
    {
        "firstName": "FNxRJky",
        "lastName": "B",
        "address": "Address: 3LiNO",
        "city": "City: 4XvrW",
        "telephone": "10014086",
        "id": 88,
        "pets": [
            
        ]
    },
    {
        "firstName": "FNLJAco",
        "lastName": "Dou",
        "address": "Address: 6T5hE",
        "city": "City: MClKC",
        "telephone": "06428715",
        "id": 89,
        "pets": [
            
        ]
    },
    {
        "firstName": "FNEbTnZ",
        "lastName": "ThirtyCharsTestNametesttestte",
        "address": "Address: lO0pJ",
        "city": "City: uqB39",
        "telephone": "93370150",
        "id": 90,
        "pets": [
            
        ]
    },
    {
        "firstName": "FNLGwHZ",
        "lastName": "LNMKghz",
        "address": "A",
        "city": "City: h35SV",
        "telephone": "85146959",
        "id": 91,
        "pets": [
            
        ]
    },
    {
        "firstName": "FNwbliu",
        "lastName": "LNCTUsn",
        "address": "101 B. Down St, 1/2 &*%$#@",
        "city": "City: 8Bwxx",
        "telephone": "31225798",
        "id": 92,
        "pets": [
            
        ]
    },
    {
        "firstName": "FNXmEcX",
        "lastName": "LNgyuQR",
        "address": "twoHundredFiftyFifeCharsAddresstwoHundredFiftyFifeCharsAddresstwoHundredFiftyFifeCharsAddresstwoHundredFiftyFifeCharsAddresstwoHundredFiftyFifeCharsAddresstwoHundredFiftyFifeCharsAddresstwoHundredFiftyFifeCharsAddresstwoHundredFiftyFifeCharsAddresstwoHun",
        "city": "City: YdsEl",
        "telephone": "07271599",
        "id": 93,
        "pets": [
            
        ]
    },
    {
        "firstName": "FNBjyFe",
        "lastName": "LNwIaGE",
        "address": "Address: Pd1qX",
        "city": "A",
        "telephone": "97241130",
        "id": 94,
        "pets": [
            
        ]
    },
    {
        "firstName": "FNyIjms",
        "lastName": "LNubOwi",
        "address": "Address: dIxSn",
        "city": "Milton-Freewater (Oregon)",
        "telephone": "68984013",
        "id": 95,
        "pets": [
            
        ]
    },
    {
        "firstName": "FNMlhvT",
        "lastName": "LNlJMYI",
        "address": "Address: lAlQa",
        "city": "test 123 / &*%$#@",
        "telephone": "01049697",
        "id": 96,
        "pets": [
            
        ]
    },
    {
        "firstName": "FNtTOEH",
        "lastName": "LNBPGDK",
        "address": "Address: CwATC",
        "city": "EightyCharsTestCityEightyCharsTestCityEightyCharsTestCityEightyCharsTestCityyyy",
        "telephone": "94019958",
        "id": 97,
        "pets": [
            
        ]
    },
    {
        "firstName": "FNbwmLO",
        "lastName": "LNxpOGJ",
        "address": "Address: ISlY6",
        "city": "City: bEjDW",
        "telephone": "0",
        "id": 98,
        "pets": [
            
        ]
    },
    {
        "firstName": "FNwJXlh",
        "lastName": "LNxOdvi",
        "address": "Address: 3xi0P",
        "city": "City: AI8Cs",
        "telephone": "31507134",
        "id": 100,
        "pets": [
            
        ]
    },
    {
        "firstName": "FNLeJYa",
        "lastName": "LNoFrxu",
        "address": "Address: GsZE4",
        "city": "City: QDCWB",
        "telephone": "90012369",
        "id": 101,
        "pets": [
            {
                "name": "EhdKm",
                "birthDate": "2022-09-09",
                "type": {
                    "name": "cat",
                    "id": 1
                },
                "id": 87,
                "ownerId": 101,
                "visits": [
                    
                ]
            }
        ]
    },
    {
        "firstName": "FNWzeeo",
        "lastName": "LNrrNUi",
        "address": "Address: QkiZG",
        "city": "City: K5gfw",
        "telephone": "59482163",
        "id": 102,
        "pets": [
            
        ]
    },
    {
        "firstName": "FNQBvTP",
        "lastName": "Smith",
        "address": "Address: iuExZ",
        "city": "City: 6FpMs",
        "telephone": "15766142",
        "id": 103,
        "pets": [
            
        ]
    },
    {
        "firstName": "FNVSdqd",
        "lastName": "Smith",
        "address": "Address: 0o8VV",
        "city": "City: ox3sw",
        "telephone": "55252918",
        "id": 104,
        "pets": [
            
        ]
    },
    {
        "firstName": "A",
        "lastName": "LNsreoB",
        "address": "Address: zWFV1",
        "city": "City: epHtz",
        "telephone": "39725757",
        "id": 105,
        "pets": [
            
        ]
    },
    {
        "firstName": "John",
        "lastName": "LNBDPhi",
        "address": "Address: Ns8bX",
        "city": "City: yn3Sh",
        "telephone": "45336389",
        "id": 106,
        "pets": [
            
        ]
    },
    {
        "firstName": "ThirtyCharsTestNametesttestte",
        "lastName": "LNQFEMD",
        "address": "Address: tJgGe",
        "city": "City: 1hQUQ",
        "telephone": "60098415",
        "id": 107,
        "pets": [
            
        ]
    },
    {
        "firstName": "FNHjBjN",
        "lastName": "LNVWUBG",
        "address": "Address: JYxjZ",
        "city": "City: 80ptW",
        "telephone": "88905659",
        "id": 108,
        "pets": [
            
        ]
    },
    {
        "firstName": "FNGwGhS",
        "lastName": "LNtEGWX",
        "address": "Address: cU5Il",
        "city": "City: jWjHB",
        "telephone": "03858244",
        "id": 109,
        "pets": [
            
        ]
    },
    {
        "firstName": "FNEEbok",
        "lastName": "LNFWLGp",
        "address": "Address: QsELR",
        "city": "City: eyy6m",
        "telephone": "33280737",
        "id": 110,
        "pets": [
            
        ]
    },
    {
        "firstName": "FNEYTDg",
        "lastName": "LNFxpHb",
        "address": "Address: utl4N",
        "city": "City: 6Ofnj",
        "telephone": "73082224",
        "id": 111,
        "pets": [
            
        ]
    },
    {
        "firstName": "FNiVCub",
        "lastName": "B",
        "address": "Address: G2Ygx",
        "city": "City: fmAbY",
        "telephone": "55608953",
        "id": 112,
        "pets": [
            
        ]
    },
    {
        "firstName": "FNoWRDh",
        "lastName": "Dou",
        "address": "Address: VH6DM",
        "city": "City: LKnBj",
        "telephone": "45811468",
        "id": 113,
        "pets": [
            
        ]
    },
    {
        "firstName": "FNlOOMo",
        "lastName": "ThirtyCharsTestNametesttestte",
        "address": "Address: ONr0Y",
        "city": "City: stHhO",
        "telephone": "11526262",
        "id": 114,
        "pets": [
            
        ]
    },
    {
        "firstName": "FNlvuLy",
        "lastName": "LNUqVLQ",
        "address": "Address: Awnrm",
        "city": "City: KUSrE",
        "telephone": "11014557",
        "id": 115,
        "pets": [
            
        ]
    },
    {
        "firstName": "FNmukMN",
        "lastName": "LNYmosv",
        "address": "Address: z20CM",
        "city": "City: Fueny",
        "telephone": "08217741",
        "id": 116,
        "pets": [
            
        ]
    },
    {
        "firstName": "FNyeDBk",
        "lastName": "LNkfkWP",
        "address": "Address: NNa0x",
        "city": "City: MCo6s",
        "telephone": "04923483",
        "id": 117,
        "pets": [
            
        ]
    },
    {
        "firstName": "FNijNzH",
        "lastName": "LNTmGyp",
        "address": "Address: dkAP9",
        "city": "City: BRkwv",
        "telephone": "39859285",
        "id": 118,
        "pets": [
            
        ]
    },
    {
        "firstName": "FNsICWS",
        "lastName": "LNdvDhl",
        "address": "A",
        "city": "City: OKeC8",
        "telephone": "61337422",
        "id": 119,
        "pets": [
            
        ]
    },
    {
        "firstName": "FNUUJoH",
        "lastName": "LNwNxKJ",
        "address": "101 B. Down St, 1/2 &*%$#@",
        "city": "City: FBwct",
        "telephone": "11837875",
        "id": 120,
        "pets": [
            
        ]
    },
    {
        "firstName": "FNYvYQJ",
        "lastName": "LNkUfYu",
        "address": "twoHundredFiftyFifeCharsAddresstwoHundredFiftyFifeCharsAddresstwoHundredFiftyFifeCharsAddresstwoHundredFiftyFifeCharsAddresstwoHundredFiftyFifeCharsAddresstwoHundredFiftyFifeCharsAddresstwoHundredFiftyFifeCharsAddresstwoHundredFiftyFifeCharsAddresstwoHun",
        "city": "City: dOPH4",
        "telephone": "69798857",
        "id": 121,
        "pets": [
            
        ]
    },
    {
        "firstName": "FNBvwgU",
        "lastName": "LNfoRik",
        "address": "Address: hdSxk",
        "city": "City: azGpe",
        "telephone": "81625495",
        "id": 122,
        "pets": [
            
        ]
    },
    {
        "firstName": "FNeFCzm",
        "lastName": "LNVlfyN",
        "address": "Address: Jpg2M",
        "city": "City: qeITp",
        "telephone": "15782712",
        "id": 123,
        "pets": [
            
        ]
    },
    {
        "firstName": "FNjJJRd",
        "lastName": "LNatURq",
        "address": "Address: lmDur",
        "city": "City: ztBr3",
        "telephone": "05511184",
        "id": 124,
        "pets": [
            
        ]
    },
    {
        "firstName": "FNHzemi",
        "lastName": "LNwrFdO",
        "address": "Address: b51Hi",
        "city": "A",
        "telephone": "99990488",
        "id": 125,
        "pets": [
            
        ]
    },
    {
        "firstName": "FNjmdXM",
        "lastName": "LNFbdYT",
        "address": "Address: yhm5p",
        "city": "Milton-Freewater (Oregon)",
        "telephone": "81146317",
        "id": 126,
        "pets": [
            
        ]
    },
    {
        "firstName": "FNKOfdT",
        "lastName": "LNNsEkR",
        "address": "Address: uAcuQ",
        "city": "test 123 / &*%$#@",
        "telephone": "36756606",
        "id": 127,
        "pets": [
            
        ]
    },
    {
        "firstName": "FNwjsMW",
        "lastName": "LNdMJQS",
        "address": "Address: 2LhGC",
        "city": "EightyCharsTestCityEightyCharsTestCityEightyCharsTestCityEightyCharsTestCityyyy",
        "telephone": "12151950",
        "id": 128,
        "pets": [
            
        ]
    },
    {
        "firstName": "FNgFDlU",
        "lastName": "LNKeoTp",
        "address": "Address: 0kLU6",
        "city": "City: F0S2e",
        "telephone": "21987098",
        "id": 129,
        "pets": [
            
        ]
    },
    {
        "firstName": "FNLjVJE",
        "lastName": "LNYSEmx",
        "address": "Address: fnWHH",
        "city": "City: o1cik",
        "telephone": "32964923",
        "id": 130,
        "pets": [
            
        ]
    },
    {
        "firstName": "FNbzPPv",
        "lastName": "LNYLOtx",
        "address": "Address: 2LPfW",
        "city": "City: C9UgJ",
        "telephone": "93456124",
        "id": 131,
        "pets": [
            
        ]
    },
    {
        "firstName": "FNiqDzY",
        "lastName": "LNddQcn",
        "address": "Address: is8fb",
        "city": "City: baWIr",
        "telephone": "0",
        "id": 132,
        "pets": [
            
        ]
    },
    {
        "firstName": "FNfyBDF",
        "lastName": "LNVkKLx",
        "address": "Address: d2Eyv",
        "city": "City: QuANj",
        "telephone": "97219319",
        "id": 133,
        "pets": [
            
        ]
    },
    {
        "firstName": "FNrcYHu",
        "lastName": "LNzdySW",
        "address": "Address: EhFNq",
        "city": "City: QHwIl",
        "telephone": "76590813",
        "id": 134,
        "pets": [
            
        ]
    },
    {
        "firstName": "FNgweJK",
        "lastName": "LNTYmfT",
        "address": "Address: AreiE",
        "city": "City: rAIdw",
        "telephone": "51938006",
        "id": 135,
        "pets": [
            
        ]
    },
    {
        "firstName": "FNJQEXj",
        "lastName": "LNIFAIL",
        "address": "Address: Gf3ZZ",
        "city": "City: xgvQt",
        "telephone": "91898416",
        "id": 136,
        "pets": [
            
        ]
    },
    {
        "firstName": "FNDJsen",
        "lastName": "LNNnxMZ",
        "address": "Address: lO3YN",
        "city": "City: GiMXL",
        "telephone": "33736716",
        "id": 137,
        "pets": [
            
        ]
    },
    {
        "firstName": "FNPszGC",
        "lastName": "LNfkKeU",
        "address": "Address: yiQCv",
        "city": "City: Z84nk",
        "telephone": "00420107",
        "id": 138,
        "pets": [
            
        ]
    },
    {
        "firstName": "FNNCyNu",
        "lastName": "LNdLLuV",
        "address": "Address: kq53A",
        "city": "City: lafuJ",
        "telephone": "75008203",
        "id": 139,
        "pets": [
            
        ]
    },
    {
        "firstName": "FNycZhV",
        "lastName": "LNRODaN",
        "address": "Address: TlrF1",
        "city": "City: JGN76",
        "telephone": "19709034",
        "id": 140,
        "pets": [
            {
                "name": "A",
                "birthDate": "2022-09-09",
                "type": {
                    "name": "cat",
                    "id": 1
                },
                "id": 92,
                "ownerId": 140,
                "visits": [
                    
                ]
            }
        ]
    },
    {
        "firstName": "FNYWIDK",
        "lastName": "LNTLOKC",
        "address": "Address: r95gz",
        "city": "City: 50Ocx",
        "telephone": "01609436",
        "id": 141,
        "pets": [
            {
                "name": "Bin",
                "birthDate": "2022-09-09",
                "type": {
                    "name": "cat",
                    "id": 1
                },
                "id": 93,
                "ownerId": 141,
                "visits": [
                    
                ]
            }
        ]
    },
    {
        "firstName": "FNSobfh",
        "lastName": "LNIBprF",
        "address": "Address: HRSCy",
        "city": "City: cYFL9",
        "telephone": "47763532",
        "id": 142,
        "pets": [
            {
                "name": "ThirtyCharsTestNametesttestte",
                "birthDate": "2022-09-09",
                "type": {
                    "name": "cat",
                    "id": 1
                },
                "id": 94,
                "ownerId": 142,
                "visits": [
                    
                ]
            }
        ]
    },
    {
        "firstName": "FNGSvMq",
        "lastName": "LNBPttw",
        "address": "Address: RNWjI",
        "city": "City: 2QElR",
        "telephone": "11878371",
        "id": 143,
        "pets": [
            {
                "name": "test_*()&^%$#@!?/",
                "birthDate": "2022-09-09",
                "type": {
                    "name": "cat",
                    "id": 1
                },
                "id": 95,
                "ownerId": 143,
                "visits": [
                    
                ]
            }
        ]
    },
    {
        "firstName": "FNHAItc",
        "lastName": "LNhDDhc",
        "address": "Address: M5Pqk",
        "city": "City: JqzxN",
        "telephone": "83161301",
        "id": 144,
        "pets": [
            {
                "name": "qVkcO",
                "birthDate": "2022-09-09",
                "type": {
                    "name": "cat",
                    "id": 1
                },
                "id": 96,
                "ownerId": 144,
                "visits": [
                    
                ]
            }
        ]
    },
    {
        "firstName": "FNeCswH",
        "lastName": "LNcJeEQ",
        "address": "Address: KaxPi",
        "city": "City: k1PHT",
        "telephone": "14439999",
        "id": 145,
        "pets": [
            
        ]
    },
    {
        "firstName": "FNUNuYU",
        "lastName": "LNqJZnV",
        "address": "Address: 2ciuy",
        "city": "City: 7aqmR",
        "telephone": "60255741",
        "id": 146,
        "pets": [
            
        ]
    },
    {
        "firstName": "FNGqPIO",
        "lastName": "LNzqzJJ",
        "address": "Address: XvGw2",
        "city": "City: 3ecBx",
        "telephone": "95198733",
        "id": 147,
        "pets": [
            
        ]
    },
    {
        "firstName": "FNQymlb",
        "lastName": "LNwiddD",
        "address": "Address: fbEh8",
        "city": "City: Pa0lv",
        "telephone": "87941822",
        "id": 148,
        "pets": [
            
        ]
    },
    {
        "firstName": "FNeAHiF",
        "lastName": "LNfJhrN",
        "address": "Address: 7hWIQ",
        "city": "City: 30Xwe",
        "telephone": "02538614",
        "id": 149,
        "pets": [
            {
                "name": "vlZps",
                "birthDate": "2022-09-09",
                "type": {
                    "name": "cat",
                    "id": 1
                },
                "id": 98,
                "ownerId": 149,
                "visits": [
                    
                ]
            }
        ]
    },
    {
        "firstName": "FNPhxYc",
        "lastName": "LNWglJf",
        "address": "Address: zG49h",
        "city": "City: bDxST",
        "telephone": "33985283",
        "id": 150,
        "pets": [
            {
                "name": "nTPwz",
                "birthDate": "2022-09-09",
                "type": {
                    "name": "cat",
                    "id": 1
                },
                "id": 99,
                "ownerId": 150,
                "visits": [
                    
                ]
            }
        ]
    },
    {
        "firstName": "FNgbDSc",
        "lastName": "LNfxEmv",
        "address": "Address: hIeIz",
        "city": "City: vJLAC",
        "telephone": "06519162",
        "id": 151,
        "pets": [
            {
                "name": "pIYUH",
                "birthDate": "2022-09-09",
                "type": {
                    "name": "cat",
                    "id": 1
                },
                "id": 100,
                "ownerId": 151,
                "visits": [
                    
                ]
            }
        ]
    },
    {
        "firstName": "FNJSKED",
        "lastName": "LNHliCC",
        "address": "Address: Blh1E",
        "city": "City: j8hrR",
        "telephone": "83529100",
        "id": 152,
        "pets": [
            {
                "name": "bkNtl",
                "birthDate": "2022-09-09",
                "type": {
                    "name": "cat",
                    "id": 1
                },
                "id": 101,
                "ownerId": 152,
                "visits": [
                    
                ]
            }
        ]
    },
    {
        "firstName": "FNwfGoV",
        "lastName": "LNWCiyI",
        "address": "Address: GVJjp",
        "city": "City: Mn9l9",
        "telephone": "68451884",
        "id": 153,
        "pets": [
            {
                "name": "WJLtd",
                "birthDate": "2022-09-09",
                "type": {
                    "name": "cat",
                    "id": 1
                },
                "id": 102,
                "ownerId": 153,
                "visits": [
                    
                ]
            }
        ]
    },
    {
        "firstName": "FNEuGuU",
        "lastName": "LNJcVST",
        "address": "Address: CWeXh",
        "city": "City: t0Bau",
        "telephone": "16090435",
        "id": 154,
        "pets": [
            {
                "name": "MQUVO",
                "birthDate": "2022-09-09",
                "type": {
                    "name": "cat",
                    "id": 1
                },
                "id": 103,
                "ownerId": 154,
                "visits": [
                    
                ]
            }
        ]
    },
    {
        "firstName": "FNzwdfG",
        "lastName": "LNoVgCw",
        "address": "Address: p7j8c",
        "city": "City: NDQ0d",
        "telephone": "88587748",
        "id": 155,
        "pets": [
            {
                "name": "dCSZL",
                "birthDate": "2022-09-09",
                "type": {
                    "name": "cat",
                    "id": 1
                },
                "id": 104,
                "ownerId": 155,
                "visits": [
                    
                ]
            }
        ]
    },
    {
        "firstName": "FNxGqhD",
        "lastName": "LNqzqTs",
        "address": "Address: g2uCi",
        "city": "City: 5xKgt",
        "telephone": "26561574",
        "id": 156,
        "pets": [
            {
                "name": "A",
                "birthDate": "2022-09-09",
                "type": {
                    "name": "cat",
                    "id": 1
                },
                "id": 105,
                "ownerId": 156,
                "visits": [
                    
                ]
            }
        ]
    },
    {
        "firstName": "FNoUlqj",
        "lastName": "LNfpmCc",
        "address": "Address: mOTGX",
        "city": "City: GCX5E",
        "telephone": "28714176",
        "id": 157,
        "pets": [
            {
                "name": "John",
                "birthDate": "2022-09-09",
                "type": {
                    "name": "cat",
                    "id": 1
                },
                "id": 106,
                "ownerId": 157,
                "visits": [
                    
                ]
            }
        ]
    },
    {
        "firstName": "FNyWDrZ",
        "lastName": "LNIUCFG",
        "address": "Address: H45VE",
        "city": "City: HqW8h",
        "telephone": "94837945",
        "id": 158,
        "pets": [
            {
                "name": "ThirtyCharsTestNametesttestte",
                "birthDate": "2022-09-09",
                "type": {
                    "name": "cat",
                    "id": 1
                },
                "id": 107,
                "ownerId": 158,
                "visits": [
                    
                ]
            }
        ]
    },
    {
        "firstName": "FNXwSIg",
        "lastName": "LNRGibZ",
        "address": "Address: C3Eww",
        "city": "City: ILt1u",
        "telephone": "81762855",
        "id": 159,
        "pets": [
            {
                "name": "test_*()&^%$#@!?/",
                "birthDate": "2022-09-09",
                "type": {
                    "name": "cat",
                    "id": 1
                },
                "id": 108,
                "ownerId": 159,
                "visits": [
                    
                ]
            }
        ]
    },
    {
        "firstName": "FNyTwEr",
        "lastName": "LNXmHDs",
        "address": "Address: tgu1M",
        "city": "City: uSnrY",
        "telephone": "89974278",
        "id": 160,
        "pets": [
            {
                "name": "gcrNb",
                "birthDate": "2022-09-09",
                "type": {
                    "name": "cat",
                    "id": 1
                },
                "id": 109,
                "ownerId": 160,
                "visits": [
                    
                ]
            }
        ]
    },
    {
        "firstName": "FNrnOHy",
        "lastName": "LNzCgTk",
        "address": "Address: Fbu3T",
        "city": "City: KzhqB",
        "telephone": "95938806",
        "id": 161,
        "pets": [
            {
                "name": "YYTsH",
                "birthDate": "2022-09-09",
                "type": {
                    "name": "cat",
                    "id": 1
                },
                "id": 110,
                "ownerId": 161,
                "visits": [
                    
                ]
            }
        ]
    },
    {
        "firstName": "FNrAGtI",
        "lastName": "LNWLtNl",
        "address": "Address: Ix38o",
        "city": "City: VJ6um",
        "telephone": "91572317",
        "id": 162,
        "pets": [
            {
                "name": "zrGqF",
                "birthDate": "2022-09-09",
                "type": {
                    "name": "cat",
                    "id": 1
                },
                "id": 111,
                "ownerId": 162,
                "visits": [
                    
                ]
            }
        ]
    },
    {
        "firstName": "A",
        "lastName": "LNlMAYJ",
        "address": "Address: RBnWZ",
        "city": "City: YnUtx",
        "telephone": "61527343",
        "id": 163,
        "pets": [
            
        ]
    },
    {
        "firstName": "John",
        "lastName": "LNlGVRU",
        "address": "Address: l46qz",
        "city": "City: 5JzVE",
        "telephone": "14953511",
        "id": 164,
        "pets": [
            
        ]
    },
    {
        "firstName": "ThirtyCharsTestNametesttestte",
        "lastName": "LNKLqDD",
        "address": "Address: qNF4Q",
        "city": "City: T8vRP",
        "telephone": "48584860",
        "id": 165,
        "pets": [
            
        ]
    },
    {
        "firstName": "A",
        "lastName": "LNPiWSb",
        "address": "Address: Eqktq",
        "city": "City: Ub3rA",
        "telephone": "19417660",
        "id": 166,
        "pets": [
            
        ]
    },
    {
        "firstName": "John",
        "lastName": "LNgDEPw",
        "address": "Address: cDq7a",
        "city": "City: WwfLz",
        "telephone": "18539095",
        "id": 167,
        "pets": [
            
        ]
    },
    {
        "firstName": "ThirtyCharsTestNametesttestte",
        "lastName": "LNrErlW",
        "address": "Address: ubASW",
        "city": "City: tPOHy",
        "telephone": "72407540",
        "id": 168,
        "pets": [
            
        ]
    },
    {
        "firstName": "A",
        "lastName": "LNQAuAw",
        "address": "Address: Sl58E",
        "city": "City: W5UgG",
        "telephone": "75787678",
        "id": 169,
        "pets": [
            
        ]
    },
    {
        "firstName": "John",
        "lastName": "LNCOXhS",
        "address": "Address: MKmyd",
        "city": "City: 4sLnN",
        "telephone": "28245221",
        "id": 170,
        "pets": [
            
        ]
    },
    {
        "firstName": "ThirtyCharsTestNametesttestte",
        "lastName": "LNTYBkn",
        "address": "Address: 1Wqrz",
        "city": "City: Jdd0S",
        "telephone": "17554544",
        "id": 171,
        "pets": [
            
        ]
    },
    {
        "firstName": "FNOhjSw",
        "lastName": "B",
        "address": "Address: EhBex",
        "city": "City: SFqob",
        "telephone": "15010167",
        "id": 172,
        "pets": [
            
        ]
    },
    {
        "firstName": "FNjeGeR",
        "lastName": "Dou",
        "address": "Address: oYSNj",
        "city": "City: GxSDW",
        "telephone": "30282746",
        "id": 173,
        "pets": [
            
        ]
    },
    {
        "firstName": "FNabfGN",
        "lastName": "ThirtyCharsTestNametesttestte",
        "address": "Address: tFTsI",
        "city": "City: B1V4U",
        "telephone": "39998441",
        "id": 174,
        "pets": [
            
        ]
    },
    {
        "firstName": "FNlZeXT",
        "lastName": "LNJcvIA",
        "address": "A",
        "city": "City: xCE8w",
        "telephone": "42206968",
        "id": 175,
        "pets": [
            
        ]
    },
    {
        "firstName": "FNSSDfv",
        "lastName": "LNFPWPh",
        "address": "101 B. Down St, 1/2 &*%$#@",
        "city": "City: vtrwg",
        "telephone": "30341261",
        "id": 176,
        "pets": [
            
        ]
    },
    {
        "firstName": "FNBqFng",
        "lastName": "LNUVXvv",
        "address": "twoHundredFiftyFifeCharsAddresstwoHundredFiftyFifeCharsAddresstwoHundredFiftyFifeCharsAddresstwoHundredFiftyFifeCharsAddresstwoHundredFiftyFifeCharsAddresstwoHundredFiftyFifeCharsAddresstwoHundredFiftyFifeCharsAddresstwoHundredFiftyFifeCharsAddresstwoHun",
        "city": "City: S6O3P",
        "telephone": "81556030",
        "id": 177,
        "pets": [
            
        ]
    },
    {
        "firstName": "FNxyxgW",
        "lastName": "LNCxvOR",
        "address": "Address: sxb0V",
        "city": "A",
        "telephone": "53612540",
        "id": 178,
        "pets": [
            
        ]
    },
    {
        "firstName": "FNxwOPb",
        "lastName": "LNbRgLg",
        "address": "Address: qShjP",
        "city": "Milton-Freewater (Oregon)",
        "telephone": "24154578",
        "id": 179,
        "pets": [
            
        ]
    },
    {
        "firstName": "FNubadd",
        "lastName": "LNbERRu",
        "address": "Address: b5rNW",
        "city": "test 123 / &*%$#@",
        "telephone": "56068693",
        "id": 180,
        "pets": [
            
        ]
    },
    {
        "firstName": "FNAxNtX",
        "lastName": "LNFDllE",
        "address": "Address: ahGQR",
        "city": "EightyCharsTestCityEightyCharsTestCityEightyCharsTestCityEightyCharsTestCityyyy",
        "telephone": "10386104",
        "id": 181,
        "pets": [
            
        ]
    },
    {
        "firstName": "FNAYTwF",
        "lastName": "LNPSexP",
        "address": "Address: jU6vn",
        "city": "City: 6YvT2",
        "telephone": "0",
        "id": 182,
        "pets": [
            
        ]
    },
    {
        "firstName": "FNvrzhs",
        "lastName": "LNEWTqT",
        "address": "Address: q0ASX",
        "city": "City: AAhvB",
        "telephone": "31296680",
        "id": 184,
        "pets": [
            
        ]
    },
    {
        "firstName": "FNIiFcT",
        "lastName": "LNefmxh",
        "address": "Address: TUImM",
        "city": "City: Tcthr",
        "telephone": "96992621",
        "id": 185,
        "pets": [
            {
                "name": "gPgHH",
                "birthDate": "2022-09-09",
                "type": {
                    "name": "cat",
                    "id": 1
                },
                "id": 112,
                "ownerId": 185,
                "visits": [
                    
                ]
            }
        ]
    },
    {
        "firstName": "FNeyuIj",
        "lastName": "LNKwEBX",
        "address": "Address: moJvf",
        "city": "City: 5y7r3",
        "telephone": "63548614",
        "id": 186,
        "pets": [
            
        ]
    },
    {
        "firstName": "FNAtAxK",
        "lastName": "Smith",
        "address": "Address: Rn7nl",
        "city": "City: AO9gW",
        "telephone": "49642132",
        "id": 187,
        "pets": [
            
        ]
    },
    {
        "firstName": "FNkWrSG",
        "lastName": "Smith",
        "address": "Address: cYga9",
        "city": "City: Q6jbW",
        "telephone": "90055726",
        "id": 188,
        "pets": [
            
        ]
    },
    {
        "firstName": "A",
        "lastName": "LNAMCVw",
        "address": "Address: 4TRX3",
        "city": "City: nzomG",
        "telephone": "27075256",
        "id": 189,
        "pets": [
            
        ]
    },
    {
        "firstName": "John",
        "lastName": "LNfCPes",
        "address": "Address: HWU4f",
        "city": "City: wnCWN",
        "telephone": "93461747",
        "id": 190,
        "pets": [
            
        ]
    },
    {
        "firstName": "ThirtyCharsTestNametesttestte",
        "lastName": "LNQXGku",
        "address": "Address: rSkio",
        "city": "City: A9A3j",
        "telephone": "53562161",
        "id": 191,
        "pets": [
            
        ]
    },
    {
        "firstName": "FNShDmy",
        "lastName": "LNoVRGo",
        "address": "Address: ftocy",
        "city": "City: sWPRP",
        "telephone": "45288516",
        "id": 192,
        "pets": [
            
        ]
    },
    {
        "firstName": "FNegEYU",
        "lastName": "LNtXfnQ",
        "address": "Address: hEI21",
        "city": "City: 1DjTO",
        "telephone": "50642748",
        "id": 193,
        "pets": [
            
        ]
    },
    {
        "firstName": "FNWfXoO",
        "lastName": "LNnqYJh",
        "address": "Address: KGnUY",
        "city": "City: G3JiP",
        "telephone": "50768918",
        "id": 194,
        "pets": [
            
        ]
    },
    {
        "firstName": "FNhuxpV",
        "lastName": "LNnMiqR",
        "address": "Address: wAsae",
        "city": "City: bxPCz",
        "telephone": "53935647",
        "id": 195,
        "pets": [
            
        ]
    },
    {
        "firstName": "FNIMfTG",
        "lastName": "B",
        "address": "Address: XCnMN",
        "city": "City: Y6u3U",
        "telephone": "91449659",
        "id": 196,
        "pets": [
            
        ]
    },
    {
        "firstName": "FNLZnrn",
        "lastName": "Dou",
        "address": "Address: VIeLb",
        "city": "City: HGWlV",
        "telephone": "51887884",
        "id": 197,
        "pets": [
            
        ]
    },
    {
        "firstName": "FNneLaH",
        "lastName": "ThirtyCharsTestNametesttestte",
        "address": "Address: jiEHa",
        "city": "City: 0ENeF",
        "telephone": "30419098",
        "id": 198,
        "pets": [
            
        ]
    },
    {
        "firstName": "FNMdRvI",
        "lastName": "LNRgEtV",
        "address": "Address: 1hPBD",
        "city": "City: xGwFR",
        "telephone": "36825392",
        "id": 199,
        "pets": [
            
        ]
    },
    {
        "firstName": "FNsNUlZ",
        "lastName": "LNWZCJQ",
        "address": "Address: 1aKN6",
        "city": "City: Nx4RX",
        "telephone": "84191673",
        "id": 200,
        "pets": [
            
        ]
    },
    {
        "firstName": "FNybzSr",
        "lastName": "LNTjbEX",
        "address": "Address: KYSFI",
        "city": "City: GJY9V",
        "telephone": "91818979",
        "id": 201,
        "pets": [
            
        ]
    },
    {
        "firstName": "FNdbyIu",
        "lastName": "LNXHRBY",
        "address": "Address: tqRul",
        "city": "City: mS2wP",
        "telephone": "50210704",
        "id": 202,
        "pets": [
            
        ]
    },
    {
        "firstName": "FNwRImS",
        "lastName": "LNLiAdr",
        "address": "A",
        "city": "City: IUXTO",
        "telephone": "17431115",
        "id": 203,
        "pets": [
            
        ]
    },
    {
        "firstName": "FNzdDBi",
        "lastName": "LNbFRSy",
        "address": "101 B. Down St, 1/2 &*%$#@",
        "city": "City: CuJPU",
        "telephone": "43267084",
        "id": 204,
        "pets": [
            
        ]
    },
    {
        "firstName": "FNbZJvZ",
        "lastName": "LNRhFah",
        "address": "twoHundredFiftyFifeCharsAddresstwoHundredFiftyFifeCharsAddresstwoHundredFiftyFifeCharsAddresstwoHundredFiftyFifeCharsAddresstwoHundredFiftyFifeCharsAddresstwoHundredFiftyFifeCharsAddresstwoHundredFiftyFifeCharsAddresstwoHundredFiftyFifeCharsAddresstwoHun",
        "city": "City: DGlld",
        "telephone": "49161151",
        "id": 205,
        "pets": [
            
        ]
    },
    {
        "firstName": "FNSDXWv",
        "lastName": "LNcEPGi",
        "address": "Address: BpbVA",
        "city": "City: U4gpX",
        "telephone": "47166026",
        "id": 206,
        "pets": [
            
        ]
    },
    {
        "firstName": "FNOijmx",
        "lastName": "LNLbxfP",
        "address": "Address: mHtcQ",
        "city": "City: 3ppMf",
        "telephone": "70465885",
        "id": 207,
        "pets": [
            
        ]
    },
    {
        "firstName": "FNYwGZC",
        "lastName": "LNQseGv",
        "address": "Address: xEtIs",
        "city": "City: bMX0m",
        "telephone": "74357832",
        "id": 208,
        "pets": [
            
        ]
    },
    {
        "firstName": "FNUMzWv",
        "lastName": "LNqDdFs",
        "address": "Address: 172nZ",
        "city": "A",
        "telephone": "92706471",
        "id": 209,
        "pets": [
            
        ]
    },
    {
        "firstName": "FNyTrhZ",
        "lastName": "LNfUVeW",
        "address": "Address: yF2ua",
        "city": "Milton-Freewater (Oregon)",
        "telephone": "98645482",
        "id": 210,
        "pets": [
            
        ]
    },
    {
        "firstName": "FNxHDfk",
        "lastName": "LNwNaCg",
        "address": "Address: dgCtd",
        "city": "test 123 / &*%$#@",
        "telephone": "81311892",
        "id": 211,
        "pets": [
            
        ]
    },
    {
        "firstName": "FNpsAuP",
        "lastName": "LNzGLnC",
        "address": "Address: GeiVk",
        "city": "EightyCharsTestCityEightyCharsTestCityEightyCharsTestCityEightyCharsTestCityyyy",
        "telephone": "47375053",
        "id": 212,
        "pets": [
            
        ]
    },
    {
        "firstName": "FNTFTCf",
        "lastName": "LNICvXt",
        "address": "Address: tSXAR",
        "city": "City: 9T8px",
        "telephone": "85703503",
        "id": 213,
        "pets": [
            
        ]
    },
    {
        "firstName": "FNUpCBO",
        "lastName": "LNTiCJL",
        "address": "Address: cEZOt",
        "city": "City: J3005",
        "telephone": "56388689",
        "id": 214,
        "pets": [
            
        ]
    },
    {
        "firstName": "FNRAYcq",
        "lastName": "LNhfzPY",
        "address": "Address: E1SwZ",
        "city": "City: zDB3d",
        "telephone": "61809958",
        "id": 215,
        "pets": [
            
        ]
    },
    {
        "firstName": "FNlURhs",
        "lastName": "LNUeQxh",
        "address": "Address: HSXFi",
        "city": "City: VCOgZ",
        "telephone": "0",
        "id": 216,
        "pets": [
            
        ]
    },
    {
        "firstName": "FNkoYwm",
        "lastName": "LNjdoze",
        "address": "Address: jSlkr",
        "city": "City: ooYBb",
        "telephone": "57085676",
        "id": 217,
        "pets": [
            
        ]
    },
    {
        "firstName": "FNPUkUK",
        "lastName": "LNRzCjm",
        "address": "Address: SN80K",
        "city": "City: t6FmC",
        "telephone": "76714490",
        "id": 218,
        "pets": [
            
        ]
    },
    {
        "firstName": "FNdQwkc",
        "lastName": "LNxkcMw",
        "address": "Address: wIcqQ",
        "city": "City: BkJtl",
        "telephone": "70027732",
        "id": 219,
        "pets": [
            
        ]
    },
    {
        "firstName": "FNOizKO",
        "lastName": "LNHYvUD",
        "address": "Address: KwRBg",
        "city": "City: 0FyDV",
        "telephone": "66267037",
        "id": 220,
        "pets": [
            
        ]
    },
    {
        "firstName": "FNTqprR",
        "lastName": "LNpUIvX",
        "address": "Address: MAKAh",
        "city": "City: Gz969",
        "telephone": "02117603",
        "id": 221,
        "pets": [
            
        ]
    },
    {
        "firstName": "FNAkDPb",
        "lastName": "LNYziuX",
        "address": "Address: d9tW4",
        "city": "City: hzQm7",
        "telephone": "70142864",
        "id": 222,
        "pets": [
            
        ]
    },
    {
        "firstName": "FNSXGGG",
        "lastName": "LNwuzDM",
        "address": "Address: Dh846",
        "city": "City: 556cZ",
        "telephone": "44820232",
        "id": 223,
        "pets": [
            
        ]
    },
    {
        "firstName": "FNPCZlB",
        "lastName": "LNrrZhE",
        "address": "Address: cIODH",
        "city": "City: hQiSH",
        "telephone": "36689603",
        "id": 224,
        "pets": [
            {
                "name": "A",
                "birthDate": "2022-09-09",
                "type": {
                    "name": "cat",
                    "id": 1
                },
                "id": 117,
                "ownerId": 224,
                "visits": [
                    
                ]
            }
        ]
    },
    {
        "firstName": "FNoJkPS",
        "lastName": "LNRzaty",
        "address": "Address: tcH2j",
        "city": "City: YHbGA",
        "telephone": "09751736",
        "id": 225,
        "pets": [
            {
                "name": "Bin",
                "birthDate": "2022-09-09",
                "type": {
                    "name": "cat",
                    "id": 1
                },
                "id": 118,
                "ownerId": 225,
                "visits": [
                    
                ]
            }
        ]
    },
    {
        "firstName": "FNZvLlP",
        "lastName": "LNtPTor",
        "address": "Address: J9ZJZ",
        "city": "City: NXu6M",
        "telephone": "12270943",
        "id": 226,
        "pets": [
            {
                "name": "ThirtyCharsTestNametesttestte",
                "birthDate": "2022-09-09",
                "type": {
                    "name": "cat",
                    "id": 1
                },
                "id": 119,
                "ownerId": 226,
                "visits": [
                    
                ]
            }
        ]
    },
    {
        "firstName": "FNgneAj",
        "lastName": "LNtReiy",
        "address": "Address: fMAg0",
        "city": "City: ixT3J",
        "telephone": "66065805",
        "id": 227,
        "pets": [
            {
                "name": "test_*()&^%$#@!?/",
                "birthDate": "2022-09-09",
                "type": {
                    "name": "cat",
                    "id": 1
                },
                "id": 120,
                "ownerId": 227,
                "visits": [
                    
                ]
            }
        ]
    },
    {
        "firstName": "FNpvNEX",
        "lastName": "LNzqYXX",
        "address": "Address: yk96m",
        "city": "City: XKL7P",
        "telephone": "59737781",
        "id": 228,
        "pets": [
            {
                "name": "uxoqx",
                "birthDate": "2022-09-09",
                "type": {
                    "name": "cat",
                    "id": 1
                },
                "id": 121,
                "ownerId": 228,
                "visits": [
                    
                ]
            }
        ]
    },
    {
        "firstName": "FNBOCPB",
        "lastName": "LNhitrE",
        "address": "Address: RjWnQ",
        "city": "City: bZGzS",
        "telephone": "69820922",
        "id": 229,
        "pets": [
            
        ]
    },
    {
        "firstName": "FNBHWyl",
        "lastName": "LNwHFLM",
        "address": "Address: C0H8M",
        "city": "City: V7Vwz",
        "telephone": "53172999",
        "id": 230,
        "pets": [
            
        ]
    },
    {
        "firstName": "FNbaZIO",
        "lastName": "LNlckKv",
        "address": "Address: IH7Mf",
        "city": "City: BKDtE",
        "telephone": "63709759",
        "id": 231,
        "pets": [
            
        ]
    },
    {
        "firstName": "FNTzXkD",
        "lastName": "LNSuhVc",
        "address": "Address: jyPZe",
        "city": "City: GpmrW",
        "telephone": "43765077",
        "id": 232,
        "pets": [
            
        ]
    },
    {
        "firstName": "FNSqMQh",
        "lastName": "LNkVTqv",
        "address": "Address: jYuaO",
        "city": "City: hGmB8",
        "telephone": "16208436",
        "id": 233,
        "pets": [
            {
                "name": "DmfWw",
                "birthDate": "2022-09-09",
                "type": {
                    "name": "cat",
                    "id": 1
                },
                "id": 123,
                "ownerId": 233,
                "visits": [
                    
                ]
            }
        ]
    },
    {
        "firstName": "FNZbaSv",
        "lastName": "LNijSjb",
        "address": "Address: Z8Wmo",
        "city": "City: fHN8b",
        "telephone": "53895943",
        "id": 234,
        "pets": [
            {
                "name": "JtmiS",
                "birthDate": "2022-09-09",
                "type": {
                    "name": "cat",
                    "id": 1
                },
                "id": 124,
                "ownerId": 234,
                "visits": [
                    
                ]
            }
        ]
    },
    {
        "firstName": "FNFKkpO",
        "lastName": "LNZjxxF",
        "address": "Address: QkNmT",
        "city": "City: rmcOc",
        "telephone": "67918864",
        "id": 235,
        "pets": [
            {
                "name": "LQEuJ",
                "birthDate": "2022-09-09",
                "type": {
                    "name": "cat",
                    "id": 1
                },
                "id": 125,
                "ownerId": 235,
                "visits": [
                    
                ]
            }
        ]
    },
    {
        "firstName": "FNmZkjJ",
        "lastName": "LNPbAtv",
        "address": "Address: eW0tJ",
        "city": "City: hxSBH",
        "telephone": "59915945",
        "id": 236,
        "pets": [
            {
                "name": "yKQmw",
                "birthDate": "2022-09-09",
                "type": {
                    "name": "cat",
                    "id": 1
                },
                "id": 126,
                "ownerId": 236,
                "visits": [
                    
                ]
            }
        ]
    },
    {
        "firstName": "FNMShkm",
        "lastName": "LNoKmGI",
        "address": "Address: nsuAG",
        "city": "City: jH1GJ",
        "telephone": "70988386",
        "id": 237,
        "pets": [
            {
                "name": "UdyJL",
                "birthDate": "2022-09-09",
                "type": {
                    "name": "cat",
                    "id": 1
                },
                "id": 127,
                "ownerId": 237,
                "visits": [
                    
                ]
            }
        ]
    },
    {
        "firstName": "FNnMZqP",
        "lastName": "LNEtkat",
        "address": "Address: fy1nu",
        "city": "City: X78vJ",
        "telephone": "70970370",
        "id": 238,
        "pets": [
            {
                "name": "buyzd",
                "birthDate": "2022-09-09",
                "type": {
                    "name": "cat",
                    "id": 1
                },
                "id": 128,
                "ownerId": 238,
                "visits": [
                    
                ]
            }
        ]
    },
    {
        "firstName": "FNNXtQh",
        "lastName": "LNsDuRS",
        "address": "Address: c1T9O",
        "city": "City: uv30Q",
        "telephone": "90843380",
        "id": 239,
        "pets": [
            {
                "name": "IwIBl",
                "birthDate": "2022-09-09",
                "type": {
                    "name": "cat",
                    "id": 1
                },
                "id": 129,
                "ownerId": 239,
                "visits": [
                    
                ]
            }
        ]
    },
    {
        "firstName": "FNTrxZu",
        "lastName": "LNlxZWn",
        "address": "Address: nQjrf",
        "city": "City: 9YWJL",
        "telephone": "51705743",
        "id": 240,
        "pets": [
            {
                "name": "A",
                "birthDate": "2022-09-09",
                "type": {
                    "name": "cat",
                    "id": 1
                },
                "id": 130,
                "ownerId": 240,
                "visits": [
                    
                ]
            }
        ]
    },
    {
        "firstName": "FNfVgiq",
        "lastName": "LNaQIDU",
        "address": "Address: dx81H",
        "city": "City: GFjk1",
        "telephone": "69706028",
        "id": 241,
        "pets": [
            {
                "name": "John",
                "birthDate": "2022-09-09",
                "type": {
                    "name": "cat",
                    "id": 1
                },
                "id": 131,
                "ownerId": 241,
                "visits": [
                    
                ]
            }
        ]
    },
    {
        "firstName": "FNBJSIn",
        "lastName": "LNlgRpW",
        "address": "Address: 6SEZV",
        "city": "City: gmv1q",
        "telephone": "11098854",
        "id": 242,
        "pets": [
            {
                "name": "ThirtyCharsTestNametesttestte",
                "birthDate": "2022-09-09",
                "type": {
                    "name": "cat",
                    "id": 1
                },
                "id": 132,
                "ownerId": 242,
                "visits": [
                    
                ]
            }
        ]
    },
    {
        "firstName": "FNUBQxk",
        "lastName": "LNgxmNS",
        "address": "Address: 8LrQo",
        "city": "City: OfXKP",
        "telephone": "45733406",
        "id": 243,
        "pets": [
            {
                "name": "test_*()&^%$#@!?/",
                "birthDate": "2022-09-09",
                "type": {
                    "name": "cat",
                    "id": 1
                },
                "id": 133,
                "ownerId": 243,
                "visits": [
                    
                ]
            }
        ]
    },
    {
        "firstName": "FNIZGpo",
        "lastName": "LNKVwHV",
        "address": "Address: PkAU1",
        "city": "City: 1zNaa",
        "telephone": "85919614",
        "id": 244,
        "pets": [
            {
                "name": "ZYRjU",
                "birthDate": "2022-09-09",
                "type": {
                    "name": "cat",
                    "id": 1
                },
                "id": 134,
                "ownerId": 244,
                "visits": [
                    
                ]
            }
        ]
    },
    {
        "firstName": "FNsGzGy",
        "lastName": "LNwjZuZ",
        "address": "Address: AinXA",
        "city": "City: mW9hZ",
        "telephone": "51296927",
        "id": 245,
        "pets": [
            {
                "name": "fEfCx",
                "birthDate": "2022-09-09",
                "type": {
                    "name": "cat",
                    "id": 1
                },
                "id": 135,
                "ownerId": 245,
                "visits": [
                    
                ]
            }
        ]
    },
    {
        "firstName": "FNbvRXc",
        "lastName": "LNsvpGy",
        "address": "Address: LOqxb",
        "city": "City: tZiCD",
        "telephone": "16867667",
        "id": 246,
        "pets": [
            {
                "name": "vWIjT",
                "birthDate": "2022-09-09",
                "type": {
                    "name": "cat",
                    "id": 1
                },
                "id": 136,
                "ownerId": 246,
                "visits": [
                    
                ]
            }
        ]
    },
    {
        "firstName": "A",
        "lastName": "LNptPzB",
        "address": "Address: TKbvT",
        "city": "City: m3Uwa",
        "telephone": "10673233",
        "id": 247,
        "pets": [
            
        ]
    },
    {
        "firstName": "John",
        "lastName": "LNPXVuW",
        "address": "Address: 33pFr",
        "city": "City: ygQC0",
        "telephone": "53733905",
        "id": 248,
        "pets": [
            
        ]
    },
    {
        "firstName": "ThirtyCharsTestNametesttestte",
        "lastName": "LNBexsN",
        "address": "Address: 63gvC",
        "city": "City: TbNU3",
        "telephone": "03972382",
        "id": 249,
        "pets": [
            
        ]
    },
    {
        "firstName": "FNwAQwW",
        "lastName": "B",
        "address": "Address: alfDb",
        "city": "City: t6UpK",
        "telephone": "36213986",
        "id": 250,
        "pets": [
            
        ]
    },
    {
        "firstName": "FNyyUFY",
        "lastName": "Dou",
        "address": "Address: 7ynK7",
        "city": "City: lLIuc",
        "telephone": "58373283",
        "id": 251,
        "pets": [
            
        ]
    },
    {
        "firstName": "FNsRAcP",
        "lastName": "ThirtyCharsTestNametesttestte",
        "address": "Address: MPA0P",
        "city": "City: 9EKAD",
        "telephone": "28804031",
        "id": 252,
        "pets": [
            
        ]
    },
    {
        "firstName": "FNhCcNB",
        "lastName": "LNoTgWs",
        "address": "A",
        "city": "City: fqX9h",
        "telephone": "51184900",
        "id": 253,
        "pets": [
            
        ]
    },
    {
        "firstName": "FNnwOxH",
        "lastName": "LNYbTCV",
        "address": "101 B. Down St, 1/2 &*%$#@",
        "city": "City: h7Lpb",
        "telephone": "87074462",
        "id": 254,
        "pets": [
            
        ]
    },
    {
        "firstName": "FNfmooN",
        "lastName": "LNIHurQ",
        "address": "twoHundredFiftyFifeCharsAddresstwoHundredFiftyFifeCharsAddresstwoHundredFiftyFifeCharsAddresstwoHundredFiftyFifeCharsAddresstwoHundredFiftyFifeCharsAddresstwoHundredFiftyFifeCharsAddresstwoHundredFiftyFifeCharsAddresstwoHundredFiftyFifeCharsAddresstwoHun",
        "city": "City: YxZ7G",
        "telephone": "23644556",
        "id": 255,
        "pets": [
            
        ]
    },
    {
        "firstName": "FNaeDrX",
        "lastName": "LNYucGs",
        "address": "Address: fFtiH",
        "city": "A",
        "telephone": "91477001",
        "id": 256,
        "pets": [
            
        ]
    },
    {
        "firstName": "FNpVMGj",
        "lastName": "LNKWFZj",
        "address": "Address: PDIuH",
        "city": "Milton-Freewater (Oregon)",
        "telephone": "11208850",
        "id": 257,
        "pets": [
            
        ]
    },
    {
        "firstName": "FNnWSIi",
        "lastName": "LNGuDms",
        "address": "Address: vWUyf",
        "city": "test 123 / &*%$#@",
        "telephone": "05252500",
        "id": 258,
        "pets": [
            
        ]
    },
    {
        "firstName": "FNMgtrk",
        "lastName": "LNBfXVN",
        "address": "Address: WqAKw",
        "city": "EightyCharsTestCityEightyCharsTestCityEightyCharsTestCityEightyCharsTestCityyyy",
        "telephone": "12362965",
        "id": 259,
        "pets": [
            
        ]
    },
    {
        "firstName": "FNQmMwx",
        "lastName": "LNffbcl",
        "address": "Address: 2ZE95",
        "city": "City: GAP1r",
        "telephone": "0",
        "id": 260,
        "pets": [
            
        ]
    },
    {
        "firstName": "FNttFLn",
        "lastName": "LNQbctZ",
        "address": "Address: NCPUQ",
        "city": "City: s8HE4",
        "telephone": "47952338",
        "id": 262,
        "pets": [
            
        ]
    },
    {
        "firstName": "FNVfjEM",
        "lastName": "LNEpxmr",
        "address": "Address: eC2WR",
        "city": "City: 8LUfp",
        "telephone": "22495174",
        "id": 263,
        "pets": [
            {
                "name": "hwGEb",
                "birthDate": "2022-09-09",
                "type": {
                    "name": "cat",
                    "id": 1
                },
                "id": 137,
                "ownerId": 263,
                "visits": [
                    
                ]
            }
        ]
    },
    {
        "firstName": "FNTzSpi",
        "lastName": "LNIulEc",
        "address": "Address: RaY0G",
        "city": "City: T2ffO",
        "telephone": "19280467",
        "id": 264,
        "pets": [
            
        ]
    },
    {
        "firstName": "FNGCrYS",
        "lastName": "Smith",
        "address": "Address: RpruQ",
        "city": "City: np0WT",
        "telephone": "18746920",
        "id": 265,
        "pets": [
            
        ]
    },
    {
        "firstName": "FNiXmus",
        "lastName": "Smith",
        "address": "Address: VDkr6",
        "city": "City: ejUpe",
        "telephone": "88562809",
        "id": 266,
        "pets": [
            
        ]
    },
    {
        "firstName": "A",
        "lastName": "LNZQJwk",
        "address": "Address: CzcL8",
        "city": "City: A0lqG",
        "telephone": "04741169",
        "id": 267,
        "pets": [
            
        ]
    },
    {
        "firstName": "John",
        "lastName": "LNANAko",
        "address": "Address: 2jSMU",
        "city": "City: MQlsZ",
        "telephone": "47046652",
        "id": 268,
        "pets": [
            
        ]
    },
    {
        "firstName": "ThirtyCharsTestNametesttestte",
        "lastName": "LNWuGyQ",
        "address": "Address: q52ER",
        "city": "City: A3xFO",
        "telephone": "32303935",
        "id": 269,
        "pets": [
            
        ]
    },
    {
        "firstName": "FNxXVlL",
        "lastName": "LNplYzD",
        "address": "Address: Kc65C",
        "city": "City: zppSZ",
        "telephone": "26249492",
        "id": 270,
        "pets": [
            
        ]
    },
    {
        "firstName": "FNiwsut",
        "lastName": "LNGSphL",
        "address": "Address: ZTkly",
        "city": "City: pX7o3",
        "telephone": "55582336",
        "id": 271,
        "pets": [
            
        ]
    },
    {
        "firstName": "FNvroSH",
        "lastName": "LNmPNMa",
        "address": "Address: E39Zq",
        "city": "City: Q8FQx",
        "telephone": "63348306",
        "id": 272,
        "pets": [
            
        ]
    },
    {
        "firstName": "FNqNjCU",
        "lastName": "LNFXnxr",
        "address": "Address: jVzc3",
        "city": "City: WXfig",
        "telephone": "32146933",
        "id": 273,
        "pets": [
            
        ]
    },
    {
        "firstName": "FNApJBO",
        "lastName": "B",
        "address": "Address: s9XDp",
        "city": "City: 8CYCu",
        "telephone": "31564314",
        "id": 274,
        "pets": [
            
        ]
    },
    {
        "firstName": "FNvBaey",
        "lastName": "Dou",
        "address": "Address: 0mLky",
        "city": "City: QFJ2h",
        "telephone": "44106731",
        "id": 275,
        "pets": [
            
        ]
    },
    {
        "firstName": "FNaSXOk",
        "lastName": "ThirtyCharsTestNametesttestte",
        "address": "Address: lymJd",
        "city": "City: PnVpa",
        "telephone": "83094312",
        "id": 276,
        "pets": [
            
        ]
    },
    {
        "firstName": "FNvBRRq",
        "lastName": "LNVXNxi",
        "address": "Address: HCOzL",
        "city": "City: 7UxAV",
        "telephone": "88407452",
        "id": 277,
        "pets": [
            
        ]
    },
    {
        "firstName": "FNGtCog",
        "lastName": "LNHMxZv",
        "address": "Address: 7RYlT",
        "city": "City: 4h1M6",
        "telephone": "67325225",
        "id": 278,
        "pets": [
            
        ]
    },
    {
        "firstName": "FNNUehy",
        "lastName": "LNPNULS",
        "address": "Address: C3SlT",
        "city": "City: hdpvB",
        "telephone": "83558282",
        "id": 279,
        "pets": [
            
        ]
    },
    {
        "firstName": "FNczDJJ",
        "lastName": "LNosRPS",
        "address": "Address: 4z63g",
        "city": "City: 6kWsi",
        "telephone": "25733006",
        "id": 280,
        "pets": [
            
        ]
    },
    {
        "firstName": "FNzvbDW",
        "lastName": "LNGJatI",
        "address": "A",
        "city": "City: 9sf1M",
        "telephone": "13647673",
        "id": 281,
        "pets": [
            
        ]
    },
    {
        "firstName": "FNLFPnS",
        "lastName": "LNZogqe",
        "address": "101 B. Down St, 1/2 &*%$#@",
        "city": "City: fCtP5",
        "telephone": "29344309",
        "id": 282,
        "pets": [
            
        ]
    },
    {
        "firstName": "FNsiitX",
        "lastName": "LNuclMW",
        "address": "twoHundredFiftyFifeCharsAddresstwoHundredFiftyFifeCharsAddresstwoHundredFiftyFifeCharsAddresstwoHundredFiftyFifeCharsAddresstwoHundredFiftyFifeCharsAddresstwoHundredFiftyFifeCharsAddresstwoHundredFiftyFifeCharsAddresstwoHundredFiftyFifeCharsAddresstwoHun",
        "city": "City: NG40l",
        "telephone": "08983002",
        "id": 283,
        "pets": [
            
        ]
    },
    {
        "firstName": "FNltjUJ",
        "lastName": "LNsaAVz",
        "address": "Address: gtK33",
        "city": "City: nzlct",
        "telephone": "55260559",
        "id": 284,
        "pets": [
            
        ]
    },
    {
        "firstName": "FNyUfYJ",
        "lastName": "LNPuqEi",
        "address": "Address: C7RVx",
        "city": "City: Nm6Wg",
        "telephone": "60307769",
        "id": 285,
        "pets": [
            
        ]
    },
    {
        "firstName": "FNRDCNo",
        "lastName": "LNbWIeu",
        "address": "Address: QIOsz",
        "city": "City: ZkFYz",
        "telephone": "55124108",
        "id": 286,
        "pets": [
            
        ]
    },
    {
        "firstName": "FNeqSgP",
        "lastName": "LNHbnqE",
        "address": "Address: KucT8",
        "city": "A",
        "telephone": "34788107",
        "id": 287,
        "pets": [
            
        ]
    },
    {
        "firstName": "FNayqBW",
        "lastName": "LNfjwzz",
        "address": "Address: KX0pV",
        "city": "Milton-Freewater (Oregon)",
        "telephone": "67349508",
        "id": 288,
        "pets": [
            
        ]
    },
    {
        "firstName": "FNUATqw",
        "lastName": "LNRIbvD",
        "address": "Address: 4Aa5t",
        "city": "test 123 / &*%$#@",
        "telephone": "68967964",
        "id": 289,
        "pets": [
            
        ]
    },
    {
        "firstName": "FNzDtvP",
        "lastName": "LNEtOUi",
        "address": "Address: sxRhI",
        "city": "EightyCharsTestCityEightyCharsTestCityEightyCharsTestCityEightyCharsTestCityyyy",
        "telephone": "74725733",
        "id": 290,
        "pets": [
            
        ]
    },
    {
        "firstName": "FNoXsgf",
        "lastName": "LNGsAis",
        "address": "Address: yfiS0",
        "city": "City: CweYs",
        "telephone": "52968438",
        "id": 291,
        "pets": [
            
        ]
    },
    {
        "firstName": "FNzGYdg",
        "lastName": "LNJZAnE",
        "address": "Address: mkZRF",
        "city": "City: 6KegI",
        "telephone": "19124034",
        "id": 292,
        "pets": [
            
        ]
    },
    {
        "firstName": "FNixIhS",
        "lastName": "LNpFiZp",
        "address": "Address: bBJzJ",
        "city": "City: HjUwT",
        "telephone": "32797682",
        "id": 293,
        "pets": [
            
        ]
    },
    {
        "firstName": "FNNirbT",
        "lastName": "LNXWzGi",
        "address": "Address: IFK7x",
        "city": "City: c727K",
        "telephone": "0",
        "id": 294,
        "pets": [
            
        ]
    },
    {
        "firstName": "FNJndah",
        "lastName": "LNalGIa",
        "address": "Address: Q8zaC",
        "city": "City: 7nSkQ",
        "telephone": "26948912",
        "id": 295,
        "pets": [
            
        ]
    },
    {
        "firstName": "FNqrtEJ",
        "lastName": "LNkuIWX",
        "address": "Address: Su85q",
        "city": "City: iZrWy",
        "telephone": "18162128",
        "id": 296,
        "pets": [
            
        ]
    },
    {
        "firstName": "FNTAwkL",
        "lastName": "LNXcGfH",
        "address": "Address: Le1Y8",
        "city": "City: owJh1",
        "telephone": "28248089",
        "id": 297,
        "pets": [
            
        ]
    },
    {
        "firstName": "FNerrrV",
        "lastName": "LNnXNUS",
        "address": "Address: jUuvc",
        "city": "City: H6vBh",
        "telephone": "25781174",
        "id": 298,
        "pets": [
            
        ]
    },
    {
        "firstName": "FNrSYLA",
        "lastName": "LNSnedu",
        "address": "Address: 3USgc",
        "city": "City: tmD46",
        "telephone": "92541654",
        "id": 299,
        "pets": [
            
        ]
    },
    {
        "firstName": "FNXGSvH",
        "lastName": "LNBgrwZ",
        "address": "Address: vdKym",
        "city": "City: C1JAd",
        "telephone": "79287072",
        "id": 300,
        "pets": [
            
        ]
    },
    {
        "firstName": "FNuDZoy",
        "lastName": "LNMSkGR",
        "address": "Address: bTuHF",
        "city": "City: qvo9Y",
        "telephone": "15207362",
        "id": 301,
        "pets": [
            
        ]
    },
    {
        "firstName": "FNkggKC",
        "lastName": "LNyAOki",
        "address": "Address: Hes7S",
        "city": "City: wFN1C",
        "telephone": "61144383",
        "id": 302,
        "pets": [
            {
                "name": "A",
                "birthDate": "2022-09-09",
                "type": {
                    "name": "cat",
                    "id": 1
                },
                "id": 142,
                "ownerId": 302,
                "visits": [
                    
                ]
            }
        ]
    },
    {
        "firstName": "FNeUDyX",
        "lastName": "LNjriVQ",
        "address": "Address: v3LPB",
        "city": "City: Xp6qV",
        "telephone": "52812946",
        "id": 303,
        "pets": [
            {
                "name": "Bin",
                "birthDate": "2022-09-09",
                "type": {
                    "name": "cat",
                    "id": 1
                },
                "id": 143,
                "ownerId": 303,
                "visits": [
                    
                ]
            }
        ]
    },
    {
        "firstName": "FNULRao",
        "lastName": "LNQfCUs",
        "address": "Address: F9sgN",
        "city": "City: LA3Mp",
        "telephone": "37010747",
        "id": 304,
        "pets": [
            {
                "name": "ThirtyCharsTestNametesttestte",
                "birthDate": "2022-09-09",
                "type": {
                    "name": "cat",
                    "id": 1
                },
                "id": 144,
                "ownerId": 304,
                "visits": [
                    
                ]
            }
        ]
    },
    {
        "firstName": "FNDkiec",
        "lastName": "LNkriur",
        "address": "Address: YKlQJ",
        "city": "City: 5FDRc",
        "telephone": "45309585",
        "id": 305,
        "pets": [
            {
                "name": "test_*()&^%$#@!?/",
                "birthDate": "2022-09-09",
                "type": {
                    "name": "cat",
                    "id": 1
                },
                "id": 145,
                "ownerId": 305,
                "visits": [
                    
                ]
            }
        ]
    },
    {
        "firstName": "FNVxncH",
        "lastName": "LNutuPv",
        "address": "Address: F0Zo6",
        "city": "City: 6bfVA",
        "telephone": "90622309",
        "id": 306,
        "pets": [
            {
                "name": "DdrmX",
                "birthDate": "2022-09-09",
                "type": {
                    "name": "cat",
                    "id": 1
                },
                "id": 146,
                "ownerId": 306,
                "visits": [
                    
                ]
            }
        ]
    },
    {
        "firstName": "FNeefZO",
        "lastName": "LNFeIoJ",
        "address": "Address: MpIgW",
        "city": "City: J4rNI",
        "telephone": "04950064",
        "id": 307,
        "pets": [
            
        ]
    },
    {
        "firstName": "FNJjWQF",
        "lastName": "LNHivbR",
        "address": "Address: 5EDyr",
        "city": "City: YYQYP",
        "telephone": "29804316",
        "id": 308,
        "pets": [
            
        ]
    },
    {
        "firstName": "FNgLucY",
        "lastName": "LNrFdiI",
        "address": "Address: X5NTL",
        "city": "City: E0EO4",
        "telephone": "23850269",
        "id": 309,
        "pets": [
            
        ]
    },
    {
        "firstName": "FNFpTip",
        "lastName": "LNtiTWD",
        "address": "Address: 9rtOC",
        "city": "City: yuCTD",
        "telephone": "68556574",
        "id": 310,
        "pets": [
            
        ]
    },
    {
        "firstName": "FNWgbWi",
        "lastName": "LNreKxp",
        "address": "Address: YL9pz",
        "city": "City: 9VQLa",
        "telephone": "20067657",
        "id": 311,
        "pets": [
            {
                "name": "CHoBg",
                "birthDate": "2022-09-09",
                "type": {
                    "name": "cat",
                    "id": 1
                },
                "id": 148,
                "ownerId": 311,
                "visits": [
                    
                ]
            }
        ]
    },
    {
        "firstName": "FNeeqZh",
        "lastName": "LNPPlGK",
        "address": "Address: QVHA4",
        "city": "City: B26CX",
        "telephone": "63905424",
        "id": 312,
        "pets": [
            {
                "name": "hnkes",
                "birthDate": "2022-09-09",
                "type": {
                    "name": "cat",
                    "id": 1
                },
                "id": 149,
                "ownerId": 312,
                "visits": [
                    
                ]
            }
        ]
    },
    {
        "firstName": "FNjATOD",
        "lastName": "LNoYqhO",
        "address": "Address: 14iVx",
        "city": "City: dnakN",
        "telephone": "28695412",
        "id": 313,
        "pets": [
            {
                "name": "OqiVf",
                "birthDate": "2022-09-09",
                "type": {
                    "name": "cat",
                    "id": 1
                },
                "id": 150,
                "ownerId": 313,
                "visits": [
                    
                ]
            }
        ]
    },
    {
        "firstName": "FNjYubf",
        "lastName": "LNPpqnK",
        "address": "Address: RNgjj",
        "city": "City: eLMnK",
        "telephone": "21912283",
        "id": 314,
        "pets": [
            {
                "name": "lSbez",
                "birthDate": "2022-09-09",
                "type": {
                    "name": "cat",
                    "id": 1
                },
                "id": 151,
                "ownerId": 314,
                "visits": [
                    
                ]
            }
        ]
    },
    {
        "firstName": "FNrqxOD",
        "lastName": "LNMSVFK",
        "address": "Address: UuOzo",
        "city": "City: oQJQv",
        "telephone": "48290602",
        "id": 315,
        "pets": [
            {
                "name": "YPWbk",
                "birthDate": "2022-09-09",
                "type": {
                    "name": "cat",
                    "id": 1
                },
                "id": 152,
                "ownerId": 315,
                "visits": [
                    
                ]
            }
        ]
    },
    {
        "firstName": "FNZtdEz",
        "lastName": "LNDGIfA",
        "address": "Address: AlGRC",
        "city": "City: d9K9I",
        "telephone": "54182939",
        "id": 316,
        "pets": [
            {
                "name": "AhQhe",
                "birthDate": "2022-09-09",
                "type": {
                    "name": "cat",
                    "id": 1
                },
                "id": 153,
                "ownerId": 316,
                "visits": [
                    
                ]
            }
        ]
    },
    {
        "firstName": "FNGaHYl",
        "lastName": "LNZWxnO",
        "address": "Address: HyvMx",
        "city": "City: 5gNrJ",
        "telephone": "88378372",
        "id": 317,
        "pets": [
            {
                "name": "VugCX",
                "birthDate": "2022-09-09",
                "type": {
                    "name": "cat",
                    "id": 1
                },
                "id": 154,
                "ownerId": 317,
                "visits": [
                    
                ]
            }
        ]
    },
    {
        "firstName": "FNbqUQS",
        "lastName": "LNKsjWY",
        "address": "Address: zPRYR",
        "city": "City: SxnQi",
        "telephone": "16085972",
        "id": 318,
        "pets": [
            {
                "name": "A",
                "birthDate": "2022-09-09",
                "type": {
                    "name": "cat",
                    "id": 1
                },
                "id": 155,
                "ownerId": 318,
                "visits": [
                    
                ]
            }
        ]
    },
    {
        "firstName": "FNbvlue",
        "lastName": "LNKLxbW",
        "address": "Address: ospgS",
        "city": "City: HFjGx",
        "telephone": "33923947",
        "id": 319,
        "pets": [
            {
                "name": "John",
                "birthDate": "2022-09-09",
                "type": {
                    "name": "cat",
                    "id": 1
                },
                "id": 156,
                "ownerId": 319,
                "visits": [
                    
                ]
            }
        ]
    },
    {
        "firstName": "FNxchiQ",
        "lastName": "LNngjzr",
        "address": "Address: 6Qq2P",
        "city": "City: Yn9qd",
        "telephone": "99763403",
        "id": 320,
        "pets": [
            {
                "name": "ThirtyCharsTestNametesttestte",
                "birthDate": "2022-09-09",
                "type": {
                    "name": "cat",
                    "id": 1
                },
                "id": 157,
                "ownerId": 320,
                "visits": [
                    
                ]
            }
        ]
    },
    {
        "firstName": "FNsHUKN",
        "lastName": "LNSOTOh",
        "address": "Address: LFtxH",
        "city": "City: 1QHn6",
        "telephone": "48365317",
        "id": 321,
        "pets": [
            {
                "name": "test_*()&^%$#@!?/",
                "birthDate": "2022-09-09",
                "type": {
                    "name": "cat",
                    "id": 1
                },
                "id": 158,
                "ownerId": 321,
                "visits": [
                    
                ]
            }
        ]
    },
    {
        "firstName": "FNWvxTg",
        "lastName": "LNsxSDa",
        "address": "Address: WBFCh",
        "city": "City: YblSh",
        "telephone": "71163671",
        "id": 322,
        "pets": [
            {
                "name": "pETxr",
                "birthDate": "2022-09-09",
                "type": {
                    "name": "cat",
                    "id": 1
                },
                "id": 159,
                "ownerId": 322,
                "visits": [
                    
                ]
            }
        ]
    },
    {
        "firstName": "FNggTYZ",
        "lastName": "LNQPUSr",
        "address": "Address: v8kuG",
        "city": "City: WyZ7B",
        "telephone": "59919504",
        "id": 323,
        "pets": [
            {
                "name": "zqFEo",
                "birthDate": "2022-09-09",
                "type": {
                    "name": "cat",
                    "id": 1
                },
                "id": 160,
                "ownerId": 323,
                "visits": [
                    
                ]
            }
        ]
    },
    {
        "firstName": "FNTUKgE",
        "lastName": "LNNAVEH",
        "address": "Address: bh7XL",
        "city": "City: 4C682",
        "telephone": "79837043",
        "id": 324,
        "pets": [
            {
                "name": "lHywy",
                "birthDate": "2022-09-09",
                "type": {
                    "name": "cat",
                    "id": 1
                },
                "id": 161,
                "ownerId": 324,
                "visits": [
                    
                ]
            }
        ]
    },
    {
        "firstName": "A",
        "lastName": "LNtKSwU",
        "address": "Address: w1Fyo",
        "city": "City: CH9CO",
        "telephone": "46152143",
        "id": 325,
        "pets": [
            
        ]
    },
    {
        "firstName": "John",
        "lastName": "LNrsTHu",
        "address": "Address: c70de",
        "city": "City: Akzkm",
        "telephone": "97328980",
        "id": 326,
        "pets": [
            
        ]
    },
    {
        "firstName": "ThirtyCharsTestNametesttestte",
        "lastName": "LNfqulq",
        "address": "Address: XwoQm",
        "city": "City: 8gRxc",
        "telephone": "75987953",
        "id": 327,
        "pets": [
            
        ]
    },
    {
        "firstName": "FNWToqe",
        "lastName": "LNgALJX",
        "address": "Address: 6ivdS",
        "city": "City: tVvKh",
        "telephone": "41094144",
        "id": 328,
        "pets": [
            
        ]
    },
    {
        "firstName": "FNbPOHl",
        "lastName": "LNzeZOr",
        "address": "Address: gYzIY",
        "city": "City: 49hms",
        "telephone": "41456569",
        "id": 329,
        "pets": [
            {
                "name": "A",
                "birthDate": "2022-09-09",
                "type": {
                    "name": "cat",
                    "id": 1
                },
                "id": 162,
                "ownerId": 329,
                "visits": [
                    
                ]
            }
        ]
    },
    {
        "firstName": "FNMIGjE",
        "lastName": "LNgjSzO",
        "address": "Address: 8jhU7",
        "city": "City: bBX9f",
        "telephone": "31124133",
        "id": 330,
        "pets": [
            {
                "name": "Bin",
                "birthDate": "2022-09-09",
                "type": {
                    "name": "cat",
                    "id": 1
                },
                "id": 163,
                "ownerId": 330,
                "visits": [
                    
                ]
            }
        ]
    },
    {
        "firstName": "FNgxORg",
        "lastName": "LNyjvZj",
        "address": "Address: 3KP2g",
        "city": "City: xcKDh",
        "telephone": "74803694",
        "id": 331,
        "pets": [
            {
                "name": "ThirtyCharsTestNametesttestte",
                "birthDate": "2022-09-09",
                "type": {
                    "name": "cat",
                    "id": 1
                },
                "id": 164,
                "ownerId": 331,
                "visits": [
                    
                ]
            }
        ]
    },
    {
        "firstName": "FNIyTKC",
        "lastName": "LNeKLNj",
        "address": "Address: XoeID",
        "city": "City: y7nu4",
        "telephone": "35143333",
        "id": 332,
        "pets": [
            {
                "name": "test_*()&^%$#@!?/",
                "birthDate": "2022-09-09",
                "type": {
                    "name": "cat",
                    "id": 1
                },
                "id": 165,
                "ownerId": 332,
                "visits": [
                    
                ]
            }
        ]
    },
    {
        "firstName": "FNweSsA",
        "lastName": "LNjsYmX",
        "address": "Address: 3a8nV",
        "city": "City: KIXbR",
        "telephone": "32756456",
        "id": 333,
        "pets": [
            {
                "name": "hkOTl",
                "birthDate": "2022-09-09",
                "type": {
                    "name": "cat",
                    "id": 1
                },
                "id": 166,
                "ownerId": 333,
                "visits": [
                    
                ]
            }
        ]
    },
    {
        "firstName": "George",
        "lastName": "Franklin",
        "address": "110 W. Liberty St.",
        "city": "Madison",
        "telephone": "6085551023",
        "id": 334,
        "pets": [
            
        ]
    },
    {
        "firstName": "George",
        "lastName": "Franklin",
        "address": "110 W. Liberty St.",
        "city": "Madison",
        "telephone": "6085551023",
        "id": 335,
        "pets": [
            
        ]
    },
    {
        "firstName": "George",
        "lastName": "Franklin",
        "address": "110 W. Liberty St.",
        "city": "Madison",
        "telephone": "6085551023",
        "id": 336,
        "pets": [
            
        ]
    },
    {
        "firstName": "George",
        "lastName": "Franklin",
        "address": "110 W. Liberty St.",
        "city": "Madison",
        "telephone": "6085551023",
        "id": 337,
        "pets": [
            
        ]
    },
    {
        "firstName": "George",
        "lastName": "Franklin",
        "address": "110 W. Liberty St.",
        "city": "Madison",
        "telephone": "6085551023",
        "id": 338,
        "pets": [
            
        ]
    },
    {
        "firstName": "George",
        "lastName": "Franklin",
        "address": "110 W. Liberty St.",
        "city": "Madison",
        "telephone": "6085551023",
        "id": 339,
        "pets": [
            
        ]
    },
    {
        "firstName": "George",
        "lastName": "Franklin",
        "address": "110 W. Liberty St.",
        "city": "Madison",
        "telephone": "6085551023",
        "id": 340,
        "pets": [
            
        ]
    },
    {
        "firstName": "George",
        "lastName": "Franklin",
        "address": "110 W. Liberty St.",
        "city": "Madison",
        "telephone": "6085551023",
        "id": 341,
        "pets": [
            
        ]
    },
    {
        "firstName": "George",
        "lastName": "Franklin",
        "address": "110 W. Liberty St.",
        "city": "Madison",
        "telephone": "6085551023",
        "id": 342,
        "pets": [
            
        ]
    },
    {
        "firstName": "George",
        "lastName": "Franklin",
        "address": "110 W. Liberty St.",
        "city": "Madison",
        "telephone": "6085551023",
        "id": 343,
        "pets": [
            
        ]
    },
    {
        "firstName": "George",
        "lastName": "Franklin",
        "address": "110 W. Liberty St.",
        "city": "Madison",
        "telephone": "6085551023",
        "id": 344,
        "pets": [
            
        ]
    },
    {
        "firstName": "George",
        "lastName": "Franklin",
        "address": "110 W. Liberty St.",
        "city": "Madison",
        "telephone": "6085551023",
        "id": 345,
        "pets": [
            
        ]
    },
    {
        "firstName": "George",
        "lastName": "Franklin",
        "address": "110 W. Liberty St.",
        "city": "Madison",
        "telephone": "6085551023",
        "id": 346,
        "pets": [
            
        ]
    },
    {
        "firstName": "George",
        "lastName": "Franklin",
        "address": "110 W. Liberty St.",
        "city": "Madison",
        "telephone": "6085551023",
        "id": 347,
        "pets": [
            
        ]
    },
    {
        "firstName": "George",
        "lastName": "Franklin",
        "address": "110 W. Liberty St.",
        "city": "Madison",
        "telephone": "6085551023",
        "id": 348,
        "pets": [
            
        ]
    },
    {
        "firstName": "George",
        "lastName": "Franklin",
        "address": "110 W. Liberty St.",
        "city": "Madison",
        "telephone": "6085551023",
        "id": 349,
        "pets": [
            
        ]
    },
    {
        "firstName": "George",
        "lastName": "Franklin",
        "address": "110 W. Liberty St.",
        "city": "Madison",
        "telephone": "6085551023",
        "id": 350,
        "pets": [
            
        ]
    },
    {
        "firstName": "George",
        "lastName": "Franklin",
        "address": "110 W. Liberty St.",
        "city": "Madison",
        "telephone": "6085551023",
        "id": 351,
        "pets": [
            
        ]
    },
    {
        "firstName": "George",
        "lastName": "Franklin",
        "address": "110 W. Liberty St.",
        "city": "Madison",
        "telephone": "6085551023",
        "id": 352,
        "pets": [
            
        ]
    },
    {
        "firstName": "George",
        "lastName": "Franklin",
        "address": "110 W. Liberty St.",
        "city": "Madison",
        "telephone": "6085551023",
        "id": 353,
        "pets": [
            
        ]
    },
    {
        "firstName": "George",
        "lastName": "Franklin",
        "address": "110 W. Liberty St.",
        "city": "Madison",
        "telephone": "6085551023",
        "id": 354,
        "pets": [
            
        ]
    },
    {
        "firstName": "George",
        "lastName": "Franklin",
        "address": "110 W. Liberty St.",
        "city": "Madison",
        "telephone": "6085551023",
        "id": 355,
        "pets": [
            
        ]
    },
    {
        "firstName": "George",
        "lastName": "Franklin",
        "address": "110 W. Liberty St.",
        "city": "Madison",
        "telephone": "6085551023",
        "id": 356,
        "pets": [
            
        ]
    },
    {
        "firstName": "George",
        "lastName": "Franklin",
        "address": "110 W. Liberty St.",
        "city": "Madison",
        "telephone": "6085551023",
        "id": 357,
        "pets": [
            
        ]
    },
    {
        "firstName": "George",
        "lastName": "Franklin",
        "address": "110 W. Liberty St.",
        "city": "Madison",
        "telephone": "6085551023",
        "id": 358,
        "pets": [
            
        ]
    },
    {
        "firstName": "George",
        "lastName": "Franklin",
        "address": "110 W. Liberty St.",
        "city": "Madison",
        "telephone": "6085551023",
        "id": 359,
        "pets": [
            
        ]
    },
    {
        "firstName": "George",
        "lastName": "Franklin",
        "address": "110 W. Liberty St.",
        "city": "Madison",
        "telephone": "6085551023",
        "id": 360,
        "pets": [
            
        ]
    },
    {
        "firstName": "George",
        "lastName": "Franklin",
        "address": "110 W. Liberty St.",
        "city": "Madison",
        "telephone": "6085551023",
        "id": 361,
        "pets": [
            
        ]
    },
    {
        "firstName": "George",
        "lastName": "Franklin",
        "address": "110 W. Liberty St.",
        "city": "Madison",
        "telephone": "6085551023",
        "id": 362,
        "pets": [
            
        ]
    },
    {
        "firstName": "George",
        "lastName": "Franklin",
        "address": "110 W. Liberty St.",
        "city": "Madison",
        "telephone": "6085551023",
        "id": 363,
        "pets": [
            
        ]
    },
    {
        "firstName": "George",
        "lastName": "Franklin",
        "address": "110 W. Liberty St.",
        "city": "Madison",
        "telephone": "6085551023",
        "id": 364,
        "pets": [
            
        ]
    },
    {
        "firstName": "George",
        "lastName": "Franklin",
        "address": "110 W. Liberty St.",
        "city": "Madison",
        "telephone": "6085551023",
        "id": 365,
        "pets": [
            
        ]
    },
    {
        "firstName": "George",
        "lastName": "Franklin",
        "address": "110 W. Liberty St.",
        "city": "Madison",
        "telephone": "6085551023",
        "id": 366,
        "pets": [
            
        ]
    },
    {
        "firstName": "George",
        "lastName": "Franklin",
        "address": "110 W. Liberty St.",
        "city": "Madison",
        "telephone": "6085551023",
        "id": 367,
        "pets": [
            
        ]
    },
    {
        "firstName": "George",
        "lastName": "Franklin",
        "address": "110 W. Liberty St.",
        "city": "Madison",
        "telephone": "6085551023",
        "id": 368,
        "pets": [
            
        ]
    },
    {
        "firstName": "George",
        "lastName": "Franklin",
        "address": "110 W. Liberty St.",
        "city": "Madison",
        "telephone": "6085551023",
        "id": 369,
        "pets": [
            
        ]
    },
    {
        "firstName": "George",
        "lastName": "Franklin",
        "address": "110 W. Liberty St.",
        "city": "Madison",
        "telephone": "6085551023",
        "id": 370,
        "pets": [
            
        ]
    },
    {
        "firstName": "George",
        "lastName": "Franklin",
        "address": "110 W. Liberty St.",
        "city": "Madison",
        "telephone": "6085551023",
        "id": 371,
        "pets": [
            
        ]
    },
    {
        "firstName": "George",
        "lastName": "Franklin",
        "address": "110 W. Liberty St.",
        "city": "Madison",
        "telephone": "6085551023",
        "id": 372,
        "pets": [
            
        ]
    },
    {
        "firstName": "George",
        "lastName": "Franklin",
        "address": "110 W. Liberty St.",
        "city": "Madison",
        "telephone": "6085551023",
        "id": 373,
        "pets": [
            
        ]
    },
    {
        "firstName": "George",
        "lastName": "Franklin",
        "address": "110 W. Liberty St.",
        "city": "Madison",
        "telephone": "6085551023",
        "id": 374,
        "pets": [
            
        ]
    },
    {
        "firstName": "George",
        "lastName": "Franklin",
        "address": "110 W. Liberty St.",
        "city": "Madison",
        "telephone": "6085551023",
        "id": 375,
        "pets": [
            
        ]
    },
    {
        "firstName": "George",
        "lastName": "Franklin",
        "address": "110 W. Liberty St.",
        "city": "Madison",
        "telephone": "6085551023",
        "id": 376,
        "pets": [
            
        ]
    },
    {
        "firstName": "George",
        "lastName": "Franklin",
        "address": "110 W. Liberty St.",
        "city": "Madison",
        "telephone": "6085551023",
        "id": 377,
        "pets": [
            
        ]
    },
    {
        "firstName": "George",
        "lastName": "Franklin",
        "address": "110 W. Liberty St.",
        "city": "Madison",
        "telephone": "6085551023",
        "id": 378,
        "pets": [
            
        ]
    },
    {
        "firstName": "George",
        "lastName": "Franklin",
        "address": "110 W. Liberty St.",
        "city": "Madison",
        "telephone": "6085551023",
        "id": 379,
        "pets": [
            
        ]
    },
    {
        "firstName": "George",
        "lastName": "Franklin",
        "address": "110 W. Liberty St.",
        "city": "Madison",
        "telephone": "6085551023",
        "id": 380,
        "pets": [
            
        ]
    },
    {
        "firstName": "George",
        "lastName": "Franklin",
        "address": "110 W. Liberty St.",
        "city": "Madison",
        "telephone": "6085551023",
        "id": 381,
        "pets": [
            
        ]
    },
    {
        "firstName": "George",
        "lastName": "Franklin",
        "address": "110 W. Liberty St.",
        "city": "Madison",
        "telephone": "6085551023",
        "id": 382,
        "pets": [
            
        ]
    },
    {
        "firstName": "George",
        "lastName": "Franklin",
        "address": "110 W. Liberty St.",
        "city": "Madison",
        "telephone": "6085551023",
        "id": 383,
        "pets": [
            
        ]
    },
    {
        "firstName": "George",
        "lastName": "Franklin",
        "address": "110 W. Liberty St.",
        "city": "Madison",
        "telephone": "6085551023",
        "id": 384,
        "pets": [
            
        ]
    },
    {
        "firstName": "George",
        "lastName": "Franklin",
        "address": "110 W. Liberty St.",
        "city": "Madison",
        "telephone": "6085551023",
        "id": 385,
        "pets": [
            
        ]
    },
    {
        "firstName": "George",
        "lastName": "Franklin",
        "address": "110 W. Liberty St.",
        "city": "Madison",
        "telephone": "6085551023",
        "id": 386,
        "pets": [
            
        ]
    },
    {
        "firstName": "George",
        "lastName": "Franklin",
        "address": "110 W. Liberty St.",
        "city": "Madison",
        "telephone": "6085551023",
        "id": 387,
        "pets": [
            
        ]
    },
    {
        "firstName": "George",
        "lastName": "Franklin",
        "address": "110 W. Liberty St.",
        "city": "Madison",
        "telephone": "6085551023",
        "id": 388,
        "pets": [
            
        ]
    },
    {
        "firstName": "George",
        "lastName": "Franklin",
        "address": "110 W. Liberty St.",
        "city": "Madison",
        "telephone": "6085551023",
        "id": 389,
        "pets": [
            
        ]
    },
    {
        "firstName": "George",
        "lastName": "Franklin",
        "address": "110 W. Liberty St.",
        "city": "Madison",
        "telephone": "6085551023",
        "id": 390,
        "pets": [
            
        ]
    },
    {
        "firstName": "George",
        "lastName": "Franklin",
        "address": "110 W. Liberty St.",
        "city": "Madison",
        "telephone": "6085551023",
        "id": 391,
        "pets": [
            
        ]
    },
    {
        "firstName": "George",
        "lastName": "Franklin",
        "address": "110 W. Liberty St.",
        "city": "Madison",
        "telephone": "6085551023",
        "id": 392,
        "pets": [
            
        ]
    },
    {
        "firstName": "George",
        "lastName": "Franklin",
        "address": "110 W. Liberty St.",
        "city": "Madison",
        "telephone": "6085551023",
        "id": 393,
        "pets": [
            
        ]
    },
    {
        "firstName": "George",
        "lastName": "Franklin",
        "address": "110 W. Liberty St.",
        "city": "Madison",
        "telephone": "6085551023",
        "id": 394,
        "pets": [
            
        ]
    },
    {
        "firstName": "George",
        "lastName": "Franklin",
        "address": "110 W. Liberty St.",
        "city": "Madison",
        "telephone": "6085551023",
        "id": 395,
        "pets": [
            
        ]
    },
    {
        "firstName": "George",
        "lastName": "Franklin",
        "address": "110 W. Liberty St.",
        "city": "Madison",
        "telephone": "6085551023",
        "id": 396,
        "pets": [
            
        ]
    },
    {
        "firstName": "George",
        "lastName": "Franklin",
        "address": "110 W. Liberty St.",
        "city": "Madison",
        "telephone": "6085551023",
        "id": 397,
        "pets": [
            
        ]
    },
    {
        "firstName": "George",
        "lastName": "Franklin",
        "address": "110 W. Liberty St.",
        "city": "Madison",
        "telephone": "6085551023",
        "id": 398,
        "pets": [
            
        ]
    },
    {
        "firstName": "George",
        "lastName": "Franklin",
        "address": "110 W. Liberty St.",
        "city": "Madison",
        "telephone": "6085551023",
        "id": 399,
        "pets": [
            
        ]
    },
    {
        "firstName": "George",
        "lastName": "Franklin",
        "address": "110 W. Liberty St.",
        "city": "Madison",
        "telephone": "6085551023",
        "id": 400,
        "pets": [
            
        ]
    },
    {
        "firstName": "George",
        "lastName": "Franklin",
        "address": "110 W. Liberty St.",
        "city": "Madison",
        "telephone": "6085551023",
        "id": 401,
        "pets": [
            
        ]
    },
    {
        "firstName": "George",
        "lastName": "Franklin",
        "address": "110 W. Liberty St.",
        "city": "Madison",
        "telephone": "6085551023",
        "id": 402,
        "pets": [
            
        ]
    },
    {
        "firstName": "George",
        "lastName": "Franklin",
        "address": "110 W. Liberty St.",
        "city": "Madison",
        "telephone": "6085551023",
        "id": 403,
        "pets": [
            
        ]
    },
    {
        "firstName": "George",
        "lastName": "Franklin",
        "address": "110 W. Liberty St.",
        "city": "Madison",
        "telephone": "6085551023",
        "id": 404,
        "pets": [
            
        ]
    },
    {
        "firstName": "George",
        "lastName": "Franklin",
        "address": "110 W. Liberty St.",
        "city": "Madison",
        "telephone": "6085551023",
        "id": 405,
        "pets": [
            
        ]
    },
    {
        "firstName": "George",
        "lastName": "Franklin",
        "address": "110 W. Liberty St.",
        "city": "Madison",
        "telephone": "6085551023",
        "id": 406,
        "pets": [
            
        ]
    },
    {
        "firstName": "George",
        "lastName": "Franklin",
        "address": "110 W. Liberty St.",
        "city": "Madison",
        "telephone": "6085551023",
        "id": 407,
        "pets": [
            
        ]
    },
    {
        "firstName": "George",
        "lastName": "Franklin",
        "address": "110 W. Liberty St.",
        "city": "Madison",
        "telephone": "6085551023",
        "id": 408,
        "pets": [
            
        ]
    },
    {
        "firstName": "George",
        "lastName": "Franklin",
        "address": "110 W. Liberty St.",
        "city": "Madison",
        "telephone": "6085551023",
        "id": 409,
        "pets": [
            
        ]
    },
    {
        "firstName": "George",
        "lastName": "Franklin",
        "address": "110 W. Liberty St.",
        "city": "Madison",
        "telephone": "6085551023",
        "id": 410,
        "pets": [
            
        ]
    },
    {
        "firstName": "George",
        "lastName": "Franklin",
        "address": "110 W. Liberty St.",
        "city": "Madison",
        "telephone": "6085551023",
        "id": 411,
        "pets": [
            
        ]
    },
    {
        "firstName": "George",
        "lastName": "Franklin",
        "address": "110 W. Liberty St.",
        "city": "Madison",
        "telephone": "6085551023",
        "id": 412,
        "pets": [
            
        ]
    },
    {
        "firstName": "George",
        "lastName": "Franklin",
        "address": "110 W. Liberty St.",
        "city": "Madison",
        "telephone": "6085551023",
        "id": 413,
        "pets": [
            
        ]
    },
    {
        "firstName": "George",
        "lastName": "Franklin",
        "address": "110 W. Liberty St.",
        "city": "Madison",
        "telephone": "6085551023",
        "id": 414,
        "pets": [
            
        ]
    },
    {
        "firstName": "George",
        "lastName": "Franklin",
        "address": "110 W. Liberty St.",
        "city": "Madison",
        "telephone": "6085551023",
        "id": 415,
        "pets": [
            
        ]
    },
    {
        "firstName": "George",
        "lastName": "Franklin",
        "address": "110 W. Liberty St.",
        "city": "Madison",
        "telephone": "6085551023",
        "id": 416,
        "pets": [
            
        ]
    },
    {
        "firstName": "George",
        "lastName": "Franklin",
        "address": "110 W. Liberty St.",
        "city": "Madison",
        "telephone": "6085551023",
        "id": 417,
        "pets": [
            
        ]
    },
    {
        "firstName": "George",
        "lastName": "Franklin",
        "address": "110 W. Liberty St.",
        "city": "Madison",
        "telephone": "6085551023",
        "id": 418,
        "pets": [
            
        ]
    },
    {
        "firstName": "George",
        "lastName": "Franklin",
        "address": "110 W. Liberty St.",
        "city": "Madison",
        "telephone": "6085551023",
        "id": 419,
        "pets": [
            
        ]
    },
    {
        "firstName": "George",
        "lastName": "Franklin",
        "address": "110 W. Liberty St.",
        "city": "Madison",
        "telephone": "6085551023",
        "id": 420,
        "pets": [
            
        ]
    },
    {
        "firstName": "George",
        "lastName": "Franklin",
        "address": "110 W. Liberty St.",
        "city": "Madison",
        "telephone": "6085551023",
        "id": 421,
        "pets": [
            
        ]
    },
    {
        "firstName": "George",
        "lastName": "Franklin",
        "address": "110 W. Liberty St.",
        "city": "Madison",
        "telephone": "6085551023",
        "id": 422,
        "pets": [
            
        ]
    },
    {
        "firstName": "George",
        "lastName": "Franklin",
        "address": "110 W. Liberty St.",
        "city": "Madison",
        "telephone": "6085551023",
        "id": 423,
        "pets": [
            
        ]
    },
    {
        "firstName": "George",
        "lastName": "Franklin",
        "address": "110 W. Liberty St.",
        "city": "Madison",
        "telephone": "6085551023",
        "id": 424,
        "pets": [
            
        ]
    },
    {
        "firstName": "George",
        "lastName": "Franklin",
        "address": "110 W. Liberty St.",
        "city": "Madison",
        "telephone": "6085551023",
        "id": 425,
        "pets": [
            
        ]
    },
    {
        "firstName": "George",
        "lastName": "Franklin",
        "address": "110 W. Liberty St.",
        "city": "Madison",
        "telephone": "6085551023",
        "id": 426,
        "pets": [
            
        ]
    },
    {
        "firstName": "George",
        "lastName": "Franklin",
        "address": "110 W. Liberty St.",
        "city": "Madison",
        "telephone": "6085551023",
        "id": 427,
        "pets": [
            
        ]
    },
    {
        "firstName": "George",
        "lastName": "Franklin",
        "address": "110 W. Liberty St.",
        "city": "Madison",
        "telephone": "6085551023",
        "id": 428,
        "pets": [
            
        ]
    },
    {
        "firstName": "George",
        "lastName": "Franklin",
        "address": "110 W. Liberty St.",
        "city": "Madison",
        "telephone": "6085551023",
        "id": 429,
        "pets": [
            
        ]
    },
    {
        "firstName": "George",
        "lastName": "Franklin",
        "address": "110 W. Liberty St.",
        "city": "Madison",
        "telephone": "6085551023",
        "id": 430,
        "pets": [
            
        ]
    },
    {
        "firstName": "George",
        "lastName": "Franklin",
        "address": "110 W. Liberty St.",
        "city": "Madison",
        "telephone": "6085551023",
        "id": 431,
        "pets": [
            
        ]
    },
    {
        "firstName": "George",
        "lastName": "Franklin",
        "address": "110 W. Liberty St.",
        "city": "Madison",
        "telephone": "6085551023",
        "id": 432,
        "pets": [
            
        ]
    },
    {
        "firstName": "George",
        "lastName": "Franklin",
        "address": "110 W. Liberty St.",
        "city": "Madison",
        "telephone": "6085551023",
        "id": 433,
        "pets": [
            
        ]
    },
    {
        "firstName": "George",
        "lastName": "Franklin",
        "address": "110 W. Liberty St.",
        "city": "Madison",
        "telephone": "6085551023",
        "id": 434,
        "pets": [
            
        ]
    },
    {
        "firstName": "George",
        "lastName": "Franklin",
        "address": "110 W. Liberty St.",
        "city": "Madison",
        "telephone": "6085551023",
        "id": 435,
        "pets": [
            
        ]
    },
    {
        "firstName": "George",
        "lastName": "Franklin",
        "address": "110 W. Liberty St.",
        "city": "Madison",
        "telephone": "6085551023",
        "id": 436,
        "pets": [
            
        ]
    },
    {
        "firstName": "George",
        "lastName": "Franklin",
        "address": "110 W. Liberty St.",
        "city": "Madison",
        "telephone": "6085551023",
        "id": 437,
        "pets": [
            
        ]
    },
    {
        "firstName": "George",
        "lastName": "Franklin",
        "address": "110 W. Liberty St.",
        "city": "Madison",
        "telephone": "6085551023",
        "id": 438,
        "pets": [
            
        ]
    },
    {
        "firstName": "George",
        "lastName": "Franklin",
        "address": "110 W. Liberty St.",
        "city": "Madison",
        "telephone": "6085551023",
        "id": 439,
        "pets": [
            
        ]
    },
    {
        "firstName": "George",
        "lastName": "Franklin",
        "address": "110 W. Liberty St.",
        "city": "Madison",
        "telephone": "6085551023",
        "id": 440,
        "pets": [
            
        ]
    },
    {
        "firstName": "George",
        "lastName": "Franklin",
        "address": "110 W. Liberty St.",
        "city": "Madison",
        "telephone": "6085551023",
        "id": 441,
        "pets": [
            
        ]
    },
    {
        "firstName": "George",
        "lastName": "Franklin",
        "address": "110 W. Liberty St.",
        "city": "Madison",
        "telephone": "6085551023",
        "id": 442,
        "pets": [
            
        ]
    },
    {
        "firstName": "George",
        "lastName": "Franklin",
        "address": "110 W. Liberty St.",
        "city": "Madison",
        "telephone": "6085551023",
        "id": 443,
        "pets": [
            
        ]
    },
    {
        "firstName": "George",
        "lastName": "Franklin",
        "address": "110 W. Liberty St.",
        "city": "Madison",
        "telephone": "6085551023",
        "id": 444,
        "pets": [
            
        ]
    },
    {
        "firstName": "George",
        "lastName": "Franklin",
        "address": "110 W. Liberty St.",
        "city": "Madison",
        "telephone": "6085551023",
        "id": 445,
        "pets": [
            
        ]
    },
    {
        "firstName": "George",
        "lastName": "Franklin",
        "address": "110 W. Liberty St.",
        "city": "Madison",
        "telephone": "6085551023",
        "id": 446,
        "pets": [
            
        ]
    },
    {
        "firstName": "George",
        "lastName": "Franklin",
        "address": "110 W. Liberty St.",
        "city": "Madison",
        "telephone": "6085551023",
        "id": 447,
        "pets": [
            
        ]
    },
    {
        "firstName": "George",
        "lastName": "Franklin",
        "address": "110 W. Liberty St.",
        "city": "Madison",
        "telephone": "6085551023",
        "id": 448,
        "pets": [
            
        ]
    },
    {
        "firstName": "George",
        "lastName": "Franklin",
        "address": "110 W. Liberty St.",
        "city": "Madison",
        "telephone": "6085551023",
        "id": 449,
        "pets": [
            
        ]
    },
    {
        "firstName": "George",
        "lastName": "Franklin",
        "address": "110 W. Liberty St.",
        "city": "Madison",
        "telephone": "6085551023",
        "id": 450,
        "pets": [
            
        ]
    },
    {
        "firstName": "George",
        "lastName": "Franklin",
        "address": "110 W. Liberty St.",
        "city": "Madison",
        "telephone": "6085551023",
        "id": 451,
        "pets": [
            
        ]
    },
    {
        "firstName": "George",
        "lastName": "Franklin",
        "address": "110 W. Liberty St.",
        "city": "Madison",
        "telephone": "6085551023",
        "id": 452,
        "pets": [
            
        ]
    },
    {
        "firstName": "George",
        "lastName": "Franklin",
        "address": "110 W. Liberty St.",
        "city": "Madison",
        "telephone": "6085551023",
        "id": 453,
        "pets": [
            
        ]
    },
    {
        "firstName": "George",
        "lastName": "Franklin",
        "address": "110 W. Liberty St.",
        "city": "Madison",
        "telephone": "6085551023",
        "id": 454,
        "pets": [
            
        ]
    },
    {
        "firstName": "George",
        "lastName": "Franklin",
        "address": "110 W. Liberty St.",
        "city": "Madison",
        "telephone": "6085551023",
        "id": 455,
        "pets": [
            
        ]
    },
    {
        "firstName": "George",
        "lastName": "Franklin",
        "address": "110 W. Liberty St.",
        "city": "Madison",
        "telephone": "6085551023",
        "id": 456,
        "pets": [
            
        ]
    },
    {
        "firstName": "George",
        "lastName": "Franklin",
        "address": "110 W. Liberty St.",
        "city": "Madison",
        "telephone": "6085551023",
        "id": 457,
        "pets": [
            
        ]
    },
    {
        "firstName": "George",
        "lastName": "Franklin",
        "address": "110 W. Liberty St.",
        "city": "Madison",
        "telephone": "6085551023",
        "id": 458,
        "pets": [
            
        ]
    },
    {
        "firstName": "George",
        "lastName": "Franklin",
        "address": "110 W. Liberty St.",
        "city": "Madison",
        "telephone": "6085551023",
        "id": 459,
        "pets": [
            
        ]
    },
    {
        "firstName": "George",
        "lastName": "Franklin",
        "address": "110 W. Liberty St.",
        "city": "Madison",
        "telephone": "6085551023",
        "id": 460,
        "pets": [
            
        ]
    },
    {
        "firstName": "George",
        "lastName": "Franklin",
        "address": "110 W. Liberty St.",
        "city": "Madison",
        "telephone": "6085551023",
        "id": 461,
        "pets": [
            
        ]
    },
    {
        "firstName": "George",
        "lastName": "Franklin",
        "address": "110 W. Liberty St.",
        "city": "Madison",
        "telephone": "6085551023",
        "id": 462,
        "pets": [
            
        ]
    },
    {
        "firstName": "George",
        "lastName": "Franklin",
        "address": "110 W. Liberty St.",
        "city": "Madison",
        "telephone": "6085551023",
        "id": 463,
        "pets": [
            
        ]
    },
    {
        "firstName": "George",
        "lastName": "Franklin",
        "address": "110 W. Liberty St.",
        "city": "Madison",
        "telephone": "6085551023",
        "id": 464,
        "pets": [
            
        ]
    },
    {
        "firstName": "George",
        "lastName": "Franklin",
        "address": "110 W. Liberty St.",
        "city": "Madison",
        "telephone": "6085551023",
        "id": 465,
        "pets": [
            
        ]
    },
    {
        "firstName": "George",
        "lastName": "Franklin",
        "address": "110 W. Liberty St.",
        "city": "Madison",
        "telephone": "6085551023",
        "id": 466,
        "pets": [
            
        ]
    },
    {
        "firstName": "George",
        "lastName": "Franklin",
        "address": "110 W. Liberty St.",
        "city": "Madison",
        "telephone": "6085551023",
        "id": 467,
        "pets": [
            
        ]
    },
    {
        "firstName": "George",
        "lastName": "Franklin",
        "address": "110 W. Liberty St.",
        "city": "Madison",
        "telephone": "6085551023",
        "id": 468,
        "pets": [
            
        ]
    },
    {
        "firstName": "George",
        "lastName": "Franklin",
        "address": "110 W. Liberty St.",
        "city": "Madison",
        "telephone": "6085551023",
        "id": 469,
        "pets": [
            
        ]
    },
    {
        "firstName": "George",
        "lastName": "Franklin",
        "address": "110 W. Liberty St.",
        "city": "Madison",
        "telephone": "6085551023",
        "id": 470,
        "pets": [
            
        ]
    },
    {
        "firstName": "George",
        "lastName": "Franklin",
        "address": "110 W. Liberty St.",
        "city": "Madison",
        "telephone": "6085551023",
        "id": 471,
        "pets": [
            
        ]
    },
    {
        "firstName": "George",
        "lastName": "Franklin",
        "address": "110 W. Liberty St.",
        "city": "Madison",
        "telephone": "6085551023",
        "id": 472,
        "pets": [
            
        ]
    },
    {
        "firstName": "George",
        "lastName": "Franklin",
        "address": "110 W. Liberty St.",
        "city": "Madison",
        "telephone": "6085551023",
        "id": 473,
        "pets": [
            
        ]
    },
    {
        "firstName": "George",
        "lastName": "Franklin",
        "address": "110 W. Liberty St.",
        "city": "Madison",
        "telephone": "6085551023",
        "id": 474,
        "pets": [
            
        ]
    },
    {
        "firstName": "George",
        "lastName": "Franklin",
        "address": "110 W. Liberty St.",
        "city": "Madison",
        "telephone": "6085551023",
        "id": 475,
        "pets": [
            
        ]
    },
    {
        "firstName": "George",
        "lastName": "Franklin",
        "address": "110 W. Liberty St.",
        "city": "Madison",
        "telephone": "6085551023",
        "id": 476,
        "pets": [
            
        ]
    },
    {
        "firstName": "George",
        "lastName": "Franklin",
        "address": "110 W. Liberty St.",
        "city": "Madison",
        "telephone": "6085551023",
        "id": 477,
        "pets": [
            
        ]
    },
    {
        "firstName": "George",
        "lastName": "Franklin",
        "address": "110 W. Liberty St.",
        "city": "Madison",
        "telephone": "6085551023",
        "id": 478,
        "pets": [
            
        ]
    },
    {
        "firstName": "George",
        "lastName": "Franklin",
        "address": "110 W. Liberty St.",
        "city": "Madison",
        "telephone": "6085551023",
        "id": 479,
        "pets": [
            
        ]
    },
    {
        "firstName": "George",
        "lastName": "Franklin",
        "address": "110 W. Liberty St.",
        "city": "Madison",
        "telephone": "6085551023",
        "id": 480,
        "pets": [
            
        ]
    },
    {
        "firstName": "George",
        "lastName": "Franklin",
        "address": "110 W. Liberty St.",
        "city": "Madison",
        "telephone": "6085551023",
        "id": 481,
        "pets": [
            
        ]
    },
    {
        "firstName": "George",
        "lastName": "Franklin",
        "address": "110 W. Liberty St.",
        "city": "Madison",
        "telephone": "6085551023",
        "id": 482,
        "pets": [
            
        ]
    },
    {
        "firstName": "George",
        "lastName": "Franklin",
        "address": "110 W. Liberty St.",
        "city": "Madison",
        "telephone": "6085551023",
        "id": 483,
        "pets": [
            
        ]
    },
    {
        "firstName": "George",
        "lastName": "Franklin",
        "address": "110 W. Liberty St.",
        "city": "Madison",
        "telephone": "6085551023",
        "id": 484,
        "pets": [
            
        ]
    },
    {
        "firstName": "George",
        "lastName": "Franklin",
        "address": "110 W. Liberty St.",
        "city": "Madison",
        "telephone": "6085551023",
        "id": 485,
        "pets": [
            
        ]
    },
    {
        "firstName": "George",
        "lastName": "Franklin",
        "address": "110 W. Liberty St.",
        "city": "Madison",
        "telephone": "6085551023",
        "id": 486,
        "pets": [
            
        ]
    },
    {
        "firstName": "George",
        "lastName": "Franklin",
        "address": "110 W. Liberty St.",
        "city": "Madison",
        "telephone": "6085551023",
        "id": 487,
        "pets": [
            
        ]
    },
    {
        "firstName": "George",
        "lastName": "Franklin",
        "address": "110 W. Liberty St.",
        "city": "Madison",
        "telephone": "6085551023",
        "id": 488,
        "pets": [
            
        ]
    },
    {
        "firstName": "George",
        "lastName": "Franklin",
        "address": "110 W. Liberty St.",
        "city": "Madison",
        "telephone": "6085551023",
        "id": 489,
        "pets": [
            
        ]
    },
    {
        "firstName": "George",
        "lastName": "Franklin",
        "address": "110 W. Liberty St.",
        "city": "Madison",
        "telephone": "6085551023",
        "id": 490,
        "pets": [
            
        ]
    },
    {
        "firstName": "George",
        "lastName": "Franklin",
        "address": "110 W. Liberty St.",
        "city": "Madison",
        "telephone": "6085551023",
        "id": 491,
        "pets": [
            
        ]
    },
    {
        "firstName": "George",
        "lastName": "Franklin",
        "address": "110 W. Liberty St.",
        "city": "Madison",
        "telephone": "6085551023",
        "id": 492,
        "pets": [
            
        ]
    },
    {
        "firstName": "George",
        "lastName": "Franklin",
        "address": "110 W. Liberty St.",
        "city": "Madison",
        "telephone": "6085551023",
        "id": 493,
        "pets": [
            
        ]
    },
    {
        "firstName": "George",
        "lastName": "Franklin",
        "address": "110 W. Liberty St.",
        "city": "Madison",
        "telephone": "6085551023",
        "id": 494,
        "pets": [
            
        ]
    },
    {
        "firstName": "George",
        "lastName": "Franklin",
        "address": "110 W. Liberty St.",
        "city": "Madison",
        "telephone": "6085551023",
        "id": 495,
        "pets": [
            
        ]
    },
    {
        "firstName": "George",
        "lastName": "Franklin",
        "address": "110 W. Liberty St.",
        "city": "Madison",
        "telephone": "6085551023",
        "id": 496,
        "pets": [
            
        ]
    },
    {
        "firstName": "George",
        "lastName": "Franklin",
        "address": "110 W. Liberty St.",
        "city": "Madison",
        "telephone": "6085551023",
        "id": 497,
        "pets": [
            
        ]
    },
    {
        "firstName": "George",
        "lastName": "Franklin",
        "address": "110 W. Liberty St.",
        "city": "Madison",
        "telephone": "6085551023",
        "id": 498,
        "pets": [
            
        ]
    },
    {
        "firstName": "George",
        "lastName": "Franklin",
        "address": "110 W. Liberty St.",
        "city": "Madison",
        "telephone": "6085551023",
        "id": 499,
        "pets": [
            
        ]
    },
    {
        "firstName": "George",
        "lastName": "Franklin",
        "address": "110 W. Liberty St.",
        "city": "Madison",
        "telephone": "6085551023",
        "id": 500,
        "pets": [
            
        ]
    },
    {
        "firstName": "George",
        "lastName": "Franklin",
        "address": "110 W. Liberty St.",
        "city": "Madison",
        "telephone": "6085551023",
        "id": 501,
        "pets": [
            
        ]
    },
    {
        "firstName": "George",
        "lastName": "Franklin",
        "address": "110 W. Liberty St.",
        "city": "Madison",
        "telephone": "6085551023",
        "id": 502,
        "pets": [
            
        ]
    },
    {
        "firstName": "George",
        "lastName": "Franklin",
        "address": "110 W. Liberty St.",
        "city": "Madison",
        "telephone": "6085551023",
        "id": 503,
        "pets": [
            
        ]
    },
    {
        "firstName": "George",
        "lastName": "Franklin",
        "address": "110 W. Liberty St.",
        "city": "Madison",
        "telephone": "6085551023",
        "id": 504,
        "pets": [
            
        ]
    },
    {
        "firstName": "George",
        "lastName": "Franklin",
        "address": "110 W. Liberty St.",
        "city": "Madison",
        "telephone": "6085551023",
        "id": 505,
        "pets": [
            
        ]
    },
    {
        "firstName": "George",
        "lastName": "Franklin",
        "address": "110 W. Liberty St.",
        "city": "Madison",
        "telephone": "6085551023",
        "id": 506,
        "pets": [
            
        ]
    },
    {
        "firstName": "George",
        "lastName": "Franklin",
        "address": "110 W. Liberty St.",
        "city": "Madison",
        "telephone": "6085551023",
        "id": 507,
        "pets": [
            
        ]
    },
    {
        "firstName": "George",
        "lastName": "Franklin",
        "address": "110 W. Liberty St.",
        "city": "Madison",
        "telephone": "6085551023",
        "id": 508,
        "pets": [
            
        ]
    },
    {
        "firstName": "George",
        "lastName": "Franklin",
        "address": "110 W. Liberty St.",
        "city": "Madison",
        "telephone": "6085551023",
        "id": 509,
        "pets": [
            
        ]
    },
    {
        "firstName": "George",
        "lastName": "Franklin",
        "address": "110 W. Liberty St.",
        "city": "Madison",
        "telephone": "6085551023",
        "id": 510,
        "pets": [
            
        ]
    },
    {
        "firstName": "George",
        "lastName": "Franklin",
        "address": "110 W. Liberty St.",
        "city": "Madison",
        "telephone": "6085551023",
        "id": 511,
        "pets": [
            
        ]
    },
    {
        "firstName": "George",
        "lastName": "Franklin",
        "address": "110 W. Liberty St.",
        "city": "Madison",
        "telephone": "6085551023",
        "id": 512,
        "pets": [
            
        ]
    },
    {
        "firstName": "George",
        "lastName": "Franklin",
        "address": "110 W. Liberty St.",
        "city": "Madison",
        "telephone": "6085551023",
        "id": 513,
        "pets": [
            
        ]
    },
    {
        "firstName": "George",
        "lastName": "Franklin",
        "address": "110 W. Liberty St.",
        "city": "Madison",
        "telephone": "6085551023",
        "id": 514,
        "pets": [
            
        ]
    },
    {
        "firstName": "George",
        "lastName": "Franklin",
        "address": "110 W. Liberty St.",
        "city": "Madison",
        "telephone": "6085551023",
        "id": 515,
        "pets": [
            
        ]
    },
    {
        "firstName": "George",
        "lastName": "Franklin",
        "address": "110 W. Liberty St.",
        "city": "Madison",
        "telephone": "6085551023",
        "id": 516,
        "pets": [
            
        ]
    },
    {
        "firstName": "George",
        "lastName": "Franklin",
        "address": "110 W. Liberty St.",
        "city": "Madison",
        "telephone": "6085551023",
        "id": 517,
        "pets": [
            
        ]
    },
    {
        "firstName": "George",
        "lastName": "Franklin",
        "address": "110 W. Liberty St.",
        "city": "Madison",
        "telephone": "6085551023",
        "id": 518,
        "pets": [
            
        ]
    },
    {
        "firstName": "George",
        "lastName": "Franklin",
        "address": "110 W. Liberty St.",
        "city": "Madison",
        "telephone": "6085551023",
        "id": 519,
        "pets": [
            
        ]
    },
    {
        "firstName": "George",
        "lastName": "Franklin",
        "address": "110 W. Liberty St.",
        "city": "Madison",
        "telephone": "6085551023",
        "id": 520,
        "pets": [
            
        ]
    },
    {
        "firstName": "George",
        "lastName": "Franklin",
        "address": "110 W. Liberty St.",
        "city": "Madison",
        "telephone": "6085551023",
        "id": 521,
        "pets": [
            
        ]
    },
    {
        "firstName": "George",
        "lastName": "Franklin",
        "address": "110 W. Liberty St.",
        "city": "Madison",
        "telephone": "6085551023",
        "id": 522,
        "pets": [
            
        ]
    },
    {
        "firstName": "George",
        "lastName": "Franklin",
        "address": "110 W. Liberty St.",
        "city": "Madison",
        "telephone": "6085551023",
        "id": 523,
        "pets": [
            
        ]
    }
]
  &amp#27;[32mGiven &amp#27;[0m&amp#27;[32mlist of owners&amp#27;[0m                                              &amp#27;[90m# tuichalange.steps.OwnerSteps.listOfOwners()&amp#27;[0m
Request method:	POST
Request URI:	http://localhost:9966/petclinic/api/owners
Proxy:			<none>
Request params:	<none>
Query params:	<none>
Form params:	<none>
Path params:	<none>
Headers:		Accept=*/*
				Content-Type=application/json
Cookies:		<none>
Multiparts:		<none>
Body:
{
    "firstName": "A",
    "lastName": "LNWYxjd",
    "address": "Address: gCo61",
    "city": "City: YMpoj",
    "telephone": "36666294"
}
HTTP/1.1 201 
Vary: Origin
Vary: Access-Control-Request-Method
Vary: Access-Control-Request-Headers
Location: /api/owners/524
X-Content-Type-Options: nosniff
X-XSS-Protection: 0
Cache-Control: no-cache, no-store, max-age=0, must-revalidate
Pragma: no-cache
Expires: 0
X-Frame-Options: DENY
Content-Type: application/json
Transfer-Encoding: chunked
Date: Sat, 20 Jan 2024 15:33:23 GMT
Keep-Alive: timeout=60
Connection: keep-alive

{
    "firstName": "A",
    "lastName": "LNWYxjd",
    "address": "Address: gCo61",
    "city": "City: YMpoj",
    "telephone": "36666294",
    "id": 524,
    "pets": [
        
    ]
}
  &amp#27;[32mWhen &amp#27;[0m&amp#27;[32muser creates owner with firstName &amp#27;[0m&amp#27;[32m&amp#27;[1mA&amp#27;[0m                          &amp#27;[90m# tuichalange.steps.OwnerSteps.userCreatesOwnerWithFirstName(java.lang.String)&amp#27;[0m
Request method:	GET
Request URI:	http://localhost:9966/petclinic/api/owners
Proxy:			<none>
Request params:	<none>
Query params:	<none>
Form params:	<none>
Path params:	<none>
Headers:		Accept=*/*
				Content-Type=application/json
Cookies:		<none>
Multiparts:		<none>
Body:			<none>
HTTP/1.1 200 
Vary: Origin
Vary: Access-Control-Request-Method
Vary: Access-Control-Request-Headers
X-Content-Type-Options: nosniff
X-XSS-Protection: 0
Cache-Control: no-cache, no-store, max-age=0, must-revalidate
Pragma: no-cache
Expires: 0
X-Frame-Options: DENY
Content-Type: application/json
Transfer-Encoding: chunked
Date: Sat, 20 Jan 2024 15:33:23 GMT
Keep-Alive: timeout=60
Connection: keep-alive

[
    {
        "firstName": "George",
        "lastName": "Franklin",
        "address": "110 W. Liberty St.",
        "city": "Madison",
        "telephone": "6085551023",
        "id": 1,
        "pets": [
            {
                "name": "Leo",
                "birthDate": "2010-09-07",
                "type": {
                    "name": "cat",
                    "id": 1
                },
                "id": 1,
                "ownerId": 1,
                "visits": [
                    
                ]
            },
            {
                "name": "Leo",
                "birthDate": "2024-01-19",
                "type": {
                    "name": "cat",
                    "id": 1
                },
                "id": 15,
                "ownerId": 1,
                "visits": [
                    
                ]
            }
        ]
    },
    {
        "firstName": "Georgee",
        "lastName": "Franklinn",
        "address": "110 W. Liberty St.1",
        "city": "Madison1",
        "telephone": "6085551024",
        "id": 2,
        "pets": [
            {
                "name": "Basil",
                "birthDate": "2012-08-06",
                "type": {
                    "name": "hamster",
                    "id": 6
                },
                "id": 2,
                "ownerId": 2,
                "visits": [
                    
                ]
            }
        ]
    },
    {
        "firstName": "Eduardo",
        "lastName": "Rodriquez",
        "address": "2693 Commerce St.",
        "city": "McFarland",
        "telephone": "6085558763",
        "id": 3,
        "pets": [
            {
                "name": "Jewel",
                "birthDate": "2010-03-07",
                "type": {
                    "name": "Leo",
                    "id": 2
                },
                "id": 4,
                "ownerId": 3,
                "visits": [
                    
                ]
            },
            {
                "name": "Rosy",
                "birthDate": "2011-04-17",
                "type": {
                    "name": "Leo",
                    "id": 2
                },
                "id": 3,
                "ownerId": 3,
                "visits": [
                    
                ]
            }
        ]
    },
    {
        "firstName": "Harold",
        "lastName": "Davis",
        "address": "563 Friendly St.",
        "city": "Windsor",
        "telephone": "6085553198",
        "id": 4,
        "pets": [
            {
                "name": "Iggy",
                "birthDate": "2010-11-30",
                "type": {
                    "name": "lizard",
                    "id": 3
                },
                "id": 5,
                "ownerId": 4,
                "visits": [
                    
                ]
            }
        ]
    },
    {
        "firstName": "Peter",
        "lastName": "McTavish",
        "address": "2387 S. Fair Way",
        "city": "Madison",
        "telephone": "6085552765",
        "id": 5,
        "pets": [
            {
                "name": "George",
                "birthDate": "2010-01-20",
                "type": {
                    "name": "snake",
                    "id": 4
                },
                "id": 6,
                "ownerId": 5,
                "visits": [
                    
                ]
            }
        ]
    },
    {
        "firstName": "Jean",
        "lastName": "Coleman",
        "address": "105 N. Lake St.",
        "city": "Monona",
        "telephone": "6085552654",
        "id": 6,
        "pets": [
            {
                "name": "Max",
                "birthDate": "2012-09-04",
                "type": {
                    "name": "cat",
                    "id": 1
                },
                "id": 8,
                "ownerId": 6,
                "visits": [
                    {
                        "date": "2013-01-03",
                        "description": "neutered",
                        "id": 3,
                        "petId": null
                    },
                    {
                        "date": "2013-01-02",
                        "description": "rabies shot",
                        "id": 2,
                        "petId": null
                    }
                ]
            },
            {
                "name": "Samantha",
                "birthDate": "2012-09-04",
                "type": {
                    "name": "cat",
                    "id": 1
                },
                "id": 7,
                "ownerId": 6,
                "visits": [
                    {
                        "date": "2013-01-04",
                        "description": "spayed",
                        "id": 4,
                        "petId": null
                    },
                    {
                        "date": "2013-01-01",
                        "description": "rabies shot",
                        "id": 1,
                        "petId": null
                    }
                ]
            }
        ]
    },
    {
        "firstName": "Jeff",
        "lastName": "Black",
        "address": "1450 Oak Blvd.",
        "city": "Monona",
        "telephone": "6085555387",
        "id": 7,
        "pets": [
            {
                "name": "Lucky",
                "birthDate": "2011-08-06",
                "type": {
                    "name": "bird",
                    "id": 5
                },
                "id": 9,
                "ownerId": 7,
                "visits": [
                    
                ]
            }
        ]
    },
    {
        "firstName": "Maria",
        "lastName": "Escobito",
        "address": "345 Maple St.",
        "city": "Madison",
        "telephone": "6085557683",
        "id": 8,
        "pets": [
            {
                "name": "Mulligan",
                "birthDate": "2007-02-24",
                "type": {
                    "name": "Leo",
                    "id": 2
                },
                "id": 10,
                "ownerId": 8,
                "visits": [
                    
                ]
            }
        ]
    },
    {
        "firstName": "David",
        "lastName": "Schroeder",
        "address": "2749 Blackhawk Trail",
        "city": "Madison",
        "telephone": "6085559435",
        "id": 9,
        "pets": [
            {
                "name": "Freddy",
                "birthDate": "2010-03-09",
                "type": {
                    "name": "bird",
                    "id": 5
                },
                "id": 11,
                "ownerId": 9,
                "visits": [
                    
                ]
            }
        ]
    },
    {
        "firstName": "Carlos",
        "lastName": "Estaban",
        "address": "2335 Independence La.",
        "city": "Waunakee",
        "telephone": "6085555487",
        "id": 10,
        "pets": [
            {
                "name": "Lucky",
                "birthDate": "2010-06-24",
                "type": {
                    "name": "Leo",
                    "id": 2
                },
                "id": 12,
                "ownerId": 10,
                "visits": [
                    
                ]
            },
            {
                "name": "Sly",
                "birthDate": "2012-06-08",
                "type": {
                    "name": "cat",
                    "id": 1
                },
                "id": 13,
                "ownerId": 10,
                "visits": [
                    
                ]
            }
        ]
    },
    {
        "firstName": "FNcbXOq",
        "lastName": "LNTalqx",
        "address": "Address: e1FDM",
        "city": "City: QeshG",
        "telephone": "91624141",
        "id": 11,
        "pets": [
            {
                "name": "A",
                "birthDate": "2022-09-09",
                "type": {
                    "name": "cat",
                    "id": 1
                },
                "id": 16,
                "ownerId": 11,
                "visits": [
                    
                ]
            }
        ]
    },
    {
        "firstName": "FNgGdZm",
        "lastName": "LNfQpnI",
        "address": "Address: 0Zjvd",
        "city": "City: Y4TUj",
        "telephone": "52375567",
        "id": 12,
        "pets": [
            {
                "name": "A",
                "birthDate": "2022-09-09",
                "type": {
                    "name": "cat",
                    "id": 1
                },
                "id": 17,
                "ownerId": 12,
                "visits": [
                    
                ]
            }
        ]
    },
    {
        "firstName": "FNQVxtW",
        "lastName": "LNijDZJ",
        "address": "Address: QJBbK",
        "city": "City: ZIN3e",
        "telephone": "04606374",
        "id": 13,
        "pets": [
            
        ]
    },
    {
        "firstName": "FNtECYi",
        "lastName": "LNqsmcq",
        "address": "Address: i0KTW",
        "city": "City: YOiSl",
        "telephone": "34297126",
        "id": 14,
        "pets": [
            {
                "name": "A",
                "birthDate": "2022-09-09",
                "type": {
                    "name": "cat",
                    "id": 1
                },
                "id": 18,
                "ownerId": 14,
                "visits": [
                    
                ]
            }
        ]
    },
    {
        "firstName": "FNyluuV",
        "lastName": "LNmDlGp",
        "address": "Address: fKAO5",
        "city": "City: MVAeN",
        "telephone": "98182086",
        "id": 15,
        "pets": [
            {
                "name": "John",
                "birthDate": "2022-09-09",
                "type": {
                    "name": "cat",
                    "id": 1
                },
                "id": 19,
                "ownerId": 15,
                "visits": [
                    
                ]
            }
        ]
    },
    {
        "firstName": "FNypEUb",
        "lastName": "LNKWLEj",
        "address": "Address: 8CWUV",
        "city": "City: Z5E8K",
        "telephone": "13111097",
        "id": 16,
        "pets": [
            {
                "name": "ThirtyCharsTestNametesttestte",
                "birthDate": "2022-09-09",
                "type": {
                    "name": "cat",
                    "id": 1
                },
                "id": 20,
                "ownerId": 16,
                "visits": [
                    
                ]
            }
        ]
    },
    {
        "firstName": "FNyisHR",
        "lastName": "LNygzBW",
        "address": "Address: k7c02",
        "city": "City: q6bES",
        "telephone": "09609529",
        "id": 17,
        "pets": [
            {
                "name": "test_*()&^%$#@!?/",
                "birthDate": "2022-09-09",
                "type": {
                    "name": "cat",
                    "id": 1
                },
                "id": 21,
                "ownerId": 17,
                "visits": [
                    
                ]
            }
        ]
    },
    {
        "firstName": "FNJcWvr",
        "lastName": "LNMcSTH",
        "address": "Address: 50zuT",
        "city": "City: VenoJ",
        "telephone": "44467273",
        "id": 18,
        "pets": [
            {
                "name": "test_*()&^%$#@!?/",
                "birthDate": "2022-09-09",
                "type": {
                    "name": "cat",
                    "id": 1
                },
                "id": 22,
                "ownerId": 18,
                "visits": [
                    
                ]
            }
        ]
    },
    {
        "firstName": "FNyEVfu",
        "lastName": "LNakCFB",
        "address": "Address: DA6Me",
        "city": "City: 1JgGo",
        "telephone": "76398157",
        "id": 19,
        "pets": [
            {
                "name": "test_*()&^%$#@!?/",
                "birthDate": "2022-09-09",
                "type": {
                    "name": "cat",
                    "id": 1
                },
                "id": 23,
                "ownerId": 19,
                "visits": [
                    
                ]
            }
        ]
    },
    {
        "firstName": "FNPJsCr",
        "lastName": "LNBnDVR",
        "address": "Address: jNlsd",
        "city": "City: L53y4",
        "telephone": "94319532",
        "id": 20,
        "pets": [
            
        ]
    },
    {
        "firstName": "FNIGHFq",
        "lastName": "LNjStmf",
        "address": "Address: 8OmzF",
        "city": "City: iplQ4",
        "telephone": "10514807",
        "id": 21,
        "pets": [
            
        ]
    },
    {
        "firstName": "FNAklpN",
        "lastName": "LNcVsrO",
        "address": "Address: epr6z",
        "city": "City: diZWm",
        "telephone": "46987062",
        "id": 22,
        "pets": [
            {
                "name": "FxbWo",
                "birthDate": "2022-09-09",
                "type": {
                    "name": "cat",
                    "id": 1
                },
                "id": 24,
                "ownerId": 22,
                "visits": [
                    
                ]
            }
        ]
    },
    {
        "firstName": "FNNEcev",
        "lastName": "LNMamev",
        "address": "Address: DgnWG",
        "city": "City: 8IFp2",
        "telephone": "20562013",
        "id": 23,
        "pets": [
            
        ]
    },
    {
        "firstName": "FNQegWX",
        "lastName": "LNmMdmx",
        "address": "Address: 30U8b",
        "city": "City: DrS5k",
        "telephone": "00714539",
        "id": 24,
        "pets": [
            
        ]
    },
    {
        "firstName": "FNGklke",
        "lastName": "LNgjhcR",
        "address": "Address: Tsn9a",
        "city": "City: HITGd",
        "telephone": "75972656",
        "id": 25,
        "pets": [
            
        ]
    },
    {
        "firstName": "FNoisAU",
        "lastName": "LNUDdlI",
        "address": "Address: LpbwN",
        "city": "City: 5iDdo",
        "telephone": "25436323",
        "id": 26,
        "pets": [
            
        ]
    },
    {
        "firstName": "FNXkWkm",
        "lastName": "LNraoyE",
        "address": "Address: siTuX",
        "city": "City: z03KU",
        "telephone": "44121082",
        "id": 27,
        "pets": [
            
        ]
    },
    {
        "firstName": "FNCwnIH",
        "lastName": "LNJJNpO",
        "address": "Address: 2Aqt6",
        "city": "City: 0JFrl",
        "telephone": "68567852",
        "id": 28,
        "pets": [
            
        ]
    },
    {
        "firstName": "FNfryGx",
        "lastName": "LNoCrZc",
        "address": "Address: i1e4p",
        "city": "City: PDbUY",
        "telephone": "29696712",
        "id": 29,
        "pets": [
            
        ]
    },
    {
        "firstName": "FNQTkBA",
        "lastName": "LNQKTjv",
        "address": "Address: mpQKo",
        "city": "City: tagRS",
        "telephone": "45486684",
        "id": 30,
        "pets": [
            
        ]
    },
    {
        "firstName": "FNQupPS",
        "lastName": "LNizbof",
        "address": "Address: HLyzb",
        "city": "City: fw2CY",
        "telephone": "85605695",
        "id": 31,
        "pets": [
            
        ]
    },
    {
        "firstName": "FNEKlfa",
        "lastName": "LNXZbrn",
        "address": "Address: tuNNp",
        "city": "City: vqhKb",
        "telephone": "87195299",
        "id": 32,
        "pets": [
            
        ]
    },
    {
        "firstName": "FNtdccc",
        "lastName": "LNSKnuO",
        "address": "Address: 4AaNh",
        "city": "City: ZeClw",
        "telephone": "90400708",
        "id": 33,
        "pets": [
            {
                "name": "oaNNz",
                "birthDate": "2022-09-09",
                "type": {
                    "name": "cat",
                    "id": 1
                },
                "id": 26,
                "ownerId": 33,
                "visits": [
                    
                ]
            }
        ]
    },
    {
        "firstName": "FNaEPFP",
        "lastName": "LNsZnpO",
        "address": "Address: FKP1S",
        "city": "City: KiaJW",
        "telephone": "73390020",
        "id": 34,
        "pets": [
            {
                "name": "HtdBe",
                "birthDate": "2022-09-09",
                "type": {
                    "name": "cat",
                    "id": 1
                },
                "id": 27,
                "ownerId": 34,
                "visits": [
                    
                ]
            }
        ]
    },
    {
        "firstName": "FNBaIbI",
        "lastName": "LNocXRK",
        "address": "Address: KLsxu",
        "city": "City: Wpx4k",
        "telephone": "98731327",
        "id": 35,
        "pets": [
            {
                "name": "efEZj",
                "birthDate": "2022-09-09",
                "type": {
                    "name": "cat",
                    "id": 1
                },
                "id": 28,
                "ownerId": 35,
                "visits": [
                    
                ]
            }
        ]
    },
    {
        "firstName": "FNHKjvC",
        "lastName": "LNiRnpT",
        "address": "Address: pAkki",
        "city": "City: z7mhU",
        "telephone": "39517305",
        "id": 36,
        "pets": [
            {
                "name": "qPaMV",
                "birthDate": "2022-09-09",
                "type": {
                    "name": "cat",
                    "id": 1
                },
                "id": 29,
                "ownerId": 36,
                "visits": [
                    
                ]
            }
        ]
    },
    {
        "firstName": "FNYspmv",
        "lastName": "LNgLPJO",
        "address": "Address: WhovE",
        "city": "City: lho3H",
        "telephone": "38121637",
        "id": 37,
        "pets": [
            {
                "name": "boOZI",
                "birthDate": "2022-09-09",
                "type": {
                    "name": "cat",
                    "id": 1
                },
                "id": 30,
                "ownerId": 37,
                "visits": [
                    
                ]
            }
        ]
    },
    {
        "firstName": "FNewqHb",
        "lastName": "LNALyDC",
        "address": "Address: VeXik",
        "city": "City: oXX4h",
        "telephone": "01086701",
        "id": 38,
        "pets": [
            
        ]
    },
    {
        "firstName": "FNmULKH",
        "lastName": "LNMABIB",
        "address": "Address: ltEfQ",
        "city": "City: y0Fec",
        "telephone": "38408682",
        "id": 39,
        "pets": [
            {
                "name": "qdfpA",
                "birthDate": "2022-09-09",
                "type": {
                    "name": "cat",
                    "id": 1
                },
                "id": 31,
                "ownerId": 39,
                "visits": [
                    
                ]
            }
        ]
    },
    {
        "firstName": "FNlQXRG",
        "lastName": "LNVsOPO",
        "address": "Address: wH73Z",
        "city": "City: Ff00M",
        "telephone": "32848181",
        "id": 40,
        "pets": [
            {
                "name": "MOqkA",
                "birthDate": "2022-09-09",
                "type": {
                    "name": "cat",
                    "id": 1
                },
                "id": 32,
                "ownerId": 40,
                "visits": [
                    
                ]
            }
        ]
    },
    {
        "firstName": "FNQvluw",
        "lastName": "LNEgNBn",
        "address": "Address: oBO1a",
        "city": "City: XKOdd",
        "telephone": "15537673",
        "id": 41,
        "pets": [
            {
                "name": "OfSdq",
                "birthDate": "2022-09-09",
                "type": {
                    "name": "cat",
                    "id": 1
                },
                "id": 33,
                "ownerId": 41,
                "visits": [
                    
                ]
            }
        ]
    },
    {
        "firstName": "FNOEdRx",
        "lastName": "LNcjwhJ",
        "address": "Address: iGhvp",
        "city": "City: 4mX8E",
        "telephone": "05893702",
        "id": 42,
        "pets": [
            {
                "name": "jdMVr",
                "birthDate": "2022-09-09",
                "type": {
                    "name": "cat",
                    "id": 1
                },
                "id": 34,
                "ownerId": 42,
                "visits": [
                    
                ]
            }
        ]
    },
    {
        "firstName": "FNehFco",
        "lastName": "LNFiAqT",
        "address": "Address: x92Qk",
        "city": "City: dNdsR",
        "telephone": "27847042",
        "id": 43,
        "pets": [
            {
                "name": "taZVA",
                "birthDate": "2022-09-09",
                "type": {
                    "name": "cat",
                    "id": 1
                },
                "id": 35,
                "ownerId": 43,
                "visits": [
                    
                ]
            }
        ]
    },
    {
        "firstName": "FNaWaOH",
        "lastName": "LNwUEpc",
        "address": "Address: 5lIT6",
        "city": "City: eCxc8",
        "telephone": "49832368",
        "id": 44,
        "pets": [
            {
                "name": "UhdbF",
                "birthDate": "2022-09-09",
                "type": {
                    "name": "cat",
                    "id": 1
                },
                "id": 36,
                "ownerId": 44,
                "visits": [
                    
                ]
            }
        ]
    },
    {
        "firstName": "FNAduuC",
        "lastName": "LNdupfp",
        "address": "Address: wt9dK",
        "city": "City: 3ujp0",
        "telephone": "60790746",
        "id": 45,
        "pets": [
            {
                "name": "Leo",
                "birthDate": "2024-01-20",
                "type": {
                    "name": "cat",
                    "id": 1
                },
                "id": 37,
                "ownerId": 45,
                "visits": [
                    
                ]
            }
        ]
    },
    {
        "firstName": "FNltaoN",
        "lastName": "LNpyCrK",
        "address": "Address: mJjGG",
        "city": "City: pvByq",
        "telephone": "12868843",
        "id": 46,
        "pets": [
            {
                "name": "TKceJ",
                "birthDate": "2022-09-09",
                "type": {
                    "name": "cat",
                    "id": 1
                },
                "id": 42,
                "ownerId": 46,
                "visits": [
                    
                ]
            }
        ]
    },
    {
        "firstName": "FNzgbek",
        "lastName": "LNkosQH",
        "address": "Address: 6Vlc8",
        "city": "City: WZyU0",
        "telephone": "55053313",
        "id": 47,
        "pets": [
            {
                "name": "A",
                "birthDate": "2022-09-09",
                "type": {
                    "name": "cat",
                    "id": 1
                },
                "id": 43,
                "ownerId": 47,
                "visits": [
                    
                ]
            }
        ]
    },
    {
        "firstName": "FNqbAPd",
        "lastName": "LNxKDSj",
        "address": "Address: Cg47c",
        "city": "City: a1UHb",
        "telephone": "22811952",
        "id": 48,
        "pets": [
            {
                "name": "John",
                "birthDate": "2022-09-09",
                "type": {
                    "name": "cat",
                    "id": 1
                },
                "id": 44,
                "ownerId": 48,
                "visits": [
                    
                ]
            }
        ]
    },
    {
        "firstName": "FNWulKh",
        "lastName": "LNFXytC",
        "address": "Address: lY8jD",
        "city": "City: C5PQS",
        "telephone": "26511185",
        "id": 49,
        "pets": [
            {
                "name": "ThirtyCharsTestNametesttestte",
                "birthDate": "2022-09-09",
                "type": {
                    "name": "cat",
                    "id": 1
                },
                "id": 45,
                "ownerId": 49,
                "visits": [
                    
                ]
            }
        ]
    },
    {
        "firstName": "FNJJKZt",
        "lastName": "LNlYuMz",
        "address": "Address: ETroF",
        "city": "City: Re8zP",
        "telephone": "55605082",
        "id": 50,
        "pets": [
            {
                "name": "test_*()&^%$#@!?/",
                "birthDate": "2022-09-09",
                "type": {
                    "name": "cat",
                    "id": 1
                },
                "id": 46,
                "ownerId": 50,
                "visits": [
                    
                ]
            }
        ]
    },
    {
        "firstName": "FNQJWMP",
        "lastName": "LNRUuEN",
        "address": "Address: 9dJIx",
        "city": "City: YLwu5",
        "telephone": "62137886",
        "id": 51,
        "pets": [
            {
                "name": "ckhUk",
                "birthDate": "2022-09-09",
                "type": {
                    "name": "cat",
                    "id": 1
                },
                "id": 47,
                "ownerId": 51,
                "visits": [
                    
                ]
            }
        ]
    },
    {
        "firstName": "FNUpJLg",
        "lastName": "LNlqMWS",
        "address": "Address: krdGh",
        "city": "City: I2tXQ",
        "telephone": "76572500",
        "id": 52,
        "pets": [
            {
                "name": "A",
                "birthDate": "2022-09-09",
                "type": {
                    "name": "cat",
                    "id": 1
                },
                "id": 48,
                "ownerId": 52,
                "visits": [
                    
                ]
            }
        ]
    },
    {
        "firstName": "FNRvaYv",
        "lastName": "LNOmhHt",
        "address": "Address: nPaWt",
        "city": "City: gXvlG",
        "telephone": "18664848",
        "id": 53,
        "pets": [
            {
                "name": "John",
                "birthDate": "2022-09-09",
                "type": {
                    "name": "cat",
                    "id": 1
                },
                "id": 49,
                "ownerId": 53,
                "visits": [
                    
                ]
            }
        ]
    },
    {
        "firstName": "FNttztn",
        "lastName": "LNBIusD",
        "address": "Address: POiSo",
        "city": "City: JHPOY",
        "telephone": "38295942",
        "id": 54,
        "pets": [
            {
                "name": "ThirtyCharsTestNametesttestte",
                "birthDate": "2022-09-09",
                "type": {
                    "name": "cat",
                    "id": 1
                },
                "id": 50,
                "ownerId": 54,
                "visits": [
                    
                ]
            }
        ]
    },
    {
        "firstName": "FNvhGFI",
        "lastName": "LNbQUqt",
        "address": "Address: x7sHu",
        "city": "City: EnxWp",
        "telephone": "17012054",
        "id": 55,
        "pets": [
            {
                "name": "test_*()&^%$#@!?/",
                "birthDate": "2022-09-09",
                "type": {
                    "name": "cat",
                    "id": 1
                },
                "id": 51,
                "ownerId": 55,
                "visits": [
                    
                ]
            }
        ]
    },
    {
        "firstName": "FNycmss",
        "lastName": "LNPthvV",
        "address": "Address: v0Dvo",
        "city": "City: yN34e",
        "telephone": "05574430",
        "id": 56,
        "pets": [
            {
                "name": "SxrCq",
                "birthDate": "2022-09-09",
                "type": {
                    "name": "cat",
                    "id": 1
                },
                "id": 52,
                "ownerId": 56,
                "visits": [
                    
                ]
            }
        ]
    },
    {
        "firstName": "FNBZsUN",
        "lastName": "LNBIxNH",
        "address": "Address: ECunv",
        "city": "City: VVuMj",
        "telephone": "78914774",
        "id": 57,
        "pets": [
            {
                "name": "A",
                "birthDate": "2022-09-09",
                "type": {
                    "name": "cat",
                    "id": 1
                },
                "id": 53,
                "ownerId": 57,
                "visits": [
                    
                ]
            }
        ]
    },
    {
        "firstName": "FNKKQEp",
        "lastName": "LNuhVXz",
        "address": "Address: mQpFV",
        "city": "City: zHPEF",
        "telephone": "87484307",
        "id": 58,
        "pets": [
            {
                "name": "John",
                "birthDate": "2022-09-09",
                "type": {
                    "name": "cat",
                    "id": 1
                },
                "id": 54,
                "ownerId": 58,
                "visits": [
                    
                ]
            }
        ]
    },
    {
        "firstName": "FNfJAXJ",
        "lastName": "LNbNVQH",
        "address": "Address: rLIwK",
        "city": "City: KPdzI",
        "telephone": "28726249",
        "id": 59,
        "pets": [
            {
                "name": "ThirtyCharsTestNametesttestte",
                "birthDate": "2022-09-09",
                "type": {
                    "name": "cat",
                    "id": 1
                },
                "id": 55,
                "ownerId": 59,
                "visits": [
                    
                ]
            }
        ]
    },
    {
        "firstName": "FNMGbPG",
        "lastName": "LNsgBXT",
        "address": "Address: UdmTs",
        "city": "City: wIQyY",
        "telephone": "26189408",
        "id": 60,
        "pets": [
            {
                "name": "test_*()&^%$#@!?/",
                "birthDate": "2022-09-09",
                "type": {
                    "name": "cat",
                    "id": 1
                },
                "id": 56,
                "ownerId": 60,
                "visits": [
                    
                ]
            }
        ]
    },
    {
        "firstName": "FNlGiBk",
        "lastName": "LNzyhQU",
        "address": "Address: E093I",
        "city": "City: lwtlc",
        "telephone": "61678258",
        "id": 61,
        "pets": [
            {
                "name": "sRaoC",
                "birthDate": "2022-09-09",
                "type": {
                    "name": "cat",
                    "id": 1
                },
                "id": 57,
                "ownerId": 61,
                "visits": [
                    
                ]
            }
        ]
    },
    {
        "firstName": "FNAwgsI",
        "lastName": "LNcTJLn",
        "address": "Address: tWeCc",
        "city": "City: Okmv6",
        "telephone": "89930487",
        "id": 62,
        "pets": [
            {
                "name": "iWNUX",
                "birthDate": "2022-09-09",
                "type": {
                    "name": "cat",
                    "id": 1
                },
                "id": 58,
                "ownerId": 62,
                "visits": [
                    
                ]
            }
        ]
    },
    {
        "firstName": "FNYpikI",
        "lastName": "LNpUbrB",
        "address": "Address: QjnPi",
        "city": "City: eboTd",
        "telephone": "28027358",
        "id": 63,
        "pets": [
            {
                "name": "zOCRL",
                "birthDate": "2022-09-09",
                "type": {
                    "name": "cat",
                    "id": 1
                },
                "id": 59,
                "ownerId": 63,
                "visits": [
                    
                ]
            }
        ]
    },
    {
        "firstName": "FNGHZCj",
        "lastName": "LNKpjwV",
        "address": "Address: ASvJy",
        "city": "City: tdoYZ",
        "telephone": "70883145",
        "id": 64,
        "pets": [
            {
                "name": "Ofcyx",
                "birthDate": "2022-09-09",
                "type": {
                    "name": "cat",
                    "id": 1
                },
                "id": 60,
                "ownerId": 64,
                "visits": [
                    
                ]
            }
        ]
    },
    {
        "firstName": "FNVfRFV",
        "lastName": "LNLxCMs",
        "address": "Address: QYWoR",
        "city": "City: 57Wun",
        "telephone": "75883037",
        "id": 65,
        "pets": [
            {
                "name": "vBwvQ",
                "birthDate": "2022-09-09",
                "type": {
                    "name": "cat",
                    "id": 1
                },
                "id": 61,
                "ownerId": 65,
                "visits": [
                    
                ]
            }
        ]
    },
    {
        "firstName": "FNuKSOU",
        "lastName": "LNfmQJY",
        "address": "Address: AxsWM",
        "city": "City: l8U3k",
        "telephone": "87253881",
        "id": 66,
        "pets": [
            {
                "name": "mWvCw",
                "birthDate": "2022-09-09",
                "type": {
                    "name": "cat",
                    "id": 1
                },
                "id": 66,
                "ownerId": 66,
                "visits": [
                    
                ]
            }
        ]
    },
    {
        "firstName": "FNquiVg",
        "lastName": "LNhhnCw",
        "address": "Address: PugLO",
        "city": "City: Hatny",
        "telephone": "88168206",
        "id": 67,
        "pets": [
            {
                "name": "tmXXi",
                "birthDate": "2022-09-09",
                "type": {
                    "name": "cat",
                    "id": 1
                },
                "id": 67,
                "ownerId": 67,
                "visits": [
                    
                ]
            }
        ]
    },
    {
        "firstName": "FNMRhMu",
        "lastName": "LNKvorN",
        "address": "Address: Ui5Ck",
        "city": "City: aJAQ0",
        "telephone": "08002350",
        "id": 68,
        "pets": [
            {
                "name": "jZEtE",
                "birthDate": "2022-09-09",
                "type": {
                    "name": "cat",
                    "id": 1
                },
                "id": 68,
                "ownerId": 68,
                "visits": [
                    
                ]
            }
        ]
    },
    {
        "firstName": "FNFOpUp",
        "lastName": "LNXHTWG",
        "address": "Address: gZIIL",
        "city": "City: 50nYx",
        "telephone": "62999564",
        "id": 69,
        "pets": [
            
        ]
    },
    {
        "firstName": "FNBAYun",
        "lastName": "LNTgqDk",
        "address": "Address: 3Ll7o",
        "city": "City: yMrcM",
        "telephone": "61021079",
        "id": 70,
        "pets": [
            {
                "name": "SkHnO",
                "birthDate": "2022-09-09",
                "type": {
                    "name": "cat",
                    "id": 1
                },
                "id": 73,
                "ownerId": 70,
                "visits": [
                    
                ]
            }
        ]
    },
    {
        "firstName": "FNOOUCl",
        "lastName": "LNbxWxK",
        "address": "Address: LZyCW",
        "city": "City: MZ8ap",
        "telephone": "03079794",
        "id": 71,
        "pets": [
            {
                "name": "QZjar",
                "birthDate": "2022-09-09",
                "type": {
                    "name": "cat",
                    "id": 1
                },
                "id": 74,
                "ownerId": 71,
                "visits": [
                    
                ]
            }
        ]
    },
    {
        "firstName": "FNGxdDS",
        "lastName": "LNDaPdB",
        "address": "Address: 8XcRN",
        "city": "City: YtlXO",
        "telephone": "39879673",
        "id": 72,
        "pets": [
            {
                "name": "KkbKh",
                "birthDate": "2022-09-09",
                "type": {
                    "name": "cat",
                    "id": 1
                },
                "id": 75,
                "ownerId": 72,
                "visits": [
                    
                ]
            }
        ]
    },
    {
        "firstName": "FNVufZq",
        "lastName": "LNEsDtk",
        "address": "Address: 8fOCo",
        "city": "City: uUZXy",
        "telephone": "42123542",
        "id": 73,
        "pets": [
            {
                "name": "FiDaf",
                "birthDate": "2022-09-09",
                "type": {
                    "name": "cat",
                    "id": 1
                },
                "id": 76,
                "ownerId": 73,
                "visits": [
                    
                ]
            }
        ]
    },
    {
        "firstName": "FNPtMSb",
        "lastName": "LNQvgsf",
        "address": "Address: 46uar",
        "city": "City: 1ts8S",
        "telephone": "15955454",
        "id": 74,
        "pets": [
            {
                "name": "EVyHE",
                "birthDate": "2022-09-09",
                "type": {
                    "name": "cat",
                    "id": 1
                },
                "id": 77,
                "ownerId": 74,
                "visits": [
                    
                ]
            }
        ]
    },
    {
        "firstName": "FNihCcB",
        "lastName": "LNivKlo",
        "address": "Address: ChMX0",
        "city": "City: v1FkC",
        "telephone": "71099135",
        "id": 75,
        "pets": [
            {
                "name": "gHMiw",
                "birthDate": "2022-09-09",
                "type": {
                    "name": "cat",
                    "id": 1
                },
                "id": 78,
                "ownerId": 75,
                "visits": [
                    
                ]
            }
        ]
    },
    {
        "firstName": "FNIKWlh",
        "lastName": "LNbiDun",
        "address": "Address: UpffK",
        "city": "City: tuyi2",
        "telephone": "50710045",
        "id": 76,
        "pets": [
            {
                "name": "A",
                "birthDate": "2022-09-09",
                "type": {
                    "name": "cat",
                    "id": 1
                },
                "id": 79,
                "ownerId": 76,
                "visits": [
                    
                ]
            }
        ]
    },
    {
        "firstName": "FNxsBPX",
        "lastName": "LNqToVp",
        "address": "Address: uC3Cp",
        "city": "City: nIMwd",
        "telephone": "18400557",
        "id": 77,
        "pets": [
            {
                "name": "John",
                "birthDate": "2022-09-09",
                "type": {
                    "name": "cat",
                    "id": 1
                },
                "id": 80,
                "ownerId": 77,
                "visits": [
                    
                ]
            }
        ]
    },
    {
        "firstName": "FNPRBEM",
        "lastName": "LNtJIsL",
        "address": "Address: SrS8n",
        "city": "City: oxcY1",
        "telephone": "58741105",
        "id": 78,
        "pets": [
            {
                "name": "ThirtyCharsTestNametesttestte",
                "birthDate": "2022-09-09",
                "type": {
                    "name": "cat",
                    "id": 1
                },
                "id": 81,
                "ownerId": 78,
                "visits": [
                    
                ]
            }
        ]
    },
    {
        "firstName": "FNItCgZ",
        "lastName": "LNeyZNs",
        "address": "Address: P0Qpa",
        "city": "City: MfWT2",
        "telephone": "25407600",
        "id": 79,
        "pets": [
            {
                "name": "test_*()&^%$#@!?/",
                "birthDate": "2022-09-09",
                "type": {
                    "name": "cat",
                    "id": 1
                },
                "id": 82,
                "ownerId": 79,
                "visits": [
                    
                ]
            }
        ]
    },
    {
        "firstName": "FNBQawy",
        "lastName": "LNZFRtz",
        "address": "Address: IYXMO",
        "city": "City: R4RvB",
        "telephone": "20118398",
        "id": 80,
        "pets": [
            {
                "name": "sDRnc",
                "birthDate": "2022-09-09",
                "type": {
                    "name": "cat",
                    "id": 1
                },
                "id": 83,
                "ownerId": 80,
                "visits": [
                    
                ]
            }
        ]
    },
    {
        "firstName": "FNvByVt",
        "lastName": "LNPUIGA",
        "address": "Address: JTib6",
        "city": "City: Qbxgm",
        "telephone": "18998636",
        "id": 81,
        "pets": [
            {
                "name": "nobYv",
                "birthDate": "2022-09-09",
                "type": {
                    "name": "cat",
                    "id": 1
                },
                "id": 84,
                "ownerId": 81,
                "visits": [
                    
                ]
            }
        ]
    },
    {
        "firstName": "FNjvYHt",
        "lastName": "LNrFYyZ",
        "address": "Address: 9UlBo",
        "city": "City: 7KlYW",
        "telephone": "09663944",
        "id": 82,
        "pets": [
            {
                "name": "WWgzh",
                "birthDate": "2022-09-09",
                "type": {
                    "name": "cat",
                    "id": 1
                },
                "id": 85,
                "ownerId": 82,
                "visits": [
                    
                ]
            }
        ]
    },
    {
        "firstName": "FNQwdNG",
        "lastName": "LNjueih",
        "address": "Address: Psx3q",
        "city": "City: lUor2",
        "telephone": "74689276",
        "id": 84,
        "pets": [
            
        ]
    },
    {
        "firstName": "A",
        "lastName": "LNBtxnF",
        "address": "Address: 9rMM8",
        "city": "City: T7Jdn",
        "telephone": "94208397",
        "id": 85,
        "pets": [
            
        ]
    },
    {
        "firstName": "John",
        "lastName": "LNwtKxm",
        "address": "Address: duhZZ",
        "city": "City: xgdmk",
        "telephone": "26210415",
        "id": 86,
        "pets": [
            
        ]
    },
    {
        "firstName": "ThirtyCharsTestNametesttestte",
        "lastName": "LNeYYFC",
        "address": "Address: iWOwp",
        "city": "City: lfZZ5",
        "telephone": "42536706",
        "id": 87,
        "pets": [
            
        ]
    },
    {
        "firstName": "FNxRJky",
        "lastName": "B",
        "address": "Address: 3LiNO",
        "city": "City: 4XvrW",
        "telephone": "10014086",
        "id": 88,
        "pets": [
            
        ]
    },
    {
        "firstName": "FNLJAco",
        "lastName": "Dou",
        "address": "Address: 6T5hE",
        "city": "City: MClKC",
        "telephone": "06428715",
        "id": 89,
        "pets": [
            
        ]
    },
    {
        "firstName": "FNEbTnZ",
        "lastName": "ThirtyCharsTestNametesttestte",
        "address": "Address: lO0pJ",
        "city": "City: uqB39",
        "telephone": "93370150",
        "id": 90,
        "pets": [
            
        ]
    },
    {
        "firstName": "FNLGwHZ",
        "lastName": "LNMKghz",
        "address": "A",
        "city": "City: h35SV",
        "telephone": "85146959",
        "id": 91,
        "pets": [
            
        ]
    },
    {
        "firstName": "FNwbliu",
        "lastName": "LNCTUsn",
        "address": "101 B. Down St, 1/2 &*%$#@",
        "city": "City: 8Bwxx",
        "telephone": "31225798",
        "id": 92,
        "pets": [
            
        ]
    },
    {
        "firstName": "FNXmEcX",
        "lastName": "LNgyuQR",
        "address": "twoHundredFiftyFifeCharsAddresstwoHundredFiftyFifeCharsAddresstwoHundredFiftyFifeCharsAddresstwoHundredFiftyFifeCharsAddresstwoHundredFiftyFifeCharsAddresstwoHundredFiftyFifeCharsAddresstwoHundredFiftyFifeCharsAddresstwoHundredFiftyFifeCharsAddresstwoHun",
        "city": "City: YdsEl",
        "telephone": "07271599",
        "id": 93,
        "pets": [
            
        ]
    },
    {
        "firstName": "FNBjyFe",
        "lastName": "LNwIaGE",
        "address": "Address: Pd1qX",
        "city": "A",
        "telephone": "97241130",
        "id": 94,
        "pets": [
            
        ]
    },
    {
        "firstName": "FNyIjms",
        "lastName": "LNubOwi",
        "address": "Address: dIxSn",
        "city": "Milton-Freewater (Oregon)",
        "telephone": "68984013",
        "id": 95,
        "pets": [
            
        ]
    },
    {
        "firstName": "FNMlhvT",
        "lastName": "LNlJMYI",
        "address": "Address: lAlQa",
        "city": "test 123 / &*%$#@",
        "telephone": "01049697",
        "id": 96,
        "pets": [
            
        ]
    },
    {
        "firstName": "FNtTOEH",
        "lastName": "LNBPGDK",
        "address": "Address: CwATC",
        "city": "EightyCharsTestCityEightyCharsTestCityEightyCharsTestCityEightyCharsTestCityyyy",
        "telephone": "94019958",
        "id": 97,
        "pets": [
            
        ]
    },
    {
        "firstName": "FNbwmLO",
        "lastName": "LNxpOGJ",
        "address": "Address: ISlY6",
        "city": "City: bEjDW",
        "telephone": "0",
        "id": 98,
        "pets": [
            
        ]
    },
    {
        "firstName": "FNwJXlh",
        "lastName": "LNxOdvi",
        "address": "Address: 3xi0P",
        "city": "City: AI8Cs",
        "telephone": "31507134",
        "id": 100,
        "pets": [
            
        ]
    },
    {
        "firstName": "FNLeJYa",
        "lastName": "LNoFrxu",
        "address": "Address: GsZE4",
        "city": "City: QDCWB",
        "telephone": "90012369",
        "id": 101,
        "pets": [
            {
                "name": "EhdKm",
                "birthDate": "2022-09-09",
                "type": {
                    "name": "cat",
                    "id": 1
                },
                "id": 87,
                "ownerId": 101,
                "visits": [
                    
                ]
            }
        ]
    },
    {
        "firstName": "FNWzeeo",
        "lastName": "LNrrNUi",
        "address": "Address: QkiZG",
        "city": "City: K5gfw",
        "telephone": "59482163",
        "id": 102,
        "pets": [
            
        ]
    },
    {
        "firstName": "FNQBvTP",
        "lastName": "Smith",
        "address": "Address: iuExZ",
        "city": "City: 6FpMs",
        "telephone": "15766142",
        "id": 103,
        "pets": [
            
        ]
    },
    {
        "firstName": "FNVSdqd",
        "lastName": "Smith",
        "address": "Address: 0o8VV",
        "city": "City: ox3sw",
        "telephone": "55252918",
        "id": 104,
        "pets": [
            
        ]
    },
    {
        "firstName": "A",
        "lastName": "LNsreoB",
        "address": "Address: zWFV1",
        "city": "City: epHtz",
        "telephone": "39725757",
        "id": 105,
        "pets": [
            
        ]
    },
    {
        "firstName": "John",
        "lastName": "LNBDPhi",
        "address": "Address: Ns8bX",
        "city": "City: yn3Sh",
        "telephone": "45336389",
        "id": 106,
        "pets": [
            
        ]
    },
    {
        "firstName": "ThirtyCharsTestNametesttestte",
        "lastName": "LNQFEMD",
        "address": "Address: tJgGe",
        "city": "City: 1hQUQ",
        "telephone": "60098415",
        "id": 107,
        "pets": [
            
        ]
    },
    {
        "firstName": "FNHjBjN",
        "lastName": "LNVWUBG",
        "address": "Address: JYxjZ",
        "city": "City: 80ptW",
        "telephone": "88905659",
        "id": 108,
        "pets": [
            
        ]
    },
    {
        "firstName": "FNGwGhS",
        "lastName": "LNtEGWX",
        "address": "Address: cU5Il",
        "city": "City: jWjHB",
        "telephone": "03858244",
        "id": 109,
        "pets": [
            
        ]
    },
    {
        "firstName": "FNEEbok",
        "lastName": "LNFWLGp",
        "address": "Address: QsELR",
        "city": "City: eyy6m",
        "telephone": "33280737",
        "id": 110,
        "pets": [
            
        ]
    },
    {
        "firstName": "FNEYTDg",
        "lastName": "LNFxpHb",
        "address": "Address: utl4N",
        "city": "City: 6Ofnj",
        "telephone": "73082224",
        "id": 111,
        "pets": [
            
        ]
    },
    {
        "firstName": "FNiVCub",
        "lastName": "B",
        "address": "Address: G2Ygx",
        "city": "City: fmAbY",
        "telephone": "55608953",
        "id": 112,
        "pets": [
            
        ]
    },
    {
        "firstName": "FNoWRDh",
        "lastName": "Dou",
        "address": "Address: VH6DM",
        "city": "City: LKnBj",
        "telephone": "45811468",
        "id": 113,
        "pets": [
            
        ]
    },
    {
        "firstName": "FNlOOMo",
        "lastName": "ThirtyCharsTestNametesttestte",
        "address": "Address: ONr0Y",
        "city": "City: stHhO",
        "telephone": "11526262",
        "id": 114,
        "pets": [
            
        ]
    },
    {
        "firstName": "FNlvuLy",
        "lastName": "LNUqVLQ",
        "address": "Address: Awnrm",
        "city": "City: KUSrE",
        "telephone": "11014557",
        "id": 115,
        "pets": [
            
        ]
    },
    {
        "firstName": "FNmukMN",
        "lastName": "LNYmosv",
        "address": "Address: z20CM",
        "city": "City: Fueny",
        "telephone": "08217741",
        "id": 116,
        "pets": [
            
        ]
    },
    {
        "firstName": "FNyeDBk",
        "lastName": "LNkfkWP",
        "address": "Address: NNa0x",
        "city": "City: MCo6s",
        "telephone": "04923483",
        "id": 117,
        "pets": [
            
        ]
    },
    {
        "firstName": "FNijNzH",
        "lastName": "LNTmGyp",
        "address": "Address: dkAP9",
        "city": "City: BRkwv",
        "telephone": "39859285",
        "id": 118,
        "pets": [
            
        ]
    },
    {
        "firstName": "FNsICWS",
        "lastName": "LNdvDhl",
        "address": "A",
        "city": "City: OKeC8",
        "telephone": "61337422",
        "id": 119,
        "pets": [
            
        ]
    },
    {
        "firstName": "FNUUJoH",
        "lastName": "LNwNxKJ",
        "address": "101 B. Down St, 1/2 &*%$#@",
        "city": "City: FBwct",
        "telephone": "11837875",
        "id": 120,
        "pets": [
            
        ]
    },
    {
        "firstName": "FNYvYQJ",
        "lastName": "LNkUfYu",
        "address": "twoHundredFiftyFifeCharsAddresstwoHundredFiftyFifeCharsAddresstwoHundredFiftyFifeCharsAddresstwoHundredFiftyFifeCharsAddresstwoHundredFiftyFifeCharsAddresstwoHundredFiftyFifeCharsAddresstwoHundredFiftyFifeCharsAddresstwoHundredFiftyFifeCharsAddresstwoHun",
        "city": "City: dOPH4",
        "telephone": "69798857",
        "id": 121,
        "pets": [
            
        ]
    },
    {
        "firstName": "FNBvwgU",
        "lastName": "LNfoRik",
        "address": "Address: hdSxk",
        "city": "City: azGpe",
        "telephone": "81625495",
        "id": 122,
        "pets": [
            
        ]
    },
    {
        "firstName": "FNeFCzm",
        "lastName": "LNVlfyN",
        "address": "Address: Jpg2M",
        "city": "City: qeITp",
        "telephone": "15782712",
        "id": 123,
        "pets": [
            
        ]
    },
    {
        "firstName": "FNjJJRd",
        "lastName": "LNatURq",
        "address": "Address: lmDur",
        "city": "City: ztBr3",
        "telephone": "05511184",
        "id": 124,
        "pets": [
            
        ]
    },
    {
        "firstName": "FNHzemi",
        "lastName": "LNwrFdO",
        "address": "Address: b51Hi",
        "city": "A",
        "telephone": "99990488",
        "id": 125,
        "pets": [
            
        ]
    },
    {
        "firstName": "FNjmdXM",
        "lastName": "LNFbdYT",
        "address": "Address: yhm5p",
        "city": "Milton-Freewater (Oregon)",
        "telephone": "81146317",
        "id": 126,
        "pets": [
            
        ]
    },
    {
        "firstName": "FNKOfdT",
        "lastName": "LNNsEkR",
        "address": "Address: uAcuQ",
        "city": "test 123 / &*%$#@",
        "telephone": "36756606",
        "id": 127,
        "pets": [
            
        ]
    },
    {
        "firstName": "FNwjsMW",
        "lastName": "LNdMJQS",
        "address": "Address: 2LhGC",
        "city": "EightyCharsTestCityEightyCharsTestCityEightyCharsTestCityEightyCharsTestCityyyy",
        "telephone": "12151950",
        "id": 128,
        "pets": [
            
        ]
    },
    {
        "firstName": "FNgFDlU",
        "lastName": "LNKeoTp",
        "address": "Address: 0kLU6",
        "city": "City: F0S2e",
        "telephone": "21987098",
        "id": 129,
        "pets": [
            
        ]
    },
    {
        "firstName": "FNLjVJE",
        "lastName": "LNYSEmx",
        "address": "Address: fnWHH",
        "city": "City: o1cik",
        "telephone": "32964923",
        "id": 130,
        "pets": [
            
        ]
    },
    {
        "firstName": "FNbzPPv",
        "lastName": "LNYLOtx",
        "address": "Address: 2LPfW",
        "city": "City: C9UgJ",
        "telephone": "93456124",
        "id": 131,
        "pets": [
            
        ]
    },
    {
        "firstName": "FNiqDzY",
        "lastName": "LNddQcn",
        "address": "Address: is8fb",
        "city": "City: baWIr",
        "telephone": "0",
        "id": 132,
        "pets": [
            
        ]
    },
    {
        "firstName": "FNfyBDF",
        "lastName": "LNVkKLx",
        "address": "Address: d2Eyv",
        "city": "City: QuANj",
        "telephone": "97219319",
        "id": 133,
        "pets": [
            
        ]
    },
    {
        "firstName": "FNrcYHu",
        "lastName": "LNzdySW",
        "address": "Address: EhFNq",
        "city": "City: QHwIl",
        "telephone": "76590813",
        "id": 134,
        "pets": [
            
        ]
    },
    {
        "firstName": "FNgweJK",
        "lastName": "LNTYmfT",
        "address": "Address: AreiE",
        "city": "City: rAIdw",
        "telephone": "51938006",
        "id": 135,
        "pets": [
            
        ]
    },
    {
        "firstName": "FNJQEXj",
        "lastName": "LNIFAIL",
        "address": "Address: Gf3ZZ",
        "city": "City: xgvQt",
        "telephone": "91898416",
        "id": 136,
        "pets": [
            
        ]
    },
    {
        "firstName": "FNDJsen",
        "lastName": "LNNnxMZ",
        "address": "Address: lO3YN",
        "city": "City: GiMXL",
        "telephone": "33736716",
        "id": 137,
        "pets": [
            
        ]
    },
    {
        "firstName": "FNPszGC",
        "lastName": "LNfkKeU",
        "address": "Address: yiQCv",
        "city": "City: Z84nk",
        "telephone": "00420107",
        "id": 138,
        "pets": [
            
        ]
    },
    {
        "firstName": "FNNCyNu",
        "lastName": "LNdLLuV",
        "address": "Address: kq53A",
        "city": "City: lafuJ",
        "telephone": "75008203",
        "id": 139,
        "pets": [
            
        ]
    },
    {
        "firstName": "FNycZhV",
        "lastName": "LNRODaN",
        "address": "Address: TlrF1",
        "city": "City: JGN76",
        "telephone": "19709034",
        "id": 140,
        "pets": [
            {
                "name": "A",
                "birthDate": "2022-09-09",
                "type": {
                    "name": "cat",
                    "id": 1
                },
                "id": 92,
                "ownerId": 140,
                "visits": [
                    
                ]
            }
        ]
    },
    {
        "firstName": "FNYWIDK",
        "lastName": "LNTLOKC",
        "address": "Address: r95gz",
        "city": "City: 50Ocx",
        "telephone": "01609436",
        "id": 141,
        "pets": [
            {
                "name": "Bin",
                "birthDate": "2022-09-09",
                "type": {
                    "name": "cat",
                    "id": 1
                },
                "id": 93,
                "ownerId": 141,
                "visits": [
                    
                ]
            }
        ]
    },
    {
        "firstName": "FNSobfh",
        "lastName": "LNIBprF",
        "address": "Address: HRSCy",
        "city": "City: cYFL9",
        "telephone": "47763532",
        "id": 142,
        "pets": [
            {
                "name": "ThirtyCharsTestNametesttestte",
                "birthDate": "2022-09-09",
                "type": {
                    "name": "cat",
                    "id": 1
                },
                "id": 94,
                "ownerId": 142,
                "visits": [
                    
                ]
            }
        ]
    },
    {
        "firstName": "FNGSvMq",
        "lastName": "LNBPttw",
        "address": "Address: RNWjI",
        "city": "City: 2QElR",
        "telephone": "11878371",
        "id": 143,
        "pets": [
            {
                "name": "test_*()&^%$#@!?/",
                "birthDate": "2022-09-09",
                "type": {
                    "name": "cat",
                    "id": 1
                },
                "id": 95,
                "ownerId": 143,
                "visits": [
                    
                ]
            }
        ]
    },
    {
        "firstName": "FNHAItc",
        "lastName": "LNhDDhc",
        "address": "Address: M5Pqk",
        "city": "City: JqzxN",
        "telephone": "83161301",
        "id": 144,
        "pets": [
            {
                "name": "qVkcO",
                "birthDate": "2022-09-09",
                "type": {
                    "name": "cat",
                    "id": 1
                },
                "id": 96,
                "ownerId": 144,
                "visits": [
                    
                ]
            }
        ]
    },
    {
        "firstName": "FNeCswH",
        "lastName": "LNcJeEQ",
        "address": "Address: KaxPi",
        "city": "City: k1PHT",
        "telephone": "14439999",
        "id": 145,
        "pets": [
            
        ]
    },
    {
        "firstName": "FNUNuYU",
        "lastName": "LNqJZnV",
        "address": "Address: 2ciuy",
        "city": "City: 7aqmR",
        "telephone": "60255741",
        "id": 146,
        "pets": [
            
        ]
    },
    {
        "firstName": "FNGqPIO",
        "lastName": "LNzqzJJ",
        "address": "Address: XvGw2",
        "city": "City: 3ecBx",
        "telephone": "95198733",
        "id": 147,
        "pets": [
            
        ]
    },
    {
        "firstName": "FNQymlb",
        "lastName": "LNwiddD",
        "address": "Address: fbEh8",
        "city": "City: Pa0lv",
        "telephone": "87941822",
        "id": 148,
        "pets": [
            
        ]
    },
    {
        "firstName": "FNeAHiF",
        "lastName": "LNfJhrN",
        "address": "Address: 7hWIQ",
        "city": "City: 30Xwe",
        "telephone": "02538614",
        "id": 149,
        "pets": [
            {
                "name": "vlZps",
                "birthDate": "2022-09-09",
                "type": {
                    "name": "cat",
                    "id": 1
                },
                "id": 98,
                "ownerId": 149,
                "visits": [
                    
                ]
            }
        ]
    },
    {
        "firstName": "FNPhxYc",
        "lastName": "LNWglJf",
        "address": "Address: zG49h",
        "city": "City: bDxST",
        "telephone": "33985283",
        "id": 150,
        "pets": [
            {
                "name": "nTPwz",
                "birthDate": "2022-09-09",
                "type": {
                    "name": "cat",
                    "id": 1
                },
                "id": 99,
                "ownerId": 150,
                "visits": [
                    
                ]
            }
        ]
    },
    {
        "firstName": "FNgbDSc",
        "lastName": "LNfxEmv",
        "address": "Address: hIeIz",
        "city": "City: vJLAC",
        "telephone": "06519162",
        "id": 151,
        "pets": [
            {
                "name": "pIYUH",
                "birthDate": "2022-09-09",
                "type": {
                    "name": "cat",
                    "id": 1
                },
                "id": 100,
                "ownerId": 151,
                "visits": [
                    
                ]
            }
        ]
    },
    {
        "firstName": "FNJSKED",
        "lastName": "LNHliCC",
        "address": "Address: Blh1E",
        "city": "City: j8hrR",
        "telephone": "83529100",
        "id": 152,
        "pets": [
            {
                "name": "bkNtl",
                "birthDate": "2022-09-09",
                "type": {
                    "name": "cat",
                    "id": 1
                },
                "id": 101,
                "ownerId": 152,
                "visits": [
                    
                ]
            }
        ]
    },
    {
        "firstName": "FNwfGoV",
        "lastName": "LNWCiyI",
        "address": "Address: GVJjp",
        "city": "City: Mn9l9",
        "telephone": "68451884",
        "id": 153,
        "pets": [
            {
                "name": "WJLtd",
                "birthDate": "2022-09-09",
                "type": {
                    "name": "cat",
                    "id": 1
                },
                "id": 102,
                "ownerId": 153,
                "visits": [
                    
                ]
            }
        ]
    },
    {
        "firstName": "FNEuGuU",
        "lastName": "LNJcVST",
        "address": "Address: CWeXh",
        "city": "City: t0Bau",
        "telephone": "16090435",
        "id": 154,
        "pets": [
            {
                "name": "MQUVO",
                "birthDate": "2022-09-09",
                "type": {
                    "name": "cat",
                    "id": 1
                },
                "id": 103,
                "ownerId": 154,
                "visits": [
                    
                ]
            }
        ]
    },
    {
        "firstName": "FNzwdfG",
        "lastName": "LNoVgCw",
        "address": "Address: p7j8c",
        "city": "City: NDQ0d",
        "telephone": "88587748",
        "id": 155,
        "pets": [
            {
                "name": "dCSZL",
                "birthDate": "2022-09-09",
                "type": {
                    "name": "cat",
                    "id": 1
                },
                "id": 104,
                "ownerId": 155,
                "visits": [
                    
                ]
            }
        ]
    },
    {
        "firstName": "FNxGqhD",
        "lastName": "LNqzqTs",
        "address": "Address: g2uCi",
        "city": "City: 5xKgt",
        "telephone": "26561574",
        "id": 156,
        "pets": [
            {
                "name": "A",
                "birthDate": "2022-09-09",
                "type": {
                    "name": "cat",
                    "id": 1
                },
                "id": 105,
                "ownerId": 156,
                "visits": [
                    
                ]
            }
        ]
    },
    {
        "firstName": "FNoUlqj",
        "lastName": "LNfpmCc",
        "address": "Address: mOTGX",
        "city": "City: GCX5E",
        "telephone": "28714176",
        "id": 157,
        "pets": [
            {
                "name": "John",
                "birthDate": "2022-09-09",
                "type": {
                    "name": "cat",
                    "id": 1
                },
                "id": 106,
                "ownerId": 157,
                "visits": [
                    
                ]
            }
        ]
    },
    {
        "firstName": "FNyWDrZ",
        "lastName": "LNIUCFG",
        "address": "Address: H45VE",
        "city": "City: HqW8h",
        "telephone": "94837945",
        "id": 158,
        "pets": [
            {
                "name": "ThirtyCharsTestNametesttestte",
                "birthDate": "2022-09-09",
                "type": {
                    "name": "cat",
                    "id": 1
                },
                "id": 107,
                "ownerId": 158,
                "visits": [
                    
                ]
            }
        ]
    },
    {
        "firstName": "FNXwSIg",
        "lastName": "LNRGibZ",
        "address": "Address: C3Eww",
        "city": "City: ILt1u",
        "telephone": "81762855",
        "id": 159,
        "pets": [
            {
                "name": "test_*()&^%$#@!?/",
                "birthDate": "2022-09-09",
                "type": {
                    "name": "cat",
                    "id": 1
                },
                "id": 108,
                "ownerId": 159,
                "visits": [
                    
                ]
            }
        ]
    },
    {
        "firstName": "FNyTwEr",
        "lastName": "LNXmHDs",
        "address": "Address: tgu1M",
        "city": "City: uSnrY",
        "telephone": "89974278",
        "id": 160,
        "pets": [
            {
                "name": "gcrNb",
                "birthDate": "2022-09-09",
                "type": {
                    "name": "cat",
                    "id": 1
                },
                "id": 109,
                "ownerId": 160,
                "visits": [
                    
                ]
            }
        ]
    },
    {
        "firstName": "FNrnOHy",
        "lastName": "LNzCgTk",
        "address": "Address: Fbu3T",
        "city": "City: KzhqB",
        "telephone": "95938806",
        "id": 161,
        "pets": [
            {
                "name": "YYTsH",
                "birthDate": "2022-09-09",
                "type": {
                    "name": "cat",
                    "id": 1
                },
                "id": 110,
                "ownerId": 161,
                "visits": [
                    
                ]
            }
        ]
    },
    {
        "firstName": "FNrAGtI",
        "lastName": "LNWLtNl",
        "address": "Address: Ix38o",
        "city": "City: VJ6um",
        "telephone": "91572317",
        "id": 162,
        "pets": [
            {
                "name": "zrGqF",
                "birthDate": "2022-09-09",
                "type": {
                    "name": "cat",
                    "id": 1
                },
                "id": 111,
                "ownerId": 162,
                "visits": [
                    
                ]
            }
        ]
    },
    {
        "firstName": "A",
        "lastName": "LNlMAYJ",
        "address": "Address: RBnWZ",
        "city": "City: YnUtx",
        "telephone": "61527343",
        "id": 163,
        "pets": [
            
        ]
    },
    {
        "firstName": "John",
        "lastName": "LNlGVRU",
        "address": "Address: l46qz",
        "city": "City: 5JzVE",
        "telephone": "14953511",
        "id": 164,
        "pets": [
            
        ]
    },
    {
        "firstName": "ThirtyCharsTestNametesttestte",
        "lastName": "LNKLqDD",
        "address": "Address: qNF4Q",
        "city": "City: T8vRP",
        "telephone": "48584860",
        "id": 165,
        "pets": [
            
        ]
    },
    {
        "firstName": "A",
        "lastName": "LNPiWSb",
        "address": "Address: Eqktq",
        "city": "City: Ub3rA",
        "telephone": "19417660",
        "id": 166,
        "pets": [
            
        ]
    },
    {
        "firstName": "John",
        "lastName": "LNgDEPw",
        "address": "Address: cDq7a",
        "city": "City: WwfLz",
        "telephone": "18539095",
        "id": 167,
        "pets": [
            
        ]
    },
    {
        "firstName": "ThirtyCharsTestNametesttestte",
        "lastName": "LNrErlW",
        "address": "Address: ubASW",
        "city": "City: tPOHy",
        "telephone": "72407540",
        "id": 168,
        "pets": [
            
        ]
    },
    {
        "firstName": "A",
        "lastName": "LNQAuAw",
        "address": "Address: Sl58E",
        "city": "City: W5UgG",
        "telephone": "75787678",
        "id": 169,
        "pets": [
            
        ]
    },
    {
        "firstName": "John",
        "lastName": "LNCOXhS",
        "address": "Address: MKmyd",
        "city": "City: 4sLnN",
        "telephone": "28245221",
        "id": 170,
        "pets": [
            
        ]
    },
    {
        "firstName": "ThirtyCharsTestNametesttestte",
        "lastName": "LNTYBkn",
        "address": "Address: 1Wqrz",
        "city": "City: Jdd0S",
        "telephone": "17554544",
        "id": 171,
        "pets": [
            
        ]
    },
    {
        "firstName": "FNOhjSw",
        "lastName": "B",
        "address": "Address: EhBex",
        "city": "City: SFqob",
        "telephone": "15010167",
        "id": 172,
        "pets": [
            
        ]
    },
    {
        "firstName": "FNjeGeR",
        "lastName": "Dou",
        "address": "Address: oYSNj",
        "city": "City: GxSDW",
        "telephone": "30282746",
        "id": 173,
        "pets": [
            
        ]
    },
    {
        "firstName": "FNabfGN",
        "lastName": "ThirtyCharsTestNametesttestte",
        "address": "Address: tFTsI",
        "city": "City: B1V4U",
        "telephone": "39998441",
        "id": 174,
        "pets": [
            
        ]
    },
    {
        "firstName": "FNlZeXT",
        "lastName": "LNJcvIA",
        "address": "A",
        "city": "City: xCE8w",
        "telephone": "42206968",
        "id": 175,
        "pets": [
            
        ]
    },
    {
        "firstName": "FNSSDfv",
        "lastName": "LNFPWPh",
        "address": "101 B. Down St, 1/2 &*%$#@",
        "city": "City: vtrwg",
        "telephone": "30341261",
        "id": 176,
        "pets": [
            
        ]
    },
    {
        "firstName": "FNBqFng",
        "lastName": "LNUVXvv",
        "address": "twoHundredFiftyFifeCharsAddresstwoHundredFiftyFifeCharsAddresstwoHundredFiftyFifeCharsAddresstwoHundredFiftyFifeCharsAddresstwoHundredFiftyFifeCharsAddresstwoHundredFiftyFifeCharsAddresstwoHundredFiftyFifeCharsAddresstwoHundredFiftyFifeCharsAddresstwoHun",
        "city": "City: S6O3P",
        "telephone": "81556030",
        "id": 177,
        "pets": [
            
        ]
    },
    {
        "firstName": "FNxyxgW",
        "lastName": "LNCxvOR",
        "address": "Address: sxb0V",
        "city": "A",
        "telephone": "53612540",
        "id": 178,
        "pets": [
            
        ]
    },
    {
        "firstName": "FNxwOPb",
        "lastName": "LNbRgLg",
        "address": "Address: qShjP",
        "city": "Milton-Freewater (Oregon)",
        "telephone": "24154578",
        "id": 179,
        "pets": [
            
        ]
    },
    {
        "firstName": "FNubadd",
        "lastName": "LNbERRu",
        "address": "Address: b5rNW",
        "city": "test 123 / &*%$#@",
        "telephone": "56068693",
        "id": 180,
        "pets": [
            
        ]
    },
    {
        "firstName": "FNAxNtX",
        "lastName": "LNFDllE",
        "address": "Address: ahGQR",
        "city": "EightyCharsTestCityEightyCharsTestCityEightyCharsTestCityEightyCharsTestCityyyy",
        "telephone": "10386104",
        "id": 181,
        "pets": [
            
        ]
    },
    {
        "firstName": "FNAYTwF",
        "lastName": "LNPSexP",
        "address": "Address: jU6vn",
        "city": "City: 6YvT2",
        "telephone": "0",
        "id": 182,
        "pets": [
            
        ]
    },
    {
        "firstName": "FNvrzhs",
        "lastName": "LNEWTqT",
        "address": "Address: q0ASX",
        "city": "City: AAhvB",
        "telephone": "31296680",
        "id": 184,
        "pets": [
            
        ]
    },
    {
        "firstName": "FNIiFcT",
        "lastName": "LNefmxh",
        "address": "Address: TUImM",
        "city": "City: Tcthr",
        "telephone": "96992621",
        "id": 185,
        "pets": [
            {
                "name": "gPgHH",
                "birthDate": "2022-09-09",
                "type": {
                    "name": "cat",
                    "id": 1
                },
                "id": 112,
                "ownerId": 185,
                "visits": [
                    
                ]
            }
        ]
    },
    {
        "firstName": "FNeyuIj",
        "lastName": "LNKwEBX",
        "address": "Address: moJvf",
        "city": "City: 5y7r3",
        "telephone": "63548614",
        "id": 186,
        "pets": [
            
        ]
    },
    {
        "firstName": "FNAtAxK",
        "lastName": "Smith",
        "address": "Address: Rn7nl",
        "city": "City: AO9gW",
        "telephone": "49642132",
        "id": 187,
        "pets": [
            
        ]
    },
    {
        "firstName": "FNkWrSG",
        "lastName": "Smith",
        "address": "Address: cYga9",
        "city": "City: Q6jbW",
        "telephone": "90055726",
        "id": 188,
        "pets": [
            
        ]
    },
    {
        "firstName": "A",
        "lastName": "LNAMCVw",
        "address": "Address: 4TRX3",
        "city": "City: nzomG",
        "telephone": "27075256",
        "id": 189,
        "pets": [
            
        ]
    },
    {
        "firstName": "John",
        "lastName": "LNfCPes",
        "address": "Address: HWU4f",
        "city": "City: wnCWN",
        "telephone": "93461747",
        "id": 190,
        "pets": [
            
        ]
    },
    {
        "firstName": "ThirtyCharsTestNametesttestte",
        "lastName": "LNQXGku",
        "address": "Address: rSkio",
        "city": "City: A9A3j",
        "telephone": "53562161",
        "id": 191,
        "pets": [
            
        ]
    },
    {
        "firstName": "FNShDmy",
        "lastName": "LNoVRGo",
        "address": "Address: ftocy",
        "city": "City: sWPRP",
        "telephone": "45288516",
        "id": 192,
        "pets": [
            
        ]
    },
    {
        "firstName": "FNegEYU",
        "lastName": "LNtXfnQ",
        "address": "Address: hEI21",
        "city": "City: 1DjTO",
        "telephone": "50642748",
        "id": 193,
        "pets": [
            
        ]
    },
    {
        "firstName": "FNWfXoO",
        "lastName": "LNnqYJh",
        "address": "Address: KGnUY",
        "city": "City: G3JiP",
        "telephone": "50768918",
        "id": 194,
        "pets": [
            
        ]
    },
    {
        "firstName": "FNhuxpV",
        "lastName": "LNnMiqR",
        "address": "Address: wAsae",
        "city": "City: bxPCz",
        "telephone": "53935647",
        "id": 195,
        "pets": [
            
        ]
    },
    {
        "firstName": "FNIMfTG",
        "lastName": "B",
        "address": "Address: XCnMN",
        "city": "City: Y6u3U",
        "telephone": "91449659",
        "id": 196,
        "pets": [
            
        ]
    },
    {
        "firstName": "FNLZnrn",
        "lastName": "Dou",
        "address": "Address: VIeLb",
        "city": "City: HGWlV",
        "telephone": "51887884",
        "id": 197,
        "pets": [
            
        ]
    },
    {
        "firstName": "FNneLaH",
        "lastName": "ThirtyCharsTestNametesttestte",
        "address": "Address: jiEHa",
        "city": "City: 0ENeF",
        "telephone": "30419098",
        "id": 198,
        "pets": [
            
        ]
    },
    {
        "firstName": "FNMdRvI",
        "lastName": "LNRgEtV",
        "address": "Address: 1hPBD",
        "city": "City: xGwFR",
        "telephone": "36825392",
        "id": 199,
        "pets": [
            
        ]
    },
    {
        "firstName": "FNsNUlZ",
        "lastName": "LNWZCJQ",
        "address": "Address: 1aKN6",
        "city": "City: Nx4RX",
        "telephone": "84191673",
        "id": 200,
        "pets": [
            
        ]
    },
    {
        "firstName": "FNybzSr",
        "lastName": "LNTjbEX",
        "address": "Address: KYSFI",
        "city": "City: GJY9V",
        "telephone": "91818979",
        "id": 201,
        "pets": [
            
        ]
    },
    {
        "firstName": "FNdbyIu",
        "lastName": "LNXHRBY",
        "address": "Address: tqRul",
        "city": "City: mS2wP",
        "telephone": "50210704",
        "id": 202,
        "pets": [
            
        ]
    },
    {
        "firstName": "FNwRImS",
        "lastName": "LNLiAdr",
        "address": "A",
        "city": "City: IUXTO",
        "telephone": "17431115",
        "id": 203,
        "pets": [
            
        ]
    },
    {
        "firstName": "FNzdDBi",
        "lastName": "LNbFRSy",
        "address": "101 B. Down St, 1/2 &*%$#@",
        "city": "City: CuJPU",
        "telephone": "43267084",
        "id": 204,
        "pets": [
            
        ]
    },
    {
        "firstName": "FNbZJvZ",
        "lastName": "LNRhFah",
        "address": "twoHundredFiftyFifeCharsAddresstwoHundredFiftyFifeCharsAddresstwoHundredFiftyFifeCharsAddresstwoHundredFiftyFifeCharsAddresstwoHundredFiftyFifeCharsAddresstwoHundredFiftyFifeCharsAddresstwoHundredFiftyFifeCharsAddresstwoHundredFiftyFifeCharsAddresstwoHun",
        "city": "City: DGlld",
        "telephone": "49161151",
        "id": 205,
        "pets": [
            
        ]
    },
    {
        "firstName": "FNSDXWv",
        "lastName": "LNcEPGi",
        "address": "Address: BpbVA",
        "city": "City: U4gpX",
        "telephone": "47166026",
        "id": 206,
        "pets": [
            
        ]
    },
    {
        "firstName": "FNOijmx",
        "lastName": "LNLbxfP",
        "address": "Address: mHtcQ",
        "city": "City: 3ppMf",
        "telephone": "70465885",
        "id": 207,
        "pets": [
            
        ]
    },
    {
        "firstName": "FNYwGZC",
        "lastName": "LNQseGv",
        "address": "Address: xEtIs",
        "city": "City: bMX0m",
        "telephone": "74357832",
        "id": 208,
        "pets": [
            
        ]
    },
    {
        "firstName": "FNUMzWv",
        "lastName": "LNqDdFs",
        "address": "Address: 172nZ",
        "city": "A",
        "telephone": "92706471",
        "id": 209,
        "pets": [
            
        ]
    },
    {
        "firstName": "FNyTrhZ",
        "lastName": "LNfUVeW",
        "address": "Address: yF2ua",
        "city": "Milton-Freewater (Oregon)",
        "telephone": "98645482",
        "id": 210,
        "pets": [
            
        ]
    },
    {
        "firstName": "FNxHDfk",
        "lastName": "LNwNaCg",
        "address": "Address: dgCtd",
        "city": "test 123 / &*%$#@",
        "telephone": "81311892",
        "id": 211,
        "pets": [
            
        ]
    },
    {
        "firstName": "FNpsAuP",
        "lastName": "LNzGLnC",
        "address": "Address: GeiVk",
        "city": "EightyCharsTestCityEightyCharsTestCityEightyCharsTestCityEightyCharsTestCityyyy",
        "telephone": "47375053",
        "id": 212,
        "pets": [
            
        ]
    },
    {
        "firstName": "FNTFTCf",
        "lastName": "LNICvXt",
        "address": "Address: tSXAR",
        "city": "City: 9T8px",
        "telephone": "85703503",
        "id": 213,
        "pets": [
            
        ]
    },
    {
        "firstName": "FNUpCBO",
        "lastName": "LNTiCJL",
        "address": "Address: cEZOt",
        "city": "City: J3005",
        "telephone": "56388689",
        "id": 214,
        "pets": [
            
        ]
    },
    {
        "firstName": "FNRAYcq",
        "lastName": "LNhfzPY",
        "address": "Address: E1SwZ",
        "city": "City: zDB3d",
        "telephone": "61809958",
        "id": 215,
        "pets": [
            
        ]
    },
    {
        "firstName": "FNlURhs",
        "lastName": "LNUeQxh",
        "address": "Address: HSXFi",
        "city": "City: VCOgZ",
        "telephone": "0",
        "id": 216,
        "pets": [
            
        ]
    },
    {
        "firstName": "FNkoYwm",
        "lastName": "LNjdoze",
        "address": "Address: jSlkr",
        "city": "City: ooYBb",
        "telephone": "57085676",
        "id": 217,
        "pets": [
            
        ]
    },
    {
        "firstName": "FNPUkUK",
        "lastName": "LNRzCjm",
        "address": "Address: SN80K",
        "city": "City: t6FmC",
        "telephone": "76714490",
        "id": 218,
        "pets": [
            
        ]
    },
    {
        "firstName": "FNdQwkc",
        "lastName": "LNxkcMw",
        "address": "Address: wIcqQ",
        "city": "City: BkJtl",
        "telephone": "70027732",
        "id": 219,
        "pets": [
            
        ]
    },
    {
        "firstName": "FNOizKO",
        "lastName": "LNHYvUD",
        "address": "Address: KwRBg",
        "city": "City: 0FyDV",
        "telephone": "66267037",
        "id": 220,
        "pets": [
            
        ]
    },
    {
        "firstName": "FNTqprR",
        "lastName": "LNpUIvX",
        "address": "Address: MAKAh",
        "city": "City: Gz969",
        "telephone": "02117603",
        "id": 221,
        "pets": [
            
        ]
    },
    {
        "firstName": "FNAkDPb",
        "lastName": "LNYziuX",
        "address": "Address: d9tW4",
        "city": "City: hzQm7",
        "telephone": "70142864",
        "id": 222,
        "pets": [
            
        ]
    },
    {
        "firstName": "FNSXGGG",
        "lastName": "LNwuzDM",
        "address": "Address: Dh846",
        "city": "City: 556cZ",
        "telephone": "44820232",
        "id": 223,
        "pets": [
            
        ]
    },
    {
        "firstName": "FNPCZlB",
        "lastName": "LNrrZhE",
        "address": "Address: cIODH",
        "city": "City: hQiSH",
        "telephone": "36689603",
        "id": 224,
        "pets": [
            {
                "name": "A",
                "birthDate": "2022-09-09",
                "type": {
                    "name": "cat",
                    "id": 1
                },
                "id": 117,
                "ownerId": 224,
                "visits": [
                    
                ]
            }
        ]
    },
    {
        "firstName": "FNoJkPS",
        "lastName": "LNRzaty",
        "address": "Address: tcH2j",
        "city": "City: YHbGA",
        "telephone": "09751736",
        "id": 225,
        "pets": [
            {
                "name": "Bin",
                "birthDate": "2022-09-09",
                "type": {
                    "name": "cat",
                    "id": 1
                },
                "id": 118,
                "ownerId": 225,
                "visits": [
                    
                ]
            }
        ]
    },
    {
        "firstName": "FNZvLlP",
        "lastName": "LNtPTor",
        "address": "Address: J9ZJZ",
        "city": "City: NXu6M",
        "telephone": "12270943",
        "id": 226,
        "pets": [
            {
                "name": "ThirtyCharsTestNametesttestte",
                "birthDate": "2022-09-09",
                "type": {
                    "name": "cat",
                    "id": 1
                },
                "id": 119,
                "ownerId": 226,
                "visits": [
                    
                ]
            }
        ]
    },
    {
        "firstName": "FNgneAj",
        "lastName": "LNtReiy",
        "address": "Address: fMAg0",
        "city": "City: ixT3J",
        "telephone": "66065805",
        "id": 227,
        "pets": [
            {
                "name": "test_*()&^%$#@!?/",
                "birthDate": "2022-09-09",
                "type": {
                    "name": "cat",
                    "id": 1
                },
                "id": 120,
                "ownerId": 227,
                "visits": [
                    
                ]
            }
        ]
    },
    {
        "firstName": "FNpvNEX",
        "lastName": "LNzqYXX",
        "address": "Address: yk96m",
        "city": "City: XKL7P",
        "telephone": "59737781",
        "id": 228,
        "pets": [
            {
                "name": "uxoqx",
                "birthDate": "2022-09-09",
                "type": {
                    "name": "cat",
                    "id": 1
                },
                "id": 121,
                "ownerId": 228,
                "visits": [
                    
                ]
            }
        ]
    },
    {
        "firstName": "FNBOCPB",
        "lastName": "LNhitrE",
        "address": "Address: RjWnQ",
        "city": "City: bZGzS",
        "telephone": "69820922",
        "id": 229,
        "pets": [
            
        ]
    },
    {
        "firstName": "FNBHWyl",
        "lastName": "LNwHFLM",
        "address": "Address: C0H8M",
        "city": "City: V7Vwz",
        "telephone": "53172999",
        "id": 230,
        "pets": [
            
        ]
    },
    {
        "firstName": "FNbaZIO",
        "lastName": "LNlckKv",
        "address": "Address: IH7Mf",
        "city": "City: BKDtE",
        "telephone": "63709759",
        "id": 231,
        "pets": [
            
        ]
    },
    {
        "firstName": "FNTzXkD",
        "lastName": "LNSuhVc",
        "address": "Address: jyPZe",
        "city": "City: GpmrW",
        "telephone": "43765077",
        "id": 232,
        "pets": [
            
        ]
    },
    {
        "firstName": "FNSqMQh",
        "lastName": "LNkVTqv",
        "address": "Address: jYuaO",
        "city": "City: hGmB8",
        "telephone": "16208436",
        "id": 233,
        "pets": [
            {
                "name": "DmfWw",
                "birthDate": "2022-09-09",
                "type": {
                    "name": "cat",
                    "id": 1
                },
                "id": 123,
                "ownerId": 233,
                "visits": [
                    
                ]
            }
        ]
    },
    {
        "firstName": "FNZbaSv",
        "lastName": "LNijSjb",
        "address": "Address: Z8Wmo",
        "city": "City: fHN8b",
        "telephone": "53895943",
        "id": 234,
        "pets": [
            {
                "name": "JtmiS",
                "birthDate": "2022-09-09",
                "type": {
                    "name": "cat",
                    "id": 1
                },
                "id": 124,
                "ownerId": 234,
                "visits": [
                    
                ]
            }
        ]
    },
    {
        "firstName": "FNFKkpO",
        "lastName": "LNZjxxF",
        "address": "Address: QkNmT",
        "city": "City: rmcOc",
        "telephone": "67918864",
        "id": 235,
        "pets": [
            {
                "name": "LQEuJ",
                "birthDate": "2022-09-09",
                "type": {
                    "name": "cat",
                    "id": 1
                },
                "id": 125,
                "ownerId": 235,
                "visits": [
                    
                ]
            }
        ]
    },
    {
        "firstName": "FNmZkjJ",
        "lastName": "LNPbAtv",
        "address": "Address: eW0tJ",
        "city": "City: hxSBH",
        "telephone": "59915945",
        "id": 236,
        "pets": [
            {
                "name": "yKQmw",
                "birthDate": "2022-09-09",
                "type": {
                    "name": "cat",
                    "id": 1
                },
                "id": 126,
                "ownerId": 236,
                "visits": [
                    
                ]
            }
        ]
    },
    {
        "firstName": "FNMShkm",
        "lastName": "LNoKmGI",
        "address": "Address: nsuAG",
        "city": "City: jH1GJ",
        "telephone": "70988386",
        "id": 237,
        "pets": [
            {
                "name": "UdyJL",
                "birthDate": "2022-09-09",
                "type": {
                    "name": "cat",
                    "id": 1
                },
                "id": 127,
                "ownerId": 237,
                "visits": [
                    
                ]
            }
        ]
    },
    {
        "firstName": "FNnMZqP",
        "lastName": "LNEtkat",
        "address": "Address: fy1nu",
        "city": "City: X78vJ",
        "telephone": "70970370",
        "id": 238,
        "pets": [
            {
                "name": "buyzd",
                "birthDate": "2022-09-09",
                "type": {
                    "name": "cat",
                    "id": 1
                },
                "id": 128,
                "ownerId": 238,
                "visits": [
                    
                ]
            }
        ]
    },
    {
        "firstName": "FNNXtQh",
        "lastName": "LNsDuRS",
        "address": "Address: c1T9O",
        "city": "City: uv30Q",
        "telephone": "90843380",
        "id": 239,
        "pets": [
            {
                "name": "IwIBl",
                "birthDate": "2022-09-09",
                "type": {
                    "name": "cat",
                    "id": 1
                },
                "id": 129,
                "ownerId": 239,
                "visits": [
                    
                ]
            }
        ]
    },
    {
        "firstName": "FNTrxZu",
        "lastName": "LNlxZWn",
        "address": "Address: nQjrf",
        "city": "City: 9YWJL",
        "telephone": "51705743",
        "id": 240,
        "pets": [
            {
                "name": "A",
                "birthDate": "2022-09-09",
                "type": {
                    "name": "cat",
                    "id": 1
                },
                "id": 130,
                "ownerId": 240,
                "visits": [
                    
                ]
            }
        ]
    },
    {
        "firstName": "FNfVgiq",
        "lastName": "LNaQIDU",
        "address": "Address: dx81H",
        "city": "City: GFjk1",
        "telephone": "69706028",
        "id": 241,
        "pets": [
            {
                "name": "John",
                "birthDate": "2022-09-09",
                "type": {
                    "name": "cat",
                    "id": 1
                },
                "id": 131,
                "ownerId": 241,
                "visits": [
                    
                ]
            }
        ]
    },
    {
        "firstName": "FNBJSIn",
        "lastName": "LNlgRpW",
        "address": "Address: 6SEZV",
        "city": "City: gmv1q",
        "telephone": "11098854",
        "id": 242,
        "pets": [
            {
                "name": "ThirtyCharsTestNametesttestte",
                "birthDate": "2022-09-09",
                "type": {
                    "name": "cat",
                    "id": 1
                },
                "id": 132,
                "ownerId": 242,
                "visits": [
                    
                ]
            }
        ]
    },
    {
        "firstName": "FNUBQxk",
        "lastName": "LNgxmNS",
        "address": "Address: 8LrQo",
        "city": "City: OfXKP",
        "telephone": "45733406",
        "id": 243,
        "pets": [
            {
                "name": "test_*()&^%$#@!?/",
                "birthDate": "2022-09-09",
                "type": {
                    "name": "cat",
                    "id": 1
                },
                "id": 133,
                "ownerId": 243,
                "visits": [
                    
                ]
            }
        ]
    },
    {
        "firstName": "FNIZGpo",
        "lastName": "LNKVwHV",
        "address": "Address: PkAU1",
        "city": "City: 1zNaa",
        "telephone": "85919614",
        "id": 244,
        "pets": [
            {
                "name": "ZYRjU",
                "birthDate": "2022-09-09",
                "type": {
                    "name": "cat",
                    "id": 1
                },
                "id": 134,
                "ownerId": 244,
                "visits": [
                    
                ]
            }
        ]
    },
    {
        "firstName": "FNsGzGy",
        "lastName": "LNwjZuZ",
        "address": "Address: AinXA",
        "city": "City: mW9hZ",
        "telephone": "51296927",
        "id": 245,
        "pets": [
            {
                "name": "fEfCx",
                "birthDate": "2022-09-09",
                "type": {
                    "name": "cat",
                    "id": 1
                },
                "id": 135,
                "ownerId": 245,
                "visits": [
                    
                ]
            }
        ]
    },
    {
        "firstName": "FNbvRXc",
        "lastName": "LNsvpGy",
        "address": "Address: LOqxb",
        "city": "City: tZiCD",
        "telephone": "16867667",
        "id": 246,
        "pets": [
            {
                "name": "vWIjT",
                "birthDate": "2022-09-09",
                "type": {
                    "name": "cat",
                    "id": 1
                },
                "id": 136,
                "ownerId": 246,
                "visits": [
                    
                ]
            }
        ]
    },
    {
        "firstName": "A",
        "lastName": "LNptPzB",
        "address": "Address: TKbvT",
        "city": "City: m3Uwa",
        "telephone": "10673233",
        "id": 247,
        "pets": [
            
        ]
    },
    {
        "firstName": "John",
        "lastName": "LNPXVuW",
        "address": "Address: 33pFr",
        "city": "City: ygQC0",
        "telephone": "53733905",
        "id": 248,
        "pets": [
            
        ]
    },
    {
        "firstName": "ThirtyCharsTestNametesttestte",
        "lastName": "LNBexsN",
        "address": "Address: 63gvC",
        "city": "City: TbNU3",
        "telephone": "03972382",
        "id": 249,
        "pets": [
            
        ]
    },
    {
        "firstName": "FNwAQwW",
        "lastName": "B",
        "address": "Address: alfDb",
        "city": "City: t6UpK",
        "telephone": "36213986",
        "id": 250,
        "pets": [
            
        ]
    },
    {
        "firstName": "FNyyUFY",
        "lastName": "Dou",
        "address": "Address: 7ynK7",
        "city": "City: lLIuc",
        "telephone": "58373283",
        "id": 251,
        "pets": [
            
        ]
    },
    {
        "firstName": "FNsRAcP",
        "lastName": "ThirtyCharsTestNametesttestte",
        "address": "Address: MPA0P",
        "city": "City: 9EKAD",
        "telephone": "28804031",
        "id": 252,
        "pets": [
            
        ]
    },
    {
        "firstName": "FNhCcNB",
        "lastName": "LNoTgWs",
        "address": "A",
        "city": "City: fqX9h",
        "telephone": "51184900",
        "id": 253,
        "pets": [
            
        ]
    },
    {
        "firstName": "FNnwOxH",
        "lastName": "LNYbTCV",
        "address": "101 B. Down St, 1/2 &*%$#@",
        "city": "City: h7Lpb",
        "telephone": "87074462",
        "id": 254,
        "pets": [
            
        ]
    },
    {
        "firstName": "FNfmooN",
        "lastName": "LNIHurQ",
        "address": "twoHundredFiftyFifeCharsAddresstwoHundredFiftyFifeCharsAddresstwoHundredFiftyFifeCharsAddresstwoHundredFiftyFifeCharsAddresstwoHundredFiftyFifeCharsAddresstwoHundredFiftyFifeCharsAddresstwoHundredFiftyFifeCharsAddresstwoHundredFiftyFifeCharsAddresstwoHun",
        "city": "City: YxZ7G",
        "telephone": "23644556",
        "id": 255,
        "pets": [
            
        ]
    },
    {
        "firstName": "FNaeDrX",
        "lastName": "LNYucGs",
        "address": "Address: fFtiH",
        "city": "A",
        "telephone": "91477001",
        "id": 256,
        "pets": [
            
        ]
    },
    {
        "firstName": "FNpVMGj",
        "lastName": "LNKWFZj",
        "address": "Address: PDIuH",
        "city": "Milton-Freewater (Oregon)",
        "telephone": "11208850",
        "id": 257,
        "pets": [
            
        ]
    },
    {
        "firstName": "FNnWSIi",
        "lastName": "LNGuDms",
        "address": "Address: vWUyf",
        "city": "test 123 / &*%$#@",
        "telephone": "05252500",
        "id": 258,
        "pets": [
            
        ]
    },
    {
        "firstName": "FNMgtrk",
        "lastName": "LNBfXVN",
        "address": "Address: WqAKw",
        "city": "EightyCharsTestCityEightyCharsTestCityEightyCharsTestCityEightyCharsTestCityyyy",
        "telephone": "12362965",
        "id": 259,
        "pets": [
            
        ]
    },
    {
        "firstName": "FNQmMwx",
        "lastName": "LNffbcl",
        "address": "Address: 2ZE95",
        "city": "City: GAP1r",
        "telephone": "0",
        "id": 260,
        "pets": [
            
        ]
    },
    {
        "firstName": "FNttFLn",
        "lastName": "LNQbctZ",
        "address": "Address: NCPUQ",
        "city": "City: s8HE4",
        "telephone": "47952338",
        "id": 262,
        "pets": [
            
        ]
    },
    {
        "firstName": "FNVfjEM",
        "lastName": "LNEpxmr",
        "address": "Address: eC2WR",
        "city": "City: 8LUfp",
        "telephone": "22495174",
        "id": 263,
        "pets": [
            {
                "name": "hwGEb",
                "birthDate": "2022-09-09",
                "type": {
                    "name": "cat",
                    "id": 1
                },
                "id": 137,
                "ownerId": 263,
                "visits": [
                    
                ]
            }
        ]
    },
    {
        "firstName": "FNTzSpi",
        "lastName": "LNIulEc",
        "address": "Address: RaY0G",
        "city": "City: T2ffO",
        "telephone": "19280467",
        "id": 264,
        "pets": [
            
        ]
    },
    {
        "firstName": "FNGCrYS",
        "lastName": "Smith",
        "address": "Address: RpruQ",
        "city": "City: np0WT",
        "telephone": "18746920",
        "id": 265,
        "pets": [
            
        ]
    },
    {
        "firstName": "FNiXmus",
        "lastName": "Smith",
        "address": "Address: VDkr6",
        "city": "City: ejUpe",
        "telephone": "88562809",
        "id": 266,
        "pets": [
            
        ]
    },
    {
        "firstName": "A",
        "lastName": "LNZQJwk",
        "address": "Address: CzcL8",
        "city": "City: A0lqG",
        "telephone": "04741169",
        "id": 267,
        "pets": [
            
        ]
    },
    {
        "firstName": "John",
        "lastName": "LNANAko",
        "address": "Address: 2jSMU",
        "city": "City: MQlsZ",
        "telephone": "47046652",
        "id": 268,
        "pets": [
            
        ]
    },
    {
        "firstName": "ThirtyCharsTestNametesttestte",
        "lastName": "LNWuGyQ",
        "address": "Address: q52ER",
        "city": "City: A3xFO",
        "telephone": "32303935",
        "id": 269,
        "pets": [
            
        ]
    },
    {
        "firstName": "FNxXVlL",
        "lastName": "LNplYzD",
        "address": "Address: Kc65C",
        "city": "City: zppSZ",
        "telephone": "26249492",
        "id": 270,
        "pets": [
            
        ]
    },
    {
        "firstName": "FNiwsut",
        "lastName": "LNGSphL",
        "address": "Address: ZTkly",
        "city": "City: pX7o3",
        "telephone": "55582336",
        "id": 271,
        "pets": [
            
        ]
    },
    {
        "firstName": "FNvroSH",
        "lastName": "LNmPNMa",
        "address": "Address: E39Zq",
        "city": "City: Q8FQx",
        "telephone": "63348306",
        "id": 272,
        "pets": [
            
        ]
    },
    {
        "firstName": "FNqNjCU",
        "lastName": "LNFXnxr",
        "address": "Address: jVzc3",
        "city": "City: WXfig",
        "telephone": "32146933",
        "id": 273,
        "pets": [
            
        ]
    },
    {
        "firstName": "FNApJBO",
        "lastName": "B",
        "address": "Address: s9XDp",
        "city": "City: 8CYCu",
        "telephone": "31564314",
        "id": 274,
        "pets": [
            
        ]
    },
    {
        "firstName": "FNvBaey",
        "lastName": "Dou",
        "address": "Address: 0mLky",
        "city": "City: QFJ2h",
        "telephone": "44106731",
        "id": 275,
        "pets": [
            
        ]
    },
    {
        "firstName": "FNaSXOk",
        "lastName": "ThirtyCharsTestNametesttestte",
        "address": "Address: lymJd",
        "city": "City: PnVpa",
        "telephone": "83094312",
        "id": 276,
        "pets": [
            
        ]
    },
    {
        "firstName": "FNvBRRq",
        "lastName": "LNVXNxi",
        "address": "Address: HCOzL",
        "city": "City: 7UxAV",
        "telephone": "88407452",
        "id": 277,
        "pets": [
            
        ]
    },
    {
        "firstName": "FNGtCog",
        "lastName": "LNHMxZv",
        "address": "Address: 7RYlT",
        "city": "City: 4h1M6",
        "telephone": "67325225",
        "id": 278,
        "pets": [
            
        ]
    },
    {
        "firstName": "FNNUehy",
        "lastName": "LNPNULS",
        "address": "Address: C3SlT",
        "city": "City: hdpvB",
        "telephone": "83558282",
        "id": 279,
        "pets": [
            
        ]
    },
    {
        "firstName": "FNczDJJ",
        "lastName": "LNosRPS",
        "address": "Address: 4z63g",
        "city": "City: 6kWsi",
        "telephone": "25733006",
        "id": 280,
        "pets": [
            
        ]
    },
    {
        "firstName": "FNzvbDW",
        "lastName": "LNGJatI",
        "address": "A",
        "city": "City: 9sf1M",
        "telephone": "13647673",
        "id": 281,
        "pets": [
            
        ]
    },
    {
        "firstName": "FNLFPnS",
        "lastName": "LNZogqe",
        "address": "101 B. Down St, 1/2 &*%$#@",
        "city": "City: fCtP5",
        "telephone": "29344309",
        "id": 282,
        "pets": [
            
        ]
    },
    {
        "firstName": "FNsiitX",
        "lastName": "LNuclMW",
        "address": "twoHundredFiftyFifeCharsAddresstwoHundredFiftyFifeCharsAddresstwoHundredFiftyFifeCharsAddresstwoHundredFiftyFifeCharsAddresstwoHundredFiftyFifeCharsAddresstwoHundredFiftyFifeCharsAddresstwoHundredFiftyFifeCharsAddresstwoHundredFiftyFifeCharsAddresstwoHun",
        "city": "City: NG40l",
        "telephone": "08983002",
        "id": 283,
        "pets": [
            
        ]
    },
    {
        "firstName": "FNltjUJ",
        "lastName": "LNsaAVz",
        "address": "Address: gtK33",
        "city": "City: nzlct",
        "telephone": "55260559",
        "id": 284,
        "pets": [
            
        ]
    },
    {
        "firstName": "FNyUfYJ",
        "lastName": "LNPuqEi",
        "address": "Address: C7RVx",
        "city": "City: Nm6Wg",
        "telephone": "60307769",
        "id": 285,
        "pets": [
            
        ]
    },
    {
        "firstName": "FNRDCNo",
        "lastName": "LNbWIeu",
        "address": "Address: QIOsz",
        "city": "City: ZkFYz",
        "telephone": "55124108",
        "id": 286,
        "pets": [
            
        ]
    },
    {
        "firstName": "FNeqSgP",
        "lastName": "LNHbnqE",
        "address": "Address: KucT8",
        "city": "A",
        "telephone": "34788107",
        "id": 287,
        "pets": [
            
        ]
    },
    {
        "firstName": "FNayqBW",
        "lastName": "LNfjwzz",
        "address": "Address: KX0pV",
        "city": "Milton-Freewater (Oregon)",
        "telephone": "67349508",
        "id": 288,
        "pets": [
            
        ]
    },
    {
        "firstName": "FNUATqw",
        "lastName": "LNRIbvD",
        "address": "Address: 4Aa5t",
        "city": "test 123 / &*%$#@",
        "telephone": "68967964",
        "id": 289,
        "pets": [
            
        ]
    },
    {
        "firstName": "FNzDtvP",
        "lastName": "LNEtOUi",
        "address": "Address: sxRhI",
        "city": "EightyCharsTestCityEightyCharsTestCityEightyCharsTestCityEightyCharsTestCityyyy",
        "telephone": "74725733",
        "id": 290,
        "pets": [
            
        ]
    },
    {
        "firstName": "FNoXsgf",
        "lastName": "LNGsAis",
        "address": "Address: yfiS0",
        "city": "City: CweYs",
        "telephone": "52968438",
        "id": 291,
        "pets": [
            
        ]
    },
    {
        "firstName": "FNzGYdg",
        "lastName": "LNJZAnE",
        "address": "Address: mkZRF",
        "city": "City: 6KegI",
        "telephone": "19124034",
        "id": 292,
        "pets": [
            
        ]
    },
    {
        "firstName": "FNixIhS",
        "lastName": "LNpFiZp",
        "address": "Address: bBJzJ",
        "city": "City: HjUwT",
        "telephone": "32797682",
        "id": 293,
        "pets": [
            
        ]
    },
    {
        "firstName": "FNNirbT",
        "lastName": "LNXWzGi",
        "address": "Address: IFK7x",
        "city": "City: c727K",
        "telephone": "0",
        "id": 294,
        "pets": [
            
        ]
    },
    {
        "firstName": "FNJndah",
        "lastName": "LNalGIa",
        "address": "Address: Q8zaC",
        "city": "City: 7nSkQ",
        "telephone": "26948912",
        "id": 295,
        "pets": [
            
        ]
    },
    {
        "firstName": "FNqrtEJ",
        "lastName": "LNkuIWX",
        "address": "Address: Su85q",
        "city": "City: iZrWy",
        "telephone": "18162128",
        "id": 296,
        "pets": [
            
        ]
    },
    {
        "firstName": "FNTAwkL",
        "lastName": "LNXcGfH",
        "address": "Address: Le1Y8",
        "city": "City: owJh1",
        "telephone": "28248089",
        "id": 297,
        "pets": [
            
        ]
    },
    {
        "firstName": "FNerrrV",
        "lastName": "LNnXNUS",
        "address": "Address: jUuvc",
        "city": "City: H6vBh",
        "telephone": "25781174",
        "id": 298,
        "pets": [
            
        ]
    },
    {
        "firstName": "FNrSYLA",
        "lastName": "LNSnedu",
        "address": "Address: 3USgc",
        "city": "City: tmD46",
        "telephone": "92541654",
        "id": 299,
        "pets": [
            
        ]
    },
    {
        "firstName": "FNXGSvH",
        "lastName": "LNBgrwZ",
        "address": "Address: vdKym",
        "city": "City: C1JAd",
        "telephone": "79287072",
        "id": 300,
        "pets": [
            
        ]
    },
    {
        "firstName": "FNuDZoy",
        "lastName": "LNMSkGR",
        "address": "Address: bTuHF",
        "city": "City: qvo9Y",
        "telephone": "15207362",
        "id": 301,
        "pets": [
            
        ]
    },
    {
        "firstName": "FNkggKC",
        "lastName": "LNyAOki",
        "address": "Address: Hes7S",
        "city": "City: wFN1C",
        "telephone": "61144383",
        "id": 302,
        "pets": [
            {
                "name": "A",
                "birthDate": "2022-09-09",
                "type": {
                    "name": "cat",
                    "id": 1
                },
                "id": 142,
                "ownerId": 302,
                "visits": [
                    
                ]
            }
        ]
    },
    {
        "firstName": "FNeUDyX",
        "lastName": "LNjriVQ",
        "address": "Address: v3LPB",
        "city": "City: Xp6qV",
        "telephone": "52812946",
        "id": 303,
        "pets": [
            {
                "name": "Bin",
                "birthDate": "2022-09-09",
                "type": {
                    "name": "cat",
                    "id": 1
                },
                "id": 143,
                "ownerId": 303,
                "visits": [
                    
                ]
            }
        ]
    },
    {
        "firstName": "FNULRao",
        "lastName": "LNQfCUs",
        "address": "Address: F9sgN",
        "city": "City: LA3Mp",
        "telephone": "37010747",
        "id": 304,
        "pets": [
            {
                "name": "ThirtyCharsTestNametesttestte",
                "birthDate": "2022-09-09",
                "type": {
                    "name": "cat",
                    "id": 1
                },
                "id": 144,
                "ownerId": 304,
                "visits": [
                    
                ]
            }
        ]
    },
    {
        "firstName": "FNDkiec",
        "lastName": "LNkriur",
        "address": "Address: YKlQJ",
        "city": "City: 5FDRc",
        "telephone": "45309585",
        "id": 305,
        "pets": [
            {
                "name": "test_*()&^%$#@!?/",
                "birthDate": "2022-09-09",
                "type": {
                    "name": "cat",
                    "id": 1
                },
                "id": 145,
                "ownerId": 305,
                "visits": [
                    
                ]
            }
        ]
    },
    {
        "firstName": "FNVxncH",
        "lastName": "LNutuPv",
        "address": "Address: F0Zo6",
        "city": "City: 6bfVA",
        "telephone": "90622309",
        "id": 306,
        "pets": [
            {
                "name": "DdrmX",
                "birthDate": "2022-09-09",
                "type": {
                    "name": "cat",
                    "id": 1
                },
                "id": 146,
                "ownerId": 306,
                "visits": [
                    
                ]
            }
        ]
    },
    {
        "firstName": "FNeefZO",
        "lastName": "LNFeIoJ",
        "address": "Address: MpIgW",
        "city": "City: J4rNI",
        "telephone": "04950064",
        "id": 307,
        "pets": [
            
        ]
    },
    {
        "firstName": "FNJjWQF",
        "lastName": "LNHivbR",
        "address": "Address: 5EDyr",
        "city": "City: YYQYP",
        "telephone": "29804316",
        "id": 308,
        "pets": [
            
        ]
    },
    {
        "firstName": "FNgLucY",
        "lastName": "LNrFdiI",
        "address": "Address: X5NTL",
        "city": "City: E0EO4",
        "telephone": "23850269",
        "id": 309,
        "pets": [
            
        ]
    },
    {
        "firstName": "FNFpTip",
        "lastName": "LNtiTWD",
        "address": "Address: 9rtOC",
        "city": "City: yuCTD",
        "telephone": "68556574",
        "id": 310,
        "pets": [
            
        ]
    },
    {
        "firstName": "FNWgbWi",
        "lastName": "LNreKxp",
        "address": "Address: YL9pz",
        "city": "City: 9VQLa",
        "telephone": "20067657",
        "id": 311,
        "pets": [
            {
                "name": "CHoBg",
                "birthDate": "2022-09-09",
                "type": {
                    "name": "cat",
                    "id": 1
                },
                "id": 148,
                "ownerId": 311,
                "visits": [
                    
                ]
            }
        ]
    },
    {
        "firstName": "FNeeqZh",
        "lastName": "LNPPlGK",
        "address": "Address: QVHA4",
        "city": "City: B26CX",
        "telephone": "63905424",
        "id": 312,
        "pets": [
            {
                "name": "hnkes",
                "birthDate": "2022-09-09",
                "type": {
                    "name": "cat",
                    "id": 1
                },
                "id": 149,
                "ownerId": 312,
                "visits": [
                    
                ]
            }
        ]
    },
    {
        "firstName": "FNjATOD",
        "lastName": "LNoYqhO",
        "address": "Address: 14iVx",
        "city": "City: dnakN",
        "telephone": "28695412",
        "id": 313,
        "pets": [
            {
                "name": "OqiVf",
                "birthDate": "2022-09-09",
                "type": {
                    "name": "cat",
                    "id": 1
                },
                "id": 150,
                "ownerId": 313,
                "visits": [
                    
                ]
            }
        ]
    },
    {
        "firstName": "FNjYubf",
        "lastName": "LNPpqnK",
        "address": "Address: RNgjj",
        "city": "City: eLMnK",
        "telephone": "21912283",
        "id": 314,
        "pets": [
            {
                "name": "lSbez",
                "birthDate": "2022-09-09",
                "type": {
                    "name": "cat",
                    "id": 1
                },
                "id": 151,
                "ownerId": 314,
                "visits": [
                    
                ]
            }
        ]
    },
    {
        "firstName": "FNrqxOD",
        "lastName": "LNMSVFK",
        "address": "Address: UuOzo",
        "city": "City: oQJQv",
        "telephone": "48290602",
        "id": 315,
        "pets": [
            {
                "name": "YPWbk",
                "birthDate": "2022-09-09",
                "type": {
                    "name": "cat",
                    "id": 1
                },
                "id": 152,
                "ownerId": 315,
                "visits": [
                    
                ]
            }
        ]
    },
    {
        "firstName": "FNZtdEz",
        "lastName": "LNDGIfA",
        "address": "Address: AlGRC",
        "city": "City: d9K9I",
        "telephone": "54182939",
        "id": 316,
        "pets": [
            {
                "name": "AhQhe",
                "birthDate": "2022-09-09",
                "type": {
                    "name": "cat",
                    "id": 1
                },
                "id": 153,
                "ownerId": 316,
                "visits": [
                    
                ]
            }
        ]
    },
    {
        "firstName": "FNGaHYl",
        "lastName": "LNZWxnO",
        "address": "Address: HyvMx",
        "city": "City: 5gNrJ",
        "telephone": "88378372",
        "id": 317,
        "pets": [
            {
                "name": "VugCX",
                "birthDate": "2022-09-09",
                "type": {
                    "name": "cat",
                    "id": 1
                },
                "id": 154,
                "ownerId": 317,
                "visits": [
                    
                ]
            }
        ]
    },
    {
        "firstName": "FNbqUQS",
        "lastName": "LNKsjWY",
        "address": "Address: zPRYR",
        "city": "City: SxnQi",
        "telephone": "16085972",
        "id": 318,
        "pets": [
            {
                "name": "A",
                "birthDate": "2022-09-09",
                "type": {
                    "name": "cat",
                    "id": 1
                },
                "id": 155,
                "ownerId": 318,
                "visits": [
                    
                ]
            }
        ]
    },
    {
        "firstName": "FNbvlue",
        "lastName": "LNKLxbW",
        "address": "Address: ospgS",
        "city": "City: HFjGx",
        "telephone": "33923947",
        "id": 319,
        "pets": [
            {
                "name": "John",
                "birthDate": "2022-09-09",
                "type": {
                    "name": "cat",
                    "id": 1
                },
                "id": 156,
                "ownerId": 319,
                "visits": [
                    
                ]
            }
        ]
    },
    {
        "firstName": "FNxchiQ",
        "lastName": "LNngjzr",
        "address": "Address: 6Qq2P",
        "city": "City: Yn9qd",
        "telephone": "99763403",
        "id": 320,
        "pets": [
            {
                "name": "ThirtyCharsTestNametesttestte",
                "birthDate": "2022-09-09",
                "type": {
                    "name": "cat",
                    "id": 1
                },
                "id": 157,
                "ownerId": 320,
                "visits": [
                    
                ]
            }
        ]
    },
    {
        "firstName": "FNsHUKN",
        "lastName": "LNSOTOh",
        "address": "Address: LFtxH",
        "city": "City: 1QHn6",
        "telephone": "48365317",
        "id": 321,
        "pets": [
            {
                "name": "test_*()&^%$#@!?/",
                "birthDate": "2022-09-09",
                "type": {
                    "name": "cat",
                    "id": 1
                },
                "id": 158,
                "ownerId": 321,
                "visits": [
                    
                ]
            }
        ]
    },
    {
        "firstName": "FNWvxTg",
        "lastName": "LNsxSDa",
        "address": "Address: WBFCh",
        "city": "City: YblSh",
        "telephone": "71163671",
        "id": 322,
        "pets": [
            {
                "name": "pETxr",
                "birthDate": "2022-09-09",
                "type": {
                    "name": "cat",
                    "id": 1
                },
                "id": 159,
                "ownerId": 322,
                "visits": [
                    
                ]
            }
        ]
    },
    {
        "firstName": "FNggTYZ",
        "lastName": "LNQPUSr",
        "address": "Address: v8kuG",
        "city": "City: WyZ7B",
        "telephone": "59919504",
        "id": 323,
        "pets": [
            {
                "name": "zqFEo",
                "birthDate": "2022-09-09",
                "type": {
                    "name": "cat",
                    "id": 1
                },
                "id": 160,
                "ownerId": 323,
                "visits": [
                    
                ]
            }
        ]
    },
    {
        "firstName": "FNTUKgE",
        "lastName": "LNNAVEH",
        "address": "Address: bh7XL",
        "city": "City: 4C682",
        "telephone": "79837043",
        "id": 324,
        "pets": [
            {
                "name": "lHywy",
                "birthDate": "2022-09-09",
                "type": {
                    "name": "cat",
                    "id": 1
                },
                "id": 161,
                "ownerId": 324,
                "visits": [
                    
                ]
            }
        ]
    },
    {
        "firstName": "A",
        "lastName": "LNtKSwU",
        "address": "Address: w1Fyo",
        "city": "City: CH9CO",
        "telephone": "46152143",
        "id": 325,
        "pets": [
            
        ]
    },
    {
        "firstName": "John",
        "lastName": "LNrsTHu",
        "address": "Address: c70de",
        "city": "City: Akzkm",
        "telephone": "97328980",
        "id": 326,
        "pets": [
            
        ]
    },
    {
        "firstName": "ThirtyCharsTestNametesttestte",
        "lastName": "LNfqulq",
        "address": "Address: XwoQm",
        "city": "City: 8gRxc",
        "telephone": "75987953",
        "id": 327,
        "pets": [
            
        ]
    },
    {
        "firstName": "FNWToqe",
        "lastName": "LNgALJX",
        "address": "Address: 6ivdS",
        "city": "City: tVvKh",
        "telephone": "41094144",
        "id": 328,
        "pets": [
            
        ]
    },
    {
        "firstName": "FNbPOHl",
        "lastName": "LNzeZOr",
        "address": "Address: gYzIY",
        "city": "City: 49hms",
        "telephone": "41456569",
        "id": 329,
        "pets": [
            {
                "name": "A",
                "birthDate": "2022-09-09",
                "type": {
                    "name": "cat",
                    "id": 1
                },
                "id": 162,
                "ownerId": 329,
                "visits": [
                    
                ]
            }
        ]
    },
    {
        "firstName": "FNMIGjE",
        "lastName": "LNgjSzO",
        "address": "Address: 8jhU7",
        "city": "City: bBX9f",
        "telephone": "31124133",
        "id": 330,
        "pets": [
            {
                "name": "Bin",
                "birthDate": "2022-09-09",
                "type": {
                    "name": "cat",
                    "id": 1
                },
                "id": 163,
                "ownerId": 330,
                "visits": [
                    
                ]
            }
        ]
    },
    {
        "firstName": "FNgxORg",
        "lastName": "LNyjvZj",
        "address": "Address: 3KP2g",
        "city": "City: xcKDh",
        "telephone": "74803694",
        "id": 331,
        "pets": [
            {
                "name": "ThirtyCharsTestNametesttestte",
                "birthDate": "2022-09-09",
                "type": {
                    "name": "cat",
                    "id": 1
                },
                "id": 164,
                "ownerId": 331,
                "visits": [
                    
                ]
            }
        ]
    },
    {
        "firstName": "FNIyTKC",
        "lastName": "LNeKLNj",
        "address": "Address: XoeID",
        "city": "City: y7nu4",
        "telephone": "35143333",
        "id": 332,
        "pets": [
            {
                "name": "test_*()&^%$#@!?/",
                "birthDate": "2022-09-09",
                "type": {
                    "name": "cat",
                    "id": 1
                },
                "id": 165,
                "ownerId": 332,
                "visits": [
                    
                ]
            }
        ]
    },
    {
        "firstName": "FNweSsA",
        "lastName": "LNjsYmX",
        "address": "Address: 3a8nV",
        "city": "City: KIXbR",
        "telephone": "32756456",
        "id": 333,
        "pets": [
            {
                "name": "hkOTl",
                "birthDate": "2022-09-09",
                "type": {
                    "name": "cat",
                    "id": 1
                },
                "id": 166,
                "ownerId": 333,
                "visits": [
                    
                ]
            }
        ]
    },
    {
        "firstName": "George",
        "lastName": "Franklin",
        "address": "110 W. Liberty St.",
        "city": "Madison",
        "telephone": "6085551023",
        "id": 334,
        "pets": [
            
        ]
    },
    {
        "firstName": "George",
        "lastName": "Franklin",
        "address": "110 W. Liberty St.",
        "city": "Madison",
        "telephone": "6085551023",
        "id": 335,
        "pets": [
            
        ]
    },
    {
        "firstName": "George",
        "lastName": "Franklin",
        "address": "110 W. Liberty St.",
        "city": "Madison",
        "telephone": "6085551023",
        "id": 336,
        "pets": [
            
        ]
    },
    {
        "firstName": "George",
        "lastName": "Franklin",
        "address": "110 W. Liberty St.",
        "city": "Madison",
        "telephone": "6085551023",
        "id": 337,
        "pets": [
            
        ]
    },
    {
        "firstName": "George",
        "lastName": "Franklin",
        "address": "110 W. Liberty St.",
        "city": "Madison",
        "telephone": "6085551023",
        "id": 338,
        "pets": [
            
        ]
    },
    {
        "firstName": "George",
        "lastName": "Franklin",
        "address": "110 W. Liberty St.",
        "city": "Madison",
        "telephone": "6085551023",
        "id": 339,
        "pets": [
            
        ]
    },
    {
        "firstName": "George",
        "lastName": "Franklin",
        "address": "110 W. Liberty St.",
        "city": "Madison",
        "telephone": "6085551023",
        "id": 340,
        "pets": [
            
        ]
    },
    {
        "firstName": "George",
        "lastName": "Franklin",
        "address": "110 W. Liberty St.",
        "city": "Madison",
        "telephone": "6085551023",
        "id": 341,
        "pets": [
            
        ]
    },
    {
        "firstName": "George",
        "lastName": "Franklin",
        "address": "110 W. Liberty St.",
        "city": "Madison",
        "telephone": "6085551023",
        "id": 342,
        "pets": [
            
        ]
    },
    {
        "firstName": "George",
        "lastName": "Franklin",
        "address": "110 W. Liberty St.",
        "city": "Madison",
        "telephone": "6085551023",
        "id": 343,
        "pets": [
            
        ]
    },
    {
        "firstName": "George",
        "lastName": "Franklin",
        "address": "110 W. Liberty St.",
        "city": "Madison",
        "telephone": "6085551023",
        "id": 344,
        "pets": [
            
        ]
    },
    {
        "firstName": "George",
        "lastName": "Franklin",
        "address": "110 W. Liberty St.",
        "city": "Madison",
        "telephone": "6085551023",
        "id": 345,
        "pets": [
            
        ]
    },
    {
        "firstName": "George",
        "lastName": "Franklin",
        "address": "110 W. Liberty St.",
        "city": "Madison",
        "telephone": "6085551023",
        "id": 346,
        "pets": [
            
        ]
    },
    {
        "firstName": "George",
        "lastName": "Franklin",
        "address": "110 W. Liberty St.",
        "city": "Madison",
        "telephone": "6085551023",
        "id": 347,
        "pets": [
            
        ]
    },
    {
        "firstName": "George",
        "lastName": "Franklin",
        "address": "110 W. Liberty St.",
        "city": "Madison",
        "telephone": "6085551023",
        "id": 348,
        "pets": [
            
        ]
    },
    {
        "firstName": "George",
        "lastName": "Franklin",
        "address": "110 W. Liberty St.",
        "city": "Madison",
        "telephone": "6085551023",
        "id": 349,
        "pets": [
            
        ]
    },
    {
        "firstName": "George",
        "lastName": "Franklin",
        "address": "110 W. Liberty St.",
        "city": "Madison",
        "telephone": "6085551023",
        "id": 350,
        "pets": [
            
        ]
    },
    {
        "firstName": "George",
        "lastName": "Franklin",
        "address": "110 W. Liberty St.",
        "city": "Madison",
        "telephone": "6085551023",
        "id": 351,
        "pets": [
            
        ]
    },
    {
        "firstName": "George",
        "lastName": "Franklin",
        "address": "110 W. Liberty St.",
        "city": "Madison",
        "telephone": "6085551023",
        "id": 352,
        "pets": [
            
        ]
    },
    {
        "firstName": "George",
        "lastName": "Franklin",
        "address": "110 W. Liberty St.",
        "city": "Madison",
        "telephone": "6085551023",
        "id": 353,
        "pets": [
            
        ]
    },
    {
        "firstName": "George",
        "lastName": "Franklin",
        "address": "110 W. Liberty St.",
        "city": "Madison",
        "telephone": "6085551023",
        "id": 354,
        "pets": [
            
        ]
    },
    {
        "firstName": "George",
        "lastName": "Franklin",
        "address": "110 W. Liberty St.",
        "city": "Madison",
        "telephone": "6085551023",
        "id": 355,
        "pets": [
            
        ]
    },
    {
        "firstName": "George",
        "lastName": "Franklin",
        "address": "110 W. Liberty St.",
        "city": "Madison",
        "telephone": "6085551023",
        "id": 356,
        "pets": [
            
        ]
    },
    {
        "firstName": "George",
        "lastName": "Franklin",
        "address": "110 W. Liberty St.",
        "city": "Madison",
        "telephone": "6085551023",
        "id": 357,
        "pets": [
            
        ]
    },
    {
        "firstName": "George",
        "lastName": "Franklin",
        "address": "110 W. Liberty St.",
        "city": "Madison",
        "telephone": "6085551023",
        "id": 358,
        "pets": [
            
        ]
    },
    {
        "firstName": "George",
        "lastName": "Franklin",
        "address": "110 W. Liberty St.",
        "city": "Madison",
        "telephone": "6085551023",
        "id": 359,
        "pets": [
            
        ]
    },
    {
        "firstName": "George",
        "lastName": "Franklin",
        "address": "110 W. Liberty St.",
        "city": "Madison",
        "telephone": "6085551023",
        "id": 360,
        "pets": [
            
        ]
    },
    {
        "firstName": "George",
        "lastName": "Franklin",
        "address": "110 W. Liberty St.",
        "city": "Madison",
        "telephone": "6085551023",
        "id": 361,
        "pets": [
            
        ]
    },
    {
        "firstName": "George",
        "lastName": "Franklin",
        "address": "110 W. Liberty St.",
        "city": "Madison",
        "telephone": "6085551023",
        "id": 362,
        "pets": [
            
        ]
    },
    {
        "firstName": "George",
        "lastName": "Franklin",
        "address": "110 W. Liberty St.",
        "city": "Madison",
        "telephone": "6085551023",
        "id": 363,
        "pets": [
            
        ]
    },
    {
        "firstName": "George",
        "lastName": "Franklin",
        "address": "110 W. Liberty St.",
        "city": "Madison",
        "telephone": "6085551023",
        "id": 364,
        "pets": [
            
        ]
    },
    {
        "firstName": "George",
        "lastName": "Franklin",
        "address": "110 W. Liberty St.",
        "city": "Madison",
        "telephone": "6085551023",
        "id": 365,
        "pets": [
            
        ]
    },
    {
        "firstName": "George",
        "lastName": "Franklin",
        "address": "110 W. Liberty St.",
        "city": "Madison",
        "telephone": "6085551023",
        "id": 366,
        "pets": [
            
        ]
    },
    {
        "firstName": "George",
        "lastName": "Franklin",
        "address": "110 W. Liberty St.",
        "city": "Madison",
        "telephone": "6085551023",
        "id": 367,
        "pets": [
            
        ]
    },
    {
        "firstName": "George",
        "lastName": "Franklin",
        "address": "110 W. Liberty St.",
        "city": "Madison",
        "telephone": "6085551023",
        "id": 368,
        "pets": [
            
        ]
    },
    {
        "firstName": "George",
        "lastName": "Franklin",
        "address": "110 W. Liberty St.",
        "city": "Madison",
        "telephone": "6085551023",
        "id": 369,
        "pets": [
            
        ]
    },
    {
        "firstName": "George",
        "lastName": "Franklin",
        "address": "110 W. Liberty St.",
        "city": "Madison",
        "telephone": "6085551023",
        "id": 370,
        "pets": [
            
        ]
    },
    {
        "firstName": "George",
        "lastName": "Franklin",
        "address": "110 W. Liberty St.",
        "city": "Madison",
        "telephone": "6085551023",
        "id": 371,
        "pets": [
            
        ]
    },
    {
        "firstName": "George",
        "lastName": "Franklin",
        "address": "110 W. Liberty St.",
        "city": "Madison",
        "telephone": "6085551023",
        "id": 372,
        "pets": [
            
        ]
    },
    {
        "firstName": "George",
        "lastName": "Franklin",
        "address": "110 W. Liberty St.",
        "city": "Madison",
        "telephone": "6085551023",
        "id": 373,
        "pets": [
            
        ]
    },
    {
        "firstName": "George",
        "lastName": "Franklin",
        "address": "110 W. Liberty St.",
        "city": "Madison",
        "telephone": "6085551023",
        "id": 374,
        "pets": [
            
        ]
    },
    {
        "firstName": "George",
        "lastName": "Franklin",
        "address": "110 W. Liberty St.",
        "city": "Madison",
        "telephone": "6085551023",
        "id": 375,
        "pets": [
            
        ]
    },
    {
        "firstName": "George",
        "lastName": "Franklin",
        "address": "110 W. Liberty St.",
        "city": "Madison",
        "telephone": "6085551023",
        "id": 376,
        "pets": [
            
        ]
    },
    {
        "firstName": "George",
        "lastName": "Franklin",
        "address": "110 W. Liberty St.",
        "city": "Madison",
        "telephone": "6085551023",
        "id": 377,
        "pets": [
            
        ]
    },
    {
        "firstName": "George",
        "lastName": "Franklin",
        "address": "110 W. Liberty St.",
        "city": "Madison",
        "telephone": "6085551023",
        "id": 378,
        "pets": [
            
        ]
    },
    {
        "firstName": "George",
        "lastName": "Franklin",
        "address": "110 W. Liberty St.",
        "city": "Madison",
        "telephone": "6085551023",
        "id": 379,
        "pets": [
            
        ]
    },
    {
        "firstName": "George",
        "lastName": "Franklin",
        "address": "110 W. Liberty St.",
        "city": "Madison",
        "telephone": "6085551023",
        "id": 380,
        "pets": [
            
        ]
    },
    {
        "firstName": "George",
        "lastName": "Franklin",
        "address": "110 W. Liberty St.",
        "city": "Madison",
        "telephone": "6085551023",
        "id": 381,
        "pets": [
            
        ]
    },
    {
        "firstName": "George",
        "lastName": "Franklin",
        "address": "110 W. Liberty St.",
        "city": "Madison",
        "telephone": "6085551023",
        "id": 382,
        "pets": [
            
        ]
    },
    {
        "firstName": "George",
        "lastName": "Franklin",
        "address": "110 W. Liberty St.",
        "city": "Madison",
        "telephone": "6085551023",
        "id": 383,
        "pets": [
            
        ]
    },
    {
        "firstName": "George",
        "lastName": "Franklin",
        "address": "110 W. Liberty St.",
        "city": "Madison",
        "telephone": "6085551023",
        "id": 384,
        "pets": [
            
        ]
    },
    {
        "firstName": "George",
        "lastName": "Franklin",
        "address": "110 W. Liberty St.",
        "city": "Madison",
        "telephone": "6085551023",
        "id": 385,
        "pets": [
            
        ]
    },
    {
        "firstName": "George",
        "lastName": "Franklin",
        "address": "110 W. Liberty St.",
        "city": "Madison",
        "telephone": "6085551023",
        "id": 386,
        "pets": [
            
        ]
    },
    {
        "firstName": "George",
        "lastName": "Franklin",
        "address": "110 W. Liberty St.",
        "city": "Madison",
        "telephone": "6085551023",
        "id": 387,
        "pets": [
            
        ]
    },
    {
        "firstName": "George",
        "lastName": "Franklin",
        "address": "110 W. Liberty St.",
        "city": "Madison",
        "telephone": "6085551023",
        "id": 388,
        "pets": [
            
        ]
    },
    {
        "firstName": "George",
        "lastName": "Franklin",
        "address": "110 W. Liberty St.",
        "city": "Madison",
        "telephone": "6085551023",
        "id": 389,
        "pets": [
            
        ]
    },
    {
        "firstName": "George",
        "lastName": "Franklin",
        "address": "110 W. Liberty St.",
        "city": "Madison",
        "telephone": "6085551023",
        "id": 390,
        "pets": [
            
        ]
    },
    {
        "firstName": "George",
        "lastName": "Franklin",
        "address": "110 W. Liberty St.",
        "city": "Madison",
        "telephone": "6085551023",
        "id": 391,
        "pets": [
            
        ]
    },
    {
        "firstName": "George",
        "lastName": "Franklin",
        "address": "110 W. Liberty St.",
        "city": "Madison",
        "telephone": "6085551023",
        "id": 392,
        "pets": [
            
        ]
    },
    {
        "firstName": "George",
        "lastName": "Franklin",
        "address": "110 W. Liberty St.",
        "city": "Madison",
        "telephone": "6085551023",
        "id": 393,
        "pets": [
            
        ]
    },
    {
        "firstName": "George",
        "lastName": "Franklin",
        "address": "110 W. Liberty St.",
        "city": "Madison",
        "telephone": "6085551023",
        "id": 394,
        "pets": [
            
        ]
    },
    {
        "firstName": "George",
        "lastName": "Franklin",
        "address": "110 W. Liberty St.",
        "city": "Madison",
        "telephone": "6085551023",
        "id": 395,
        "pets": [
            
        ]
    },
    {
        "firstName": "George",
        "lastName": "Franklin",
        "address": "110 W. Liberty St.",
        "city": "Madison",
        "telephone": "6085551023",
        "id": 396,
        "pets": [
            
        ]
    },
    {
        "firstName": "George",
        "lastName": "Franklin",
        "address": "110 W. Liberty St.",
        "city": "Madison",
        "telephone": "6085551023",
        "id": 397,
        "pets": [
            
        ]
    },
    {
        "firstName": "George",
        "lastName": "Franklin",
        "address": "110 W. Liberty St.",
        "city": "Madison",
        "telephone": "6085551023",
        "id": 398,
        "pets": [
            
        ]
    },
    {
        "firstName": "George",
        "lastName": "Franklin",
        "address": "110 W. Liberty St.",
        "city": "Madison",
        "telephone": "6085551023",
        "id": 399,
        "pets": [
            
        ]
    },
    {
        "firstName": "George",
        "lastName": "Franklin",
        "address": "110 W. Liberty St.",
        "city": "Madison",
        "telephone": "6085551023",
        "id": 400,
        "pets": [
            
        ]
    },
    {
        "firstName": "George",
        "lastName": "Franklin",
        "address": "110 W. Liberty St.",
        "city": "Madison",
        "telephone": "6085551023",
        "id": 401,
        "pets": [
            
        ]
    },
    {
        "firstName": "George",
        "lastName": "Franklin",
        "address": "110 W. Liberty St.",
        "city": "Madison",
        "telephone": "6085551023",
        "id": 402,
        "pets": [
            
        ]
    },
    {
        "firstName": "George",
        "lastName": "Franklin",
        "address": "110 W. Liberty St.",
        "city": "Madison",
        "telephone": "6085551023",
        "id": 403,
        "pets": [
            
        ]
    },
    {
        "firstName": "George",
        "lastName": "Franklin",
        "address": "110 W. Liberty St.",
        "city": "Madison",
        "telephone": "6085551023",
        "id": 404,
        "pets": [
            
        ]
    },
    {
        "firstName": "George",
        "lastName": "Franklin",
        "address": "110 W. Liberty St.",
        "city": "Madison",
        "telephone": "6085551023",
        "id": 405,
        "pets": [
            
        ]
    },
    {
        "firstName": "George",
        "lastName": "Franklin",
        "address": "110 W. Liberty St.",
        "city": "Madison",
        "telephone": "6085551023",
        "id": 406,
        "pets": [
            
        ]
    },
    {
        "firstName": "George",
        "lastName": "Franklin",
        "address": "110 W. Liberty St.",
        "city": "Madison",
        "telephone": "6085551023",
        "id": 407,
        "pets": [
            
        ]
    },
    {
        "firstName": "George",
        "lastName": "Franklin",
        "address": "110 W. Liberty St.",
        "city": "Madison",
        "telephone": "6085551023",
        "id": 408,
        "pets": [
            
        ]
    },
    {
        "firstName": "George",
        "lastName": "Franklin",
        "address": "110 W. Liberty St.",
        "city": "Madison",
        "telephone": "6085551023",
        "id": 409,
        "pets": [
            
        ]
    },
    {
        "firstName": "George",
        "lastName": "Franklin",
        "address": "110 W. Liberty St.",
        "city": "Madison",
        "telephone": "6085551023",
        "id": 410,
        "pets": [
            
        ]
    },
    {
        "firstName": "George",
        "lastName": "Franklin",
        "address": "110 W. Liberty St.",
        "city": "Madison",
        "telephone": "6085551023",
        "id": 411,
        "pets": [
            
        ]
    },
    {
        "firstName": "George",
        "lastName": "Franklin",
        "address": "110 W. Liberty St.",
        "city": "Madison",
        "telephone": "6085551023",
        "id": 412,
        "pets": [
            
        ]
    },
    {
        "firstName": "George",
        "lastName": "Franklin",
        "address": "110 W. Liberty St.",
        "city": "Madison",
        "telephone": "6085551023",
        "id": 413,
        "pets": [
            
        ]
    },
    {
        "firstName": "George",
        "lastName": "Franklin",
        "address": "110 W. Liberty St.",
        "city": "Madison",
        "telephone": "6085551023",
        "id": 414,
        "pets": [
            
        ]
    },
    {
        "firstName": "George",
        "lastName": "Franklin",
        "address": "110 W. Liberty St.",
        "city": "Madison",
        "telephone": "6085551023",
        "id": 415,
        "pets": [
            
        ]
    },
    {
        "firstName": "George",
        "lastName": "Franklin",
        "address": "110 W. Liberty St.",
        "city": "Madison",
        "telephone": "6085551023",
        "id": 416,
        "pets": [
            
        ]
    },
    {
        "firstName": "George",
        "lastName": "Franklin",
        "address": "110 W. Liberty St.",
        "city": "Madison",
        "telephone": "6085551023",
        "id": 417,
        "pets": [
            
        ]
    },
    {
        "firstName": "George",
        "lastName": "Franklin",
        "address": "110 W. Liberty St.",
        "city": "Madison",
        "telephone": "6085551023",
        "id": 418,
        "pets": [
            
        ]
    },
    {
        "firstName": "George",
        "lastName": "Franklin",
        "address": "110 W. Liberty St.",
        "city": "Madison",
        "telephone": "6085551023",
        "id": 419,
        "pets": [
            
        ]
    },
    {
        "firstName": "George",
        "lastName": "Franklin",
        "address": "110 W. Liberty St.",
        "city": "Madison",
        "telephone": "6085551023",
        "id": 420,
        "pets": [
            
        ]
    },
    {
        "firstName": "George",
        "lastName": "Franklin",
        "address": "110 W. Liberty St.",
        "city": "Madison",
        "telephone": "6085551023",
        "id": 421,
        "pets": [
            
        ]
    },
    {
        "firstName": "George",
        "lastName": "Franklin",
        "address": "110 W. Liberty St.",
        "city": "Madison",
        "telephone": "6085551023",
        "id": 422,
        "pets": [
            
        ]
    },
    {
        "firstName": "George",
        "lastName": "Franklin",
        "address": "110 W. Liberty St.",
        "city": "Madison",
        "telephone": "6085551023",
        "id": 423,
        "pets": [
            
        ]
    },
    {
        "firstName": "George",
        "lastName": "Franklin",
        "address": "110 W. Liberty St.",
        "city": "Madison",
        "telephone": "6085551023",
        "id": 424,
        "pets": [
            
        ]
    },
    {
        "firstName": "George",
        "lastName": "Franklin",
        "address": "110 W. Liberty St.",
        "city": "Madison",
        "telephone": "6085551023",
        "id": 425,
        "pets": [
            
        ]
    },
    {
        "firstName": "George",
        "lastName": "Franklin",
        "address": "110 W. Liberty St.",
        "city": "Madison",
        "telephone": "6085551023",
        "id": 426,
        "pets": [
            
        ]
    },
    {
        "firstName": "George",
        "lastName": "Franklin",
        "address": "110 W. Liberty St.",
        "city": "Madison",
        "telephone": "6085551023",
        "id": 427,
        "pets": [
            
        ]
    },
    {
        "firstName": "George",
        "lastName": "Franklin",
        "address": "110 W. Liberty St.",
        "city": "Madison",
        "telephone": "6085551023",
        "id": 428,
        "pets": [
            
        ]
    },
    {
        "firstName": "George",
        "lastName": "Franklin",
        "address": "110 W. Liberty St.",
        "city": "Madison",
        "telephone": "6085551023",
        "id": 429,
        "pets": [
            
        ]
    },
    {
        "firstName": "George",
        "lastName": "Franklin",
        "address": "110 W. Liberty St.",
        "city": "Madison",
        "telephone": "6085551023",
        "id": 430,
        "pets": [
            
        ]
    },
    {
        "firstName": "George",
        "lastName": "Franklin",
        "address": "110 W. Liberty St.",
        "city": "Madison",
        "telephone": "6085551023",
        "id": 431,
        "pets": [
            
        ]
    },
    {
        "firstName": "George",
        "lastName": "Franklin",
        "address": "110 W. Liberty St.",
        "city": "Madison",
        "telephone": "6085551023",
        "id": 432,
        "pets": [
            
        ]
    },
    {
        "firstName": "George",
        "lastName": "Franklin",
        "address": "110 W. Liberty St.",
        "city": "Madison",
        "telephone": "6085551023",
        "id": 433,
        "pets": [
            
        ]
    },
    {
        "firstName": "George",
        "lastName": "Franklin",
        "address": "110 W. Liberty St.",
        "city": "Madison",
        "telephone": "6085551023",
        "id": 434,
        "pets": [
            
        ]
    },
    {
        "firstName": "George",
        "lastName": "Franklin",
        "address": "110 W. Liberty St.",
        "city": "Madison",
        "telephone": "6085551023",
        "id": 435,
        "pets": [
            
        ]
    },
    {
        "firstName": "George",
        "lastName": "Franklin",
        "address": "110 W. Liberty St.",
        "city": "Madison",
        "telephone": "6085551023",
        "id": 436,
        "pets": [
            
        ]
    },
    {
        "firstName": "George",
        "lastName": "Franklin",
        "address": "110 W. Liberty St.",
        "city": "Madison",
        "telephone": "6085551023",
        "id": 437,
        "pets": [
            
        ]
    },
    {
        "firstName": "George",
        "lastName": "Franklin",
        "address": "110 W. Liberty St.",
        "city": "Madison",
        "telephone": "6085551023",
        "id": 438,
        "pets": [
            
        ]
    },
    {
        "firstName": "George",
        "lastName": "Franklin",
        "address": "110 W. Liberty St.",
        "city": "Madison",
        "telephone": "6085551023",
        "id": 439,
        "pets": [
            
        ]
    },
    {
        "firstName": "George",
        "lastName": "Franklin",
        "address": "110 W. Liberty St.",
        "city": "Madison",
        "telephone": "6085551023",
        "id": 440,
        "pets": [
            
        ]
    },
    {
        "firstName": "George",
        "lastName": "Franklin",
        "address": "110 W. Liberty St.",
        "city": "Madison",
        "telephone": "6085551023",
        "id": 441,
        "pets": [
            
        ]
    },
    {
        "firstName": "George",
        "lastName": "Franklin",
        "address": "110 W. Liberty St.",
        "city": "Madison",
        "telephone": "6085551023",
        "id": 442,
        "pets": [
            
        ]
    },
    {
        "firstName": "George",
        "lastName": "Franklin",
        "address": "110 W. Liberty St.",
        "city": "Madison",
        "telephone": "6085551023",
        "id": 443,
        "pets": [
            
        ]
    },
    {
        "firstName": "George",
        "lastName": "Franklin",
        "address": "110 W. Liberty St.",
        "city": "Madison",
        "telephone": "6085551023",
        "id": 444,
        "pets": [
            
        ]
    },
    {
        "firstName": "George",
        "lastName": "Franklin",
        "address": "110 W. Liberty St.",
        "city": "Madison",
        "telephone": "6085551023",
        "id": 445,
        "pets": [
            
        ]
    },
    {
        "firstName": "George",
        "lastName": "Franklin",
        "address": "110 W. Liberty St.",
        "city": "Madison",
        "telephone": "6085551023",
        "id": 446,
        "pets": [
            
        ]
    },
    {
        "firstName": "George",
        "lastName": "Franklin",
        "address": "110 W. Liberty St.",
        "city": "Madison",
        "telephone": "6085551023",
        "id": 447,
        "pets": [
            
        ]
    },
    {
        "firstName": "George",
        "lastName": "Franklin",
        "address": "110 W. Liberty St.",
        "city": "Madison",
        "telephone": "6085551023",
        "id": 448,
        "pets": [
            
        ]
    },
    {
        "firstName": "George",
        "lastName": "Franklin",
        "address": "110 W. Liberty St.",
        "city": "Madison",
        "telephone": "6085551023",
        "id": 449,
        "pets": [
            
        ]
    },
    {
        "firstName": "George",
        "lastName": "Franklin",
        "address": "110 W. Liberty St.",
        "city": "Madison",
        "telephone": "6085551023",
        "id": 450,
        "pets": [
            
        ]
    },
    {
        "firstName": "George",
        "lastName": "Franklin",
        "address": "110 W. Liberty St.",
        "city": "Madison",
        "telephone": "6085551023",
        "id": 451,
        "pets": [
            
        ]
    },
    {
        "firstName": "George",
        "lastName": "Franklin",
        "address": "110 W. Liberty St.",
        "city": "Madison",
        "telephone": "6085551023",
        "id": 452,
        "pets": [
            
        ]
    },
    {
        "firstName": "George",
        "lastName": "Franklin",
        "address": "110 W. Liberty St.",
        "city": "Madison",
        "telephone": "6085551023",
        "id": 453,
        "pets": [
            
        ]
    },
    {
        "firstName": "George",
        "lastName": "Franklin",
        "address": "110 W. Liberty St.",
        "city": "Madison",
        "telephone": "6085551023",
        "id": 454,
        "pets": [
            
        ]
    },
    {
        "firstName": "George",
        "lastName": "Franklin",
        "address": "110 W. Liberty St.",
        "city": "Madison",
        "telephone": "6085551023",
        "id": 455,
        "pets": [
            
        ]
    },
    {
        "firstName": "George",
        "lastName": "Franklin",
        "address": "110 W. Liberty St.",
        "city": "Madison",
        "telephone": "6085551023",
        "id": 456,
        "pets": [
            
        ]
    },
    {
        "firstName": "George",
        "lastName": "Franklin",
        "address": "110 W. Liberty St.",
        "city": "Madison",
        "telephone": "6085551023",
        "id": 457,
        "pets": [
            
        ]
    },
    {
        "firstName": "George",
        "lastName": "Franklin",
        "address": "110 W. Liberty St.",
        "city": "Madison",
        "telephone": "6085551023",
        "id": 458,
        "pets": [
            
        ]
    },
    {
        "firstName": "George",
        "lastName": "Franklin",
        "address": "110 W. Liberty St.",
        "city": "Madison",
        "telephone": "6085551023",
        "id": 459,
        "pets": [
            
        ]
    },
    {
        "firstName": "George",
        "lastName": "Franklin",
        "address": "110 W. Liberty St.",
        "city": "Madison",
        "telephone": "6085551023",
        "id": 460,
        "pets": [
            
        ]
    },
    {
        "firstName": "George",
        "lastName": "Franklin",
        "address": "110 W. Liberty St.",
        "city": "Madison",
        "telephone": "6085551023",
        "id": 461,
        "pets": [
            
        ]
    },
    {
        "firstName": "George",
        "lastName": "Franklin",
        "address": "110 W. Liberty St.",
        "city": "Madison",
        "telephone": "6085551023",
        "id": 462,
        "pets": [
            
        ]
    },
    {
        "firstName": "George",
        "lastName": "Franklin",
        "address": "110 W. Liberty St.",
        "city": "Madison",
        "telephone": "6085551023",
        "id": 463,
        "pets": [
            
        ]
    },
    {
        "firstName": "George",
        "lastName": "Franklin",
        "address": "110 W. Liberty St.",
        "city": "Madison",
        "telephone": "6085551023",
        "id": 464,
        "pets": [
            
        ]
    },
    {
        "firstName": "George",
        "lastName": "Franklin",
        "address": "110 W. Liberty St.",
        "city": "Madison",
        "telephone": "6085551023",
        "id": 465,
        "pets": [
            
        ]
    },
    {
        "firstName": "George",
        "lastName": "Franklin",
        "address": "110 W. Liberty St.",
        "city": "Madison",
        "telephone": "6085551023",
        "id": 466,
        "pets": [
            
        ]
    },
    {
        "firstName": "George",
        "lastName": "Franklin",
        "address": "110 W. Liberty St.",
        "city": "Madison",
        "telephone": "6085551023",
        "id": 467,
        "pets": [
            
        ]
    },
    {
        "firstName": "George",
        "lastName": "Franklin",
        "address": "110 W. Liberty St.",
        "city": "Madison",
        "telephone": "6085551023",
        "id": 468,
        "pets": [
            
        ]
    },
    {
        "firstName": "George",
        "lastName": "Franklin",
        "address": "110 W. Liberty St.",
        "city": "Madison",
        "telephone": "6085551023",
        "id": 469,
        "pets": [
            
        ]
    },
    {
        "firstName": "George",
        "lastName": "Franklin",
        "address": "110 W. Liberty St.",
        "city": "Madison",
        "telephone": "6085551023",
        "id": 470,
        "pets": [
            
        ]
    },
    {
        "firstName": "George",
        "lastName": "Franklin",
        "address": "110 W. Liberty St.",
        "city": "Madison",
        "telephone": "6085551023",
        "id": 471,
        "pets": [
            
        ]
    },
    {
        "firstName": "George",
        "lastName": "Franklin",
        "address": "110 W. Liberty St.",
        "city": "Madison",
        "telephone": "6085551023",
        "id": 472,
        "pets": [
            
        ]
    },
    {
        "firstName": "George",
        "lastName": "Franklin",
        "address": "110 W. Liberty St.",
        "city": "Madison",
        "telephone": "6085551023",
        "id": 473,
        "pets": [
            
        ]
    },
    {
        "firstName": "George",
        "lastName": "Franklin",
        "address": "110 W. Liberty St.",
        "city": "Madison",
        "telephone": "6085551023",
        "id": 474,
        "pets": [
            
        ]
    },
    {
        "firstName": "George",
        "lastName": "Franklin",
        "address": "110 W. Liberty St.",
        "city": "Madison",
        "telephone": "6085551023",
        "id": 475,
        "pets": [
            
        ]
    },
    {
        "firstName": "George",
        "lastName": "Franklin",
        "address": "110 W. Liberty St.",
        "city": "Madison",
        "telephone": "6085551023",
        "id": 476,
        "pets": [
            
        ]
    },
    {
        "firstName": "George",
        "lastName": "Franklin",
        "address": "110 W. Liberty St.",
        "city": "Madison",
        "telephone": "6085551023",
        "id": 477,
        "pets": [
            
        ]
    },
    {
        "firstName": "George",
        "lastName": "Franklin",
        "address": "110 W. Liberty St.",
        "city": "Madison",
        "telephone": "6085551023",
        "id": 478,
        "pets": [
            
        ]
    },
    {
        "firstName": "George",
        "lastName": "Franklin",
        "address": "110 W. Liberty St.",
        "city": "Madison",
        "telephone": "6085551023",
        "id": 479,
        "pets": [
            
        ]
    },
    {
        "firstName": "George",
        "lastName": "Franklin",
        "address": "110 W. Liberty St.",
        "city": "Madison",
        "telephone": "6085551023",
        "id": 480,
        "pets": [
            
        ]
    },
    {
        "firstName": "George",
        "lastName": "Franklin",
        "address": "110 W. Liberty St.",
        "city": "Madison",
        "telephone": "6085551023",
        "id": 481,
        "pets": [
            
        ]
    },
    {
        "firstName": "George",
        "lastName": "Franklin",
        "address": "110 W. Liberty St.",
        "city": "Madison",
        "telephone": "6085551023",
        "id": 482,
        "pets": [
            
        ]
    },
    {
        "firstName": "George",
        "lastName": "Franklin",
        "address": "110 W. Liberty St.",
        "city": "Madison",
        "telephone": "6085551023",
        "id": 483,
        "pets": [
            
        ]
    },
    {
        "firstName": "George",
        "lastName": "Franklin",
        "address": "110 W. Liberty St.",
        "city": "Madison",
        "telephone": "6085551023",
        "id": 484,
        "pets": [
            
        ]
    },
    {
        "firstName": "George",
        "lastName": "Franklin",
        "address": "110 W. Liberty St.",
        "city": "Madison",
        "telephone": "6085551023",
        "id": 485,
        "pets": [
            
        ]
    },
    {
        "firstName": "George",
        "lastName": "Franklin",
        "address": "110 W. Liberty St.",
        "city": "Madison",
        "telephone": "6085551023",
        "id": 486,
        "pets": [
            
        ]
    },
    {
        "firstName": "George",
        "lastName": "Franklin",
        "address": "110 W. Liberty St.",
        "city": "Madison",
        "telephone": "6085551023",
        "id": 487,
        "pets": [
            
        ]
    },
    {
        "firstName": "George",
        "lastName": "Franklin",
        "address": "110 W. Liberty St.",
        "city": "Madison",
        "telephone": "6085551023",
        "id": 488,
        "pets": [
            
        ]
    },
    {
        "firstName": "George",
        "lastName": "Franklin",
        "address": "110 W. Liberty St.",
        "city": "Madison",
        "telephone": "6085551023",
        "id": 489,
        "pets": [
            
        ]
    },
    {
        "firstName": "George",
        "lastName": "Franklin",
        "address": "110 W. Liberty St.",
        "city": "Madison",
        "telephone": "6085551023",
        "id": 490,
        "pets": [
            
        ]
    },
    {
        "firstName": "George",
        "lastName": "Franklin",
        "address": "110 W. Liberty St.",
        "city": "Madison",
        "telephone": "6085551023",
        "id": 491,
        "pets": [
            
        ]
    },
    {
        "firstName": "George",
        "lastName": "Franklin",
        "address": "110 W. Liberty St.",
        "city": "Madison",
        "telephone": "6085551023",
        "id": 492,
        "pets": [
            
        ]
    },
    {
        "firstName": "George",
        "lastName": "Franklin",
        "address": "110 W. Liberty St.",
        "city": "Madison",
        "telephone": "6085551023",
        "id": 493,
        "pets": [
            
        ]
    },
    {
        "firstName": "George",
        "lastName": "Franklin",
        "address": "110 W. Liberty St.",
        "city": "Madison",
        "telephone": "6085551023",
        "id": 494,
        "pets": [
            
        ]
    },
    {
        "firstName": "George",
        "lastName": "Franklin",
        "address": "110 W. Liberty St.",
        "city": "Madison",
        "telephone": "6085551023",
        "id": 495,
        "pets": [
            
        ]
    },
    {
        "firstName": "George",
        "lastName": "Franklin",
        "address": "110 W. Liberty St.",
        "city": "Madison",
        "telephone": "6085551023",
        "id": 496,
        "pets": [
            
        ]
    },
    {
        "firstName": "George",
        "lastName": "Franklin",
        "address": "110 W. Liberty St.",
        "city": "Madison",
        "telephone": "6085551023",
        "id": 497,
        "pets": [
            
        ]
    },
    {
        "firstName": "George",
        "lastName": "Franklin",
        "address": "110 W. Liberty St.",
        "city": "Madison",
        "telephone": "6085551023",
        "id": 498,
        "pets": [
            
        ]
    },
    {
        "firstName": "George",
        "lastName": "Franklin",
        "address": "110 W. Liberty St.",
        "city": "Madison",
        "telephone": "6085551023",
        "id": 499,
        "pets": [
            
        ]
    },
    {
        "firstName": "George",
        "lastName": "Franklin",
        "address": "110 W. Liberty St.",
        "city": "Madison",
        "telephone": "6085551023",
        "id": 500,
        "pets": [
            
        ]
    },
    {
        "firstName": "George",
        "lastName": "Franklin",
        "address": "110 W. Liberty St.",
        "city": "Madison",
        "telephone": "6085551023",
        "id": 501,
        "pets": [
            
        ]
    },
    {
        "firstName": "George",
        "lastName": "Franklin",
        "address": "110 W. Liberty St.",
        "city": "Madison",
        "telephone": "6085551023",
        "id": 502,
        "pets": [
            
        ]
    },
    {
        "firstName": "George",
        "lastName": "Franklin",
        "address": "110 W. Liberty St.",
        "city": "Madison",
        "telephone": "6085551023",
        "id": 503,
        "pets": [
            
        ]
    },
    {
        "firstName": "George",
        "lastName": "Franklin",
        "address": "110 W. Liberty St.",
        "city": "Madison",
        "telephone": "6085551023",
        "id": 504,
        "pets": [
            
        ]
    },
    {
        "firstName": "George",
        "lastName": "Franklin",
        "address": "110 W. Liberty St.",
        "city": "Madison",
        "telephone": "6085551023",
        "id": 505,
        "pets": [
            
        ]
    },
    {
        "firstName": "George",
        "lastName": "Franklin",
        "address": "110 W. Liberty St.",
        "city": "Madison",
        "telephone": "6085551023",
        "id": 506,
        "pets": [
            
        ]
    },
    {
        "firstName": "George",
        "lastName": "Franklin",
        "address": "110 W. Liberty St.",
        "city": "Madison",
        "telephone": "6085551023",
        "id": 507,
        "pets": [
            
        ]
    },
    {
        "firstName": "George",
        "lastName": "Franklin",
        "address": "110 W. Liberty St.",
        "city": "Madison",
        "telephone": "6085551023",
        "id": 508,
        "pets": [
            
        ]
    },
    {
        "firstName": "George",
        "lastName": "Franklin",
        "address": "110 W. Liberty St.",
        "city": "Madison",
        "telephone": "6085551023",
        "id": 509,
        "pets": [
            
        ]
    },
    {
        "firstName": "George",
        "lastName": "Franklin",
        "address": "110 W. Liberty St.",
        "city": "Madison",
        "telephone": "6085551023",
        "id": 510,
        "pets": [
            
        ]
    },
    {
        "firstName": "George",
        "lastName": "Franklin",
        "address": "110 W. Liberty St.",
        "city": "Madison",
        "telephone": "6085551023",
        "id": 511,
        "pets": [
            
        ]
    },
    {
        "firstName": "George",
        "lastName": "Franklin",
        "address": "110 W. Liberty St.",
        "city": "Madison",
        "telephone": "6085551023",
        "id": 512,
        "pets": [
            
        ]
    },
    {
        "firstName": "George",
        "lastName": "Franklin",
        "address": "110 W. Liberty St.",
        "city": "Madison",
        "telephone": "6085551023",
        "id": 513,
        "pets": [
            
        ]
    },
    {
        "firstName": "George",
        "lastName": "Franklin",
        "address": "110 W. Liberty St.",
        "city": "Madison",
        "telephone": "6085551023",
        "id": 514,
        "pets": [
            
        ]
    },
    {
        "firstName": "George",
        "lastName": "Franklin",
        "address": "110 W. Liberty St.",
        "city": "Madison",
        "telephone": "6085551023",
        "id": 515,
        "pets": [
            
        ]
    },
    {
        "firstName": "George",
        "lastName": "Franklin",
        "address": "110 W. Liberty St.",
        "city": "Madison",
        "telephone": "6085551023",
        "id": 516,
        "pets": [
            
        ]
    },
    {
        "firstName": "George",
        "lastName": "Franklin",
        "address": "110 W. Liberty St.",
        "city": "Madison",
        "telephone": "6085551023",
        "id": 517,
        "pets": [
            
        ]
    },
    {
        "firstName": "George",
        "lastName": "Franklin",
        "address": "110 W. Liberty St.",
        "city": "Madison",
        "telephone": "6085551023",
        "id": 518,
        "pets": [
            
        ]
    },
    {
        "firstName": "George",
        "lastName": "Franklin",
        "address": "110 W. Liberty St.",
        "city": "Madison",
        "telephone": "6085551023",
        "id": 519,
        "pets": [
            
        ]
    },
    {
        "firstName": "George",
        "lastName": "Franklin",
        "address": "110 W. Liberty St.",
        "city": "Madison",
        "telephone": "6085551023",
        "id": 520,
        "pets": [
            
        ]
    },
    {
        "firstName": "George",
        "lastName": "Franklin",
        "address": "110 W. Liberty St.",
        "city": "Madison",
        "telephone": "6085551023",
        "id": 521,
        "pets": [
            
        ]
    },
    {
        "firstName": "George",
        "lastName": "Franklin",
        "address": "110 W. Liberty St.",
        "city": "Madison",
        "telephone": "6085551023",
        "id": 522,
        "pets": [
            
        ]
    },
    {
        "firstName": "George",
        "lastName": "Franklin",
        "address": "110 W. Liberty St.",
        "city": "Madison",
        "telephone": "6085551023",
        "id": 523,
        "pets": [
            
        ]
    },
    {
        "firstName": "A",
        "lastName": "LNWYxjd",
        "address": "Address: gCo61",
        "city": "City: YMpoj",
        "telephone": "36666294",
        "id": 524,
        "pets": [
            
        ]
    }
]
  &amp#27;[32mThen &amp#27;[0m&amp#27;[32mnew owner is present in owners list&amp#27;[0m                          &amp#27;[90m# tuichalange.steps.OwnerSteps.newOwnerIsPresentInOwnersList()&amp#27;[0m
]]></system-out>
    <system-err><![CDATA[Jan 20, 2024 5:33:22 PM io.cucumber.junit.platform.engine.DiscoverySelectorResolver warnWhenCucumberFeaturesPropertyIsUsed
WARNING: Discovering tests using the cucumber.features property. Other discovery selectors are ignored!
Please request/upvote/sponsor/ect better support for JUnit 5 discovery selectors.
See: https://github.com/cucumber/cucumber-jvm/pull/2498
SLF4J: Failed to load class "org.slf4j.impl.StaticLoggerBinder".
SLF4J: Defaulting to no-operation (NOP) logger implementation
SLF4J: See http://www.slf4j.org/codes.html#StaticLoggerBinder for further details.
]]></system-err>
  </testcase>
  <testcase name="Example #1.1" classname="Examples" time="0.0">
    <skipped message="&apos;cucumber.filter.tags=@Smoke&apos; did not match this scenario"/>
  </testcase>
  <testcase name="Example #1.1" classname="Examples" time="0.0">
    <skipped message="&apos;cucumber.filter.tags=@Smoke&apos; did not match this scenario"/>
  </testcase>
  <testcase name="Example #1.1" classname="Examples" time="0.0">
    <skipped message="&apos;cucumber.filter.tags=@Smoke&apos; did not match this scenario"/>
  </testcase>
  <testcase name="Example #1.1" classname="Examples" time="0.0">
    <skipped message="&apos;cucumber.filter.tags=@Smoke&apos; did not match this scenario"/>
  </testcase>
  <testcase name="Example #1.1" classname="Examples" time="0.0">
    <skipped message="&apos;cucumber.filter.tags=@Smoke&apos; did not match this scenario"/>
  </testcase>
  <testcase name="Example #1.1" classname="Examples" time="0.0">
    <skipped message="&apos;cucumber.filter.tags=@Smoke&apos; did not match this scenario"/>
  </testcase>
  <testcase name="Example #1.1" classname="Examples" time="0.0">
    <skipped message="&apos;cucumber.filter.tags=@Smoke&apos; did not match this scenario"/>
  </testcase>
  <testcase name="Example #1.1" classname="Examples" time="0.0">
    <skipped message="&apos;cucumber.filter.tags=@Smoke&apos; did not match this scenario"/>
  </testcase>
  <testcase name="Example #1.1" classname="Examples" time="0.0">
    <skipped message="&apos;cucumber.filter.tags=@Smoke&apos; did not match this scenario"/>
  </testcase>
  <testcase name="Example #1.1" classname="Examples" time="0.0">
    <skipped message="&apos;cucumber.filter.tags=@Smoke&apos; did not match this scenario"/>
  </testcase>
  <testcase name="Example #1.1" classname="Examples" time="0.0">
    <skipped message="&apos;cucumber.filter.tags=@Smoke&apos; did not match this scenario"/>
  </testcase>
  <testcase name="Example #1.1" classname="Examples" time="0.0">
    <skipped message="&apos;cucumber.filter.tags=@Smoke&apos; did not match this scenario"/>
  </testcase>
  <testcase name="Example #1.1" classname="Examples" time="0.0">
    <skipped message="&apos;cucumber.filter.tags=@Smoke&apos; did not match this scenario"/>
  </testcase>
  <testcase name="Example #1.1" classname="Examples" time="0.0">
    <skipped message="&apos;cucumber.filter.tags=@Smoke&apos; did not match this scenario"/>
  </testcase>
  <testcase name="Example #1.1" classname="Examples" time="0.0">
    <skipped message="&apos;cucumber.filter.tags=@Smoke&apos; did not match this scenario"/>
  </testcase>
  <testcase name="Example #1.1" classname="Examples" time="0.0">
    <skipped message="&apos;cucumber.filter.tags=@Smoke&apos; did not match this scenario"/>
  </testcase>
  <testcase name="Example #1.1" classname="Examples" time="0.0">
    <skipped message="&apos;cucumber.filter.tags=@Smoke&apos; did not match this scenario"/>
  </testcase>
  <testcase name="Example #1.1" classname="Examples" time="0.0">
    <skipped message="&apos;cucumber.filter.tags=@Smoke&apos; did not match this scenario"/>
  </testcase>
  <testcase name="Example #1.1" classname="Examples" time="0.0">
    <skipped message="&apos;cucumber.filter.tags=@Smoke&apos; did not match this scenario"/>
  </testcase>
  <testcase name="Example #1.1" classname="Examples" time="0.0">
    <skipped message="&apos;cucumber.filter.tags=@Smoke&apos; did not match this scenario"/>
  </testcase>
  <testcase name="Example #1.1" classname="Examples" time="0.068">
    <failure message="expected: &lt;201&gt; but was: &lt;400&gt;" type="org.opentest4j.AssertionFailedError"><![CDATA[org.opentest4j.AssertionFailedError: expected: <201> but was: <400>
	at tuichalange.actions.ApiActions.createPetWithOwner(ApiActions.java:152)
	at tuichalange.steps.PetSteps.userCreatesOwnerPetsWithName(PetSteps.java:64)
	at ✽.user creates pet with owner with name (file:///Users/apetrova/Documents/examples/src/test/resources/tuichalange/features/pet/createPetTests.feature:18)
]]></failure>
    <system-out><![CDATA[
@Smoke
Scenario Outline: New owner pet is created successfully with name &amp#27;[90m# src/test/resources/tuichalange/features/pet/createPetTests.feature:22&amp#27;[0m
Request method:	POST
Request URI:	http://localhost:9966/petclinic/api/owners
Proxy:			<none>
Request params:	<none>
Query params:	<none>
Form params:	<none>
Path params:	<none>
Headers:		Accept=*/*
				Content-Type=application/json
Cookies:		<none>
Multiparts:		<none>
Body:
{
    "firstName": "FNzZHLy",
    "lastName": "LNAuSJd",
    "address": "Address: 7DpaC",
    "city": "City: p1egE",
    "telephone": "82940237"
}
HTTP/1.1 201 
Vary: Origin
Vary: Access-Control-Request-Method
Vary: Access-Control-Request-Headers
Location: /api/owners/527
X-Content-Type-Options: nosniff
X-XSS-Protection: 0
Cache-Control: no-cache, no-store, max-age=0, must-revalidate
Pragma: no-cache
Expires: 0
X-Frame-Options: DENY
Content-Type: application/json
Transfer-Encoding: chunked
Date: Sat, 20 Jan 2024 15:33:23 GMT
Keep-Alive: timeout=60
Connection: keep-alive

{
    "firstName": "FNzZHLy",
    "lastName": "LNAuSJd",
    "address": "Address: 7DpaC",
    "city": "City: p1egE",
    "telephone": "82940237",
    "id": 527,
    "pets": [
        
    ]
}
  &amp#27;[32mGiven &amp#27;[0m&amp#27;[32muser creates pets owner&amp#27;[0m                                   &amp#27;[90m# tuichalange.steps.OwnerSteps.userCreatesOwner()&amp#27;[0m
Request method:	POST
Request URI:	http://localhost:9966/petclinic/api/owners/527/pets
Proxy:			<none>
Request params:	<none>
Query params:	<none>
Form params:	<none>
Path params:	ownerId=527
Headers:		Accept=*/*
				Content-Type=application/json
Cookies:		<none>
Multiparts:		<none>
Body:
{
    "name": "",
    "birthDate": "2022-09-09",
    "type": {
        "name": "cat",
        "id": 1
    }
}
HTTP/1.1 400 
Vary: Origin
Vary: Access-Control-Request-Method
Vary: Access-Control-Request-Headers
X-Content-Type-Options: nosniff
X-XSS-Protection: 0
Cache-Control: no-cache, no-store, max-age=0, must-revalidate
Pragma: no-cache
Expires: 0
X-Frame-Options: DENY
Content-Type: text/plain;charset=UTF-8
Content-Length: 156
Date: Sat, 20 Jan 2024 15:33:23 GMT
Connection: close

{"className":"org.springframework.dao.IncorrectResultSizeDataAccessException","exMessage":"Query did not return a unique result: 231 results were returned"}
  &amp#27;[31mWhen &amp#27;[0m&amp#27;[31muser creates pet with owner with name &amp#27;[0m&amp#27;[31m&amp#27;[1m&amp#27;[0m                     &amp#27;[90m# tuichalange.steps.PetSteps.userCreatesOwnerPetsWithName(java.lang.String)&amp#27;[0m
      &amp#27;[31morg.opentest4j.AssertionFailedError: expected: <201> but was: <400>
	at org.junit.jupiter.api.AssertionFailureBuilder.build(AssertionFailureBuilder.java:151)
	at org.junit.jupiter.api.AssertionFailureBuilder.buildAndThrow(AssertionFailureBuilder.java:132)
	at org.junit.jupiter.api.AssertEquals.failNotEqual(AssertEquals.java:197)
	at org.junit.jupiter.api.AssertEquals.assertEquals(AssertEquals.java:150)
	at org.junit.jupiter.api.AssertEquals.assertEquals(AssertEquals.java:145)
	at org.junit.jupiter.api.Assertions.assertEquals(Assertions.java:531)
	at tuichalange.actions.ApiActions.createPetWithOwner(ApiActions.java:152)
	at tuichalange.steps.PetSteps.userCreatesOwnerPetsWithName(PetSteps.java:64)
	at ✽.user creates pet with owner with name (file:///Users/apetrova/Documents/examples/src/test/resources/tuichalange/features/pet/createPetTests.feature:18)
&amp#27;[0m
  &amp#27;[36mThen &amp#27;[0m&amp#27;[36mnew pet is present in pets list&amp#27;[0m                            &amp#27;[90m# tuichalange.steps.PetSteps.newPetIsPresentInPetsList()&amp#27;[0m
]]></system-out>
  </testcase>
  <testcase name="Example #1.1" classname="Examples" time="0.0">
    <skipped message="&apos;cucumber.filter.tags=@Smoke&apos; did not match this scenario"/>
  </testcase>
  <testcase name="Example #1.1" classname="Examples" time="0.0">
    <skipped message="&apos;cucumber.filter.tags=@Smoke&apos; did not match this scenario"/>
  </testcase>
  <testcase name="Example #1.1" classname="Examples" time="0.047">
    <system-out><![CDATA[
@Smoke
Scenario Outline: New pet type is present in pet type list &amp#27;[90m# src/test/resources/tuichalange/features/pettypes/createPetTypesTests.feature:10&amp#27;[0m
Request method:	GET
Request URI:	http://localhost:9966/petclinic/api/pettypes
Proxy:			<none>
Request params:	<none>
Query params:	<none>
Form params:	<none>
Path params:	<none>
Headers:		Accept=*/*
				Content-Type=application/json
Cookies:		<none>
Multiparts:		<none>
Body:			<none>
HTTP/1.1 200 
Vary: Origin
Vary: Access-Control-Request-Method
Vary: Access-Control-Request-Headers
X-Content-Type-Options: nosniff
X-XSS-Protection: 0
Cache-Control: no-cache, no-store, max-age=0, must-revalidate
Pragma: no-cache
Expires: 0
X-Frame-Options: DENY
Content-Type: application/json
Transfer-Encoding: chunked
Date: Sat, 20 Jan 2024 15:33:23 GMT
Keep-Alive: timeout=60
Connection: keep-alive

[
    {
        "name": "cat",
        "id": 1
    },
    {
        "name": "Leo",
        "id": 2
    },
    {
        "name": "lizard",
        "id": 3
    },
    {
        "name": "snake",
        "id": 4
    },
    {
        "name": "bird",
        "id": 5
    },
    {
        "name": "hamster",
        "id": 6
    },
    {
        "name": "P",
        "id": 7
    },
    {
        "name": "testPet",
        "id": 8
    },
    {
        "name": "123",
        "id": 9
    },
    {
        "name": "testPet_!$%@/123",
        "id": 10
    },
    {
        "name": "testnamewith80charstestnamewith80charstestnamewith80charstestnamewith80charstest",
        "id": 11
    },
    {
        "name": "testPetType",
        "id": 13
    },
    {
        "name": "testPet2",
        "id": 14
    },
    {
        "name": "T",
        "id": 15
    },
    {
        "name": "1234",
        "id": 16
    },
    {
        "name": "testPet_!$%@/124",
        "id": 17
    },
    {
        "name": "testnamewith80charstestnamewith80charstestnamewith80charstestnamewith80charsteOO",
        "id": 18
    },
    {
        "name": "testPet",
        "id": 19
    },
    {
        "name": "testPet",
        "id": 20
    },
    {
        "name": "testPet",
        "id": 21
    },
    {
        "name": "P",
        "id": 22
    },
    {
        "name": "testPet",
        "id": 23
    },
    {
        "name": "123",
        "id": 24
    },
    {
        "name": "testPet_!$%@/123",
        "id": 25
    },
    {
        "name": "testnamewith80charstestnamewith80charstestnamewith80charstestnamewith80charstest",
        "id": 26
    },
    {
        "name": "testPetType",
        "id": 28
    },
    {
        "name": "testPet2",
        "id": 29
    },
    {
        "name": "T",
        "id": 30
    },
    {
        "name": "1234",
        "id": 31
    },
    {
        "name": "testPet_!$%@/124",
        "id": 32
    },
    {
        "name": "testnamewith80charstestnamewith80charstestnamewith80charstestnamewith80charsteOO",
        "id": 33
    },
    {
        "name": "testPet",
        "id": 34
    },
    {
        "name": "testPet",
        "id": 35
    },
    {
        "name": "testPet",
        "id": 36
    },
    {
        "name": "P",
        "id": 37
    },
    {
        "name": "testPet",
        "id": 38
    },
    {
        "name": "123",
        "id": 39
    },
    {
        "name": "testPet_!$%@/123",
        "id": 40
    },
    {
        "name": "testnamewith80charstestnamewith80charstestnamewith80charstestnamewith80charstest",
        "id": 41
    },
    {
        "name": "testPetType",
        "id": 43
    },
    {
        "name": "testPet2",
        "id": 44
    },
    {
        "name": "T",
        "id": 45
    },
    {
        "name": "1234",
        "id": 46
    },
    {
        "name": "testPet_!$%@/124",
        "id": 47
    },
    {
        "name": "testnamewith80charstestnamewith80charstestnamewith80charstestnamewith80charsteOO",
        "id": 48
    },
    {
        "name": "testPet",
        "id": 49
    },
    {
        "name": "testPet",
        "id": 50
    },
    {
        "name": "testPet",
        "id": 51
    },
    {
        "name": "P",
        "id": 52
    },
    {
        "name": "testPet",
        "id": 53
    },
    {
        "name": "123",
        "id": 54
    },
    {
        "name": "testPet_!$%@/123",
        "id": 55
    },
    {
        "name": "testnamewith80charstestnamewith80charstestnamewith80charstestnamewith80charstest",
        "id": 56
    },
    {
        "name": "cat",
        "id": 57
    },
    {
        "name": "cat",
        "id": 58
    },
    {
        "name": "cat",
        "id": 59
    },
    {
        "name": "cat",
        "id": 60
    },
    {
        "name": "cat",
        "id": 61
    },
    {
        "name": "cat",
        "id": 62
    },
    {
        "name": "cat",
        "id": 63
    },
    {
        "name": "cat",
        "id": 64
    },
    {
        "name": "cat",
        "id": 65
    },
    {
        "name": "cat",
        "id": 66
    },
    {
        "name": "cat",
        "id": 67
    },
    {
        "name": "cat",
        "id": 68
    },
    {
        "name": "cat",
        "id": 69
    },
    {
        "name": "cat",
        "id": 70
    },
    {
        "name": "cat",
        "id": 71
    },
    {
        "name": "cat",
        "id": 72
    },
    {
        "name": "cat",
        "id": 73
    },
    {
        "name": "cat",
        "id": 74
    },
    {
        "name": "cat",
        "id": 75
    },
    {
        "name": "cat",
        "id": 76
    },
    {
        "name": "cat",
        "id": 77
    },
    {
        "name": "cat",
        "id": 78
    },
    {
        "name": "cat",
        "id": 79
    },
    {
        "name": "cat",
        "id": 80
    },
    {
        "name": "cat",
        "id": 81
    },
    {
        "name": "cat",
        "id": 82
    },
    {
        "name": "cat",
        "id": 83
    },
    {
        "name": "cat",
        "id": 84
    },
    {
        "name": "cat",
        "id": 85
    },
    {
        "name": "cat",
        "id": 86
    },
    {
        "name": "cat",
        "id": 87
    },
    {
        "name": "cat",
        "id": 88
    },
    {
        "name": "cat",
        "id": 89
    },
    {
        "name": "cat",
        "id": 90
    },
    {
        "name": "cat",
        "id": 91
    },
    {
        "name": "cat",
        "id": 92
    },
    {
        "name": "cat",
        "id": 93
    },
    {
        "name": "cat",
        "id": 94
    },
    {
        "name": "cat",
        "id": 95
    },
    {
        "name": "cat",
        "id": 96
    },
    {
        "name": "cat",
        "id": 97
    },
    {
        "name": "cat",
        "id": 98
    },
    {
        "name": "cat",
        "id": 99
    },
    {
        "name": "cat",
        "id": 100
    },
    {
        "name": "cat",
        "id": 101
    },
    {
        "name": "cat",
        "id": 102
    },
    {
        "name": "cat",
        "id": 103
    },
    {
        "name": "cat",
        "id": 104
    },
    {
        "name": "cat",
        "id": 105
    },
    {
        "name": "cat",
        "id": 106
    },
    {
        "name": "cat",
        "id": 107
    },
    {
        "name": "cat",
        "id": 108
    },
    {
        "name": "cat",
        "id": 109
    },
    {
        "name": "cat",
        "id": 110
    },
    {
        "name": "cat",
        "id": 111
    },
    {
        "name": "cat",
        "id": 112
    },
    {
        "name": "cat",
        "id": 113
    },
    {
        "name": "cat",
        "id": 114
    },
    {
        "name": "cat",
        "id": 115
    },
    {
        "name": "cat",
        "id": 116
    },
    {
        "name": "cat",
        "id": 117
    },
    {
        "name": "cat",
        "id": 118
    },
    {
        "name": "cat",
        "id": 119
    },
    {
        "name": "cat",
        "id": 120
    },
    {
        "name": "cat",
        "id": 121
    },
    {
        "name": "cat",
        "id": 122
    },
    {
        "name": "cat",
        "id": 123
    },
    {
        "name": "cat",
        "id": 124
    },
    {
        "name": "cat",
        "id": 125
    },
    {
        "name": "cat",
        "id": 126
    },
    {
        "name": "cat",
        "id": 127
    },
    {
        "name": "cat",
        "id": 128
    },
    {
        "name": "cat",
        "id": 129
    },
    {
        "name": "cat",
        "id": 130
    },
    {
        "name": "cat",
        "id": 131
    },
    {
        "name": "cat",
        "id": 132
    },
    {
        "name": "cat",
        "id": 133
    },
    {
        "name": "cat",
        "id": 134
    },
    {
        "name": "cat",
        "id": 135
    },
    {
        "name": "cat",
        "id": 136
    },
    {
        "name": "cat",
        "id": 137
    },
    {
        "name": "cat",
        "id": 138
    },
    {
        "name": "cat",
        "id": 139
    },
    {
        "name": "cat",
        "id": 140
    },
    {
        "name": "cat",
        "id": 141
    },
    {
        "name": "cat",
        "id": 142
    },
    {
        "name": "cat",
        "id": 143
    },
    {
        "name": "cat",
        "id": 144
    },
    {
        "name": "cat",
        "id": 145
    },
    {
        "name": "cat",
        "id": 146
    },
    {
        "name": "cat",
        "id": 147
    },
    {
        "name": "cat",
        "id": 148
    },
    {
        "name": "cat",
        "id": 149
    },
    {
        "name": "cat",
        "id": 150
    },
    {
        "name": "cat",
        "id": 151
    },
    {
        "name": "cat",
        "id": 152
    },
    {
        "name": "cat",
        "id": 153
    },
    {
        "name": "cat",
        "id": 154
    },
    {
        "name": "cat",
        "id": 155
    },
    {
        "name": "cat",
        "id": 156
    },
    {
        "name": "cat",
        "id": 157
    },
    {
        "name": "cat",
        "id": 158
    },
    {
        "name": "cat",
        "id": 159
    },
    {
        "name": "cat",
        "id": 160
    },
    {
        "name": "cat",
        "id": 161
    },
    {
        "name": "cat",
        "id": 162
    },
    {
        "name": "cat",
        "id": 163
    },
    {
        "name": "cat",
        "id": 164
    },
    {
        "name": "cat",
        "id": 165
    },
    {
        "name": "cat",
        "id": 166
    },
    {
        "name": "cat",
        "id": 167
    },
    {
        "name": "cat",
        "id": 168
    },
    {
        "name": "cat",
        "id": 169
    },
    {
        "name": "cat",
        "id": 170
    },
    {
        "name": "cat",
        "id": 171
    },
    {
        "name": "cat",
        "id": 172
    },
    {
        "name": "cat",
        "id": 173
    },
    {
        "name": "cat",
        "id": 174
    },
    {
        "name": "cat",
        "id": 175
    },
    {
        "name": "cat",
        "id": 176
    },
    {
        "name": "cat",
        "id": 177
    },
    {
        "name": "cat",
        "id": 178
    },
    {
        "name": "cat",
        "id": 179
    },
    {
        "name": "cat",
        "id": 180
    },
    {
        "name": "cat",
        "id": 181
    },
    {
        "name": "cat",
        "id": 182
    },
    {
        "name": "cat",
        "id": 183
    },
    {
        "name": "cat",
        "id": 184
    },
    {
        "name": "cat",
        "id": 185
    },
    {
        "name": "cat",
        "id": 186
    },
    {
        "name": "cat",
        "id": 187
    },
    {
        "name": "cat",
        "id": 188
    },
    {
        "name": "cat",
        "id": 189
    },
    {
        "name": "cat",
        "id": 190
    },
    {
        "name": "cat",
        "id": 191
    },
    {
        "name": "cat",
        "id": 192
    },
    {
        "name": "cat",
        "id": 193
    },
    {
        "name": "cat",
        "id": 194
    },
    {
        "name": "cat",
        "id": 195
    },
    {
        "name": "cat",
        "id": 196
    },
    {
        "name": "cat",
        "id": 197
    },
    {
        "name": "cat",
        "id": 198
    },
    {
        "name": "cat",
        "id": 199
    },
    {
        "name": "cat",
        "id": 200
    },
    {
        "name": "cat",
        "id": 201
    },
    {
        "name": "cat",
        "id": 202
    },
    {
        "name": "cat",
        "id": 203
    },
    {
        "name": "cat",
        "id": 204
    },
    {
        "name": "cat",
        "id": 205
    },
    {
        "name": "cat",
        "id": 206
    },
    {
        "name": "cat",
        "id": 207
    },
    {
        "name": "cat",
        "id": 208
    },
    {
        "name": "cat",
        "id": 209
    },
    {
        "name": "cat",
        "id": 210
    },
    {
        "name": "cat",
        "id": 211
    },
    {
        "name": "cat",
        "id": 212
    },
    {
        "name": "cat",
        "id": 213
    },
    {
        "name": "cat",
        "id": 214
    },
    {
        "name": "cat",
        "id": 215
    },
    {
        "name": "cat",
        "id": 216
    },
    {
        "name": "cat",
        "id": 217
    },
    {
        "name": "cat",
        "id": 218
    },
    {
        "name": "cat",
        "id": 219
    },
    {
        "name": "cat",
        "id": 220
    },
    {
        "name": "cat",
        "id": 221
    },
    {
        "name": "cat",
        "id": 222
    },
    {
        "name": "cat",
        "id": 223
    },
    {
        "name": "cat",
        "id": 224
    },
    {
        "name": "cat",
        "id": 225
    },
    {
        "name": "cat",
        "id": 226
    },
    {
        "name": "cat",
        "id": 227
    },
    {
        "name": "cat",
        "id": 228
    },
    {
        "name": "cat",
        "id": 229
    },
    {
        "name": "cat",
        "id": 230
    },
    {
        "name": "cat",
        "id": 231
    },
    {
        "name": "cat",
        "id": 232
    },
    {
        "name": "cat",
        "id": 233
    },
    {
        "name": "cat",
        "id": 234
    },
    {
        "name": "cat",
        "id": 235
    },
    {
        "name": "cat",
        "id": 236
    },
    {
        "name": "cat",
        "id": 237
    },
    {
        "name": "cat",
        "id": 238
    },
    {
        "name": "cat",
        "id": 239
    },
    {
        "name": "cat",
        "id": 240
    },
    {
        "name": "cat",
        "id": 241
    },
    {
        "name": "cat",
        "id": 242
    },
    {
        "name": "cat",
        "id": 243
    },
    {
        "name": "cat",
        "id": 244
    },
    {
        "name": "cat",
        "id": 245
    },
    {
        "name": "cat",
        "id": 246
    },
    {
        "name": "cat",
        "id": 247
    },
    {
        "name": "cat",
        "id": 248
    },
    {
        "name": "cat",
        "id": 249
    },
    {
        "name": "cat",
        "id": 250
    },
    {
        "name": "cat",
        "id": 251
    },
    {
        "name": "cat",
        "id": 252
    },
    {
        "name": "cat",
        "id": 253
    },
    {
        "name": "cat",
        "id": 254
    },
    {
        "name": "cat",
        "id": 255
    },
    {
        "name": "cat",
        "id": 256
    },
    {
        "name": "cat",
        "id": 257
    },
    {
        "name": "cat",
        "id": 258
    },
    {
        "name": "cat",
        "id": 259
    },
    {
        "name": "cat",
        "id": 260
    },
    {
        "name": "cat",
        "id": 261
    },
    {
        "name": "cat",
        "id": 262
    },
    {
        "name": "cat",
        "id": 263
    },
    {
        "name": "cat",
        "id": 264
    },
    {
        "name": "cat",
        "id": 265
    },
    {
        "name": "cat",
        "id": 266
    },
    {
        "name": "cat",
        "id": 267
    },
    {
        "name": "cat",
        "id": 268
    },
    {
        "name": "cat",
        "id": 269
    },
    {
        "name": "cat",
        "id": 270
    },
    {
        "name": "cat",
        "id": 271
    },
    {
        "name": "cat",
        "id": 272
    },
    {
        "name": "cat",
        "id": 273
    },
    {
        "name": "cat",
        "id": 274
    },
    {
        "name": "cat",
        "id": 275
    },
    {
        "name": "cat",
        "id": 276
    },
    {
        "name": "cat",
        "id": 277
    },
    {
        "name": "cat",
        "id": 278
    },
    {
        "name": "cat",
        "id": 279
    },
    {
        "name": "cat",
        "id": 280
    },
    {
        "name": "cat",
        "id": 281
    },
    {
        "name": "cat",
        "id": 282
    },
    {
        "name": "cat",
        "id": 283
    },
    {
        "name": "cat",
        "id": 284
    },
    {
        "name": "cat",
        "id": 285
    },
    {
        "name": "cat",
        "id": 286
    }
]
  &amp#27;[32mGiven &amp#27;[0m&amp#27;[32mlist of pet types&amp#27;[0m                                  &amp#27;[90m# tuichalange.steps.PetTypesSteps.listOfPetTypes()&amp#27;[0m
Request method:	POST
Request URI:	http://localhost:9966/petclinic/api/pettypes
Proxy:			<none>
Request params:	<none>
Query params:	<none>
Form params:	<none>
Path params:	<none>
Headers:		Accept=*/*
				Content-Type=application/json
Cookies:		<none>
Multiparts:		<none>
Body:
{
    "name": "P",
    "id": null
}
HTTP/1.1 201 
Vary: Origin
Vary: Access-Control-Request-Method
Vary: Access-Control-Request-Headers
Location: /api/pettypes/287
X-Content-Type-Options: nosniff
X-XSS-Protection: 0
Cache-Control: no-cache, no-store, max-age=0, must-revalidate
Pragma: no-cache
Expires: 0
X-Frame-Options: DENY
Content-Type: application/json
Transfer-Encoding: chunked
Date: Sat, 20 Jan 2024 15:33:23 GMT
Keep-Alive: timeout=60
Connection: keep-alive

{
    "name": "P",
    "id": 287
}
  &amp#27;[32mWhen &amp#27;[0m&amp#27;[32muser creates pet type with name &amp#27;[0m&amp#27;[32m&amp#27;[1mP&amp#27;[0m                   &amp#27;[90m# tuichalange.steps.PetTypesSteps.userCreatesPetType(java.lang.String)&amp#27;[0m
Request method:	GET
Request URI:	http://localhost:9966/petclinic/api/pettypes
Proxy:			<none>
Request params:	<none>
Query params:	<none>
Form params:	<none>
Path params:	<none>
Headers:		Accept=*/*
				Content-Type=application/json
Cookies:		<none>
Multiparts:		<none>
Body:			<none>
HTTP/1.1 200 
Vary: Origin
Vary: Access-Control-Request-Method
Vary: Access-Control-Request-Headers
X-Content-Type-Options: nosniff
X-XSS-Protection: 0
Cache-Control: no-cache, no-store, max-age=0, must-revalidate
Pragma: no-cache
Expires: 0
X-Frame-Options: DENY
Content-Type: application/json
Transfer-Encoding: chunked
Date: Sat, 20 Jan 2024 15:33:23 GMT
Keep-Alive: timeout=60
Connection: keep-alive

[
    {
        "name": "cat",
        "id": 1
    },
    {
        "name": "Leo",
        "id": 2
    },
    {
        "name": "lizard",
        "id": 3
    },
    {
        "name": "snake",
        "id": 4
    },
    {
        "name": "bird",
        "id": 5
    },
    {
        "name": "hamster",
        "id": 6
    },
    {
        "name": "P",
        "id": 7
    },
    {
        "name": "testPet",
        "id": 8
    },
    {
        "name": "123",
        "id": 9
    },
    {
        "name": "testPet_!$%@/123",
        "id": 10
    },
    {
        "name": "testnamewith80charstestnamewith80charstestnamewith80charstestnamewith80charstest",
        "id": 11
    },
    {
        "name": "testPetType",
        "id": 13
    },
    {
        "name": "testPet2",
        "id": 14
    },
    {
        "name": "T",
        "id": 15
    },
    {
        "name": "1234",
        "id": 16
    },
    {
        "name": "testPet_!$%@/124",
        "id": 17
    },
    {
        "name": "testnamewith80charstestnamewith80charstestnamewith80charstestnamewith80charsteOO",
        "id": 18
    },
    {
        "name": "testPet",
        "id": 19
    },
    {
        "name": "testPet",
        "id": 20
    },
    {
        "name": "testPet",
        "id": 21
    },
    {
        "name": "P",
        "id": 22
    },
    {
        "name": "testPet",
        "id": 23
    },
    {
        "name": "123",
        "id": 24
    },
    {
        "name": "testPet_!$%@/123",
        "id": 25
    },
    {
        "name": "testnamewith80charstestnamewith80charstestnamewith80charstestnamewith80charstest",
        "id": 26
    },
    {
        "name": "testPetType",
        "id": 28
    },
    {
        "name": "testPet2",
        "id": 29
    },
    {
        "name": "T",
        "id": 30
    },
    {
        "name": "1234",
        "id": 31
    },
    {
        "name": "testPet_!$%@/124",
        "id": 32
    },
    {
        "name": "testnamewith80charstestnamewith80charstestnamewith80charstestnamewith80charsteOO",
        "id": 33
    },
    {
        "name": "testPet",
        "id": 34
    },
    {
        "name": "testPet",
        "id": 35
    },
    {
        "name": "testPet",
        "id": 36
    },
    {
        "name": "P",
        "id": 37
    },
    {
        "name": "testPet",
        "id": 38
    },
    {
        "name": "123",
        "id": 39
    },
    {
        "name": "testPet_!$%@/123",
        "id": 40
    },
    {
        "name": "testnamewith80charstestnamewith80charstestnamewith80charstestnamewith80charstest",
        "id": 41
    },
    {
        "name": "testPetType",
        "id": 43
    },
    {
        "name": "testPet2",
        "id": 44
    },
    {
        "name": "T",
        "id": 45
    },
    {
        "name": "1234",
        "id": 46
    },
    {
        "name": "testPet_!$%@/124",
        "id": 47
    },
    {
        "name": "testnamewith80charstestnamewith80charstestnamewith80charstestnamewith80charsteOO",
        "id": 48
    },
    {
        "name": "testPet",
        "id": 49
    },
    {
        "name": "testPet",
        "id": 50
    },
    {
        "name": "testPet",
        "id": 51
    },
    {
        "name": "P",
        "id": 52
    },
    {
        "name": "testPet",
        "id": 53
    },
    {
        "name": "123",
        "id": 54
    },
    {
        "name": "testPet_!$%@/123",
        "id": 55
    },
    {
        "name": "testnamewith80charstestnamewith80charstestnamewith80charstestnamewith80charstest",
        "id": 56
    },
    {
        "name": "cat",
        "id": 57
    },
    {
        "name": "cat",
        "id": 58
    },
    {
        "name": "cat",
        "id": 59
    },
    {
        "name": "cat",
        "id": 60
    },
    {
        "name": "cat",
        "id": 61
    },
    {
        "name": "cat",
        "id": 62
    },
    {
        "name": "cat",
        "id": 63
    },
    {
        "name": "cat",
        "id": 64
    },
    {
        "name": "cat",
        "id": 65
    },
    {
        "name": "cat",
        "id": 66
    },
    {
        "name": "cat",
        "id": 67
    },
    {
        "name": "cat",
        "id": 68
    },
    {
        "name": "cat",
        "id": 69
    },
    {
        "name": "cat",
        "id": 70
    },
    {
        "name": "cat",
        "id": 71
    },
    {
        "name": "cat",
        "id": 72
    },
    {
        "name": "cat",
        "id": 73
    },
    {
        "name": "cat",
        "id": 74
    },
    {
        "name": "cat",
        "id": 75
    },
    {
        "name": "cat",
        "id": 76
    },
    {
        "name": "cat",
        "id": 77
    },
    {
        "name": "cat",
        "id": 78
    },
    {
        "name": "cat",
        "id": 79
    },
    {
        "name": "cat",
        "id": 80
    },
    {
        "name": "cat",
        "id": 81
    },
    {
        "name": "cat",
        "id": 82
    },
    {
        "name": "cat",
        "id": 83
    },
    {
        "name": "cat",
        "id": 84
    },
    {
        "name": "cat",
        "id": 85
    },
    {
        "name": "cat",
        "id": 86
    },
    {
        "name": "cat",
        "id": 87
    },
    {
        "name": "cat",
        "id": 88
    },
    {
        "name": "cat",
        "id": 89
    },
    {
        "name": "cat",
        "id": 90
    },
    {
        "name": "cat",
        "id": 91
    },
    {
        "name": "cat",
        "id": 92
    },
    {
        "name": "cat",
        "id": 93
    },
    {
        "name": "cat",
        "id": 94
    },
    {
        "name": "cat",
        "id": 95
    },
    {
        "name": "cat",
        "id": 96
    },
    {
        "name": "cat",
        "id": 97
    },
    {
        "name": "cat",
        "id": 98
    },
    {
        "name": "cat",
        "id": 99
    },
    {
        "name": "cat",
        "id": 100
    },
    {
        "name": "cat",
        "id": 101
    },
    {
        "name": "cat",
        "id": 102
    },
    {
        "name": "cat",
        "id": 103
    },
    {
        "name": "cat",
        "id": 104
    },
    {
        "name": "cat",
        "id": 105
    },
    {
        "name": "cat",
        "id": 106
    },
    {
        "name": "cat",
        "id": 107
    },
    {
        "name": "cat",
        "id": 108
    },
    {
        "name": "cat",
        "id": 109
    },
    {
        "name": "cat",
        "id": 110
    },
    {
        "name": "cat",
        "id": 111
    },
    {
        "name": "cat",
        "id": 112
    },
    {
        "name": "cat",
        "id": 113
    },
    {
        "name": "cat",
        "id": 114
    },
    {
        "name": "cat",
        "id": 115
    },
    {
        "name": "cat",
        "id": 116
    },
    {
        "name": "cat",
        "id": 117
    },
    {
        "name": "cat",
        "id": 118
    },
    {
        "name": "cat",
        "id": 119
    },
    {
        "name": "cat",
        "id": 120
    },
    {
        "name": "cat",
        "id": 121
    },
    {
        "name": "cat",
        "id": 122
    },
    {
        "name": "cat",
        "id": 123
    },
    {
        "name": "cat",
        "id": 124
    },
    {
        "name": "cat",
        "id": 125
    },
    {
        "name": "cat",
        "id": 126
    },
    {
        "name": "cat",
        "id": 127
    },
    {
        "name": "cat",
        "id": 128
    },
    {
        "name": "cat",
        "id": 129
    },
    {
        "name": "cat",
        "id": 130
    },
    {
        "name": "cat",
        "id": 131
    },
    {
        "name": "cat",
        "id": 132
    },
    {
        "name": "cat",
        "id": 133
    },
    {
        "name": "cat",
        "id": 134
    },
    {
        "name": "cat",
        "id": 135
    },
    {
        "name": "cat",
        "id": 136
    },
    {
        "name": "cat",
        "id": 137
    },
    {
        "name": "cat",
        "id": 138
    },
    {
        "name": "cat",
        "id": 139
    },
    {
        "name": "cat",
        "id": 140
    },
    {
        "name": "cat",
        "id": 141
    },
    {
        "name": "cat",
        "id": 142
    },
    {
        "name": "cat",
        "id": 143
    },
    {
        "name": "cat",
        "id": 144
    },
    {
        "name": "cat",
        "id": 145
    },
    {
        "name": "cat",
        "id": 146
    },
    {
        "name": "cat",
        "id": 147
    },
    {
        "name": "cat",
        "id": 148
    },
    {
        "name": "cat",
        "id": 149
    },
    {
        "name": "cat",
        "id": 150
    },
    {
        "name": "cat",
        "id": 151
    },
    {
        "name": "cat",
        "id": 152
    },
    {
        "name": "cat",
        "id": 153
    },
    {
        "name": "cat",
        "id": 154
    },
    {
        "name": "cat",
        "id": 155
    },
    {
        "name": "cat",
        "id": 156
    },
    {
        "name": "cat",
        "id": 157
    },
    {
        "name": "cat",
        "id": 158
    },
    {
        "name": "cat",
        "id": 159
    },
    {
        "name": "cat",
        "id": 160
    },
    {
        "name": "cat",
        "id": 161
    },
    {
        "name": "cat",
        "id": 162
    },
    {
        "name": "cat",
        "id": 163
    },
    {
        "name": "cat",
        "id": 164
    },
    {
        "name": "cat",
        "id": 165
    },
    {
        "name": "cat",
        "id": 166
    },
    {
        "name": "cat",
        "id": 167
    },
    {
        "name": "cat",
        "id": 168
    },
    {
        "name": "cat",
        "id": 169
    },
    {
        "name": "cat",
        "id": 170
    },
    {
        "name": "cat",
        "id": 171
    },
    {
        "name": "cat",
        "id": 172
    },
    {
        "name": "cat",
        "id": 173
    },
    {
        "name": "cat",
        "id": 174
    },
    {
        "name": "cat",
        "id": 175
    },
    {
        "name": "cat",
        "id": 176
    },
    {
        "name": "cat",
        "id": 177
    },
    {
        "name": "cat",
        "id": 178
    },
    {
        "name": "cat",
        "id": 179
    },
    {
        "name": "cat",
        "id": 180
    },
    {
        "name": "cat",
        "id": 181
    },
    {
        "name": "cat",
        "id": 182
    },
    {
        "name": "cat",
        "id": 183
    },
    {
        "name": "cat",
        "id": 184
    },
    {
        "name": "cat",
        "id": 185
    },
    {
        "name": "cat",
        "id": 186
    },
    {
        "name": "cat",
        "id": 187
    },
    {
        "name": "cat",
        "id": 188
    },
    {
        "name": "cat",
        "id": 189
    },
    {
        "name": "cat",
        "id": 190
    },
    {
        "name": "cat",
        "id": 191
    },
    {
        "name": "cat",
        "id": 192
    },
    {
        "name": "cat",
        "id": 193
    },
    {
        "name": "cat",
        "id": 194
    },
    {
        "name": "cat",
        "id": 195
    },
    {
        "name": "cat",
        "id": 196
    },
    {
        "name": "cat",
        "id": 197
    },
    {
        "name": "cat",
        "id": 198
    },
    {
        "name": "cat",
        "id": 199
    },
    {
        "name": "cat",
        "id": 200
    },
    {
        "name": "cat",
        "id": 201
    },
    {
        "name": "cat",
        "id": 202
    },
    {
        "name": "cat",
        "id": 203
    },
    {
        "name": "cat",
        "id": 204
    },
    {
        "name": "cat",
        "id": 205
    },
    {
        "name": "cat",
        "id": 206
    },
    {
        "name": "cat",
        "id": 207
    },
    {
        "name": "cat",
        "id": 208
    },
    {
        "name": "cat",
        "id": 209
    },
    {
        "name": "cat",
        "id": 210
    },
    {
        "name": "cat",
        "id": 211
    },
    {
        "name": "cat",
        "id": 212
    },
    {
        "name": "cat",
        "id": 213
    },
    {
        "name": "cat",
        "id": 214
    },
    {
        "name": "cat",
        "id": 215
    },
    {
        "name": "cat",
        "id": 216
    },
    {
        "name": "cat",
        "id": 217
    },
    {
        "name": "cat",
        "id": 218
    },
    {
        "name": "cat",
        "id": 219
    },
    {
        "name": "cat",
        "id": 220
    },
    {
        "name": "cat",
        "id": 221
    },
    {
        "name": "cat",
        "id": 222
    },
    {
        "name": "cat",
        "id": 223
    },
    {
        "name": "cat",
        "id": 224
    },
    {
        "name": "cat",
        "id": 225
    },
    {
        "name": "cat",
        "id": 226
    },
    {
        "name": "cat",
        "id": 227
    },
    {
        "name": "cat",
        "id": 228
    },
    {
        "name": "cat",
        "id": 229
    },
    {
        "name": "cat",
        "id": 230
    },
    {
        "name": "cat",
        "id": 231
    },
    {
        "name": "cat",
        "id": 232
    },
    {
        "name": "cat",
        "id": 233
    },
    {
        "name": "cat",
        "id": 234
    },
    {
        "name": "cat",
        "id": 235
    },
    {
        "name": "cat",
        "id": 236
    },
    {
        "name": "cat",
        "id": 237
    },
    {
        "name": "cat",
        "id": 238
    },
    {
        "name": "cat",
        "id": 239
    },
    {
        "name": "cat",
        "id": 240
    },
    {
        "name": "cat",
        "id": 241
    },
    {
        "name": "cat",
        "id": 242
    },
    {
        "name": "cat",
        "id": 243
    },
    {
        "name": "cat",
        "id": 244
    },
    {
        "name": "cat",
        "id": 245
    },
    {
        "name": "cat",
        "id": 246
    },
    {
        "name": "cat",
        "id": 247
    },
    {
        "name": "cat",
        "id": 248
    },
    {
        "name": "cat",
        "id": 249
    },
    {
        "name": "cat",
        "id": 250
    },
    {
        "name": "cat",
        "id": 251
    },
    {
        "name": "cat",
        "id": 252
    },
    {
        "name": "cat",
        "id": 253
    },
    {
        "name": "cat",
        "id": 254
    },
    {
        "name": "cat",
        "id": 255
    },
    {
        "name": "cat",
        "id": 256
    },
    {
        "name": "cat",
        "id": 257
    },
    {
        "name": "cat",
        "id": 258
    },
    {
        "name": "cat",
        "id": 259
    },
    {
        "name": "cat",
        "id": 260
    },
    {
        "name": "cat",
        "id": 261
    },
    {
        "name": "cat",
        "id": 262
    },
    {
        "name": "cat",
        "id": 263
    },
    {
        "name": "cat",
        "id": 264
    },
    {
        "name": "cat",
        "id": 265
    },
    {
        "name": "cat",
        "id": 266
    },
    {
        "name": "cat",
        "id": 267
    },
    {
        "name": "cat",
        "id": 268
    },
    {
        "name": "cat",
        "id": 269
    },
    {
        "name": "cat",
        "id": 270
    },
    {
        "name": "cat",
        "id": 271
    },
    {
        "name": "cat",
        "id": 272
    },
    {
        "name": "cat",
        "id": 273
    },
    {
        "name": "cat",
        "id": 274
    },
    {
        "name": "cat",
        "id": 275
    },
    {
        "name": "cat",
        "id": 276
    },
    {
        "name": "cat",
        "id": 277
    },
    {
        "name": "cat",
        "id": 278
    },
    {
        "name": "cat",
        "id": 279
    },
    {
        "name": "cat",
        "id": 280
    },
    {
        "name": "cat",
        "id": 281
    },
    {
        "name": "cat",
        "id": 282
    },
    {
        "name": "cat",
        "id": 283
    },
    {
        "name": "cat",
        "id": 284
    },
    {
        "name": "cat",
        "id": 285
    },
    {
        "name": "cat",
        "id": 286
    },
    {
        "name": "P",
        "id": 287
    }
]
  &amp#27;[32mThen &amp#27;[0m&amp#27;[32mnew pet type is present in pet types list&amp#27;[0m           &amp#27;[90m# tuichalange.steps.PetTypesSteps.newPetTypeNameIsPresentInPetTypesList()&amp#27;[0m
]]></system-out>
  </testcase>
  <testcase name="Example #1.1" classname="Examples" time="0.0">
    <skipped message="&apos;cucumber.filter.tags=@Smoke&apos; did not match this scenario"/>
  </testcase>
  <testcase name="Example #1.1" classname="Examples" time="0.0">
    <skipped message="&apos;cucumber.filter.tags=@Smoke&apos; did not match this scenario"/>
  </testcase>
  <testcase name="Example #1.1" classname="Examples" time="0.0">
    <skipped message="&apos;cucumber.filter.tags=@Smoke&apos; did not match this scenario"/>
  </testcase>
  <testcase name="Example #1.2" classname="Examples" time="0.127">
    <system-out><![CDATA[
@Smoke
Scenario Outline: New owner is created successfully with first name &amp#27;[90m# src/test/resources/tuichalange/features/owner/createOwnerTests.feature:11&amp#27;[0m
Request method:	GET
Request URI:	http://localhost:9966/petclinic/api/owners
Proxy:			<none>
Request params:	<none>
Query params:	<none>
Form params:	<none>
Path params:	<none>
Headers:		Accept=*/*
				Content-Type=application/json
Cookies:		<none>
Multiparts:		<none>
Body:			<none>
HTTP/1.1 200 
Vary: Origin
Vary: Access-Control-Request-Method
Vary: Access-Control-Request-Headers
X-Content-Type-Options: nosniff
X-XSS-Protection: 0
Cache-Control: no-cache, no-store, max-age=0, must-revalidate
Pragma: no-cache
Expires: 0
X-Frame-Options: DENY
Content-Type: application/json
Transfer-Encoding: chunked
Date: Sat, 20 Jan 2024 15:33:23 GMT
Keep-Alive: timeout=60
Connection: keep-alive

[
    {
        "firstName": "George",
        "lastName": "Franklin",
        "address": "110 W. Liberty St.",
        "city": "Madison",
        "telephone": "6085551023",
        "id": 1,
        "pets": [
            {
                "name": "Leo",
                "birthDate": "2024-01-19",
                "type": {
                    "name": "cat",
                    "id": 1
                },
                "id": 15,
                "ownerId": 1,
                "visits": [
                    
                ]
            },
            {
                "name": "Leo",
                "birthDate": "2010-09-07",
                "type": {
                    "name": "cat",
                    "id": 1
                },
                "id": 1,
                "ownerId": 1,
                "visits": [
                    
                ]
            }
        ]
    },
    {
        "firstName": "Georgee",
        "lastName": "Franklinn",
        "address": "110 W. Liberty St.1",
        "city": "Madison1",
        "telephone": "6085551024",
        "id": 2,
        "pets": [
            {
                "name": "Basil",
                "birthDate": "2012-08-06",
                "type": {
                    "name": "hamster",
                    "id": 6
                },
                "id": 2,
                "ownerId": 2,
                "visits": [
                    
                ]
            }
        ]
    },
    {
        "firstName": "Eduardo",
        "lastName": "Rodriquez",
        "address": "2693 Commerce St.",
        "city": "McFarland",
        "telephone": "6085558763",
        "id": 3,
        "pets": [
            {
                "name": "Jewel",
                "birthDate": "2010-03-07",
                "type": {
                    "name": "Leo",
                    "id": 2
                },
                "id": 4,
                "ownerId": 3,
                "visits": [
                    
                ]
            },
            {
                "name": "Rosy",
                "birthDate": "2011-04-17",
                "type": {
                    "name": "Leo",
                    "id": 2
                },
                "id": 3,
                "ownerId": 3,
                "visits": [
                    
                ]
            }
        ]
    },
    {
        "firstName": "Harold",
        "lastName": "Davis",
        "address": "563 Friendly St.",
        "city": "Windsor",
        "telephone": "6085553198",
        "id": 4,
        "pets": [
            {
                "name": "Iggy",
                "birthDate": "2010-11-30",
                "type": {
                    "name": "lizard",
                    "id": 3
                },
                "id": 5,
                "ownerId": 4,
                "visits": [
                    
                ]
            }
        ]
    },
    {
        "firstName": "Peter",
        "lastName": "McTavish",
        "address": "2387 S. Fair Way",
        "city": "Madison",
        "telephone": "6085552765",
        "id": 5,
        "pets": [
            {
                "name": "George",
                "birthDate": "2010-01-20",
                "type": {
                    "name": "snake",
                    "id": 4
                },
                "id": 6,
                "ownerId": 5,
                "visits": [
                    
                ]
            }
        ]
    },
    {
        "firstName": "Jean",
        "lastName": "Coleman",
        "address": "105 N. Lake St.",
        "city": "Monona",
        "telephone": "6085552654",
        "id": 6,
        "pets": [
            {
                "name": "Max",
                "birthDate": "2012-09-04",
                "type": {
                    "name": "cat",
                    "id": 1
                },
                "id": 8,
                "ownerId": 6,
                "visits": [
                    {
                        "date": "2013-01-03",
                        "description": "neutered",
                        "id": 3,
                        "petId": null
                    },
                    {
                        "date": "2013-01-02",
                        "description": "rabies shot",
                        "id": 2,
                        "petId": null
                    }
                ]
            },
            {
                "name": "Samantha",
                "birthDate": "2012-09-04",
                "type": {
                    "name": "cat",
                    "id": 1
                },
                "id": 7,
                "ownerId": 6,
                "visits": [
                    {
                        "date": "2013-01-04",
                        "description": "spayed",
                        "id": 4,
                        "petId": null
                    },
                    {
                        "date": "2013-01-01",
                        "description": "rabies shot",
                        "id": 1,
                        "petId": null
                    }
                ]
            }
        ]
    },
    {
        "firstName": "Jeff",
        "lastName": "Black",
        "address": "1450 Oak Blvd.",
        "city": "Monona",
        "telephone": "6085555387",
        "id": 7,
        "pets": [
            {
                "name": "Lucky",
                "birthDate": "2011-08-06",
                "type": {
                    "name": "bird",
                    "id": 5
                },
                "id": 9,
                "ownerId": 7,
                "visits": [
                    
                ]
            }
        ]
    },
    {
        "firstName": "Maria",
        "lastName": "Escobito",
        "address": "345 Maple St.",
        "city": "Madison",
        "telephone": "6085557683",
        "id": 8,
        "pets": [
            {
                "name": "Mulligan",
                "birthDate": "2007-02-24",
                "type": {
                    "name": "Leo",
                    "id": 2
                },
                "id": 10,
                "ownerId": 8,
                "visits": [
                    
                ]
            }
        ]
    },
    {
        "firstName": "David",
        "lastName": "Schroeder",
        "address": "2749 Blackhawk Trail",
        "city": "Madison",
        "telephone": "6085559435",
        "id": 9,
        "pets": [
            {
                "name": "Freddy",
                "birthDate": "2010-03-09",
                "type": {
                    "name": "bird",
                    "id": 5
                },
                "id": 11,
                "ownerId": 9,
                "visits": [
                    
                ]
            }
        ]
    },
    {
        "firstName": "Carlos",
        "lastName": "Estaban",
        "address": "2335 Independence La.",
        "city": "Waunakee",
        "telephone": "6085555487",
        "id": 10,
        "pets": [
            {
                "name": "Lucky",
                "birthDate": "2010-06-24",
                "type": {
                    "name": "Leo",
                    "id": 2
                },
                "id": 12,
                "ownerId": 10,
                "visits": [
                    
                ]
            },
            {
                "name": "Sly",
                "birthDate": "2012-06-08",
                "type": {
                    "name": "cat",
                    "id": 1
                },
                "id": 13,
                "ownerId": 10,
                "visits": [
                    
                ]
            }
        ]
    },
    {
        "firstName": "FNcbXOq",
        "lastName": "LNTalqx",
        "address": "Address: e1FDM",
        "city": "City: QeshG",
        "telephone": "91624141",
        "id": 11,
        "pets": [
            {
                "name": "A",
                "birthDate": "2022-09-09",
                "type": {
                    "name": "cat",
                    "id": 1
                },
                "id": 16,
                "ownerId": 11,
                "visits": [
                    
                ]
            }
        ]
    },
    {
        "firstName": "FNgGdZm",
        "lastName": "LNfQpnI",
        "address": "Address: 0Zjvd",
        "city": "City: Y4TUj",
        "telephone": "52375567",
        "id": 12,
        "pets": [
            {
                "name": "A",
                "birthDate": "2022-09-09",
                "type": {
                    "name": "cat",
                    "id": 1
                },
                "id": 17,
                "ownerId": 12,
                "visits": [
                    
                ]
            }
        ]
    },
    {
        "firstName": "FNQVxtW",
        "lastName": "LNijDZJ",
        "address": "Address: QJBbK",
        "city": "City: ZIN3e",
        "telephone": "04606374",
        "id": 13,
        "pets": [
            
        ]
    },
    {
        "firstName": "FNtECYi",
        "lastName": "LNqsmcq",
        "address": "Address: i0KTW",
        "city": "City: YOiSl",
        "telephone": "34297126",
        "id": 14,
        "pets": [
            {
                "name": "A",
                "birthDate": "2022-09-09",
                "type": {
                    "name": "cat",
                    "id": 1
                },
                "id": 18,
                "ownerId": 14,
                "visits": [
                    
                ]
            }
        ]
    },
    {
        "firstName": "FNyluuV",
        "lastName": "LNmDlGp",
        "address": "Address: fKAO5",
        "city": "City: MVAeN",
        "telephone": "98182086",
        "id": 15,
        "pets": [
            {
                "name": "John",
                "birthDate": "2022-09-09",
                "type": {
                    "name": "cat",
                    "id": 1
                },
                "id": 19,
                "ownerId": 15,
                "visits": [
                    
                ]
            }
        ]
    },
    {
        "firstName": "FNypEUb",
        "lastName": "LNKWLEj",
        "address": "Address: 8CWUV",
        "city": "City: Z5E8K",
        "telephone": "13111097",
        "id": 16,
        "pets": [
            {
                "name": "ThirtyCharsTestNametesttestte",
                "birthDate": "2022-09-09",
                "type": {
                    "name": "cat",
                    "id": 1
                },
                "id": 20,
                "ownerId": 16,
                "visits": [
                    
                ]
            }
        ]
    },
    {
        "firstName": "FNyisHR",
        "lastName": "LNygzBW",
        "address": "Address: k7c02",
        "city": "City: q6bES",
        "telephone": "09609529",
        "id": 17,
        "pets": [
            {
                "name": "test_*()&^%$#@!?/",
                "birthDate": "2022-09-09",
                "type": {
                    "name": "cat",
                    "id": 1
                },
                "id": 21,
                "ownerId": 17,
                "visits": [
                    
                ]
            }
        ]
    },
    {
        "firstName": "FNJcWvr",
        "lastName": "LNMcSTH",
        "address": "Address: 50zuT",
        "city": "City: VenoJ",
        "telephone": "44467273",
        "id": 18,
        "pets": [
            {
                "name": "test_*()&^%$#@!?/",
                "birthDate": "2022-09-09",
                "type": {
                    "name": "cat",
                    "id": 1
                },
                "id": 22,
                "ownerId": 18,
                "visits": [
                    
                ]
            }
        ]
    },
    {
        "firstName": "FNyEVfu",
        "lastName": "LNakCFB",
        "address": "Address: DA6Me",
        "city": "City: 1JgGo",
        "telephone": "76398157",
        "id": 19,
        "pets": [
            {
                "name": "test_*()&^%$#@!?/",
                "birthDate": "2022-09-09",
                "type": {
                    "name": "cat",
                    "id": 1
                },
                "id": 23,
                "ownerId": 19,
                "visits": [
                    
                ]
            }
        ]
    },
    {
        "firstName": "FNPJsCr",
        "lastName": "LNBnDVR",
        "address": "Address: jNlsd",
        "city": "City: L53y4",
        "telephone": "94319532",
        "id": 20,
        "pets": [
            
        ]
    },
    {
        "firstName": "FNIGHFq",
        "lastName": "LNjStmf",
        "address": "Address: 8OmzF",
        "city": "City: iplQ4",
        "telephone": "10514807",
        "id": 21,
        "pets": [
            
        ]
    },
    {
        "firstName": "FNAklpN",
        "lastName": "LNcVsrO",
        "address": "Address: epr6z",
        "city": "City: diZWm",
        "telephone": "46987062",
        "id": 22,
        "pets": [
            {
                "name": "FxbWo",
                "birthDate": "2022-09-09",
                "type": {
                    "name": "cat",
                    "id": 1
                },
                "id": 24,
                "ownerId": 22,
                "visits": [
                    
                ]
            }
        ]
    },
    {
        "firstName": "FNNEcev",
        "lastName": "LNMamev",
        "address": "Address: DgnWG",
        "city": "City: 8IFp2",
        "telephone": "20562013",
        "id": 23,
        "pets": [
            
        ]
    },
    {
        "firstName": "FNQegWX",
        "lastName": "LNmMdmx",
        "address": "Address: 30U8b",
        "city": "City: DrS5k",
        "telephone": "00714539",
        "id": 24,
        "pets": [
            
        ]
    },
    {
        "firstName": "FNGklke",
        "lastName": "LNgjhcR",
        "address": "Address: Tsn9a",
        "city": "City: HITGd",
        "telephone": "75972656",
        "id": 25,
        "pets": [
            
        ]
    },
    {
        "firstName": "FNoisAU",
        "lastName": "LNUDdlI",
        "address": "Address: LpbwN",
        "city": "City: 5iDdo",
        "telephone": "25436323",
        "id": 26,
        "pets": [
            
        ]
    },
    {
        "firstName": "FNXkWkm",
        "lastName": "LNraoyE",
        "address": "Address: siTuX",
        "city": "City: z03KU",
        "telephone": "44121082",
        "id": 27,
        "pets": [
            
        ]
    },
    {
        "firstName": "FNCwnIH",
        "lastName": "LNJJNpO",
        "address": "Address: 2Aqt6",
        "city": "City: 0JFrl",
        "telephone": "68567852",
        "id": 28,
        "pets": [
            
        ]
    },
    {
        "firstName": "FNfryGx",
        "lastName": "LNoCrZc",
        "address": "Address: i1e4p",
        "city": "City: PDbUY",
        "telephone": "29696712",
        "id": 29,
        "pets": [
            
        ]
    },
    {
        "firstName": "FNQTkBA",
        "lastName": "LNQKTjv",
        "address": "Address: mpQKo",
        "city": "City: tagRS",
        "telephone": "45486684",
        "id": 30,
        "pets": [
            
        ]
    },
    {
        "firstName": "FNQupPS",
        "lastName": "LNizbof",
        "address": "Address: HLyzb",
        "city": "City: fw2CY",
        "telephone": "85605695",
        "id": 31,
        "pets": [
            
        ]
    },
    {
        "firstName": "FNEKlfa",
        "lastName": "LNXZbrn",
        "address": "Address: tuNNp",
        "city": "City: vqhKb",
        "telephone": "87195299",
        "id": 32,
        "pets": [
            
        ]
    },
    {
        "firstName": "FNtdccc",
        "lastName": "LNSKnuO",
        "address": "Address: 4AaNh",
        "city": "City: ZeClw",
        "telephone": "90400708",
        "id": 33,
        "pets": [
            {
                "name": "oaNNz",
                "birthDate": "2022-09-09",
                "type": {
                    "name": "cat",
                    "id": 1
                },
                "id": 26,
                "ownerId": 33,
                "visits": [
                    
                ]
            }
        ]
    },
    {
        "firstName": "FNaEPFP",
        "lastName": "LNsZnpO",
        "address": "Address: FKP1S",
        "city": "City: KiaJW",
        "telephone": "73390020",
        "id": 34,
        "pets": [
            {
                "name": "HtdBe",
                "birthDate": "2022-09-09",
                "type": {
                    "name": "cat",
                    "id": 1
                },
                "id": 27,
                "ownerId": 34,
                "visits": [
                    
                ]
            }
        ]
    },
    {
        "firstName": "FNBaIbI",
        "lastName": "LNocXRK",
        "address": "Address: KLsxu",
        "city": "City: Wpx4k",
        "telephone": "98731327",
        "id": 35,
        "pets": [
            {
                "name": "efEZj",
                "birthDate": "2022-09-09",
                "type": {
                    "name": "cat",
                    "id": 1
                },
                "id": 28,
                "ownerId": 35,
                "visits": [
                    
                ]
            }
        ]
    },
    {
        "firstName": "FNHKjvC",
        "lastName": "LNiRnpT",
        "address": "Address: pAkki",
        "city": "City: z7mhU",
        "telephone": "39517305",
        "id": 36,
        "pets": [
            {
                "name": "qPaMV",
                "birthDate": "2022-09-09",
                "type": {
                    "name": "cat",
                    "id": 1
                },
                "id": 29,
                "ownerId": 36,
                "visits": [
                    
                ]
            }
        ]
    },
    {
        "firstName": "FNYspmv",
        "lastName": "LNgLPJO",
        "address": "Address: WhovE",
        "city": "City: lho3H",
        "telephone": "38121637",
        "id": 37,
        "pets": [
            {
                "name": "boOZI",
                "birthDate": "2022-09-09",
                "type": {
                    "name": "cat",
                    "id": 1
                },
                "id": 30,
                "ownerId": 37,
                "visits": [
                    
                ]
            }
        ]
    },
    {
        "firstName": "FNewqHb",
        "lastName": "LNALyDC",
        "address": "Address: VeXik",
        "city": "City: oXX4h",
        "telephone": "01086701",
        "id": 38,
        "pets": [
            
        ]
    },
    {
        "firstName": "FNmULKH",
        "lastName": "LNMABIB",
        "address": "Address: ltEfQ",
        "city": "City: y0Fec",
        "telephone": "38408682",
        "id": 39,
        "pets": [
            {
                "name": "qdfpA",
                "birthDate": "2022-09-09",
                "type": {
                    "name": "cat",
                    "id": 1
                },
                "id": 31,
                "ownerId": 39,
                "visits": [
                    
                ]
            }
        ]
    },
    {
        "firstName": "FNlQXRG",
        "lastName": "LNVsOPO",
        "address": "Address: wH73Z",
        "city": "City: Ff00M",
        "telephone": "32848181",
        "id": 40,
        "pets": [
            {
                "name": "MOqkA",
                "birthDate": "2022-09-09",
                "type": {
                    "name": "cat",
                    "id": 1
                },
                "id": 32,
                "ownerId": 40,
                "visits": [
                    
                ]
            }
        ]
    },
    {
        "firstName": "FNQvluw",
        "lastName": "LNEgNBn",
        "address": "Address: oBO1a",
        "city": "City: XKOdd",
        "telephone": "15537673",
        "id": 41,
        "pets": [
            {
                "name": "OfSdq",
                "birthDate": "2022-09-09",
                "type": {
                    "name": "cat",
                    "id": 1
                },
                "id": 33,
                "ownerId": 41,
                "visits": [
                    
                ]
            }
        ]
    },
    {
        "firstName": "FNOEdRx",
        "lastName": "LNcjwhJ",
        "address": "Address: iGhvp",
        "city": "City: 4mX8E",
        "telephone": "05893702",
        "id": 42,
        "pets": [
            {
                "name": "jdMVr",
                "birthDate": "2022-09-09",
                "type": {
                    "name": "cat",
                    "id": 1
                },
                "id": 34,
                "ownerId": 42,
                "visits": [
                    
                ]
            }
        ]
    },
    {
        "firstName": "FNehFco",
        "lastName": "LNFiAqT",
        "address": "Address: x92Qk",
        "city": "City: dNdsR",
        "telephone": "27847042",
        "id": 43,
        "pets": [
            {
                "name": "taZVA",
                "birthDate": "2022-09-09",
                "type": {
                    "name": "cat",
                    "id": 1
                },
                "id": 35,
                "ownerId": 43,
                "visits": [
                    
                ]
            }
        ]
    },
    {
        "firstName": "FNaWaOH",
        "lastName": "LNwUEpc",
        "address": "Address: 5lIT6",
        "city": "City: eCxc8",
        "telephone": "49832368",
        "id": 44,
        "pets": [
            {
                "name": "UhdbF",
                "birthDate": "2022-09-09",
                "type": {
                    "name": "cat",
                    "id": 1
                },
                "id": 36,
                "ownerId": 44,
                "visits": [
                    
                ]
            }
        ]
    },
    {
        "firstName": "FNAduuC",
        "lastName": "LNdupfp",
        "address": "Address: wt9dK",
        "city": "City: 3ujp0",
        "telephone": "60790746",
        "id": 45,
        "pets": [
            {
                "name": "Leo",
                "birthDate": "2024-01-20",
                "type": {
                    "name": "cat",
                    "id": 1
                },
                "id": 37,
                "ownerId": 45,
                "visits": [
                    
                ]
            }
        ]
    },
    {
        "firstName": "FNltaoN",
        "lastName": "LNpyCrK",
        "address": "Address: mJjGG",
        "city": "City: pvByq",
        "telephone": "12868843",
        "id": 46,
        "pets": [
            {
                "name": "TKceJ",
                "birthDate": "2022-09-09",
                "type": {
                    "name": "cat",
                    "id": 1
                },
                "id": 42,
                "ownerId": 46,
                "visits": [
                    
                ]
            }
        ]
    },
    {
        "firstName": "FNzgbek",
        "lastName": "LNkosQH",
        "address": "Address: 6Vlc8",
        "city": "City: WZyU0",
        "telephone": "55053313",
        "id": 47,
        "pets": [
            {
                "name": "A",
                "birthDate": "2022-09-09",
                "type": {
                    "name": "cat",
                    "id": 1
                },
                "id": 43,
                "ownerId": 47,
                "visits": [
                    
                ]
            }
        ]
    },
    {
        "firstName": "FNqbAPd",
        "lastName": "LNxKDSj",
        "address": "Address: Cg47c",
        "city": "City: a1UHb",
        "telephone": "22811952",
        "id": 48,
        "pets": [
            {
                "name": "John",
                "birthDate": "2022-09-09",
                "type": {
                    "name": "cat",
                    "id": 1
                },
                "id": 44,
                "ownerId": 48,
                "visits": [
                    
                ]
            }
        ]
    },
    {
        "firstName": "FNWulKh",
        "lastName": "LNFXytC",
        "address": "Address: lY8jD",
        "city": "City: C5PQS",
        "telephone": "26511185",
        "id": 49,
        "pets": [
            {
                "name": "ThirtyCharsTestNametesttestte",
                "birthDate": "2022-09-09",
                "type": {
                    "name": "cat",
                    "id": 1
                },
                "id": 45,
                "ownerId": 49,
                "visits": [
                    
                ]
            }
        ]
    },
    {
        "firstName": "FNJJKZt",
        "lastName": "LNlYuMz",
        "address": "Address: ETroF",
        "city": "City: Re8zP",
        "telephone": "55605082",
        "id": 50,
        "pets": [
            {
                "name": "test_*()&^%$#@!?/",
                "birthDate": "2022-09-09",
                "type": {
                    "name": "cat",
                    "id": 1
                },
                "id": 46,
                "ownerId": 50,
                "visits": [
                    
                ]
            }
        ]
    },
    {
        "firstName": "FNQJWMP",
        "lastName": "LNRUuEN",
        "address": "Address: 9dJIx",
        "city": "City: YLwu5",
        "telephone": "62137886",
        "id": 51,
        "pets": [
            {
                "name": "ckhUk",
                "birthDate": "2022-09-09",
                "type": {
                    "name": "cat",
                    "id": 1
                },
                "id": 47,
                "ownerId": 51,
                "visits": [
                    
                ]
            }
        ]
    },
    {
        "firstName": "FNUpJLg",
        "lastName": "LNlqMWS",
        "address": "Address: krdGh",
        "city": "City: I2tXQ",
        "telephone": "76572500",
        "id": 52,
        "pets": [
            {
                "name": "A",
                "birthDate": "2022-09-09",
                "type": {
                    "name": "cat",
                    "id": 1
                },
                "id": 48,
                "ownerId": 52,
                "visits": [
                    
                ]
            }
        ]
    },
    {
        "firstName": "FNRvaYv",
        "lastName": "LNOmhHt",
        "address": "Address: nPaWt",
        "city": "City: gXvlG",
        "telephone": "18664848",
        "id": 53,
        "pets": [
            {
                "name": "John",
                "birthDate": "2022-09-09",
                "type": {
                    "name": "cat",
                    "id": 1
                },
                "id": 49,
                "ownerId": 53,
                "visits": [
                    
                ]
            }
        ]
    },
    {
        "firstName": "FNttztn",
        "lastName": "LNBIusD",
        "address": "Address: POiSo",
        "city": "City: JHPOY",
        "telephone": "38295942",
        "id": 54,
        "pets": [
            {
                "name": "ThirtyCharsTestNametesttestte",
                "birthDate": "2022-09-09",
                "type": {
                    "name": "cat",
                    "id": 1
                },
                "id": 50,
                "ownerId": 54,
                "visits": [
                    
                ]
            }
        ]
    },
    {
        "firstName": "FNvhGFI",
        "lastName": "LNbQUqt",
        "address": "Address: x7sHu",
        "city": "City: EnxWp",
        "telephone": "17012054",
        "id": 55,
        "pets": [
            {
                "name": "test_*()&^%$#@!?/",
                "birthDate": "2022-09-09",
                "type": {
                    "name": "cat",
                    "id": 1
                },
                "id": 51,
                "ownerId": 55,
                "visits": [
                    
                ]
            }
        ]
    },
    {
        "firstName": "FNycmss",
        "lastName": "LNPthvV",
        "address": "Address: v0Dvo",
        "city": "City: yN34e",
        "telephone": "05574430",
        "id": 56,
        "pets": [
            {
                "name": "SxrCq",
                "birthDate": "2022-09-09",
                "type": {
                    "name": "cat",
                    "id": 1
                },
                "id": 52,
                "ownerId": 56,
                "visits": [
                    
                ]
            }
        ]
    },
    {
        "firstName": "FNBZsUN",
        "lastName": "LNBIxNH",
        "address": "Address: ECunv",
        "city": "City: VVuMj",
        "telephone": "78914774",
        "id": 57,
        "pets": [
            {
                "name": "A",
                "birthDate": "2022-09-09",
                "type": {
                    "name": "cat",
                    "id": 1
                },
                "id": 53,
                "ownerId": 57,
                "visits": [
                    
                ]
            }
        ]
    },
    {
        "firstName": "FNKKQEp",
        "lastName": "LNuhVXz",
        "address": "Address: mQpFV",
        "city": "City: zHPEF",
        "telephone": "87484307",
        "id": 58,
        "pets": [
            {
                "name": "John",
                "birthDate": "2022-09-09",
                "type": {
                    "name": "cat",
                    "id": 1
                },
                "id": 54,
                "ownerId": 58,
                "visits": [
                    
                ]
            }
        ]
    },
    {
        "firstName": "FNfJAXJ",
        "lastName": "LNbNVQH",
        "address": "Address: rLIwK",
        "city": "City: KPdzI",
        "telephone": "28726249",
        "id": 59,
        "pets": [
            {
                "name": "ThirtyCharsTestNametesttestte",
                "birthDate": "2022-09-09",
                "type": {
                    "name": "cat",
                    "id": 1
                },
                "id": 55,
                "ownerId": 59,
                "visits": [
                    
                ]
            }
        ]
    },
    {
        "firstName": "FNMGbPG",
        "lastName": "LNsgBXT",
        "address": "Address: UdmTs",
        "city": "City: wIQyY",
        "telephone": "26189408",
        "id": 60,
        "pets": [
            {
                "name": "test_*()&^%$#@!?/",
                "birthDate": "2022-09-09",
                "type": {
                    "name": "cat",
                    "id": 1
                },
                "id": 56,
                "ownerId": 60,
                "visits": [
                    
                ]
            }
        ]
    },
    {
        "firstName": "FNlGiBk",
        "lastName": "LNzyhQU",
        "address": "Address: E093I",
        "city": "City: lwtlc",
        "telephone": "61678258",
        "id": 61,
        "pets": [
            {
                "name": "sRaoC",
                "birthDate": "2022-09-09",
                "type": {
                    "name": "cat",
                    "id": 1
                },
                "id": 57,
                "ownerId": 61,
                "visits": [
                    
                ]
            }
        ]
    },
    {
        "firstName": "FNAwgsI",
        "lastName": "LNcTJLn",
        "address": "Address: tWeCc",
        "city": "City: Okmv6",
        "telephone": "89930487",
        "id": 62,
        "pets": [
            {
                "name": "iWNUX",
                "birthDate": "2022-09-09",
                "type": {
                    "name": "cat",
                    "id": 1
                },
                "id": 58,
                "ownerId": 62,
                "visits": [
                    
                ]
            }
        ]
    },
    {
        "firstName": "FNYpikI",
        "lastName": "LNpUbrB",
        "address": "Address: QjnPi",
        "city": "City: eboTd",
        "telephone": "28027358",
        "id": 63,
        "pets": [
            {
                "name": "zOCRL",
                "birthDate": "2022-09-09",
                "type": {
                    "name": "cat",
                    "id": 1
                },
                "id": 59,
                "ownerId": 63,
                "visits": [
                    
                ]
            }
        ]
    },
    {
        "firstName": "FNGHZCj",
        "lastName": "LNKpjwV",
        "address": "Address: ASvJy",
        "city": "City: tdoYZ",
        "telephone": "70883145",
        "id": 64,
        "pets": [
            {
                "name": "Ofcyx",
                "birthDate": "2022-09-09",
                "type": {
                    "name": "cat",
                    "id": 1
                },
                "id": 60,
                "ownerId": 64,
                "visits": [
                    
                ]
            }
        ]
    },
    {
        "firstName": "FNVfRFV",
        "lastName": "LNLxCMs",
        "address": "Address: QYWoR",
        "city": "City: 57Wun",
        "telephone": "75883037",
        "id": 65,
        "pets": [
            {
                "name": "vBwvQ",
                "birthDate": "2022-09-09",
                "type": {
                    "name": "cat",
                    "id": 1
                },
                "id": 61,
                "ownerId": 65,
                "visits": [
                    
                ]
            }
        ]
    },
    {
        "firstName": "FNuKSOU",
        "lastName": "LNfmQJY",
        "address": "Address: AxsWM",
        "city": "City: l8U3k",
        "telephone": "87253881",
        "id": 66,
        "pets": [
            {
                "name": "mWvCw",
                "birthDate": "2022-09-09",
                "type": {
                    "name": "cat",
                    "id": 1
                },
                "id": 66,
                "ownerId": 66,
                "visits": [
                    
                ]
            }
        ]
    },
    {
        "firstName": "FNquiVg",
        "lastName": "LNhhnCw",
        "address": "Address: PugLO",
        "city": "City: Hatny",
        "telephone": "88168206",
        "id": 67,
        "pets": [
            {
                "name": "tmXXi",
                "birthDate": "2022-09-09",
                "type": {
                    "name": "cat",
                    "id": 1
                },
                "id": 67,
                "ownerId": 67,
                "visits": [
                    
                ]
            }
        ]
    },
    {
        "firstName": "FNMRhMu",
        "lastName": "LNKvorN",
        "address": "Address: Ui5Ck",
        "city": "City: aJAQ0",
        "telephone": "08002350",
        "id": 68,
        "pets": [
            {
                "name": "jZEtE",
                "birthDate": "2022-09-09",
                "type": {
                    "name": "cat",
                    "id": 1
                },
                "id": 68,
                "ownerId": 68,
                "visits": [
                    
                ]
            }
        ]
    },
    {
        "firstName": "FNFOpUp",
        "lastName": "LNXHTWG",
        "address": "Address: gZIIL",
        "city": "City: 50nYx",
        "telephone": "62999564",
        "id": 69,
        "pets": [
            
        ]
    },
    {
        "firstName": "FNBAYun",
        "lastName": "LNTgqDk",
        "address": "Address: 3Ll7o",
        "city": "City: yMrcM",
        "telephone": "61021079",
        "id": 70,
        "pets": [
            {
                "name": "SkHnO",
                "birthDate": "2022-09-09",
                "type": {
                    "name": "cat",
                    "id": 1
                },
                "id": 73,
                "ownerId": 70,
                "visits": [
                    
                ]
            }
        ]
    },
    {
        "firstName": "FNOOUCl",
        "lastName": "LNbxWxK",
        "address": "Address: LZyCW",
        "city": "City: MZ8ap",
        "telephone": "03079794",
        "id": 71,
        "pets": [
            {
                "name": "QZjar",
                "birthDate": "2022-09-09",
                "type": {
                    "name": "cat",
                    "id": 1
                },
                "id": 74,
                "ownerId": 71,
                "visits": [
                    
                ]
            }
        ]
    },
    {
        "firstName": "FNGxdDS",
        "lastName": "LNDaPdB",
        "address": "Address: 8XcRN",
        "city": "City: YtlXO",
        "telephone": "39879673",
        "id": 72,
        "pets": [
            {
                "name": "KkbKh",
                "birthDate": "2022-09-09",
                "type": {
                    "name": "cat",
                    "id": 1
                },
                "id": 75,
                "ownerId": 72,
                "visits": [
                    
                ]
            }
        ]
    },
    {
        "firstName": "FNVufZq",
        "lastName": "LNEsDtk",
        "address": "Address: 8fOCo",
        "city": "City: uUZXy",
        "telephone": "42123542",
        "id": 73,
        "pets": [
            {
                "name": "FiDaf",
                "birthDate": "2022-09-09",
                "type": {
                    "name": "cat",
                    "id": 1
                },
                "id": 76,
                "ownerId": 73,
                "visits": [
                    
                ]
            }
        ]
    },
    {
        "firstName": "FNPtMSb",
        "lastName": "LNQvgsf",
        "address": "Address: 46uar",
        "city": "City: 1ts8S",
        "telephone": "15955454",
        "id": 74,
        "pets": [
            {
                "name": "EVyHE",
                "birthDate": "2022-09-09",
                "type": {
                    "name": "cat",
                    "id": 1
                },
                "id": 77,
                "ownerId": 74,
                "visits": [
                    
                ]
            }
        ]
    },
    {
        "firstName": "FNihCcB",
        "lastName": "LNivKlo",
        "address": "Address: ChMX0",
        "city": "City: v1FkC",
        "telephone": "71099135",
        "id": 75,
        "pets": [
            {
                "name": "gHMiw",
                "birthDate": "2022-09-09",
                "type": {
                    "name": "cat",
                    "id": 1
                },
                "id": 78,
                "ownerId": 75,
                "visits": [
                    
                ]
            }
        ]
    },
    {
        "firstName": "FNIKWlh",
        "lastName": "LNbiDun",
        "address": "Address: UpffK",
        "city": "City: tuyi2",
        "telephone": "50710045",
        "id": 76,
        "pets": [
            {
                "name": "A",
                "birthDate": "2022-09-09",
                "type": {
                    "name": "cat",
                    "id": 1
                },
                "id": 79,
                "ownerId": 76,
                "visits": [
                    
                ]
            }
        ]
    },
    {
        "firstName": "FNxsBPX",
        "lastName": "LNqToVp",
        "address": "Address: uC3Cp",
        "city": "City: nIMwd",
        "telephone": "18400557",
        "id": 77,
        "pets": [
            {
                "name": "John",
                "birthDate": "2022-09-09",
                "type": {
                    "name": "cat",
                    "id": 1
                },
                "id": 80,
                "ownerId": 77,
                "visits": [
                    
                ]
            }
        ]
    },
    {
        "firstName": "FNPRBEM",
        "lastName": "LNtJIsL",
        "address": "Address: SrS8n",
        "city": "City: oxcY1",
        "telephone": "58741105",
        "id": 78,
        "pets": [
            {
                "name": "ThirtyCharsTestNametesttestte",
                "birthDate": "2022-09-09",
                "type": {
                    "name": "cat",
                    "id": 1
                },
                "id": 81,
                "ownerId": 78,
                "visits": [
                    
                ]
            }
        ]
    },
    {
        "firstName": "FNItCgZ",
        "lastName": "LNeyZNs",
        "address": "Address: P0Qpa",
        "city": "City: MfWT2",
        "telephone": "25407600",
        "id": 79,
        "pets": [
            {
                "name": "test_*()&^%$#@!?/",
                "birthDate": "2022-09-09",
                "type": {
                    "name": "cat",
                    "id": 1
                },
                "id": 82,
                "ownerId": 79,
                "visits": [
                    
                ]
            }
        ]
    },
    {
        "firstName": "FNBQawy",
        "lastName": "LNZFRtz",
        "address": "Address: IYXMO",
        "city": "City: R4RvB",
        "telephone": "20118398",
        "id": 80,
        "pets": [
            {
                "name": "sDRnc",
                "birthDate": "2022-09-09",
                "type": {
                    "name": "cat",
                    "id": 1
                },
                "id": 83,
                "ownerId": 80,
                "visits": [
                    
                ]
            }
        ]
    },
    {
        "firstName": "FNvByVt",
        "lastName": "LNPUIGA",
        "address": "Address: JTib6",
        "city": "City: Qbxgm",
        "telephone": "18998636",
        "id": 81,
        "pets": [
            {
                "name": "nobYv",
                "birthDate": "2022-09-09",
                "type": {
                    "name": "cat",
                    "id": 1
                },
                "id": 84,
                "ownerId": 81,
                "visits": [
                    
                ]
            }
        ]
    },
    {
        "firstName": "FNjvYHt",
        "lastName": "LNrFYyZ",
        "address": "Address: 9UlBo",
        "city": "City: 7KlYW",
        "telephone": "09663944",
        "id": 82,
        "pets": [
            {
                "name": "WWgzh",
                "birthDate": "2022-09-09",
                "type": {
                    "name": "cat",
                    "id": 1
                },
                "id": 85,
                "ownerId": 82,
                "visits": [
                    
                ]
            }
        ]
    },
    {
        "firstName": "FNQwdNG",
        "lastName": "LNjueih",
        "address": "Address: Psx3q",
        "city": "City: lUor2",
        "telephone": "74689276",
        "id": 84,
        "pets": [
            
        ]
    },
    {
        "firstName": "A",
        "lastName": "LNBtxnF",
        "address": "Address: 9rMM8",
        "city": "City: T7Jdn",
        "telephone": "94208397",
        "id": 85,
        "pets": [
            
        ]
    },
    {
        "firstName": "John",
        "lastName": "LNwtKxm",
        "address": "Address: duhZZ",
        "city": "City: xgdmk",
        "telephone": "26210415",
        "id": 86,
        "pets": [
            
        ]
    },
    {
        "firstName": "ThirtyCharsTestNametesttestte",
        "lastName": "LNeYYFC",
        "address": "Address: iWOwp",
        "city": "City: lfZZ5",
        "telephone": "42536706",
        "id": 87,
        "pets": [
            
        ]
    },
    {
        "firstName": "FNxRJky",
        "lastName": "B",
        "address": "Address: 3LiNO",
        "city": "City: 4XvrW",
        "telephone": "10014086",
        "id": 88,
        "pets": [
            
        ]
    },
    {
        "firstName": "FNLJAco",
        "lastName": "Dou",
        "address": "Address: 6T5hE",
        "city": "City: MClKC",
        "telephone": "06428715",
        "id": 89,
        "pets": [
            
        ]
    },
    {
        "firstName": "FNEbTnZ",
        "lastName": "ThirtyCharsTestNametesttestte",
        "address": "Address: lO0pJ",
        "city": "City: uqB39",
        "telephone": "93370150",
        "id": 90,
        "pets": [
            
        ]
    },
    {
        "firstName": "FNLGwHZ",
        "lastName": "LNMKghz",
        "address": "A",
        "city": "City: h35SV",
        "telephone": "85146959",
        "id": 91,
        "pets": [
            
        ]
    },
    {
        "firstName": "FNwbliu",
        "lastName": "LNCTUsn",
        "address": "101 B. Down St, 1/2 &*%$#@",
        "city": "City: 8Bwxx",
        "telephone": "31225798",
        "id": 92,
        "pets": [
            
        ]
    },
    {
        "firstName": "FNXmEcX",
        "lastName": "LNgyuQR",
        "address": "twoHundredFiftyFifeCharsAddresstwoHundredFiftyFifeCharsAddresstwoHundredFiftyFifeCharsAddresstwoHundredFiftyFifeCharsAddresstwoHundredFiftyFifeCharsAddresstwoHundredFiftyFifeCharsAddresstwoHundredFiftyFifeCharsAddresstwoHundredFiftyFifeCharsAddresstwoHun",
        "city": "City: YdsEl",
        "telephone": "07271599",
        "id": 93,
        "pets": [
            
        ]
    },
    {
        "firstName": "FNBjyFe",
        "lastName": "LNwIaGE",
        "address": "Address: Pd1qX",
        "city": "A",
        "telephone": "97241130",
        "id": 94,
        "pets": [
            
        ]
    },
    {
        "firstName": "FNyIjms",
        "lastName": "LNubOwi",
        "address": "Address: dIxSn",
        "city": "Milton-Freewater (Oregon)",
        "telephone": "68984013",
        "id": 95,
        "pets": [
            
        ]
    },
    {
        "firstName": "FNMlhvT",
        "lastName": "LNlJMYI",
        "address": "Address: lAlQa",
        "city": "test 123 / &*%$#@",
        "telephone": "01049697",
        "id": 96,
        "pets": [
            
        ]
    },
    {
        "firstName": "FNtTOEH",
        "lastName": "LNBPGDK",
        "address": "Address: CwATC",
        "city": "EightyCharsTestCityEightyCharsTestCityEightyCharsTestCityEightyCharsTestCityyyy",
        "telephone": "94019958",
        "id": 97,
        "pets": [
            
        ]
    },
    {
        "firstName": "FNbwmLO",
        "lastName": "LNxpOGJ",
        "address": "Address: ISlY6",
        "city": "City: bEjDW",
        "telephone": "0",
        "id": 98,
        "pets": [
            
        ]
    },
    {
        "firstName": "FNwJXlh",
        "lastName": "LNxOdvi",
        "address": "Address: 3xi0P",
        "city": "City: AI8Cs",
        "telephone": "31507134",
        "id": 100,
        "pets": [
            
        ]
    },
    {
        "firstName": "FNLeJYa",
        "lastName": "LNoFrxu",
        "address": "Address: GsZE4",
        "city": "City: QDCWB",
        "telephone": "90012369",
        "id": 101,
        "pets": [
            {
                "name": "EhdKm",
                "birthDate": "2022-09-09",
                "type": {
                    "name": "cat",
                    "id": 1
                },
                "id": 87,
                "ownerId": 101,
                "visits": [
                    
                ]
            }
        ]
    },
    {
        "firstName": "FNWzeeo",
        "lastName": "LNrrNUi",
        "address": "Address: QkiZG",
        "city": "City: K5gfw",
        "telephone": "59482163",
        "id": 102,
        "pets": [
            
        ]
    },
    {
        "firstName": "FNQBvTP",
        "lastName": "Smith",
        "address": "Address: iuExZ",
        "city": "City: 6FpMs",
        "telephone": "15766142",
        "id": 103,
        "pets": [
            
        ]
    },
    {
        "firstName": "FNVSdqd",
        "lastName": "Smith",
        "address": "Address: 0o8VV",
        "city": "City: ox3sw",
        "telephone": "55252918",
        "id": 104,
        "pets": [
            
        ]
    },
    {
        "firstName": "A",
        "lastName": "LNsreoB",
        "address": "Address: zWFV1",
        "city": "City: epHtz",
        "telephone": "39725757",
        "id": 105,
        "pets": [
            
        ]
    },
    {
        "firstName": "John",
        "lastName": "LNBDPhi",
        "address": "Address: Ns8bX",
        "city": "City: yn3Sh",
        "telephone": "45336389",
        "id": 106,
        "pets": [
            
        ]
    },
    {
        "firstName": "ThirtyCharsTestNametesttestte",
        "lastName": "LNQFEMD",
        "address": "Address: tJgGe",
        "city": "City: 1hQUQ",
        "telephone": "60098415",
        "id": 107,
        "pets": [
            
        ]
    },
    {
        "firstName": "FNHjBjN",
        "lastName": "LNVWUBG",
        "address": "Address: JYxjZ",
        "city": "City: 80ptW",
        "telephone": "88905659",
        "id": 108,
        "pets": [
            
        ]
    },
    {
        "firstName": "FNGwGhS",
        "lastName": "LNtEGWX",
        "address": "Address: cU5Il",
        "city": "City: jWjHB",
        "telephone": "03858244",
        "id": 109,
        "pets": [
            
        ]
    },
    {
        "firstName": "FNEEbok",
        "lastName": "LNFWLGp",
        "address": "Address: QsELR",
        "city": "City: eyy6m",
        "telephone": "33280737",
        "id": 110,
        "pets": [
            
        ]
    },
    {
        "firstName": "FNEYTDg",
        "lastName": "LNFxpHb",
        "address": "Address: utl4N",
        "city": "City: 6Ofnj",
        "telephone": "73082224",
        "id": 111,
        "pets": [
            
        ]
    },
    {
        "firstName": "FNiVCub",
        "lastName": "B",
        "address": "Address: G2Ygx",
        "city": "City: fmAbY",
        "telephone": "55608953",
        "id": 112,
        "pets": [
            
        ]
    },
    {
        "firstName": "FNoWRDh",
        "lastName": "Dou",
        "address": "Address: VH6DM",
        "city": "City: LKnBj",
        "telephone": "45811468",
        "id": 113,
        "pets": [
            
        ]
    },
    {
        "firstName": "FNlOOMo",
        "lastName": "ThirtyCharsTestNametesttestte",
        "address": "Address: ONr0Y",
        "city": "City: stHhO",
        "telephone": "11526262",
        "id": 114,
        "pets": [
            
        ]
    },
    {
        "firstName": "FNlvuLy",
        "lastName": "LNUqVLQ",
        "address": "Address: Awnrm",
        "city": "City: KUSrE",
        "telephone": "11014557",
        "id": 115,
        "pets": [
            
        ]
    },
    {
        "firstName": "FNmukMN",
        "lastName": "LNYmosv",
        "address": "Address: z20CM",
        "city": "City: Fueny",
        "telephone": "08217741",
        "id": 116,
        "pets": [
            
        ]
    },
    {
        "firstName": "FNyeDBk",
        "lastName": "LNkfkWP",
        "address": "Address: NNa0x",
        "city": "City: MCo6s",
        "telephone": "04923483",
        "id": 117,
        "pets": [
            
        ]
    },
    {
        "firstName": "FNijNzH",
        "lastName": "LNTmGyp",
        "address": "Address: dkAP9",
        "city": "City: BRkwv",
        "telephone": "39859285",
        "id": 118,
        "pets": [
            
        ]
    },
    {
        "firstName": "FNsICWS",
        "lastName": "LNdvDhl",
        "address": "A",
        "city": "City: OKeC8",
        "telephone": "61337422",
        "id": 119,
        "pets": [
            
        ]
    },
    {
        "firstName": "FNUUJoH",
        "lastName": "LNwNxKJ",
        "address": "101 B. Down St, 1/2 &*%$#@",
        "city": "City: FBwct",
        "telephone": "11837875",
        "id": 120,
        "pets": [
            
        ]
    },
    {
        "firstName": "FNYvYQJ",
        "lastName": "LNkUfYu",
        "address": "twoHundredFiftyFifeCharsAddresstwoHundredFiftyFifeCharsAddresstwoHundredFiftyFifeCharsAddresstwoHundredFiftyFifeCharsAddresstwoHundredFiftyFifeCharsAddresstwoHundredFiftyFifeCharsAddresstwoHundredFiftyFifeCharsAddresstwoHundredFiftyFifeCharsAddresstwoHun",
        "city": "City: dOPH4",
        "telephone": "69798857",
        "id": 121,
        "pets": [
            
        ]
    },
    {
        "firstName": "FNBvwgU",
        "lastName": "LNfoRik",
        "address": "Address: hdSxk",
        "city": "City: azGpe",
        "telephone": "81625495",
        "id": 122,
        "pets": [
            
        ]
    },
    {
        "firstName": "FNeFCzm",
        "lastName": "LNVlfyN",
        "address": "Address: Jpg2M",
        "city": "City: qeITp",
        "telephone": "15782712",
        "id": 123,
        "pets": [
            
        ]
    },
    {
        "firstName": "FNjJJRd",
        "lastName": "LNatURq",
        "address": "Address: lmDur",
        "city": "City: ztBr3",
        "telephone": "05511184",
        "id": 124,
        "pets": [
            
        ]
    },
    {
        "firstName": "FNHzemi",
        "lastName": "LNwrFdO",
        "address": "Address: b51Hi",
        "city": "A",
        "telephone": "99990488",
        "id": 125,
        "pets": [
            
        ]
    },
    {
        "firstName": "FNjmdXM",
        "lastName": "LNFbdYT",
        "address": "Address: yhm5p",
        "city": "Milton-Freewater (Oregon)",
        "telephone": "81146317",
        "id": 126,
        "pets": [
            
        ]
    },
    {
        "firstName": "FNKOfdT",
        "lastName": "LNNsEkR",
        "address": "Address: uAcuQ",
        "city": "test 123 / &*%$#@",
        "telephone": "36756606",
        "id": 127,
        "pets": [
            
        ]
    },
    {
        "firstName": "FNwjsMW",
        "lastName": "LNdMJQS",
        "address": "Address: 2LhGC",
        "city": "EightyCharsTestCityEightyCharsTestCityEightyCharsTestCityEightyCharsTestCityyyy",
        "telephone": "12151950",
        "id": 128,
        "pets": [
            
        ]
    },
    {
        "firstName": "FNgFDlU",
        "lastName": "LNKeoTp",
        "address": "Address: 0kLU6",
        "city": "City: F0S2e",
        "telephone": "21987098",
        "id": 129,
        "pets": [
            
        ]
    },
    {
        "firstName": "FNLjVJE",
        "lastName": "LNYSEmx",
        "address": "Address: fnWHH",
        "city": "City: o1cik",
        "telephone": "32964923",
        "id": 130,
        "pets": [
            
        ]
    },
    {
        "firstName": "FNbzPPv",
        "lastName": "LNYLOtx",
        "address": "Address: 2LPfW",
        "city": "City: C9UgJ",
        "telephone": "93456124",
        "id": 131,
        "pets": [
            
        ]
    },
    {
        "firstName": "FNiqDzY",
        "lastName": "LNddQcn",
        "address": "Address: is8fb",
        "city": "City: baWIr",
        "telephone": "0",
        "id": 132,
        "pets": [
            
        ]
    },
    {
        "firstName": "FNfyBDF",
        "lastName": "LNVkKLx",
        "address": "Address: d2Eyv",
        "city": "City: QuANj",
        "telephone": "97219319",
        "id": 133,
        "pets": [
            
        ]
    },
    {
        "firstName": "FNrcYHu",
        "lastName": "LNzdySW",
        "address": "Address: EhFNq",
        "city": "City: QHwIl",
        "telephone": "76590813",
        "id": 134,
        "pets": [
            
        ]
    },
    {
        "firstName": "FNgweJK",
        "lastName": "LNTYmfT",
        "address": "Address: AreiE",
        "city": "City: rAIdw",
        "telephone": "51938006",
        "id": 135,
        "pets": [
            
        ]
    },
    {
        "firstName": "FNJQEXj",
        "lastName": "LNIFAIL",
        "address": "Address: Gf3ZZ",
        "city": "City: xgvQt",
        "telephone": "91898416",
        "id": 136,
        "pets": [
            
        ]
    },
    {
        "firstName": "FNDJsen",
        "lastName": "LNNnxMZ",
        "address": "Address: lO3YN",
        "city": "City: GiMXL",
        "telephone": "33736716",
        "id": 137,
        "pets": [
            
        ]
    },
    {
        "firstName": "FNPszGC",
        "lastName": "LNfkKeU",
        "address": "Address: yiQCv",
        "city": "City: Z84nk",
        "telephone": "00420107",
        "id": 138,
        "pets": [
            
        ]
    },
    {
        "firstName": "FNNCyNu",
        "lastName": "LNdLLuV",
        "address": "Address: kq53A",
        "city": "City: lafuJ",
        "telephone": "75008203",
        "id": 139,
        "pets": [
            
        ]
    },
    {
        "firstName": "FNycZhV",
        "lastName": "LNRODaN",
        "address": "Address: TlrF1",
        "city": "City: JGN76",
        "telephone": "19709034",
        "id": 140,
        "pets": [
            {
                "name": "A",
                "birthDate": "2022-09-09",
                "type": {
                    "name": "cat",
                    "id": 1
                },
                "id": 92,
                "ownerId": 140,
                "visits": [
                    
                ]
            }
        ]
    },
    {
        "firstName": "FNYWIDK",
        "lastName": "LNTLOKC",
        "address": "Address: r95gz",
        "city": "City: 50Ocx",
        "telephone": "01609436",
        "id": 141,
        "pets": [
            {
                "name": "Bin",
                "birthDate": "2022-09-09",
                "type": {
                    "name": "cat",
                    "id": 1
                },
                "id": 93,
                "ownerId": 141,
                "visits": [
                    
                ]
            }
        ]
    },
    {
        "firstName": "FNSobfh",
        "lastName": "LNIBprF",
        "address": "Address: HRSCy",
        "city": "City: cYFL9",
        "telephone": "47763532",
        "id": 142,
        "pets": [
            {
                "name": "ThirtyCharsTestNametesttestte",
                "birthDate": "2022-09-09",
                "type": {
                    "name": "cat",
                    "id": 1
                },
                "id": 94,
                "ownerId": 142,
                "visits": [
                    
                ]
            }
        ]
    },
    {
        "firstName": "FNGSvMq",
        "lastName": "LNBPttw",
        "address": "Address: RNWjI",
        "city": "City: 2QElR",
        "telephone": "11878371",
        "id": 143,
        "pets": [
            {
                "name": "test_*()&^%$#@!?/",
                "birthDate": "2022-09-09",
                "type": {
                    "name": "cat",
                    "id": 1
                },
                "id": 95,
                "ownerId": 143,
                "visits": [
                    
                ]
            }
        ]
    },
    {
        "firstName": "FNHAItc",
        "lastName": "LNhDDhc",
        "address": "Address: M5Pqk",
        "city": "City: JqzxN",
        "telephone": "83161301",
        "id": 144,
        "pets": [
            {
                "name": "qVkcO",
                "birthDate": "2022-09-09",
                "type": {
                    "name": "cat",
                    "id": 1
                },
                "id": 96,
                "ownerId": 144,
                "visits": [
                    
                ]
            }
        ]
    },
    {
        "firstName": "FNeCswH",
        "lastName": "LNcJeEQ",
        "address": "Address: KaxPi",
        "city": "City: k1PHT",
        "telephone": "14439999",
        "id": 145,
        "pets": [
            
        ]
    },
    {
        "firstName": "FNUNuYU",
        "lastName": "LNqJZnV",
        "address": "Address: 2ciuy",
        "city": "City: 7aqmR",
        "telephone": "60255741",
        "id": 146,
        "pets": [
            
        ]
    },
    {
        "firstName": "FNGqPIO",
        "lastName": "LNzqzJJ",
        "address": "Address: XvGw2",
        "city": "City: 3ecBx",
        "telephone": "95198733",
        "id": 147,
        "pets": [
            
        ]
    },
    {
        "firstName": "FNQymlb",
        "lastName": "LNwiddD",
        "address": "Address: fbEh8",
        "city": "City: Pa0lv",
        "telephone": "87941822",
        "id": 148,
        "pets": [
            
        ]
    },
    {
        "firstName": "FNeAHiF",
        "lastName": "LNfJhrN",
        "address": "Address: 7hWIQ",
        "city": "City: 30Xwe",
        "telephone": "02538614",
        "id": 149,
        "pets": [
            {
                "name": "vlZps",
                "birthDate": "2022-09-09",
                "type": {
                    "name": "cat",
                    "id": 1
                },
                "id": 98,
                "ownerId": 149,
                "visits": [
                    
                ]
            }
        ]
    },
    {
        "firstName": "FNPhxYc",
        "lastName": "LNWglJf",
        "address": "Address: zG49h",
        "city": "City: bDxST",
        "telephone": "33985283",
        "id": 150,
        "pets": [
            {
                "name": "nTPwz",
                "birthDate": "2022-09-09",
                "type": {
                    "name": "cat",
                    "id": 1
                },
                "id": 99,
                "ownerId": 150,
                "visits": [
                    
                ]
            }
        ]
    },
    {
        "firstName": "FNgbDSc",
        "lastName": "LNfxEmv",
        "address": "Address: hIeIz",
        "city": "City: vJLAC",
        "telephone": "06519162",
        "id": 151,
        "pets": [
            {
                "name": "pIYUH",
                "birthDate": "2022-09-09",
                "type": {
                    "name": "cat",
                    "id": 1
                },
                "id": 100,
                "ownerId": 151,
                "visits": [
                    
                ]
            }
        ]
    },
    {
        "firstName": "FNJSKED",
        "lastName": "LNHliCC",
        "address": "Address: Blh1E",
        "city": "City: j8hrR",
        "telephone": "83529100",
        "id": 152,
        "pets": [
            {
                "name": "bkNtl",
                "birthDate": "2022-09-09",
                "type": {
                    "name": "cat",
                    "id": 1
                },
                "id": 101,
                "ownerId": 152,
                "visits": [
                    
                ]
            }
        ]
    },
    {
        "firstName": "FNwfGoV",
        "lastName": "LNWCiyI",
        "address": "Address: GVJjp",
        "city": "City: Mn9l9",
        "telephone": "68451884",
        "id": 153,
        "pets": [
            {
                "name": "WJLtd",
                "birthDate": "2022-09-09",
                "type": {
                    "name": "cat",
                    "id": 1
                },
                "id": 102,
                "ownerId": 153,
                "visits": [
                    
                ]
            }
        ]
    },
    {
        "firstName": "FNEuGuU",
        "lastName": "LNJcVST",
        "address": "Address: CWeXh",
        "city": "City: t0Bau",
        "telephone": "16090435",
        "id": 154,
        "pets": [
            {
                "name": "MQUVO",
                "birthDate": "2022-09-09",
                "type": {
                    "name": "cat",
                    "id": 1
                },
                "id": 103,
                "ownerId": 154,
                "visits": [
                    
                ]
            }
        ]
    },
    {
        "firstName": "FNzwdfG",
        "lastName": "LNoVgCw",
        "address": "Address: p7j8c",
        "city": "City: NDQ0d",
        "telephone": "88587748",
        "id": 155,
        "pets": [
            {
                "name": "dCSZL",
                "birthDate": "2022-09-09",
                "type": {
                    "name": "cat",
                    "id": 1
                },
                "id": 104,
                "ownerId": 155,
                "visits": [
                    
                ]
            }
        ]
    },
    {
        "firstName": "FNxGqhD",
        "lastName": "LNqzqTs",
        "address": "Address: g2uCi",
        "city": "City: 5xKgt",
        "telephone": "26561574",
        "id": 156,
        "pets": [
            {
                "name": "A",
                "birthDate": "2022-09-09",
                "type": {
                    "name": "cat",
                    "id": 1
                },
                "id": 105,
                "ownerId": 156,
                "visits": [
                    
                ]
            }
        ]
    },
    {
        "firstName": "FNoUlqj",
        "lastName": "LNfpmCc",
        "address": "Address: mOTGX",
        "city": "City: GCX5E",
        "telephone": "28714176",
        "id": 157,
        "pets": [
            {
                "name": "John",
                "birthDate": "2022-09-09",
                "type": {
                    "name": "cat",
                    "id": 1
                },
                "id": 106,
                "ownerId": 157,
                "visits": [
                    
                ]
            }
        ]
    },
    {
        "firstName": "FNyWDrZ",
        "lastName": "LNIUCFG",
        "address": "Address: H45VE",
        "city": "City: HqW8h",
        "telephone": "94837945",
        "id": 158,
        "pets": [
            {
                "name": "ThirtyCharsTestNametesttestte",
                "birthDate": "2022-09-09",
                "type": {
                    "name": "cat",
                    "id": 1
                },
                "id": 107,
                "ownerId": 158,
                "visits": [
                    
                ]
            }
        ]
    },
    {
        "firstName": "FNXwSIg",
        "lastName": "LNRGibZ",
        "address": "Address: C3Eww",
        "city": "City: ILt1u",
        "telephone": "81762855",
        "id": 159,
        "pets": [
            {
                "name": "test_*()&^%$#@!?/",
                "birthDate": "2022-09-09",
                "type": {
                    "name": "cat",
                    "id": 1
                },
                "id": 108,
                "ownerId": 159,
                "visits": [
                    
                ]
            }
        ]
    },
    {
        "firstName": "FNyTwEr",
        "lastName": "LNXmHDs",
        "address": "Address: tgu1M",
        "city": "City: uSnrY",
        "telephone": "89974278",
        "id": 160,
        "pets": [
            {
                "name": "gcrNb",
                "birthDate": "2022-09-09",
                "type": {
                    "name": "cat",
                    "id": 1
                },
                "id": 109,
                "ownerId": 160,
                "visits": [
                    
                ]
            }
        ]
    },
    {
        "firstName": "FNrnOHy",
        "lastName": "LNzCgTk",
        "address": "Address: Fbu3T",
        "city": "City: KzhqB",
        "telephone": "95938806",
        "id": 161,
        "pets": [
            {
                "name": "YYTsH",
                "birthDate": "2022-09-09",
                "type": {
                    "name": "cat",
                    "id": 1
                },
                "id": 110,
                "ownerId": 161,
                "visits": [
                    
                ]
            }
        ]
    },
    {
        "firstName": "FNrAGtI",
        "lastName": "LNWLtNl",
        "address": "Address: Ix38o",
        "city": "City: VJ6um",
        "telephone": "91572317",
        "id": 162,
        "pets": [
            {
                "name": "zrGqF",
                "birthDate": "2022-09-09",
                "type": {
                    "name": "cat",
                    "id": 1
                },
                "id": 111,
                "ownerId": 162,
                "visits": [
                    
                ]
            }
        ]
    },
    {
        "firstName": "A",
        "lastName": "LNlMAYJ",
        "address": "Address: RBnWZ",
        "city": "City: YnUtx",
        "telephone": "61527343",
        "id": 163,
        "pets": [
            
        ]
    },
    {
        "firstName": "John",
        "lastName": "LNlGVRU",
        "address": "Address: l46qz",
        "city": "City: 5JzVE",
        "telephone": "14953511",
        "id": 164,
        "pets": [
            
        ]
    },
    {
        "firstName": "ThirtyCharsTestNametesttestte",
        "lastName": "LNKLqDD",
        "address": "Address: qNF4Q",
        "city": "City: T8vRP",
        "telephone": "48584860",
        "id": 165,
        "pets": [
            
        ]
    },
    {
        "firstName": "A",
        "lastName": "LNPiWSb",
        "address": "Address: Eqktq",
        "city": "City: Ub3rA",
        "telephone": "19417660",
        "id": 166,
        "pets": [
            
        ]
    },
    {
        "firstName": "John",
        "lastName": "LNgDEPw",
        "address": "Address: cDq7a",
        "city": "City: WwfLz",
        "telephone": "18539095",
        "id": 167,
        "pets": [
            
        ]
    },
    {
        "firstName": "ThirtyCharsTestNametesttestte",
        "lastName": "LNrErlW",
        "address": "Address: ubASW",
        "city": "City: tPOHy",
        "telephone": "72407540",
        "id": 168,
        "pets": [
            
        ]
    },
    {
        "firstName": "A",
        "lastName": "LNQAuAw",
        "address": "Address: Sl58E",
        "city": "City: W5UgG",
        "telephone": "75787678",
        "id": 169,
        "pets": [
            
        ]
    },
    {
        "firstName": "John",
        "lastName": "LNCOXhS",
        "address": "Address: MKmyd",
        "city": "City: 4sLnN",
        "telephone": "28245221",
        "id": 170,
        "pets": [
            
        ]
    },
    {
        "firstName": "ThirtyCharsTestNametesttestte",
        "lastName": "LNTYBkn",
        "address": "Address: 1Wqrz",
        "city": "City: Jdd0S",
        "telephone": "17554544",
        "id": 171,
        "pets": [
            
        ]
    },
    {
        "firstName": "FNOhjSw",
        "lastName": "B",
        "address": "Address: EhBex",
        "city": "City: SFqob",
        "telephone": "15010167",
        "id": 172,
        "pets": [
            
        ]
    },
    {
        "firstName": "FNjeGeR",
        "lastName": "Dou",
        "address": "Address: oYSNj",
        "city": "City: GxSDW",
        "telephone": "30282746",
        "id": 173,
        "pets": [
            
        ]
    },
    {
        "firstName": "FNabfGN",
        "lastName": "ThirtyCharsTestNametesttestte",
        "address": "Address: tFTsI",
        "city": "City: B1V4U",
        "telephone": "39998441",
        "id": 174,
        "pets": [
            
        ]
    },
    {
        "firstName": "FNlZeXT",
        "lastName": "LNJcvIA",
        "address": "A",
        "city": "City: xCE8w",
        "telephone": "42206968",
        "id": 175,
        "pets": [
            
        ]
    },
    {
        "firstName": "FNSSDfv",
        "lastName": "LNFPWPh",
        "address": "101 B. Down St, 1/2 &*%$#@",
        "city": "City: vtrwg",
        "telephone": "30341261",
        "id": 176,
        "pets": [
            
        ]
    },
    {
        "firstName": "FNBqFng",
        "lastName": "LNUVXvv",
        "address": "twoHundredFiftyFifeCharsAddresstwoHundredFiftyFifeCharsAddresstwoHundredFiftyFifeCharsAddresstwoHundredFiftyFifeCharsAddresstwoHundredFiftyFifeCharsAddresstwoHundredFiftyFifeCharsAddresstwoHundredFiftyFifeCharsAddresstwoHundredFiftyFifeCharsAddresstwoHun",
        "city": "City: S6O3P",
        "telephone": "81556030",
        "id": 177,
        "pets": [
            
        ]
    },
    {
        "firstName": "FNxyxgW",
        "lastName": "LNCxvOR",
        "address": "Address: sxb0V",
        "city": "A",
        "telephone": "53612540",
        "id": 178,
        "pets": [
            
        ]
    },
    {
        "firstName": "FNxwOPb",
        "lastName": "LNbRgLg",
        "address": "Address: qShjP",
        "city": "Milton-Freewater (Oregon)",
        "telephone": "24154578",
        "id": 179,
        "pets": [
            
        ]
    },
    {
        "firstName": "FNubadd",
        "lastName": "LNbERRu",
        "address": "Address: b5rNW",
        "city": "test 123 / &*%$#@",
        "telephone": "56068693",
        "id": 180,
        "pets": [
            
        ]
    },
    {
        "firstName": "FNAxNtX",
        "lastName": "LNFDllE",
        "address": "Address: ahGQR",
        "city": "EightyCharsTestCityEightyCharsTestCityEightyCharsTestCityEightyCharsTestCityyyy",
        "telephone": "10386104",
        "id": 181,
        "pets": [
            
        ]
    },
    {
        "firstName": "FNAYTwF",
        "lastName": "LNPSexP",
        "address": "Address: jU6vn",
        "city": "City: 6YvT2",
        "telephone": "0",
        "id": 182,
        "pets": [
            
        ]
    },
    {
        "firstName": "FNvrzhs",
        "lastName": "LNEWTqT",
        "address": "Address: q0ASX",
        "city": "City: AAhvB",
        "telephone": "31296680",
        "id": 184,
        "pets": [
            
        ]
    },
    {
        "firstName": "FNIiFcT",
        "lastName": "LNefmxh",
        "address": "Address: TUImM",
        "city": "City: Tcthr",
        "telephone": "96992621",
        "id": 185,
        "pets": [
            {
                "name": "gPgHH",
                "birthDate": "2022-09-09",
                "type": {
                    "name": "cat",
                    "id": 1
                },
                "id": 112,
                "ownerId": 185,
                "visits": [
                    
                ]
            }
        ]
    },
    {
        "firstName": "FNeyuIj",
        "lastName": "LNKwEBX",
        "address": "Address: moJvf",
        "city": "City: 5y7r3",
        "telephone": "63548614",
        "id": 186,
        "pets": [
            
        ]
    },
    {
        "firstName": "FNAtAxK",
        "lastName": "Smith",
        "address": "Address: Rn7nl",
        "city": "City: AO9gW",
        "telephone": "49642132",
        "id": 187,
        "pets": [
            
        ]
    },
    {
        "firstName": "FNkWrSG",
        "lastName": "Smith",
        "address": "Address: cYga9",
        "city": "City: Q6jbW",
        "telephone": "90055726",
        "id": 188,
        "pets": [
            
        ]
    },
    {
        "firstName": "A",
        "lastName": "LNAMCVw",
        "address": "Address: 4TRX3",
        "city": "City: nzomG",
        "telephone": "27075256",
        "id": 189,
        "pets": [
            
        ]
    },
    {
        "firstName": "John",
        "lastName": "LNfCPes",
        "address": "Address: HWU4f",
        "city": "City: wnCWN",
        "telephone": "93461747",
        "id": 190,
        "pets": [
            
        ]
    },
    {
        "firstName": "ThirtyCharsTestNametesttestte",
        "lastName": "LNQXGku",
        "address": "Address: rSkio",
        "city": "City: A9A3j",
        "telephone": "53562161",
        "id": 191,
        "pets": [
            
        ]
    },
    {
        "firstName": "FNShDmy",
        "lastName": "LNoVRGo",
        "address": "Address: ftocy",
        "city": "City: sWPRP",
        "telephone": "45288516",
        "id": 192,
        "pets": [
            
        ]
    },
    {
        "firstName": "FNegEYU",
        "lastName": "LNtXfnQ",
        "address": "Address: hEI21",
        "city": "City: 1DjTO",
        "telephone": "50642748",
        "id": 193,
        "pets": [
            
        ]
    },
    {
        "firstName": "FNWfXoO",
        "lastName": "LNnqYJh",
        "address": "Address: KGnUY",
        "city": "City: G3JiP",
        "telephone": "50768918",
        "id": 194,
        "pets": [
            
        ]
    },
    {
        "firstName": "FNhuxpV",
        "lastName": "LNnMiqR",
        "address": "Address: wAsae",
        "city": "City: bxPCz",
        "telephone": "53935647",
        "id": 195,
        "pets": [
            
        ]
    },
    {
        "firstName": "FNIMfTG",
        "lastName": "B",
        "address": "Address: XCnMN",
        "city": "City: Y6u3U",
        "telephone": "91449659",
        "id": 196,
        "pets": [
            
        ]
    },
    {
        "firstName": "FNLZnrn",
        "lastName": "Dou",
        "address": "Address: VIeLb",
        "city": "City: HGWlV",
        "telephone": "51887884",
        "id": 197,
        "pets": [
            
        ]
    },
    {
        "firstName": "FNneLaH",
        "lastName": "ThirtyCharsTestNametesttestte",
        "address": "Address: jiEHa",
        "city": "City: 0ENeF",
        "telephone": "30419098",
        "id": 198,
        "pets": [
            
        ]
    },
    {
        "firstName": "FNMdRvI",
        "lastName": "LNRgEtV",
        "address": "Address: 1hPBD",
        "city": "City: xGwFR",
        "telephone": "36825392",
        "id": 199,
        "pets": [
            
        ]
    },
    {
        "firstName": "FNsNUlZ",
        "lastName": "LNWZCJQ",
        "address": "Address: 1aKN6",
        "city": "City: Nx4RX",
        "telephone": "84191673",
        "id": 200,
        "pets": [
            
        ]
    },
    {
        "firstName": "FNybzSr",
        "lastName": "LNTjbEX",
        "address": "Address: KYSFI",
        "city": "City: GJY9V",
        "telephone": "91818979",
        "id": 201,
        "pets": [
            
        ]
    },
    {
        "firstName": "FNdbyIu",
        "lastName": "LNXHRBY",
        "address": "Address: tqRul",
        "city": "City: mS2wP",
        "telephone": "50210704",
        "id": 202,
        "pets": [
            
        ]
    },
    {
        "firstName": "FNwRImS",
        "lastName": "LNLiAdr",
        "address": "A",
        "city": "City: IUXTO",
        "telephone": "17431115",
        "id": 203,
        "pets": [
            
        ]
    },
    {
        "firstName": "FNzdDBi",
        "lastName": "LNbFRSy",
        "address": "101 B. Down St, 1/2 &*%$#@",
        "city": "City: CuJPU",
        "telephone": "43267084",
        "id": 204,
        "pets": [
            
        ]
    },
    {
        "firstName": "FNbZJvZ",
        "lastName": "LNRhFah",
        "address": "twoHundredFiftyFifeCharsAddresstwoHundredFiftyFifeCharsAddresstwoHundredFiftyFifeCharsAddresstwoHundredFiftyFifeCharsAddresstwoHundredFiftyFifeCharsAddresstwoHundredFiftyFifeCharsAddresstwoHundredFiftyFifeCharsAddresstwoHundredFiftyFifeCharsAddresstwoHun",
        "city": "City: DGlld",
        "telephone": "49161151",
        "id": 205,
        "pets": [
            
        ]
    },
    {
        "firstName": "FNSDXWv",
        "lastName": "LNcEPGi",
        "address": "Address: BpbVA",
        "city": "City: U4gpX",
        "telephone": "47166026",
        "id": 206,
        "pets": [
            
        ]
    },
    {
        "firstName": "FNOijmx",
        "lastName": "LNLbxfP",
        "address": "Address: mHtcQ",
        "city": "City: 3ppMf",
        "telephone": "70465885",
        "id": 207,
        "pets": [
            
        ]
    },
    {
        "firstName": "FNYwGZC",
        "lastName": "LNQseGv",
        "address": "Address: xEtIs",
        "city": "City: bMX0m",
        "telephone": "74357832",
        "id": 208,
        "pets": [
            
        ]
    },
    {
        "firstName": "FNUMzWv",
        "lastName": "LNqDdFs",
        "address": "Address: 172nZ",
        "city": "A",
        "telephone": "92706471",
        "id": 209,
        "pets": [
            
        ]
    },
    {
        "firstName": "FNyTrhZ",
        "lastName": "LNfUVeW",
        "address": "Address: yF2ua",
        "city": "Milton-Freewater (Oregon)",
        "telephone": "98645482",
        "id": 210,
        "pets": [
            
        ]
    },
    {
        "firstName": "FNxHDfk",
        "lastName": "LNwNaCg",
        "address": "Address: dgCtd",
        "city": "test 123 / &*%$#@",
        "telephone": "81311892",
        "id": 211,
        "pets": [
            
        ]
    },
    {
        "firstName": "FNpsAuP",
        "lastName": "LNzGLnC",
        "address": "Address: GeiVk",
        "city": "EightyCharsTestCityEightyCharsTestCityEightyCharsTestCityEightyCharsTestCityyyy",
        "telephone": "47375053",
        "id": 212,
        "pets": [
            
        ]
    },
    {
        "firstName": "FNTFTCf",
        "lastName": "LNICvXt",
        "address": "Address: tSXAR",
        "city": "City: 9T8px",
        "telephone": "85703503",
        "id": 213,
        "pets": [
            
        ]
    },
    {
        "firstName": "FNUpCBO",
        "lastName": "LNTiCJL",
        "address": "Address: cEZOt",
        "city": "City: J3005",
        "telephone": "56388689",
        "id": 214,
        "pets": [
            
        ]
    },
    {
        "firstName": "FNRAYcq",
        "lastName": "LNhfzPY",
        "address": "Address: E1SwZ",
        "city": "City: zDB3d",
        "telephone": "61809958",
        "id": 215,
        "pets": [
            
        ]
    },
    {
        "firstName": "FNlURhs",
        "lastName": "LNUeQxh",
        "address": "Address: HSXFi",
        "city": "City: VCOgZ",
        "telephone": "0",
        "id": 216,
        "pets": [
            
        ]
    },
    {
        "firstName": "FNkoYwm",
        "lastName": "LNjdoze",
        "address": "Address: jSlkr",
        "city": "City: ooYBb",
        "telephone": "57085676",
        "id": 217,
        "pets": [
            
        ]
    },
    {
        "firstName": "FNPUkUK",
        "lastName": "LNRzCjm",
        "address": "Address: SN80K",
        "city": "City: t6FmC",
        "telephone": "76714490",
        "id": 218,
        "pets": [
            
        ]
    },
    {
        "firstName": "FNdQwkc",
        "lastName": "LNxkcMw",
        "address": "Address: wIcqQ",
        "city": "City: BkJtl",
        "telephone": "70027732",
        "id": 219,
        "pets": [
            
        ]
    },
    {
        "firstName": "FNOizKO",
        "lastName": "LNHYvUD",
        "address": "Address: KwRBg",
        "city": "City: 0FyDV",
        "telephone": "66267037",
        "id": 220,
        "pets": [
            
        ]
    },
    {
        "firstName": "FNTqprR",
        "lastName": "LNpUIvX",
        "address": "Address: MAKAh",
        "city": "City: Gz969",
        "telephone": "02117603",
        "id": 221,
        "pets": [
            
        ]
    },
    {
        "firstName": "FNAkDPb",
        "lastName": "LNYziuX",
        "address": "Address: d9tW4",
        "city": "City: hzQm7",
        "telephone": "70142864",
        "id": 222,
        "pets": [
            
        ]
    },
    {
        "firstName": "FNSXGGG",
        "lastName": "LNwuzDM",
        "address": "Address: Dh846",
        "city": "City: 556cZ",
        "telephone": "44820232",
        "id": 223,
        "pets": [
            
        ]
    },
    {
        "firstName": "FNPCZlB",
        "lastName": "LNrrZhE",
        "address": "Address: cIODH",
        "city": "City: hQiSH",
        "telephone": "36689603",
        "id": 224,
        "pets": [
            {
                "name": "A",
                "birthDate": "2022-09-09",
                "type": {
                    "name": "cat",
                    "id": 1
                },
                "id": 117,
                "ownerId": 224,
                "visits": [
                    
                ]
            }
        ]
    },
    {
        "firstName": "FNoJkPS",
        "lastName": "LNRzaty",
        "address": "Address: tcH2j",
        "city": "City: YHbGA",
        "telephone": "09751736",
        "id": 225,
        "pets": [
            {
                "name": "Bin",
                "birthDate": "2022-09-09",
                "type": {
                    "name": "cat",
                    "id": 1
                },
                "id": 118,
                "ownerId": 225,
                "visits": [
                    
                ]
            }
        ]
    },
    {
        "firstName": "FNZvLlP",
        "lastName": "LNtPTor",
        "address": "Address: J9ZJZ",
        "city": "City: NXu6M",
        "telephone": "12270943",
        "id": 226,
        "pets": [
            {
                "name": "ThirtyCharsTestNametesttestte",
                "birthDate": "2022-09-09",
                "type": {
                    "name": "cat",
                    "id": 1
                },
                "id": 119,
                "ownerId": 226,
                "visits": [
                    
                ]
            }
        ]
    },
    {
        "firstName": "FNgneAj",
        "lastName": "LNtReiy",
        "address": "Address: fMAg0",
        "city": "City: ixT3J",
        "telephone": "66065805",
        "id": 227,
        "pets": [
            {
                "name": "test_*()&^%$#@!?/",
                "birthDate": "2022-09-09",
                "type": {
                    "name": "cat",
                    "id": 1
                },
                "id": 120,
                "ownerId": 227,
                "visits": [
                    
                ]
            }
        ]
    },
    {
        "firstName": "FNpvNEX",
        "lastName": "LNzqYXX",
        "address": "Address: yk96m",
        "city": "City: XKL7P",
        "telephone": "59737781",
        "id": 228,
        "pets": [
            {
                "name": "uxoqx",
                "birthDate": "2022-09-09",
                "type": {
                    "name": "cat",
                    "id": 1
                },
                "id": 121,
                "ownerId": 228,
                "visits": [
                    
                ]
            }
        ]
    },
    {
        "firstName": "FNBOCPB",
        "lastName": "LNhitrE",
        "address": "Address: RjWnQ",
        "city": "City: bZGzS",
        "telephone": "69820922",
        "id": 229,
        "pets": [
            
        ]
    },
    {
        "firstName": "FNBHWyl",
        "lastName": "LNwHFLM",
        "address": "Address: C0H8M",
        "city": "City: V7Vwz",
        "telephone": "53172999",
        "id": 230,
        "pets": [
            
        ]
    },
    {
        "firstName": "FNbaZIO",
        "lastName": "LNlckKv",
        "address": "Address: IH7Mf",
        "city": "City: BKDtE",
        "telephone": "63709759",
        "id": 231,
        "pets": [
            
        ]
    },
    {
        "firstName": "FNTzXkD",
        "lastName": "LNSuhVc",
        "address": "Address: jyPZe",
        "city": "City: GpmrW",
        "telephone": "43765077",
        "id": 232,
        "pets": [
            
        ]
    },
    {
        "firstName": "FNSqMQh",
        "lastName": "LNkVTqv",
        "address": "Address: jYuaO",
        "city": "City: hGmB8",
        "telephone": "16208436",
        "id": 233,
        "pets": [
            {
                "name": "DmfWw",
                "birthDate": "2022-09-09",
                "type": {
                    "name": "cat",
                    "id": 1
                },
                "id": 123,
                "ownerId": 233,
                "visits": [
                    
                ]
            }
        ]
    },
    {
        "firstName": "FNZbaSv",
        "lastName": "LNijSjb",
        "address": "Address: Z8Wmo",
        "city": "City: fHN8b",
        "telephone": "53895943",
        "id": 234,
        "pets": [
            {
                "name": "JtmiS",
                "birthDate": "2022-09-09",
                "type": {
                    "name": "cat",
                    "id": 1
                },
                "id": 124,
                "ownerId": 234,
                "visits": [
                    
                ]
            }
        ]
    },
    {
        "firstName": "FNFKkpO",
        "lastName": "LNZjxxF",
        "address": "Address: QkNmT",
        "city": "City: rmcOc",
        "telephone": "67918864",
        "id": 235,
        "pets": [
            {
                "name": "LQEuJ",
                "birthDate": "2022-09-09",
                "type": {
                    "name": "cat",
                    "id": 1
                },
                "id": 125,
                "ownerId": 235,
                "visits": [
                    
                ]
            }
        ]
    },
    {
        "firstName": "FNmZkjJ",
        "lastName": "LNPbAtv",
        "address": "Address: eW0tJ",
        "city": "City: hxSBH",
        "telephone": "59915945",
        "id": 236,
        "pets": [
            {
                "name": "yKQmw",
                "birthDate": "2022-09-09",
                "type": {
                    "name": "cat",
                    "id": 1
                },
                "id": 126,
                "ownerId": 236,
                "visits": [
                    
                ]
            }
        ]
    },
    {
        "firstName": "FNMShkm",
        "lastName": "LNoKmGI",
        "address": "Address: nsuAG",
        "city": "City: jH1GJ",
        "telephone": "70988386",
        "id": 237,
        "pets": [
            {
                "name": "UdyJL",
                "birthDate": "2022-09-09",
                "type": {
                    "name": "cat",
                    "id": 1
                },
                "id": 127,
                "ownerId": 237,
                "visits": [
                    
                ]
            }
        ]
    },
    {
        "firstName": "FNnMZqP",
        "lastName": "LNEtkat",
        "address": "Address: fy1nu",
        "city": "City: X78vJ",
        "telephone": "70970370",
        "id": 238,
        "pets": [
            {
                "name": "buyzd",
                "birthDate": "2022-09-09",
                "type": {
                    "name": "cat",
                    "id": 1
                },
                "id": 128,
                "ownerId": 238,
                "visits": [
                    
                ]
            }
        ]
    },
    {
        "firstName": "FNNXtQh",
        "lastName": "LNsDuRS",
        "address": "Address: c1T9O",
        "city": "City: uv30Q",
        "telephone": "90843380",
        "id": 239,
        "pets": [
            {
                "name": "IwIBl",
                "birthDate": "2022-09-09",
                "type": {
                    "name": "cat",
                    "id": 1
                },
                "id": 129,
                "ownerId": 239,
                "visits": [
                    
                ]
            }
        ]
    },
    {
        "firstName": "FNTrxZu",
        "lastName": "LNlxZWn",
        "address": "Address: nQjrf",
        "city": "City: 9YWJL",
        "telephone": "51705743",
        "id": 240,
        "pets": [
            {
                "name": "A",
                "birthDate": "2022-09-09",
                "type": {
                    "name": "cat",
                    "id": 1
                },
                "id": 130,
                "ownerId": 240,
                "visits": [
                    
                ]
            }
        ]
    },
    {
        "firstName": "FNfVgiq",
        "lastName": "LNaQIDU",
        "address": "Address: dx81H",
        "city": "City: GFjk1",
        "telephone": "69706028",
        "id": 241,
        "pets": [
            {
                "name": "John",
                "birthDate": "2022-09-09",
                "type": {
                    "name": "cat",
                    "id": 1
                },
                "id": 131,
                "ownerId": 241,
                "visits": [
                    
                ]
            }
        ]
    },
    {
        "firstName": "FNBJSIn",
        "lastName": "LNlgRpW",
        "address": "Address: 6SEZV",
        "city": "City: gmv1q",
        "telephone": "11098854",
        "id": 242,
        "pets": [
            {
                "name": "ThirtyCharsTestNametesttestte",
                "birthDate": "2022-09-09",
                "type": {
                    "name": "cat",
                    "id": 1
                },
                "id": 132,
                "ownerId": 242,
                "visits": [
                    
                ]
            }
        ]
    },
    {
        "firstName": "FNUBQxk",
        "lastName": "LNgxmNS",
        "address": "Address: 8LrQo",
        "city": "City: OfXKP",
        "telephone": "45733406",
        "id": 243,
        "pets": [
            {
                "name": "test_*()&^%$#@!?/",
                "birthDate": "2022-09-09",
                "type": {
                    "name": "cat",
                    "id": 1
                },
                "id": 133,
                "ownerId": 243,
                "visits": [
                    
                ]
            }
        ]
    },
    {
        "firstName": "FNIZGpo",
        "lastName": "LNKVwHV",
        "address": "Address: PkAU1",
        "city": "City: 1zNaa",
        "telephone": "85919614",
        "id": 244,
        "pets": [
            {
                "name": "ZYRjU",
                "birthDate": "2022-09-09",
                "type": {
                    "name": "cat",
                    "id": 1
                },
                "id": 134,
                "ownerId": 244,
                "visits": [
                    
                ]
            }
        ]
    },
    {
        "firstName": "FNsGzGy",
        "lastName": "LNwjZuZ",
        "address": "Address: AinXA",
        "city": "City: mW9hZ",
        "telephone": "51296927",
        "id": 245,
        "pets": [
            {
                "name": "fEfCx",
                "birthDate": "2022-09-09",
                "type": {
                    "name": "cat",
                    "id": 1
                },
                "id": 135,
                "ownerId": 245,
                "visits": [
                    
                ]
            }
        ]
    },
    {
        "firstName": "FNbvRXc",
        "lastName": "LNsvpGy",
        "address": "Address: LOqxb",
        "city": "City: tZiCD",
        "telephone": "16867667",
        "id": 246,
        "pets": [
            {
                "name": "vWIjT",
                "birthDate": "2022-09-09",
                "type": {
                    "name": "cat",
                    "id": 1
                },
                "id": 136,
                "ownerId": 246,
                "visits": [
                    
                ]
            }
        ]
    },
    {
        "firstName": "A",
        "lastName": "LNptPzB",
        "address": "Address: TKbvT",
        "city": "City: m3Uwa",
        "telephone": "10673233",
        "id": 247,
        "pets": [
            
        ]
    },
    {
        "firstName": "John",
        "lastName": "LNPXVuW",
        "address": "Address: 33pFr",
        "city": "City: ygQC0",
        "telephone": "53733905",
        "id": 248,
        "pets": [
            
        ]
    },
    {
        "firstName": "ThirtyCharsTestNametesttestte",
        "lastName": "LNBexsN",
        "address": "Address: 63gvC",
        "city": "City: TbNU3",
        "telephone": "03972382",
        "id": 249,
        "pets": [
            
        ]
    },
    {
        "firstName": "FNwAQwW",
        "lastName": "B",
        "address": "Address: alfDb",
        "city": "City: t6UpK",
        "telephone": "36213986",
        "id": 250,
        "pets": [
            
        ]
    },
    {
        "firstName": "FNyyUFY",
        "lastName": "Dou",
        "address": "Address: 7ynK7",
        "city": "City: lLIuc",
        "telephone": "58373283",
        "id": 251,
        "pets": [
            
        ]
    },
    {
        "firstName": "FNsRAcP",
        "lastName": "ThirtyCharsTestNametesttestte",
        "address": "Address: MPA0P",
        "city": "City: 9EKAD",
        "telephone": "28804031",
        "id": 252,
        "pets": [
            
        ]
    },
    {
        "firstName": "FNhCcNB",
        "lastName": "LNoTgWs",
        "address": "A",
        "city": "City: fqX9h",
        "telephone": "51184900",
        "id": 253,
        "pets": [
            
        ]
    },
    {
        "firstName": "FNnwOxH",
        "lastName": "LNYbTCV",
        "address": "101 B. Down St, 1/2 &*%$#@",
        "city": "City: h7Lpb",
        "telephone": "87074462",
        "id": 254,
        "pets": [
            
        ]
    },
    {
        "firstName": "FNfmooN",
        "lastName": "LNIHurQ",
        "address": "twoHundredFiftyFifeCharsAddresstwoHundredFiftyFifeCharsAddresstwoHundredFiftyFifeCharsAddresstwoHundredFiftyFifeCharsAddresstwoHundredFiftyFifeCharsAddresstwoHundredFiftyFifeCharsAddresstwoHundredFiftyFifeCharsAddresstwoHundredFiftyFifeCharsAddresstwoHun",
        "city": "City: YxZ7G",
        "telephone": "23644556",
        "id": 255,
        "pets": [
            
        ]
    },
    {
        "firstName": "FNaeDrX",
        "lastName": "LNYucGs",
        "address": "Address: fFtiH",
        "city": "A",
        "telephone": "91477001",
        "id": 256,
        "pets": [
            
        ]
    },
    {
        "firstName": "FNpVMGj",
        "lastName": "LNKWFZj",
        "address": "Address: PDIuH",
        "city": "Milton-Freewater (Oregon)",
        "telephone": "11208850",
        "id": 257,
        "pets": [
            
        ]
    },
    {
        "firstName": "FNnWSIi",
        "lastName": "LNGuDms",
        "address": "Address: vWUyf",
        "city": "test 123 / &*%$#@",
        "telephone": "05252500",
        "id": 258,
        "pets": [
            
        ]
    },
    {
        "firstName": "FNMgtrk",
        "lastName": "LNBfXVN",
        "address": "Address: WqAKw",
        "city": "EightyCharsTestCityEightyCharsTestCityEightyCharsTestCityEightyCharsTestCityyyy",
        "telephone": "12362965",
        "id": 259,
        "pets": [
            
        ]
    },
    {
        "firstName": "FNQmMwx",
        "lastName": "LNffbcl",
        "address": "Address: 2ZE95",
        "city": "City: GAP1r",
        "telephone": "0",
        "id": 260,
        "pets": [
            
        ]
    },
    {
        "firstName": "FNttFLn",
        "lastName": "LNQbctZ",
        "address": "Address: NCPUQ",
        "city": "City: s8HE4",
        "telephone": "47952338",
        "id": 262,
        "pets": [
            
        ]
    },
    {
        "firstName": "FNVfjEM",
        "lastName": "LNEpxmr",
        "address": "Address: eC2WR",
        "city": "City: 8LUfp",
        "telephone": "22495174",
        "id": 263,
        "pets": [
            {
                "name": "hwGEb",
                "birthDate": "2022-09-09",
                "type": {
                    "name": "cat",
                    "id": 1
                },
                "id": 137,
                "ownerId": 263,
                "visits": [
                    
                ]
            }
        ]
    },
    {
        "firstName": "FNTzSpi",
        "lastName": "LNIulEc",
        "address": "Address: RaY0G",
        "city": "City: T2ffO",
        "telephone": "19280467",
        "id": 264,
        "pets": [
            
        ]
    },
    {
        "firstName": "FNGCrYS",
        "lastName": "Smith",
        "address": "Address: RpruQ",
        "city": "City: np0WT",
        "telephone": "18746920",
        "id": 265,
        "pets": [
            
        ]
    },
    {
        "firstName": "FNiXmus",
        "lastName": "Smith",
        "address": "Address: VDkr6",
        "city": "City: ejUpe",
        "telephone": "88562809",
        "id": 266,
        "pets": [
            
        ]
    },
    {
        "firstName": "A",
        "lastName": "LNZQJwk",
        "address": "Address: CzcL8",
        "city": "City: A0lqG",
        "telephone": "04741169",
        "id": 267,
        "pets": [
            
        ]
    },
    {
        "firstName": "John",
        "lastName": "LNANAko",
        "address": "Address: 2jSMU",
        "city": "City: MQlsZ",
        "telephone": "47046652",
        "id": 268,
        "pets": [
            
        ]
    },
    {
        "firstName": "ThirtyCharsTestNametesttestte",
        "lastName": "LNWuGyQ",
        "address": "Address: q52ER",
        "city": "City: A3xFO",
        "telephone": "32303935",
        "id": 269,
        "pets": [
            
        ]
    },
    {
        "firstName": "FNxXVlL",
        "lastName": "LNplYzD",
        "address": "Address: Kc65C",
        "city": "City: zppSZ",
        "telephone": "26249492",
        "id": 270,
        "pets": [
            
        ]
    },
    {
        "firstName": "FNiwsut",
        "lastName": "LNGSphL",
        "address": "Address: ZTkly",
        "city": "City: pX7o3",
        "telephone": "55582336",
        "id": 271,
        "pets": [
            
        ]
    },
    {
        "firstName": "FNvroSH",
        "lastName": "LNmPNMa",
        "address": "Address: E39Zq",
        "city": "City: Q8FQx",
        "telephone": "63348306",
        "id": 272,
        "pets": [
            
        ]
    },
    {
        "firstName": "FNqNjCU",
        "lastName": "LNFXnxr",
        "address": "Address: jVzc3",
        "city": "City: WXfig",
        "telephone": "32146933",
        "id": 273,
        "pets": [
            
        ]
    },
    {
        "firstName": "FNApJBO",
        "lastName": "B",
        "address": "Address: s9XDp",
        "city": "City: 8CYCu",
        "telephone": "31564314",
        "id": 274,
        "pets": [
            
        ]
    },
    {
        "firstName": "FNvBaey",
        "lastName": "Dou",
        "address": "Address: 0mLky",
        "city": "City: QFJ2h",
        "telephone": "44106731",
        "id": 275,
        "pets": [
            
        ]
    },
    {
        "firstName": "FNaSXOk",
        "lastName": "ThirtyCharsTestNametesttestte",
        "address": "Address: lymJd",
        "city": "City: PnVpa",
        "telephone": "83094312",
        "id": 276,
        "pets": [
            
        ]
    },
    {
        "firstName": "FNvBRRq",
        "lastName": "LNVXNxi",
        "address": "Address: HCOzL",
        "city": "City: 7UxAV",
        "telephone": "88407452",
        "id": 277,
        "pets": [
            
        ]
    },
    {
        "firstName": "FNGtCog",
        "lastName": "LNHMxZv",
        "address": "Address: 7RYlT",
        "city": "City: 4h1M6",
        "telephone": "67325225",
        "id": 278,
        "pets": [
            
        ]
    },
    {
        "firstName": "FNNUehy",
        "lastName": "LNPNULS",
        "address": "Address: C3SlT",
        "city": "City: hdpvB",
        "telephone": "83558282",
        "id": 279,
        "pets": [
            
        ]
    },
    {
        "firstName": "FNczDJJ",
        "lastName": "LNosRPS",
        "address": "Address: 4z63g",
        "city": "City: 6kWsi",
        "telephone": "25733006",
        "id": 280,
        "pets": [
            
        ]
    },
    {
        "firstName": "FNzvbDW",
        "lastName": "LNGJatI",
        "address": "A",
        "city": "City: 9sf1M",
        "telephone": "13647673",
        "id": 281,
        "pets": [
            
        ]
    },
    {
        "firstName": "FNLFPnS",
        "lastName": "LNZogqe",
        "address": "101 B. Down St, 1/2 &*%$#@",
        "city": "City: fCtP5",
        "telephone": "29344309",
        "id": 282,
        "pets": [
            
        ]
    },
    {
        "firstName": "FNsiitX",
        "lastName": "LNuclMW",
        "address": "twoHundredFiftyFifeCharsAddresstwoHundredFiftyFifeCharsAddresstwoHundredFiftyFifeCharsAddresstwoHundredFiftyFifeCharsAddresstwoHundredFiftyFifeCharsAddresstwoHundredFiftyFifeCharsAddresstwoHundredFiftyFifeCharsAddresstwoHundredFiftyFifeCharsAddresstwoHun",
        "city": "City: NG40l",
        "telephone": "08983002",
        "id": 283,
        "pets": [
            
        ]
    },
    {
        "firstName": "FNltjUJ",
        "lastName": "LNsaAVz",
        "address": "Address: gtK33",
        "city": "City: nzlct",
        "telephone": "55260559",
        "id": 284,
        "pets": [
            
        ]
    },
    {
        "firstName": "FNyUfYJ",
        "lastName": "LNPuqEi",
        "address": "Address: C7RVx",
        "city": "City: Nm6Wg",
        "telephone": "60307769",
        "id": 285,
        "pets": [
            
        ]
    },
    {
        "firstName": "FNRDCNo",
        "lastName": "LNbWIeu",
        "address": "Address: QIOsz",
        "city": "City: ZkFYz",
        "telephone": "55124108",
        "id": 286,
        "pets": [
            
        ]
    },
    {
        "firstName": "FNeqSgP",
        "lastName": "LNHbnqE",
        "address": "Address: KucT8",
        "city": "A",
        "telephone": "34788107",
        "id": 287,
        "pets": [
            
        ]
    },
    {
        "firstName": "FNayqBW",
        "lastName": "LNfjwzz",
        "address": "Address: KX0pV",
        "city": "Milton-Freewater (Oregon)",
        "telephone": "67349508",
        "id": 288,
        "pets": [
            
        ]
    },
    {
        "firstName": "FNUATqw",
        "lastName": "LNRIbvD",
        "address": "Address: 4Aa5t",
        "city": "test 123 / &*%$#@",
        "telephone": "68967964",
        "id": 289,
        "pets": [
            
        ]
    },
    {
        "firstName": "FNzDtvP",
        "lastName": "LNEtOUi",
        "address": "Address: sxRhI",
        "city": "EightyCharsTestCityEightyCharsTestCityEightyCharsTestCityEightyCharsTestCityyyy",
        "telephone": "74725733",
        "id": 290,
        "pets": [
            
        ]
    },
    {
        "firstName": "FNoXsgf",
        "lastName": "LNGsAis",
        "address": "Address: yfiS0",
        "city": "City: CweYs",
        "telephone": "52968438",
        "id": 291,
        "pets": [
            
        ]
    },
    {
        "firstName": "FNzGYdg",
        "lastName": "LNJZAnE",
        "address": "Address: mkZRF",
        "city": "City: 6KegI",
        "telephone": "19124034",
        "id": 292,
        "pets": [
            
        ]
    },
    {
        "firstName": "FNixIhS",
        "lastName": "LNpFiZp",
        "address": "Address: bBJzJ",
        "city": "City: HjUwT",
        "telephone": "32797682",
        "id": 293,
        "pets": [
            
        ]
    },
    {
        "firstName": "FNNirbT",
        "lastName": "LNXWzGi",
        "address": "Address: IFK7x",
        "city": "City: c727K",
        "telephone": "0",
        "id": 294,
        "pets": [
            
        ]
    },
    {
        "firstName": "FNJndah",
        "lastName": "LNalGIa",
        "address": "Address: Q8zaC",
        "city": "City: 7nSkQ",
        "telephone": "26948912",
        "id": 295,
        "pets": [
            
        ]
    },
    {
        "firstName": "FNqrtEJ",
        "lastName": "LNkuIWX",
        "address": "Address: Su85q",
        "city": "City: iZrWy",
        "telephone": "18162128",
        "id": 296,
        "pets": [
            
        ]
    },
    {
        "firstName": "FNTAwkL",
        "lastName": "LNXcGfH",
        "address": "Address: Le1Y8",
        "city": "City: owJh1",
        "telephone": "28248089",
        "id": 297,
        "pets": [
            
        ]
    },
    {
        "firstName": "FNerrrV",
        "lastName": "LNnXNUS",
        "address": "Address: jUuvc",
        "city": "City: H6vBh",
        "telephone": "25781174",
        "id": 298,
        "pets": [
            
        ]
    },
    {
        "firstName": "FNrSYLA",
        "lastName": "LNSnedu",
        "address": "Address: 3USgc",
        "city": "City: tmD46",
        "telephone": "92541654",
        "id": 299,
        "pets": [
            
        ]
    },
    {
        "firstName": "FNXGSvH",
        "lastName": "LNBgrwZ",
        "address": "Address: vdKym",
        "city": "City: C1JAd",
        "telephone": "79287072",
        "id": 300,
        "pets": [
            
        ]
    },
    {
        "firstName": "FNuDZoy",
        "lastName": "LNMSkGR",
        "address": "Address: bTuHF",
        "city": "City: qvo9Y",
        "telephone": "15207362",
        "id": 301,
        "pets": [
            
        ]
    },
    {
        "firstName": "FNkggKC",
        "lastName": "LNyAOki",
        "address": "Address: Hes7S",
        "city": "City: wFN1C",
        "telephone": "61144383",
        "id": 302,
        "pets": [
            {
                "name": "A",
                "birthDate": "2022-09-09",
                "type": {
                    "name": "cat",
                    "id": 1
                },
                "id": 142,
                "ownerId": 302,
                "visits": [
                    
                ]
            }
        ]
    },
    {
        "firstName": "FNeUDyX",
        "lastName": "LNjriVQ",
        "address": "Address: v3LPB",
        "city": "City: Xp6qV",
        "telephone": "52812946",
        "id": 303,
        "pets": [
            {
                "name": "Bin",
                "birthDate": "2022-09-09",
                "type": {
                    "name": "cat",
                    "id": 1
                },
                "id": 143,
                "ownerId": 303,
                "visits": [
                    
                ]
            }
        ]
    },
    {
        "firstName": "FNULRao",
        "lastName": "LNQfCUs",
        "address": "Address: F9sgN",
        "city": "City: LA3Mp",
        "telephone": "37010747",
        "id": 304,
        "pets": [
            {
                "name": "ThirtyCharsTestNametesttestte",
                "birthDate": "2022-09-09",
                "type": {
                    "name": "cat",
                    "id": 1
                },
                "id": 144,
                "ownerId": 304,
                "visits": [
                    
                ]
            }
        ]
    },
    {
        "firstName": "FNDkiec",
        "lastName": "LNkriur",
        "address": "Address: YKlQJ",
        "city": "City: 5FDRc",
        "telephone": "45309585",
        "id": 305,
        "pets": [
            {
                "name": "test_*()&^%$#@!?/",
                "birthDate": "2022-09-09",
                "type": {
                    "name": "cat",
                    "id": 1
                },
                "id": 145,
                "ownerId": 305,
                "visits": [
                    
                ]
            }
        ]
    },
    {
        "firstName": "FNVxncH",
        "lastName": "LNutuPv",
        "address": "Address: F0Zo6",
        "city": "City: 6bfVA",
        "telephone": "90622309",
        "id": 306,
        "pets": [
            {
                "name": "DdrmX",
                "birthDate": "2022-09-09",
                "type": {
                    "name": "cat",
                    "id": 1
                },
                "id": 146,
                "ownerId": 306,
                "visits": [
                    
                ]
            }
        ]
    },
    {
        "firstName": "FNeefZO",
        "lastName": "LNFeIoJ",
        "address": "Address: MpIgW",
        "city": "City: J4rNI",
        "telephone": "04950064",
        "id": 307,
        "pets": [
            
        ]
    },
    {
        "firstName": "FNJjWQF",
        "lastName": "LNHivbR",
        "address": "Address: 5EDyr",
        "city": "City: YYQYP",
        "telephone": "29804316",
        "id": 308,
        "pets": [
            
        ]
    },
    {
        "firstName": "FNgLucY",
        "lastName": "LNrFdiI",
        "address": "Address: X5NTL",
        "city": "City: E0EO4",
        "telephone": "23850269",
        "id": 309,
        "pets": [
            
        ]
    },
    {
        "firstName": "FNFpTip",
        "lastName": "LNtiTWD",
        "address": "Address: 9rtOC",
        "city": "City: yuCTD",
        "telephone": "68556574",
        "id": 310,
        "pets": [
            
        ]
    },
    {
        "firstName": "FNWgbWi",
        "lastName": "LNreKxp",
        "address": "Address: YL9pz",
        "city": "City: 9VQLa",
        "telephone": "20067657",
        "id": 311,
        "pets": [
            {
                "name": "CHoBg",
                "birthDate": "2022-09-09",
                "type": {
                    "name": "cat",
                    "id": 1
                },
                "id": 148,
                "ownerId": 311,
                "visits": [
                    
                ]
            }
        ]
    },
    {
        "firstName": "FNeeqZh",
        "lastName": "LNPPlGK",
        "address": "Address: QVHA4",
        "city": "City: B26CX",
        "telephone": "63905424",
        "id": 312,
        "pets": [
            {
                "name": "hnkes",
                "birthDate": "2022-09-09",
                "type": {
                    "name": "cat",
                    "id": 1
                },
                "id": 149,
                "ownerId": 312,
                "visits": [
                    
                ]
            }
        ]
    },
    {
        "firstName": "FNjATOD",
        "lastName": "LNoYqhO",
        "address": "Address: 14iVx",
        "city": "City: dnakN",
        "telephone": "28695412",
        "id": 313,
        "pets": [
            {
                "name": "OqiVf",
                "birthDate": "2022-09-09",
                "type": {
                    "name": "cat",
                    "id": 1
                },
                "id": 150,
                "ownerId": 313,
                "visits": [
                    
                ]
            }
        ]
    },
    {
        "firstName": "FNjYubf",
        "lastName": "LNPpqnK",
        "address": "Address: RNgjj",
        "city": "City: eLMnK",
        "telephone": "21912283",
        "id": 314,
        "pets": [
            {
                "name": "lSbez",
                "birthDate": "2022-09-09",
                "type": {
                    "name": "cat",
                    "id": 1
                },
                "id": 151,
                "ownerId": 314,
                "visits": [
                    
                ]
            }
        ]
    },
    {
        "firstName": "FNrqxOD",
        "lastName": "LNMSVFK",
        "address": "Address: UuOzo",
        "city": "City: oQJQv",
        "telephone": "48290602",
        "id": 315,
        "pets": [
            {
                "name": "YPWbk",
                "birthDate": "2022-09-09",
                "type": {
                    "name": "cat",
                    "id": 1
                },
                "id": 152,
                "ownerId": 315,
                "visits": [
                    
                ]
            }
        ]
    },
    {
        "firstName": "FNZtdEz",
        "lastName": "LNDGIfA",
        "address": "Address: AlGRC",
        "city": "City: d9K9I",
        "telephone": "54182939",
        "id": 316,
        "pets": [
            {
                "name": "AhQhe",
                "birthDate": "2022-09-09",
                "type": {
                    "name": "cat",
                    "id": 1
                },
                "id": 153,
                "ownerId": 316,
                "visits": [
                    
                ]
            }
        ]
    },
    {
        "firstName": "FNGaHYl",
        "lastName": "LNZWxnO",
        "address": "Address: HyvMx",
        "city": "City: 5gNrJ",
        "telephone": "88378372",
        "id": 317,
        "pets": [
            {
                "name": "VugCX",
                "birthDate": "2022-09-09",
                "type": {
                    "name": "cat",
                    "id": 1
                },
                "id": 154,
                "ownerId": 317,
                "visits": [
                    
                ]
            }
        ]
    },
    {
        "firstName": "FNbqUQS",
        "lastName": "LNKsjWY",
        "address": "Address: zPRYR",
        "city": "City: SxnQi",
        "telephone": "16085972",
        "id": 318,
        "pets": [
            {
                "name": "A",
                "birthDate": "2022-09-09",
                "type": {
                    "name": "cat",
                    "id": 1
                },
                "id": 155,
                "ownerId": 318,
                "visits": [
                    
                ]
            }
        ]
    },
    {
        "firstName": "FNbvlue",
        "lastName": "LNKLxbW",
        "address": "Address: ospgS",
        "city": "City: HFjGx",
        "telephone": "33923947",
        "id": 319,
        "pets": [
            {
                "name": "John",
                "birthDate": "2022-09-09",
                "type": {
                    "name": "cat",
                    "id": 1
                },
                "id": 156,
                "ownerId": 319,
                "visits": [
                    
                ]
            }
        ]
    },
    {
        "firstName": "FNxchiQ",
        "lastName": "LNngjzr",
        "address": "Address: 6Qq2P",
        "city": "City: Yn9qd",
        "telephone": "99763403",
        "id": 320,
        "pets": [
            {
                "name": "ThirtyCharsTestNametesttestte",
                "birthDate": "2022-09-09",
                "type": {
                    "name": "cat",
                    "id": 1
                },
                "id": 157,
                "ownerId": 320,
                "visits": [
                    
                ]
            }
        ]
    },
    {
        "firstName": "FNsHUKN",
        "lastName": "LNSOTOh",
        "address": "Address: LFtxH",
        "city": "City: 1QHn6",
        "telephone": "48365317",
        "id": 321,
        "pets": [
            {
                "name": "test_*()&^%$#@!?/",
                "birthDate": "2022-09-09",
                "type": {
                    "name": "cat",
                    "id": 1
                },
                "id": 158,
                "ownerId": 321,
                "visits": [
                    
                ]
            }
        ]
    },
    {
        "firstName": "FNWvxTg",
        "lastName": "LNsxSDa",
        "address": "Address: WBFCh",
        "city": "City: YblSh",
        "telephone": "71163671",
        "id": 322,
        "pets": [
            {
                "name": "pETxr",
                "birthDate": "2022-09-09",
                "type": {
                    "name": "cat",
                    "id": 1
                },
                "id": 159,
                "ownerId": 322,
                "visits": [
                    
                ]
            }
        ]
    },
    {
        "firstName": "FNggTYZ",
        "lastName": "LNQPUSr",
        "address": "Address: v8kuG",
        "city": "City: WyZ7B",
        "telephone": "59919504",
        "id": 323,
        "pets": [
            {
                "name": "zqFEo",
                "birthDate": "2022-09-09",
                "type": {
                    "name": "cat",
                    "id": 1
                },
                "id": 160,
                "ownerId": 323,
                "visits": [
                    
                ]
            }
        ]
    },
    {
        "firstName": "FNTUKgE",
        "lastName": "LNNAVEH",
        "address": "Address: bh7XL",
        "city": "City: 4C682",
        "telephone": "79837043",
        "id": 324,
        "pets": [
            {
                "name": "lHywy",
                "birthDate": "2022-09-09",
                "type": {
                    "name": "cat",
                    "id": 1
                },
                "id": 161,
                "ownerId": 324,
                "visits": [
                    
                ]
            }
        ]
    },
    {
        "firstName": "A",
        "lastName": "LNtKSwU",
        "address": "Address: w1Fyo",
        "city": "City: CH9CO",
        "telephone": "46152143",
        "id": 325,
        "pets": [
            
        ]
    },
    {
        "firstName": "John",
        "lastName": "LNrsTHu",
        "address": "Address: c70de",
        "city": "City: Akzkm",
        "telephone": "97328980",
        "id": 326,
        "pets": [
            
        ]
    },
    {
        "firstName": "ThirtyCharsTestNametesttestte",
        "lastName": "LNfqulq",
        "address": "Address: XwoQm",
        "city": "City: 8gRxc",
        "telephone": "75987953",
        "id": 327,
        "pets": [
            
        ]
    },
    {
        "firstName": "FNWToqe",
        "lastName": "LNgALJX",
        "address": "Address: 6ivdS",
        "city": "City: tVvKh",
        "telephone": "41094144",
        "id": 328,
        "pets": [
            
        ]
    },
    {
        "firstName": "FNbPOHl",
        "lastName": "LNzeZOr",
        "address": "Address: gYzIY",
        "city": "City: 49hms",
        "telephone": "41456569",
        "id": 329,
        "pets": [
            {
                "name": "A",
                "birthDate": "2022-09-09",
                "type": {
                    "name": "cat",
                    "id": 1
                },
                "id": 162,
                "ownerId": 329,
                "visits": [
                    
                ]
            }
        ]
    },
    {
        "firstName": "FNMIGjE",
        "lastName": "LNgjSzO",
        "address": "Address: 8jhU7",
        "city": "City: bBX9f",
        "telephone": "31124133",
        "id": 330,
        "pets": [
            {
                "name": "Bin",
                "birthDate": "2022-09-09",
                "type": {
                    "name": "cat",
                    "id": 1
                },
                "id": 163,
                "ownerId": 330,
                "visits": [
                    
                ]
            }
        ]
    },
    {
        "firstName": "FNgxORg",
        "lastName": "LNyjvZj",
        "address": "Address: 3KP2g",
        "city": "City: xcKDh",
        "telephone": "74803694",
        "id": 331,
        "pets": [
            {
                "name": "ThirtyCharsTestNametesttestte",
                "birthDate": "2022-09-09",
                "type": {
                    "name": "cat",
                    "id": 1
                },
                "id": 164,
                "ownerId": 331,
                "visits": [
                    
                ]
            }
        ]
    },
    {
        "firstName": "FNIyTKC",
        "lastName": "LNeKLNj",
        "address": "Address: XoeID",
        "city": "City: y7nu4",
        "telephone": "35143333",
        "id": 332,
        "pets": [
            {
                "name": "test_*()&^%$#@!?/",
                "birthDate": "2022-09-09",
                "type": {
                    "name": "cat",
                    "id": 1
                },
                "id": 165,
                "ownerId": 332,
                "visits": [
                    
                ]
            }
        ]
    },
    {
        "firstName": "FNweSsA",
        "lastName": "LNjsYmX",
        "address": "Address: 3a8nV",
        "city": "City: KIXbR",
        "telephone": "32756456",
        "id": 333,
        "pets": [
            {
                "name": "hkOTl",
                "birthDate": "2022-09-09",
                "type": {
                    "name": "cat",
                    "id": 1
                },
                "id": 166,
                "ownerId": 333,
                "visits": [
                    
                ]
            }
        ]
    },
    {
        "firstName": "George",
        "lastName": "Franklin",
        "address": "110 W. Liberty St.",
        "city": "Madison",
        "telephone": "6085551023",
        "id": 334,
        "pets": [
            
        ]
    },
    {
        "firstName": "George",
        "lastName": "Franklin",
        "address": "110 W. Liberty St.",
        "city": "Madison",
        "telephone": "6085551023",
        "id": 335,
        "pets": [
            
        ]
    },
    {
        "firstName": "George",
        "lastName": "Franklin",
        "address": "110 W. Liberty St.",
        "city": "Madison",
        "telephone": "6085551023",
        "id": 336,
        "pets": [
            
        ]
    },
    {
        "firstName": "George",
        "lastName": "Franklin",
        "address": "110 W. Liberty St.",
        "city": "Madison",
        "telephone": "6085551023",
        "id": 337,
        "pets": [
            
        ]
    },
    {
        "firstName": "George",
        "lastName": "Franklin",
        "address": "110 W. Liberty St.",
        "city": "Madison",
        "telephone": "6085551023",
        "id": 338,
        "pets": [
            
        ]
    },
    {
        "firstName": "George",
        "lastName": "Franklin",
        "address": "110 W. Liberty St.",
        "city": "Madison",
        "telephone": "6085551023",
        "id": 339,
        "pets": [
            
        ]
    },
    {
        "firstName": "George",
        "lastName": "Franklin",
        "address": "110 W. Liberty St.",
        "city": "Madison",
        "telephone": "6085551023",
        "id": 340,
        "pets": [
            
        ]
    },
    {
        "firstName": "George",
        "lastName": "Franklin",
        "address": "110 W. Liberty St.",
        "city": "Madison",
        "telephone": "6085551023",
        "id": 341,
        "pets": [
            
        ]
    },
    {
        "firstName": "George",
        "lastName": "Franklin",
        "address": "110 W. Liberty St.",
        "city": "Madison",
        "telephone": "6085551023",
        "id": 342,
        "pets": [
            
        ]
    },
    {
        "firstName": "George",
        "lastName": "Franklin",
        "address": "110 W. Liberty St.",
        "city": "Madison",
        "telephone": "6085551023",
        "id": 343,
        "pets": [
            
        ]
    },
    {
        "firstName": "George",
        "lastName": "Franklin",
        "address": "110 W. Liberty St.",
        "city": "Madison",
        "telephone": "6085551023",
        "id": 344,
        "pets": [
            
        ]
    },
    {
        "firstName": "George",
        "lastName": "Franklin",
        "address": "110 W. Liberty St.",
        "city": "Madison",
        "telephone": "6085551023",
        "id": 345,
        "pets": [
            
        ]
    },
    {
        "firstName": "George",
        "lastName": "Franklin",
        "address": "110 W. Liberty St.",
        "city": "Madison",
        "telephone": "6085551023",
        "id": 346,
        "pets": [
            
        ]
    },
    {
        "firstName": "George",
        "lastName": "Franklin",
        "address": "110 W. Liberty St.",
        "city": "Madison",
        "telephone": "6085551023",
        "id": 347,
        "pets": [
            
        ]
    },
    {
        "firstName": "George",
        "lastName": "Franklin",
        "address": "110 W. Liberty St.",
        "city": "Madison",
        "telephone": "6085551023",
        "id": 348,
        "pets": [
            
        ]
    },
    {
        "firstName": "George",
        "lastName": "Franklin",
        "address": "110 W. Liberty St.",
        "city": "Madison",
        "telephone": "6085551023",
        "id": 349,
        "pets": [
            
        ]
    },
    {
        "firstName": "George",
        "lastName": "Franklin",
        "address": "110 W. Liberty St.",
        "city": "Madison",
        "telephone": "6085551023",
        "id": 350,
        "pets": [
            
        ]
    },
    {
        "firstName": "George",
        "lastName": "Franklin",
        "address": "110 W. Liberty St.",
        "city": "Madison",
        "telephone": "6085551023",
        "id": 351,
        "pets": [
            
        ]
    },
    {
        "firstName": "George",
        "lastName": "Franklin",
        "address": "110 W. Liberty St.",
        "city": "Madison",
        "telephone": "6085551023",
        "id": 352,
        "pets": [
            
        ]
    },
    {
        "firstName": "George",
        "lastName": "Franklin",
        "address": "110 W. Liberty St.",
        "city": "Madison",
        "telephone": "6085551023",
        "id": 353,
        "pets": [
            
        ]
    },
    {
        "firstName": "George",
        "lastName": "Franklin",
        "address": "110 W. Liberty St.",
        "city": "Madison",
        "telephone": "6085551023",
        "id": 354,
        "pets": [
            
        ]
    },
    {
        "firstName": "George",
        "lastName": "Franklin",
        "address": "110 W. Liberty St.",
        "city": "Madison",
        "telephone": "6085551023",
        "id": 355,
        "pets": [
            
        ]
    },
    {
        "firstName": "George",
        "lastName": "Franklin",
        "address": "110 W. Liberty St.",
        "city": "Madison",
        "telephone": "6085551023",
        "id": 356,
        "pets": [
            
        ]
    },
    {
        "firstName": "George",
        "lastName": "Franklin",
        "address": "110 W. Liberty St.",
        "city": "Madison",
        "telephone": "6085551023",
        "id": 357,
        "pets": [
            
        ]
    },
    {
        "firstName": "George",
        "lastName": "Franklin",
        "address": "110 W. Liberty St.",
        "city": "Madison",
        "telephone": "6085551023",
        "id": 358,
        "pets": [
            
        ]
    },
    {
        "firstName": "George",
        "lastName": "Franklin",
        "address": "110 W. Liberty St.",
        "city": "Madison",
        "telephone": "6085551023",
        "id": 359,
        "pets": [
            
        ]
    },
    {
        "firstName": "George",
        "lastName": "Franklin",
        "address": "110 W. Liberty St.",
        "city": "Madison",
        "telephone": "6085551023",
        "id": 360,
        "pets": [
            
        ]
    },
    {
        "firstName": "George",
        "lastName": "Franklin",
        "address": "110 W. Liberty St.",
        "city": "Madison",
        "telephone": "6085551023",
        "id": 361,
        "pets": [
            
        ]
    },
    {
        "firstName": "George",
        "lastName": "Franklin",
        "address": "110 W. Liberty St.",
        "city": "Madison",
        "telephone": "6085551023",
        "id": 362,
        "pets": [
            
        ]
    },
    {
        "firstName": "George",
        "lastName": "Franklin",
        "address": "110 W. Liberty St.",
        "city": "Madison",
        "telephone": "6085551023",
        "id": 363,
        "pets": [
            
        ]
    },
    {
        "firstName": "George",
        "lastName": "Franklin",
        "address": "110 W. Liberty St.",
        "city": "Madison",
        "telephone": "6085551023",
        "id": 364,
        "pets": [
            
        ]
    },
    {
        "firstName": "George",
        "lastName": "Franklin",
        "address": "110 W. Liberty St.",
        "city": "Madison",
        "telephone": "6085551023",
        "id": 365,
        "pets": [
            
        ]
    },
    {
        "firstName": "George",
        "lastName": "Franklin",
        "address": "110 W. Liberty St.",
        "city": "Madison",
        "telephone": "6085551023",
        "id": 366,
        "pets": [
            
        ]
    },
    {
        "firstName": "George",
        "lastName": "Franklin",
        "address": "110 W. Liberty St.",
        "city": "Madison",
        "telephone": "6085551023",
        "id": 367,
        "pets": [
            
        ]
    },
    {
        "firstName": "George",
        "lastName": "Franklin",
        "address": "110 W. Liberty St.",
        "city": "Madison",
        "telephone": "6085551023",
        "id": 368,
        "pets": [
            
        ]
    },
    {
        "firstName": "George",
        "lastName": "Franklin",
        "address": "110 W. Liberty St.",
        "city": "Madison",
        "telephone": "6085551023",
        "id": 369,
        "pets": [
            
        ]
    },
    {
        "firstName": "George",
        "lastName": "Franklin",
        "address": "110 W. Liberty St.",
        "city": "Madison",
        "telephone": "6085551023",
        "id": 370,
        "pets": [
            
        ]
    },
    {
        "firstName": "George",
        "lastName": "Franklin",
        "address": "110 W. Liberty St.",
        "city": "Madison",
        "telephone": "6085551023",
        "id": 371,
        "pets": [
            
        ]
    },
    {
        "firstName": "George",
        "lastName": "Franklin",
        "address": "110 W. Liberty St.",
        "city": "Madison",
        "telephone": "6085551023",
        "id": 372,
        "pets": [
            
        ]
    },
    {
        "firstName": "George",
        "lastName": "Franklin",
        "address": "110 W. Liberty St.",
        "city": "Madison",
        "telephone": "6085551023",
        "id": 373,
        "pets": [
            
        ]
    },
    {
        "firstName": "George",
        "lastName": "Franklin",
        "address": "110 W. Liberty St.",
        "city": "Madison",
        "telephone": "6085551023",
        "id": 374,
        "pets": [
            
        ]
    },
    {
        "firstName": "George",
        "lastName": "Franklin",
        "address": "110 W. Liberty St.",
        "city": "Madison",
        "telephone": "6085551023",
        "id": 375,
        "pets": [
            
        ]
    },
    {
        "firstName": "George",
        "lastName": "Franklin",
        "address": "110 W. Liberty St.",
        "city": "Madison",
        "telephone": "6085551023",
        "id": 376,
        "pets": [
            
        ]
    },
    {
        "firstName": "George",
        "lastName": "Franklin",
        "address": "110 W. Liberty St.",
        "city": "Madison",
        "telephone": "6085551023",
        "id": 377,
        "pets": [
            
        ]
    },
    {
        "firstName": "George",
        "lastName": "Franklin",
        "address": "110 W. Liberty St.",
        "city": "Madison",
        "telephone": "6085551023",
        "id": 378,
        "pets": [
            
        ]
    },
    {
        "firstName": "George",
        "lastName": "Franklin",
        "address": "110 W. Liberty St.",
        "city": "Madison",
        "telephone": "6085551023",
        "id": 379,
        "pets": [
            
        ]
    },
    {
        "firstName": "George",
        "lastName": "Franklin",
        "address": "110 W. Liberty St.",
        "city": "Madison",
        "telephone": "6085551023",
        "id": 380,
        "pets": [
            
        ]
    },
    {
        "firstName": "George",
        "lastName": "Franklin",
        "address": "110 W. Liberty St.",
        "city": "Madison",
        "telephone": "6085551023",
        "id": 381,
        "pets": [
            
        ]
    },
    {
        "firstName": "George",
        "lastName": "Franklin",
        "address": "110 W. Liberty St.",
        "city": "Madison",
        "telephone": "6085551023",
        "id": 382,
        "pets": [
            
        ]
    },
    {
        "firstName": "George",
        "lastName": "Franklin",
        "address": "110 W. Liberty St.",
        "city": "Madison",
        "telephone": "6085551023",
        "id": 383,
        "pets": [
            
        ]
    },
    {
        "firstName": "George",
        "lastName": "Franklin",
        "address": "110 W. Liberty St.",
        "city": "Madison",
        "telephone": "6085551023",
        "id": 384,
        "pets": [
            
        ]
    },
    {
        "firstName": "George",
        "lastName": "Franklin",
        "address": "110 W. Liberty St.",
        "city": "Madison",
        "telephone": "6085551023",
        "id": 385,
        "pets": [
            
        ]
    },
    {
        "firstName": "George",
        "lastName": "Franklin",
        "address": "110 W. Liberty St.",
        "city": "Madison",
        "telephone": "6085551023",
        "id": 386,
        "pets": [
            
        ]
    },
    {
        "firstName": "George",
        "lastName": "Franklin",
        "address": "110 W. Liberty St.",
        "city": "Madison",
        "telephone": "6085551023",
        "id": 387,
        "pets": [
            
        ]
    },
    {
        "firstName": "George",
        "lastName": "Franklin",
        "address": "110 W. Liberty St.",
        "city": "Madison",
        "telephone": "6085551023",
        "id": 388,
        "pets": [
            
        ]
    },
    {
        "firstName": "George",
        "lastName": "Franklin",
        "address": "110 W. Liberty St.",
        "city": "Madison",
        "telephone": "6085551023",
        "id": 389,
        "pets": [
            
        ]
    },
    {
        "firstName": "George",
        "lastName": "Franklin",
        "address": "110 W. Liberty St.",
        "city": "Madison",
        "telephone": "6085551023",
        "id": 390,
        "pets": [
            
        ]
    },
    {
        "firstName": "George",
        "lastName": "Franklin",
        "address": "110 W. Liberty St.",
        "city": "Madison",
        "telephone": "6085551023",
        "id": 391,
        "pets": [
            
        ]
    },
    {
        "firstName": "George",
        "lastName": "Franklin",
        "address": "110 W. Liberty St.",
        "city": "Madison",
        "telephone": "6085551023",
        "id": 392,
        "pets": [
            
        ]
    },
    {
        "firstName": "George",
        "lastName": "Franklin",
        "address": "110 W. Liberty St.",
        "city": "Madison",
        "telephone": "6085551023",
        "id": 393,
        "pets": [
            
        ]
    },
    {
        "firstName": "George",
        "lastName": "Franklin",
        "address": "110 W. Liberty St.",
        "city": "Madison",
        "telephone": "6085551023",
        "id": 394,
        "pets": [
            
        ]
    },
    {
        "firstName": "George",
        "lastName": "Franklin",
        "address": "110 W. Liberty St.",
        "city": "Madison",
        "telephone": "6085551023",
        "id": 395,
        "pets": [
            
        ]
    },
    {
        "firstName": "George",
        "lastName": "Franklin",
        "address": "110 W. Liberty St.",
        "city": "Madison",
        "telephone": "6085551023",
        "id": 396,
        "pets": [
            
        ]
    },
    {
        "firstName": "George",
        "lastName": "Franklin",
        "address": "110 W. Liberty St.",
        "city": "Madison",
        "telephone": "6085551023",
        "id": 397,
        "pets": [
            
        ]
    },
    {
        "firstName": "George",
        "lastName": "Franklin",
        "address": "110 W. Liberty St.",
        "city": "Madison",
        "telephone": "6085551023",
        "id": 398,
        "pets": [
            
        ]
    },
    {
        "firstName": "George",
        "lastName": "Franklin",
        "address": "110 W. Liberty St.",
        "city": "Madison",
        "telephone": "6085551023",
        "id": 399,
        "pets": [
            
        ]
    },
    {
        "firstName": "George",
        "lastName": "Franklin",
        "address": "110 W. Liberty St.",
        "city": "Madison",
        "telephone": "6085551023",
        "id": 400,
        "pets": [
            
        ]
    },
    {
        "firstName": "George",
        "lastName": "Franklin",
        "address": "110 W. Liberty St.",
        "city": "Madison",
        "telephone": "6085551023",
        "id": 401,
        "pets": [
            
        ]
    },
    {
        "firstName": "George",
        "lastName": "Franklin",
        "address": "110 W. Liberty St.",
        "city": "Madison",
        "telephone": "6085551023",
        "id": 402,
        "pets": [
            
        ]
    },
    {
        "firstName": "George",
        "lastName": "Franklin",
        "address": "110 W. Liberty St.",
        "city": "Madison",
        "telephone": "6085551023",
        "id": 403,
        "pets": [
            
        ]
    },
    {
        "firstName": "George",
        "lastName": "Franklin",
        "address": "110 W. Liberty St.",
        "city": "Madison",
        "telephone": "6085551023",
        "id": 404,
        "pets": [
            
        ]
    },
    {
        "firstName": "George",
        "lastName": "Franklin",
        "address": "110 W. Liberty St.",
        "city": "Madison",
        "telephone": "6085551023",
        "id": 405,
        "pets": [
            
        ]
    },
    {
        "firstName": "George",
        "lastName": "Franklin",
        "address": "110 W. Liberty St.",
        "city": "Madison",
        "telephone": "6085551023",
        "id": 406,
        "pets": [
            
        ]
    },
    {
        "firstName": "George",
        "lastName": "Franklin",
        "address": "110 W. Liberty St.",
        "city": "Madison",
        "telephone": "6085551023",
        "id": 407,
        "pets": [
            
        ]
    },
    {
        "firstName": "George",
        "lastName": "Franklin",
        "address": "110 W. Liberty St.",
        "city": "Madison",
        "telephone": "6085551023",
        "id": 408,
        "pets": [
            
        ]
    },
    {
        "firstName": "George",
        "lastName": "Franklin",
        "address": "110 W. Liberty St.",
        "city": "Madison",
        "telephone": "6085551023",
        "id": 409,
        "pets": [
            
        ]
    },
    {
        "firstName": "George",
        "lastName": "Franklin",
        "address": "110 W. Liberty St.",
        "city": "Madison",
        "telephone": "6085551023",
        "id": 410,
        "pets": [
            
        ]
    },
    {
        "firstName": "George",
        "lastName": "Franklin",
        "address": "110 W. Liberty St.",
        "city": "Madison",
        "telephone": "6085551023",
        "id": 411,
        "pets": [
            
        ]
    },
    {
        "firstName": "George",
        "lastName": "Franklin",
        "address": "110 W. Liberty St.",
        "city": "Madison",
        "telephone": "6085551023",
        "id": 412,
        "pets": [
            
        ]
    },
    {
        "firstName": "George",
        "lastName": "Franklin",
        "address": "110 W. Liberty St.",
        "city": "Madison",
        "telephone": "6085551023",
        "id": 413,
        "pets": [
            
        ]
    },
    {
        "firstName": "George",
        "lastName": "Franklin",
        "address": "110 W. Liberty St.",
        "city": "Madison",
        "telephone": "6085551023",
        "id": 414,
        "pets": [
            
        ]
    },
    {
        "firstName": "George",
        "lastName": "Franklin",
        "address": "110 W. Liberty St.",
        "city": "Madison",
        "telephone": "6085551023",
        "id": 415,
        "pets": [
            
        ]
    },
    {
        "firstName": "George",
        "lastName": "Franklin",
        "address": "110 W. Liberty St.",
        "city": "Madison",
        "telephone": "6085551023",
        "id": 416,
        "pets": [
            
        ]
    },
    {
        "firstName": "George",
        "lastName": "Franklin",
        "address": "110 W. Liberty St.",
        "city": "Madison",
        "telephone": "6085551023",
        "id": 417,
        "pets": [
            
        ]
    },
    {
        "firstName": "George",
        "lastName": "Franklin",
        "address": "110 W. Liberty St.",
        "city": "Madison",
        "telephone": "6085551023",
        "id": 418,
        "pets": [
            
        ]
    },
    {
        "firstName": "George",
        "lastName": "Franklin",
        "address": "110 W. Liberty St.",
        "city": "Madison",
        "telephone": "6085551023",
        "id": 419,
        "pets": [
            
        ]
    },
    {
        "firstName": "George",
        "lastName": "Franklin",
        "address": "110 W. Liberty St.",
        "city": "Madison",
        "telephone": "6085551023",
        "id": 420,
        "pets": [
            
        ]
    },
    {
        "firstName": "George",
        "lastName": "Franklin",
        "address": "110 W. Liberty St.",
        "city": "Madison",
        "telephone": "6085551023",
        "id": 421,
        "pets": [
            
        ]
    },
    {
        "firstName": "George",
        "lastName": "Franklin",
        "address": "110 W. Liberty St.",
        "city": "Madison",
        "telephone": "6085551023",
        "id": 422,
        "pets": [
            
        ]
    },
    {
        "firstName": "George",
        "lastName": "Franklin",
        "address": "110 W. Liberty St.",
        "city": "Madison",
        "telephone": "6085551023",
        "id": 423,
        "pets": [
            
        ]
    },
    {
        "firstName": "George",
        "lastName": "Franklin",
        "address": "110 W. Liberty St.",
        "city": "Madison",
        "telephone": "6085551023",
        "id": 424,
        "pets": [
            
        ]
    },
    {
        "firstName": "George",
        "lastName": "Franklin",
        "address": "110 W. Liberty St.",
        "city": "Madison",
        "telephone": "6085551023",
        "id": 425,
        "pets": [
            
        ]
    },
    {
        "firstName": "George",
        "lastName": "Franklin",
        "address": "110 W. Liberty St.",
        "city": "Madison",
        "telephone": "6085551023",
        "id": 426,
        "pets": [
            
        ]
    },
    {
        "firstName": "George",
        "lastName": "Franklin",
        "address": "110 W. Liberty St.",
        "city": "Madison",
        "telephone": "6085551023",
        "id": 427,
        "pets": [
            
        ]
    },
    {
        "firstName": "George",
        "lastName": "Franklin",
        "address": "110 W. Liberty St.",
        "city": "Madison",
        "telephone": "6085551023",
        "id": 428,
        "pets": [
            
        ]
    },
    {
        "firstName": "George",
        "lastName": "Franklin",
        "address": "110 W. Liberty St.",
        "city": "Madison",
        "telephone": "6085551023",
        "id": 429,
        "pets": [
            
        ]
    },
    {
        "firstName": "George",
        "lastName": "Franklin",
        "address": "110 W. Liberty St.",
        "city": "Madison",
        "telephone": "6085551023",
        "id": 430,
        "pets": [
            
        ]
    },
    {
        "firstName": "George",
        "lastName": "Franklin",
        "address": "110 W. Liberty St.",
        "city": "Madison",
        "telephone": "6085551023",
        "id": 431,
        "pets": [
            
        ]
    },
    {
        "firstName": "George",
        "lastName": "Franklin",
        "address": "110 W. Liberty St.",
        "city": "Madison",
        "telephone": "6085551023",
        "id": 432,
        "pets": [
            
        ]
    },
    {
        "firstName": "George",
        "lastName": "Franklin",
        "address": "110 W. Liberty St.",
        "city": "Madison",
        "telephone": "6085551023",
        "id": 433,
        "pets": [
            
        ]
    },
    {
        "firstName": "George",
        "lastName": "Franklin",
        "address": "110 W. Liberty St.",
        "city": "Madison",
        "telephone": "6085551023",
        "id": 434,
        "pets": [
            
        ]
    },
    {
        "firstName": "George",
        "lastName": "Franklin",
        "address": "110 W. Liberty St.",
        "city": "Madison",
        "telephone": "6085551023",
        "id": 435,
        "pets": [
            
        ]
    },
    {
        "firstName": "George",
        "lastName": "Franklin",
        "address": "110 W. Liberty St.",
        "city": "Madison",
        "telephone": "6085551023",
        "id": 436,
        "pets": [
            
        ]
    },
    {
        "firstName": "George",
        "lastName": "Franklin",
        "address": "110 W. Liberty St.",
        "city": "Madison",
        "telephone": "6085551023",
        "id": 437,
        "pets": [
            
        ]
    },
    {
        "firstName": "George",
        "lastName": "Franklin",
        "address": "110 W. Liberty St.",
        "city": "Madison",
        "telephone": "6085551023",
        "id": 438,
        "pets": [
            
        ]
    },
    {
        "firstName": "George",
        "lastName": "Franklin",
        "address": "110 W. Liberty St.",
        "city": "Madison",
        "telephone": "6085551023",
        "id": 439,
        "pets": [
            
        ]
    },
    {
        "firstName": "George",
        "lastName": "Franklin",
        "address": "110 W. Liberty St.",
        "city": "Madison",
        "telephone": "6085551023",
        "id": 440,
        "pets": [
            
        ]
    },
    {
        "firstName": "George",
        "lastName": "Franklin",
        "address": "110 W. Liberty St.",
        "city": "Madison",
        "telephone": "6085551023",
        "id": 441,
        "pets": [
            
        ]
    },
    {
        "firstName": "George",
        "lastName": "Franklin",
        "address": "110 W. Liberty St.",
        "city": "Madison",
        "telephone": "6085551023",
        "id": 442,
        "pets": [
            
        ]
    },
    {
        "firstName": "George",
        "lastName": "Franklin",
        "address": "110 W. Liberty St.",
        "city": "Madison",
        "telephone": "6085551023",
        "id": 443,
        "pets": [
            
        ]
    },
    {
        "firstName": "George",
        "lastName": "Franklin",
        "address": "110 W. Liberty St.",
        "city": "Madison",
        "telephone": "6085551023",
        "id": 444,
        "pets": [
            
        ]
    },
    {
        "firstName": "George",
        "lastName": "Franklin",
        "address": "110 W. Liberty St.",
        "city": "Madison",
        "telephone": "6085551023",
        "id": 445,
        "pets": [
            
        ]
    },
    {
        "firstName": "George",
        "lastName": "Franklin",
        "address": "110 W. Liberty St.",
        "city": "Madison",
        "telephone": "6085551023",
        "id": 446,
        "pets": [
            
        ]
    },
    {
        "firstName": "George",
        "lastName": "Franklin",
        "address": "110 W. Liberty St.",
        "city": "Madison",
        "telephone": "6085551023",
        "id": 447,
        "pets": [
            
        ]
    },
    {
        "firstName": "George",
        "lastName": "Franklin",
        "address": "110 W. Liberty St.",
        "city": "Madison",
        "telephone": "6085551023",
        "id": 448,
        "pets": [
            
        ]
    },
    {
        "firstName": "George",
        "lastName": "Franklin",
        "address": "110 W. Liberty St.",
        "city": "Madison",
        "telephone": "6085551023",
        "id": 449,
        "pets": [
            
        ]
    },
    {
        "firstName": "George",
        "lastName": "Franklin",
        "address": "110 W. Liberty St.",
        "city": "Madison",
        "telephone": "6085551023",
        "id": 450,
        "pets": [
            
        ]
    },
    {
        "firstName": "George",
        "lastName": "Franklin",
        "address": "110 W. Liberty St.",
        "city": "Madison",
        "telephone": "6085551023",
        "id": 451,
        "pets": [
            
        ]
    },
    {
        "firstName": "George",
        "lastName": "Franklin",
        "address": "110 W. Liberty St.",
        "city": "Madison",
        "telephone": "6085551023",
        "id": 452,
        "pets": [
            
        ]
    },
    {
        "firstName": "George",
        "lastName": "Franklin",
        "address": "110 W. Liberty St.",
        "city": "Madison",
        "telephone": "6085551023",
        "id": 453,
        "pets": [
            
        ]
    },
    {
        "firstName": "George",
        "lastName": "Franklin",
        "address": "110 W. Liberty St.",
        "city": "Madison",
        "telephone": "6085551023",
        "id": 454,
        "pets": [
            
        ]
    },
    {
        "firstName": "George",
        "lastName": "Franklin",
        "address": "110 W. Liberty St.",
        "city": "Madison",
        "telephone": "6085551023",
        "id": 455,
        "pets": [
            
        ]
    },
    {
        "firstName": "George",
        "lastName": "Franklin",
        "address": "110 W. Liberty St.",
        "city": "Madison",
        "telephone": "6085551023",
        "id": 456,
        "pets": [
            
        ]
    },
    {
        "firstName": "George",
        "lastName": "Franklin",
        "address": "110 W. Liberty St.",
        "city": "Madison",
        "telephone": "6085551023",
        "id": 457,
        "pets": [
            
        ]
    },
    {
        "firstName": "George",
        "lastName": "Franklin",
        "address": "110 W. Liberty St.",
        "city": "Madison",
        "telephone": "6085551023",
        "id": 458,
        "pets": [
            
        ]
    },
    {
        "firstName": "George",
        "lastName": "Franklin",
        "address": "110 W. Liberty St.",
        "city": "Madison",
        "telephone": "6085551023",
        "id": 459,
        "pets": [
            
        ]
    },
    {
        "firstName": "George",
        "lastName": "Franklin",
        "address": "110 W. Liberty St.",
        "city": "Madison",
        "telephone": "6085551023",
        "id": 460,
        "pets": [
            
        ]
    },
    {
        "firstName": "George",
        "lastName": "Franklin",
        "address": "110 W. Liberty St.",
        "city": "Madison",
        "telephone": "6085551023",
        "id": 461,
        "pets": [
            
        ]
    },
    {
        "firstName": "George",
        "lastName": "Franklin",
        "address": "110 W. Liberty St.",
        "city": "Madison",
        "telephone": "6085551023",
        "id": 462,
        "pets": [
            
        ]
    },
    {
        "firstName": "George",
        "lastName": "Franklin",
        "address": "110 W. Liberty St.",
        "city": "Madison",
        "telephone": "6085551023",
        "id": 463,
        "pets": [
            
        ]
    },
    {
        "firstName": "George",
        "lastName": "Franklin",
        "address": "110 W. Liberty St.",
        "city": "Madison",
        "telephone": "6085551023",
        "id": 464,
        "pets": [
            
        ]
    },
    {
        "firstName": "George",
        "lastName": "Franklin",
        "address": "110 W. Liberty St.",
        "city": "Madison",
        "telephone": "6085551023",
        "id": 465,
        "pets": [
            
        ]
    },
    {
        "firstName": "George",
        "lastName": "Franklin",
        "address": "110 W. Liberty St.",
        "city": "Madison",
        "telephone": "6085551023",
        "id": 466,
        "pets": [
            
        ]
    },
    {
        "firstName": "George",
        "lastName": "Franklin",
        "address": "110 W. Liberty St.",
        "city": "Madison",
        "telephone": "6085551023",
        "id": 467,
        "pets": [
            
        ]
    },
    {
        "firstName": "George",
        "lastName": "Franklin",
        "address": "110 W. Liberty St.",
        "city": "Madison",
        "telephone": "6085551023",
        "id": 468,
        "pets": [
            
        ]
    },
    {
        "firstName": "George",
        "lastName": "Franklin",
        "address": "110 W. Liberty St.",
        "city": "Madison",
        "telephone": "6085551023",
        "id": 469,
        "pets": [
            
        ]
    },
    {
        "firstName": "George",
        "lastName": "Franklin",
        "address": "110 W. Liberty St.",
        "city": "Madison",
        "telephone": "6085551023",
        "id": 470,
        "pets": [
            
        ]
    },
    {
        "firstName": "George",
        "lastName": "Franklin",
        "address": "110 W. Liberty St.",
        "city": "Madison",
        "telephone": "6085551023",
        "id": 471,
        "pets": [
            
        ]
    },
    {
        "firstName": "George",
        "lastName": "Franklin",
        "address": "110 W. Liberty St.",
        "city": "Madison",
        "telephone": "6085551023",
        "id": 472,
        "pets": [
            
        ]
    },
    {
        "firstName": "George",
        "lastName": "Franklin",
        "address": "110 W. Liberty St.",
        "city": "Madison",
        "telephone": "6085551023",
        "id": 473,
        "pets": [
            
        ]
    },
    {
        "firstName": "George",
        "lastName": "Franklin",
        "address": "110 W. Liberty St.",
        "city": "Madison",
        "telephone": "6085551023",
        "id": 474,
        "pets": [
            
        ]
    },
    {
        "firstName": "George",
        "lastName": "Franklin",
        "address": "110 W. Liberty St.",
        "city": "Madison",
        "telephone": "6085551023",
        "id": 475,
        "pets": [
            
        ]
    },
    {
        "firstName": "George",
        "lastName": "Franklin",
        "address": "110 W. Liberty St.",
        "city": "Madison",
        "telephone": "6085551023",
        "id": 476,
        "pets": [
            
        ]
    },
    {
        "firstName": "George",
        "lastName": "Franklin",
        "address": "110 W. Liberty St.",
        "city": "Madison",
        "telephone": "6085551023",
        "id": 477,
        "pets": [
            
        ]
    },
    {
        "firstName": "George",
        "lastName": "Franklin",
        "address": "110 W. Liberty St.",
        "city": "Madison",
        "telephone": "6085551023",
        "id": 478,
        "pets": [
            
        ]
    },
    {
        "firstName": "George",
        "lastName": "Franklin",
        "address": "110 W. Liberty St.",
        "city": "Madison",
        "telephone": "6085551023",
        "id": 479,
        "pets": [
            
        ]
    },
    {
        "firstName": "George",
        "lastName": "Franklin",
        "address": "110 W. Liberty St.",
        "city": "Madison",
        "telephone": "6085551023",
        "id": 480,
        "pets": [
            
        ]
    },
    {
        "firstName": "George",
        "lastName": "Franklin",
        "address": "110 W. Liberty St.",
        "city": "Madison",
        "telephone": "6085551023",
        "id": 481,
        "pets": [
            
        ]
    },
    {
        "firstName": "George",
        "lastName": "Franklin",
        "address": "110 W. Liberty St.",
        "city": "Madison",
        "telephone": "6085551023",
        "id": 482,
        "pets": [
            
        ]
    },
    {
        "firstName": "George",
        "lastName": "Franklin",
        "address": "110 W. Liberty St.",
        "city": "Madison",
        "telephone": "6085551023",
        "id": 483,
        "pets": [
            
        ]
    },
    {
        "firstName": "George",
        "lastName": "Franklin",
        "address": "110 W. Liberty St.",
        "city": "Madison",
        "telephone": "6085551023",
        "id": 484,
        "pets": [
            
        ]
    },
    {
        "firstName": "George",
        "lastName": "Franklin",
        "address": "110 W. Liberty St.",
        "city": "Madison",
        "telephone": "6085551023",
        "id": 485,
        "pets": [
            
        ]
    },
    {
        "firstName": "George",
        "lastName": "Franklin",
        "address": "110 W. Liberty St.",
        "city": "Madison",
        "telephone": "6085551023",
        "id": 486,
        "pets": [
            
        ]
    },
    {
        "firstName": "George",
        "lastName": "Franklin",
        "address": "110 W. Liberty St.",
        "city": "Madison",
        "telephone": "6085551023",
        "id": 487,
        "pets": [
            
        ]
    },
    {
        "firstName": "George",
        "lastName": "Franklin",
        "address": "110 W. Liberty St.",
        "city": "Madison",
        "telephone": "6085551023",
        "id": 488,
        "pets": [
            
        ]
    },
    {
        "firstName": "George",
        "lastName": "Franklin",
        "address": "110 W. Liberty St.",
        "city": "Madison",
        "telephone": "6085551023",
        "id": 489,
        "pets": [
            
        ]
    },
    {
        "firstName": "George",
        "lastName": "Franklin",
        "address": "110 W. Liberty St.",
        "city": "Madison",
        "telephone": "6085551023",
        "id": 490,
        "pets": [
            
        ]
    },
    {
        "firstName": "George",
        "lastName": "Franklin",
        "address": "110 W. Liberty St.",
        "city": "Madison",
        "telephone": "6085551023",
        "id": 491,
        "pets": [
            
        ]
    },
    {
        "firstName": "George",
        "lastName": "Franklin",
        "address": "110 W. Liberty St.",
        "city": "Madison",
        "telephone": "6085551023",
        "id": 492,
        "pets": [
            
        ]
    },
    {
        "firstName": "George",
        "lastName": "Franklin",
        "address": "110 W. Liberty St.",
        "city": "Madison",
        "telephone": "6085551023",
        "id": 493,
        "pets": [
            
        ]
    },
    {
        "firstName": "George",
        "lastName": "Franklin",
        "address": "110 W. Liberty St.",
        "city": "Madison",
        "telephone": "6085551023",
        "id": 494,
        "pets": [
            
        ]
    },
    {
        "firstName": "George",
        "lastName": "Franklin",
        "address": "110 W. Liberty St.",
        "city": "Madison",
        "telephone": "6085551023",
        "id": 495,
        "pets": [
            
        ]
    },
    {
        "firstName": "George",
        "lastName": "Franklin",
        "address": "110 W. Liberty St.",
        "city": "Madison",
        "telephone": "6085551023",
        "id": 496,
        "pets": [
            
        ]
    },
    {
        "firstName": "George",
        "lastName": "Franklin",
        "address": "110 W. Liberty St.",
        "city": "Madison",
        "telephone": "6085551023",
        "id": 497,
        "pets": [
            
        ]
    },
    {
        "firstName": "George",
        "lastName": "Franklin",
        "address": "110 W. Liberty St.",
        "city": "Madison",
        "telephone": "6085551023",
        "id": 498,
        "pets": [
            
        ]
    },
    {
        "firstName": "George",
        "lastName": "Franklin",
        "address": "110 W. Liberty St.",
        "city": "Madison",
        "telephone": "6085551023",
        "id": 499,
        "pets": [
            
        ]
    },
    {
        "firstName": "George",
        "lastName": "Franklin",
        "address": "110 W. Liberty St.",
        "city": "Madison",
        "telephone": "6085551023",
        "id": 500,
        "pets": [
            
        ]
    },
    {
        "firstName": "George",
        "lastName": "Franklin",
        "address": "110 W. Liberty St.",
        "city": "Madison",
        "telephone": "6085551023",
        "id": 501,
        "pets": [
            
        ]
    },
    {
        "firstName": "George",
        "lastName": "Franklin",
        "address": "110 W. Liberty St.",
        "city": "Madison",
        "telephone": "6085551023",
        "id": 502,
        "pets": [
            
        ]
    },
    {
        "firstName": "George",
        "lastName": "Franklin",
        "address": "110 W. Liberty St.",
        "city": "Madison",
        "telephone": "6085551023",
        "id": 503,
        "pets": [
            
        ]
    },
    {
        "firstName": "George",
        "lastName": "Franklin",
        "address": "110 W. Liberty St.",
        "city": "Madison",
        "telephone": "6085551023",
        "id": 504,
        "pets": [
            
        ]
    },
    {
        "firstName": "George",
        "lastName": "Franklin",
        "address": "110 W. Liberty St.",
        "city": "Madison",
        "telephone": "6085551023",
        "id": 505,
        "pets": [
            
        ]
    },
    {
        "firstName": "George",
        "lastName": "Franklin",
        "address": "110 W. Liberty St.",
        "city": "Madison",
        "telephone": "6085551023",
        "id": 506,
        "pets": [
            
        ]
    },
    {
        "firstName": "George",
        "lastName": "Franklin",
        "address": "110 W. Liberty St.",
        "city": "Madison",
        "telephone": "6085551023",
        "id": 507,
        "pets": [
            
        ]
    },
    {
        "firstName": "George",
        "lastName": "Franklin",
        "address": "110 W. Liberty St.",
        "city": "Madison",
        "telephone": "6085551023",
        "id": 508,
        "pets": [
            
        ]
    },
    {
        "firstName": "George",
        "lastName": "Franklin",
        "address": "110 W. Liberty St.",
        "city": "Madison",
        "telephone": "6085551023",
        "id": 509,
        "pets": [
            
        ]
    },
    {
        "firstName": "George",
        "lastName": "Franklin",
        "address": "110 W. Liberty St.",
        "city": "Madison",
        "telephone": "6085551023",
        "id": 510,
        "pets": [
            
        ]
    },
    {
        "firstName": "George",
        "lastName": "Franklin",
        "address": "110 W. Liberty St.",
        "city": "Madison",
        "telephone": "6085551023",
        "id": 511,
        "pets": [
            
        ]
    },
    {
        "firstName": "George",
        "lastName": "Franklin",
        "address": "110 W. Liberty St.",
        "city": "Madison",
        "telephone": "6085551023",
        "id": 512,
        "pets": [
            
        ]
    },
    {
        "firstName": "George",
        "lastName": "Franklin",
        "address": "110 W. Liberty St.",
        "city": "Madison",
        "telephone": "6085551023",
        "id": 513,
        "pets": [
            
        ]
    },
    {
        "firstName": "George",
        "lastName": "Franklin",
        "address": "110 W. Liberty St.",
        "city": "Madison",
        "telephone": "6085551023",
        "id": 514,
        "pets": [
            
        ]
    },
    {
        "firstName": "George",
        "lastName": "Franklin",
        "address": "110 W. Liberty St.",
        "city": "Madison",
        "telephone": "6085551023",
        "id": 515,
        "pets": [
            
        ]
    },
    {
        "firstName": "George",
        "lastName": "Franklin",
        "address": "110 W. Liberty St.",
        "city": "Madison",
        "telephone": "6085551023",
        "id": 516,
        "pets": [
            
        ]
    },
    {
        "firstName": "George",
        "lastName": "Franklin",
        "address": "110 W. Liberty St.",
        "city": "Madison",
        "telephone": "6085551023",
        "id": 517,
        "pets": [
            
        ]
    },
    {
        "firstName": "George",
        "lastName": "Franklin",
        "address": "110 W. Liberty St.",
        "city": "Madison",
        "telephone": "6085551023",
        "id": 518,
        "pets": [
            
        ]
    },
    {
        "firstName": "George",
        "lastName": "Franklin",
        "address": "110 W. Liberty St.",
        "city": "Madison",
        "telephone": "6085551023",
        "id": 519,
        "pets": [
            
        ]
    },
    {
        "firstName": "George",
        "lastName": "Franklin",
        "address": "110 W. Liberty St.",
        "city": "Madison",
        "telephone": "6085551023",
        "id": 520,
        "pets": [
            
        ]
    },
    {
        "firstName": "George",
        "lastName": "Franklin",
        "address": "110 W. Liberty St.",
        "city": "Madison",
        "telephone": "6085551023",
        "id": 521,
        "pets": [
            
        ]
    },
    {
        "firstName": "George",
        "lastName": "Franklin",
        "address": "110 W. Liberty St.",
        "city": "Madison",
        "telephone": "6085551023",
        "id": 522,
        "pets": [
            
        ]
    },
    {
        "firstName": "George",
        "lastName": "Franklin",
        "address": "110 W. Liberty St.",
        "city": "Madison",
        "telephone": "6085551023",
        "id": 523,
        "pets": [
            
        ]
    },
    {
        "firstName": "A",
        "lastName": "LNWYxjd",
        "address": "Address: gCo61",
        "city": "City: YMpoj",
        "telephone": "36666294",
        "id": 524,
        "pets": [
            
        ]
    }
]
  &amp#27;[32mGiven &amp#27;[0m&amp#27;[32mlist of owners&amp#27;[0m                                              &amp#27;[90m# tuichalange.steps.OwnerSteps.listOfOwners()&amp#27;[0m
Request method:	POST
Request URI:	http://localhost:9966/petclinic/api/owners
Proxy:			<none>
Request params:	<none>
Query params:	<none>
Form params:	<none>
Path params:	<none>
Headers:		Accept=*/*
				Content-Type=application/json
Cookies:		<none>
Multiparts:		<none>
Body:
{
    "firstName": "John",
    "lastName": "LNQQZxp",
    "address": "Address: 6Z2Pz",
    "city": "City: d2Oz4",
    "telephone": "93828959"
}
HTTP/1.1 201 
Vary: Origin
Vary: Access-Control-Request-Method
Vary: Access-Control-Request-Headers
Location: /api/owners/525
X-Content-Type-Options: nosniff
X-XSS-Protection: 0
Cache-Control: no-cache, no-store, max-age=0, must-revalidate
Pragma: no-cache
Expires: 0
X-Frame-Options: DENY
Content-Type: application/json
Transfer-Encoding: chunked
Date: Sat, 20 Jan 2024 15:33:23 GMT
Keep-Alive: timeout=60
Connection: keep-alive

{
    "firstName": "John",
    "lastName": "LNQQZxp",
    "address": "Address: 6Z2Pz",
    "city": "City: d2Oz4",
    "telephone": "93828959",
    "id": 525,
    "pets": [
        
    ]
}
  &amp#27;[32mWhen &amp#27;[0m&amp#27;[32muser creates owner with firstName &amp#27;[0m&amp#27;[32m&amp#27;[1mJohn&amp#27;[0m                       &amp#27;[90m# tuichalange.steps.OwnerSteps.userCreatesOwnerWithFirstName(java.lang.String)&amp#27;[0m
Request method:	GET
Request URI:	http://localhost:9966/petclinic/api/owners
Proxy:			<none>
Request params:	<none>
Query params:	<none>
Form params:	<none>
Path params:	<none>
Headers:		Accept=*/*
				Content-Type=application/json
Cookies:		<none>
Multiparts:		<none>
Body:			<none>
HTTP/1.1 200 
Vary: Origin
Vary: Access-Control-Request-Method
Vary: Access-Control-Request-Headers
X-Content-Type-Options: nosniff
X-XSS-Protection: 0
Cache-Control: no-cache, no-store, max-age=0, must-revalidate
Pragma: no-cache
Expires: 0
X-Frame-Options: DENY
Content-Type: application/json
Transfer-Encoding: chunked
Date: Sat, 20 Jan 2024 15:33:23 GMT
Keep-Alive: timeout=60
Connection: keep-alive

[
    {
        "firstName": "George",
        "lastName": "Franklin",
        "address": "110 W. Liberty St.",
        "city": "Madison",
        "telephone": "6085551023",
        "id": 1,
        "pets": [
            {
                "name": "Leo",
                "birthDate": "2024-01-19",
                "type": {
                    "name": "cat",
                    "id": 1
                },
                "id": 15,
                "ownerId": 1,
                "visits": [
                    
                ]
            },
            {
                "name": "Leo",
                "birthDate": "2010-09-07",
                "type": {
                    "name": "cat",
                    "id": 1
                },
                "id": 1,
                "ownerId": 1,
                "visits": [
                    
                ]
            }
        ]
    },
    {
        "firstName": "Georgee",
        "lastName": "Franklinn",
        "address": "110 W. Liberty St.1",
        "city": "Madison1",
        "telephone": "6085551024",
        "id": 2,
        "pets": [
            {
                "name": "Basil",
                "birthDate": "2012-08-06",
                "type": {
                    "name": "hamster",
                    "id": 6
                },
                "id": 2,
                "ownerId": 2,
                "visits": [
                    
                ]
            }
        ]
    },
    {
        "firstName": "Eduardo",
        "lastName": "Rodriquez",
        "address": "2693 Commerce St.",
        "city": "McFarland",
        "telephone": "6085558763",
        "id": 3,
        "pets": [
            {
                "name": "Jewel",
                "birthDate": "2010-03-07",
                "type": {
                    "name": "Leo",
                    "id": 2
                },
                "id": 4,
                "ownerId": 3,
                "visits": [
                    
                ]
            },
            {
                "name": "Rosy",
                "birthDate": "2011-04-17",
                "type": {
                    "name": "Leo",
                    "id": 2
                },
                "id": 3,
                "ownerId": 3,
                "visits": [
                    
                ]
            }
        ]
    },
    {
        "firstName": "Harold",
        "lastName": "Davis",
        "address": "563 Friendly St.",
        "city": "Windsor",
        "telephone": "6085553198",
        "id": 4,
        "pets": [
            {
                "name": "Iggy",
                "birthDate": "2010-11-30",
                "type": {
                    "name": "lizard",
                    "id": 3
                },
                "id": 5,
                "ownerId": 4,
                "visits": [
                    
                ]
            }
        ]
    },
    {
        "firstName": "Peter",
        "lastName": "McTavish",
        "address": "2387 S. Fair Way",
        "city": "Madison",
        "telephone": "6085552765",
        "id": 5,
        "pets": [
            {
                "name": "George",
                "birthDate": "2010-01-20",
                "type": {
                    "name": "snake",
                    "id": 4
                },
                "id": 6,
                "ownerId": 5,
                "visits": [
                    
                ]
            }
        ]
    },
    {
        "firstName": "Jean",
        "lastName": "Coleman",
        "address": "105 N. Lake St.",
        "city": "Monona",
        "telephone": "6085552654",
        "id": 6,
        "pets": [
            {
                "name": "Max",
                "birthDate": "2012-09-04",
                "type": {
                    "name": "cat",
                    "id": 1
                },
                "id": 8,
                "ownerId": 6,
                "visits": [
                    {
                        "date": "2013-01-03",
                        "description": "neutered",
                        "id": 3,
                        "petId": null
                    },
                    {
                        "date": "2013-01-02",
                        "description": "rabies shot",
                        "id": 2,
                        "petId": null
                    }
                ]
            },
            {
                "name": "Samantha",
                "birthDate": "2012-09-04",
                "type": {
                    "name": "cat",
                    "id": 1
                },
                "id": 7,
                "ownerId": 6,
                "visits": [
                    {
                        "date": "2013-01-04",
                        "description": "spayed",
                        "id": 4,
                        "petId": null
                    },
                    {
                        "date": "2013-01-01",
                        "description": "rabies shot",
                        "id": 1,
                        "petId": null
                    }
                ]
            }
        ]
    },
    {
        "firstName": "Jeff",
        "lastName": "Black",
        "address": "1450 Oak Blvd.",
        "city": "Monona",
        "telephone": "6085555387",
        "id": 7,
        "pets": [
            {
                "name": "Lucky",
                "birthDate": "2011-08-06",
                "type": {
                    "name": "bird",
                    "id": 5
                },
                "id": 9,
                "ownerId": 7,
                "visits": [
                    
                ]
            }
        ]
    },
    {
        "firstName": "Maria",
        "lastName": "Escobito",
        "address": "345 Maple St.",
        "city": "Madison",
        "telephone": "6085557683",
        "id": 8,
        "pets": [
            {
                "name": "Mulligan",
                "birthDate": "2007-02-24",
                "type": {
                    "name": "Leo",
                    "id": 2
                },
                "id": 10,
                "ownerId": 8,
                "visits": [
                    
                ]
            }
        ]
    },
    {
        "firstName": "David",
        "lastName": "Schroeder",
        "address": "2749 Blackhawk Trail",
        "city": "Madison",
        "telephone": "6085559435",
        "id": 9,
        "pets": [
            {
                "name": "Freddy",
                "birthDate": "2010-03-09",
                "type": {
                    "name": "bird",
                    "id": 5
                },
                "id": 11,
                "ownerId": 9,
                "visits": [
                    
                ]
            }
        ]
    },
    {
        "firstName": "Carlos",
        "lastName": "Estaban",
        "address": "2335 Independence La.",
        "city": "Waunakee",
        "telephone": "6085555487",
        "id": 10,
        "pets": [
            {
                "name": "Lucky",
                "birthDate": "2010-06-24",
                "type": {
                    "name": "Leo",
                    "id": 2
                },
                "id": 12,
                "ownerId": 10,
                "visits": [
                    
                ]
            },
            {
                "name": "Sly",
                "birthDate": "2012-06-08",
                "type": {
                    "name": "cat",
                    "id": 1
                },
                "id": 13,
                "ownerId": 10,
                "visits": [
                    
                ]
            }
        ]
    },
    {
        "firstName": "FNcbXOq",
        "lastName": "LNTalqx",
        "address": "Address: e1FDM",
        "city": "City: QeshG",
        "telephone": "91624141",
        "id": 11,
        "pets": [
            {
                "name": "A",
                "birthDate": "2022-09-09",
                "type": {
                    "name": "cat",
                    "id": 1
                },
                "id": 16,
                "ownerId": 11,
                "visits": [
                    
                ]
            }
        ]
    },
    {
        "firstName": "FNgGdZm",
        "lastName": "LNfQpnI",
        "address": "Address: 0Zjvd",
        "city": "City: Y4TUj",
        "telephone": "52375567",
        "id": 12,
        "pets": [
            {
                "name": "A",
                "birthDate": "2022-09-09",
                "type": {
                    "name": "cat",
                    "id": 1
                },
                "id": 17,
                "ownerId": 12,
                "visits": [
                    
                ]
            }
        ]
    },
    {
        "firstName": "FNQVxtW",
        "lastName": "LNijDZJ",
        "address": "Address: QJBbK",
        "city": "City: ZIN3e",
        "telephone": "04606374",
        "id": 13,
        "pets": [
            
        ]
    },
    {
        "firstName": "FNtECYi",
        "lastName": "LNqsmcq",
        "address": "Address: i0KTW",
        "city": "City: YOiSl",
        "telephone": "34297126",
        "id": 14,
        "pets": [
            {
                "name": "A",
                "birthDate": "2022-09-09",
                "type": {
                    "name": "cat",
                    "id": 1
                },
                "id": 18,
                "ownerId": 14,
                "visits": [
                    
                ]
            }
        ]
    },
    {
        "firstName": "FNyluuV",
        "lastName": "LNmDlGp",
        "address": "Address: fKAO5",
        "city": "City: MVAeN",
        "telephone": "98182086",
        "id": 15,
        "pets": [
            {
                "name": "John",
                "birthDate": "2022-09-09",
                "type": {
                    "name": "cat",
                    "id": 1
                },
                "id": 19,
                "ownerId": 15,
                "visits": [
                    
                ]
            }
        ]
    },
    {
        "firstName": "FNypEUb",
        "lastName": "LNKWLEj",
        "address": "Address: 8CWUV",
        "city": "City: Z5E8K",
        "telephone": "13111097",
        "id": 16,
        "pets": [
            {
                "name": "ThirtyCharsTestNametesttestte",
                "birthDate": "2022-09-09",
                "type": {
                    "name": "cat",
                    "id": 1
                },
                "id": 20,
                "ownerId": 16,
                "visits": [
                    
                ]
            }
        ]
    },
    {
        "firstName": "FNyisHR",
        "lastName": "LNygzBW",
        "address": "Address: k7c02",
        "city": "City: q6bES",
        "telephone": "09609529",
        "id": 17,
        "pets": [
            {
                "name": "test_*()&^%$#@!?/",
                "birthDate": "2022-09-09",
                "type": {
                    "name": "cat",
                    "id": 1
                },
                "id": 21,
                "ownerId": 17,
                "visits": [
                    
                ]
            }
        ]
    },
    {
        "firstName": "FNJcWvr",
        "lastName": "LNMcSTH",
        "address": "Address: 50zuT",
        "city": "City: VenoJ",
        "telephone": "44467273",
        "id": 18,
        "pets": [
            {
                "name": "test_*()&^%$#@!?/",
                "birthDate": "2022-09-09",
                "type": {
                    "name": "cat",
                    "id": 1
                },
                "id": 22,
                "ownerId": 18,
                "visits": [
                    
                ]
            }
        ]
    },
    {
        "firstName": "FNyEVfu",
        "lastName": "LNakCFB",
        "address": "Address: DA6Me",
        "city": "City: 1JgGo",
        "telephone": "76398157",
        "id": 19,
        "pets": [
            {
                "name": "test_*()&^%$#@!?/",
                "birthDate": "2022-09-09",
                "type": {
                    "name": "cat",
                    "id": 1
                },
                "id": 23,
                "ownerId": 19,
                "visits": [
                    
                ]
            }
        ]
    },
    {
        "firstName": "FNPJsCr",
        "lastName": "LNBnDVR",
        "address": "Address: jNlsd",
        "city": "City: L53y4",
        "telephone": "94319532",
        "id": 20,
        "pets": [
            
        ]
    },
    {
        "firstName": "FNIGHFq",
        "lastName": "LNjStmf",
        "address": "Address: 8OmzF",
        "city": "City: iplQ4",
        "telephone": "10514807",
        "id": 21,
        "pets": [
            
        ]
    },
    {
        "firstName": "FNAklpN",
        "lastName": "LNcVsrO",
        "address": "Address: epr6z",
        "city": "City: diZWm",
        "telephone": "46987062",
        "id": 22,
        "pets": [
            {
                "name": "FxbWo",
                "birthDate": "2022-09-09",
                "type": {
                    "name": "cat",
                    "id": 1
                },
                "id": 24,
                "ownerId": 22,
                "visits": [
                    
                ]
            }
        ]
    },
    {
        "firstName": "FNNEcev",
        "lastName": "LNMamev",
        "address": "Address: DgnWG",
        "city": "City: 8IFp2",
        "telephone": "20562013",
        "id": 23,
        "pets": [
            
        ]
    },
    {
        "firstName": "FNQegWX",
        "lastName": "LNmMdmx",
        "address": "Address: 30U8b",
        "city": "City: DrS5k",
        "telephone": "00714539",
        "id": 24,
        "pets": [
            
        ]
    },
    {
        "firstName": "FNGklke",
        "lastName": "LNgjhcR",
        "address": "Address: Tsn9a",
        "city": "City: HITGd",
        "telephone": "75972656",
        "id": 25,
        "pets": [
            
        ]
    },
    {
        "firstName": "FNoisAU",
        "lastName": "LNUDdlI",
        "address": "Address: LpbwN",
        "city": "City: 5iDdo",
        "telephone": "25436323",
        "id": 26,
        "pets": [
            
        ]
    },
    {
        "firstName": "FNXkWkm",
        "lastName": "LNraoyE",
        "address": "Address: siTuX",
        "city": "City: z03KU",
        "telephone": "44121082",
        "id": 27,
        "pets": [
            
        ]
    },
    {
        "firstName": "FNCwnIH",
        "lastName": "LNJJNpO",
        "address": "Address: 2Aqt6",
        "city": "City: 0JFrl",
        "telephone": "68567852",
        "id": 28,
        "pets": [
            
        ]
    },
    {
        "firstName": "FNfryGx",
        "lastName": "LNoCrZc",
        "address": "Address: i1e4p",
        "city": "City: PDbUY",
        "telephone": "29696712",
        "id": 29,
        "pets": [
            
        ]
    },
    {
        "firstName": "FNQTkBA",
        "lastName": "LNQKTjv",
        "address": "Address: mpQKo",
        "city": "City: tagRS",
        "telephone": "45486684",
        "id": 30,
        "pets": [
            
        ]
    },
    {
        "firstName": "FNQupPS",
        "lastName": "LNizbof",
        "address": "Address: HLyzb",
        "city": "City: fw2CY",
        "telephone": "85605695",
        "id": 31,
        "pets": [
            
        ]
    },
    {
        "firstName": "FNEKlfa",
        "lastName": "LNXZbrn",
        "address": "Address: tuNNp",
        "city": "City: vqhKb",
        "telephone": "87195299",
        "id": 32,
        "pets": [
            
        ]
    },
    {
        "firstName": "FNtdccc",
        "lastName": "LNSKnuO",
        "address": "Address: 4AaNh",
        "city": "City: ZeClw",
        "telephone": "90400708",
        "id": 33,
        "pets": [
            {
                "name": "oaNNz",
                "birthDate": "2022-09-09",
                "type": {
                    "name": "cat",
                    "id": 1
                },
                "id": 26,
                "ownerId": 33,
                "visits": [
                    
                ]
            }
        ]
    },
    {
        "firstName": "FNaEPFP",
        "lastName": "LNsZnpO",
        "address": "Address: FKP1S",
        "city": "City: KiaJW",
        "telephone": "73390020",
        "id": 34,
        "pets": [
            {
                "name": "HtdBe",
                "birthDate": "2022-09-09",
                "type": {
                    "name": "cat",
                    "id": 1
                },
                "id": 27,
                "ownerId": 34,
                "visits": [
                    
                ]
            }
        ]
    },
    {
        "firstName": "FNBaIbI",
        "lastName": "LNocXRK",
        "address": "Address: KLsxu",
        "city": "City: Wpx4k",
        "telephone": "98731327",
        "id": 35,
        "pets": [
            {
                "name": "efEZj",
                "birthDate": "2022-09-09",
                "type": {
                    "name": "cat",
                    "id": 1
                },
                "id": 28,
                "ownerId": 35,
                "visits": [
                    
                ]
            }
        ]
    },
    {
        "firstName": "FNHKjvC",
        "lastName": "LNiRnpT",
        "address": "Address: pAkki",
        "city": "City: z7mhU",
        "telephone": "39517305",
        "id": 36,
        "pets": [
            {
                "name": "qPaMV",
                "birthDate": "2022-09-09",
                "type": {
                    "name": "cat",
                    "id": 1
                },
                "id": 29,
                "ownerId": 36,
                "visits": [
                    
                ]
            }
        ]
    },
    {
        "firstName": "FNYspmv",
        "lastName": "LNgLPJO",
        "address": "Address: WhovE",
        "city": "City: lho3H",
        "telephone": "38121637",
        "id": 37,
        "pets": [
            {
                "name": "boOZI",
                "birthDate": "2022-09-09",
                "type": {
                    "name": "cat",
                    "id": 1
                },
                "id": 30,
                "ownerId": 37,
                "visits": [
                    
                ]
            }
        ]
    },
    {
        "firstName": "FNewqHb",
        "lastName": "LNALyDC",
        "address": "Address: VeXik",
        "city": "City: oXX4h",
        "telephone": "01086701",
        "id": 38,
        "pets": [
            
        ]
    },
    {
        "firstName": "FNmULKH",
        "lastName": "LNMABIB",
        "address": "Address: ltEfQ",
        "city": "City: y0Fec",
        "telephone": "38408682",
        "id": 39,
        "pets": [
            {
                "name": "qdfpA",
                "birthDate": "2022-09-09",
                "type": {
                    "name": "cat",
                    "id": 1
                },
                "id": 31,
                "ownerId": 39,
                "visits": [
                    
                ]
            }
        ]
    },
    {
        "firstName": "FNlQXRG",
        "lastName": "LNVsOPO",
        "address": "Address: wH73Z",
        "city": "City: Ff00M",
        "telephone": "32848181",
        "id": 40,
        "pets": [
            {
                "name": "MOqkA",
                "birthDate": "2022-09-09",
                "type": {
                    "name": "cat",
                    "id": 1
                },
                "id": 32,
                "ownerId": 40,
                "visits": [
                    
                ]
            }
        ]
    },
    {
        "firstName": "FNQvluw",
        "lastName": "LNEgNBn",
        "address": "Address: oBO1a",
        "city": "City: XKOdd",
        "telephone": "15537673",
        "id": 41,
        "pets": [
            {
                "name": "OfSdq",
                "birthDate": "2022-09-09",
                "type": {
                    "name": "cat",
                    "id": 1
                },
                "id": 33,
                "ownerId": 41,
                "visits": [
                    
                ]
            }
        ]
    },
    {
        "firstName": "FNOEdRx",
        "lastName": "LNcjwhJ",
        "address": "Address: iGhvp",
        "city": "City: 4mX8E",
        "telephone": "05893702",
        "id": 42,
        "pets": [
            {
                "name": "jdMVr",
                "birthDate": "2022-09-09",
                "type": {
                    "name": "cat",
                    "id": 1
                },
                "id": 34,
                "ownerId": 42,
                "visits": [
                    
                ]
            }
        ]
    },
    {
        "firstName": "FNehFco",
        "lastName": "LNFiAqT",
        "address": "Address: x92Qk",
        "city": "City: dNdsR",
        "telephone": "27847042",
        "id": 43,
        "pets": [
            {
                "name": "taZVA",
                "birthDate": "2022-09-09",
                "type": {
                    "name": "cat",
                    "id": 1
                },
                "id": 35,
                "ownerId": 43,
                "visits": [
                    
                ]
            }
        ]
    },
    {
        "firstName": "FNaWaOH",
        "lastName": "LNwUEpc",
        "address": "Address: 5lIT6",
        "city": "City: eCxc8",
        "telephone": "49832368",
        "id": 44,
        "pets": [
            {
                "name": "UhdbF",
                "birthDate": "2022-09-09",
                "type": {
                    "name": "cat",
                    "id": 1
                },
                "id": 36,
                "ownerId": 44,
                "visits": [
                    
                ]
            }
        ]
    },
    {
        "firstName": "FNAduuC",
        "lastName": "LNdupfp",
        "address": "Address: wt9dK",
        "city": "City: 3ujp0",
        "telephone": "60790746",
        "id": 45,
        "pets": [
            {
                "name": "Leo",
                "birthDate": "2024-01-20",
                "type": {
                    "name": "cat",
                    "id": 1
                },
                "id": 37,
                "ownerId": 45,
                "visits": [
                    
                ]
            }
        ]
    },
    {
        "firstName": "FNltaoN",
        "lastName": "LNpyCrK",
        "address": "Address: mJjGG",
        "city": "City: pvByq",
        "telephone": "12868843",
        "id": 46,
        "pets": [
            {
                "name": "TKceJ",
                "birthDate": "2022-09-09",
                "type": {
                    "name": "cat",
                    "id": 1
                },
                "id": 42,
                "ownerId": 46,
                "visits": [
                    
                ]
            }
        ]
    },
    {
        "firstName": "FNzgbek",
        "lastName": "LNkosQH",
        "address": "Address: 6Vlc8",
        "city": "City: WZyU0",
        "telephone": "55053313",
        "id": 47,
        "pets": [
            {
                "name": "A",
                "birthDate": "2022-09-09",
                "type": {
                    "name": "cat",
                    "id": 1
                },
                "id": 43,
                "ownerId": 47,
                "visits": [
                    
                ]
            }
        ]
    },
    {
        "firstName": "FNqbAPd",
        "lastName": "LNxKDSj",
        "address": "Address: Cg47c",
        "city": "City: a1UHb",
        "telephone": "22811952",
        "id": 48,
        "pets": [
            {
                "name": "John",
                "birthDate": "2022-09-09",
                "type": {
                    "name": "cat",
                    "id": 1
                },
                "id": 44,
                "ownerId": 48,
                "visits": [
                    
                ]
            }
        ]
    },
    {
        "firstName": "FNWulKh",
        "lastName": "LNFXytC",
        "address": "Address: lY8jD",
        "city": "City: C5PQS",
        "telephone": "26511185",
        "id": 49,
        "pets": [
            {
                "name": "ThirtyCharsTestNametesttestte",
                "birthDate": "2022-09-09",
                "type": {
                    "name": "cat",
                    "id": 1
                },
                "id": 45,
                "ownerId": 49,
                "visits": [
                    
                ]
            }
        ]
    },
    {
        "firstName": "FNJJKZt",
        "lastName": "LNlYuMz",
        "address": "Address: ETroF",
        "city": "City: Re8zP",
        "telephone": "55605082",
        "id": 50,
        "pets": [
            {
                "name": "test_*()&^%$#@!?/",
                "birthDate": "2022-09-09",
                "type": {
                    "name": "cat",
                    "id": 1
                },
                "id": 46,
                "ownerId": 50,
                "visits": [
                    
                ]
            }
        ]
    },
    {
        "firstName": "FNQJWMP",
        "lastName": "LNRUuEN",
        "address": "Address: 9dJIx",
        "city": "City: YLwu5",
        "telephone": "62137886",
        "id": 51,
        "pets": [
            {
                "name": "ckhUk",
                "birthDate": "2022-09-09",
                "type": {
                    "name": "cat",
                    "id": 1
                },
                "id": 47,
                "ownerId": 51,
                "visits": [
                    
                ]
            }
        ]
    },
    {
        "firstName": "FNUpJLg",
        "lastName": "LNlqMWS",
        "address": "Address: krdGh",
        "city": "City: I2tXQ",
        "telephone": "76572500",
        "id": 52,
        "pets": [
            {
                "name": "A",
                "birthDate": "2022-09-09",
                "type": {
                    "name": "cat",
                    "id": 1
                },
                "id": 48,
                "ownerId": 52,
                "visits": [
                    
                ]
            }
        ]
    },
    {
        "firstName": "FNRvaYv",
        "lastName": "LNOmhHt",
        "address": "Address: nPaWt",
        "city": "City: gXvlG",
        "telephone": "18664848",
        "id": 53,
        "pets": [
            {
                "name": "John",
                "birthDate": "2022-09-09",
                "type": {
                    "name": "cat",
                    "id": 1
                },
                "id": 49,
                "ownerId": 53,
                "visits": [
                    
                ]
            }
        ]
    },
    {
        "firstName": "FNttztn",
        "lastName": "LNBIusD",
        "address": "Address: POiSo",
        "city": "City: JHPOY",
        "telephone": "38295942",
        "id": 54,
        "pets": [
            {
                "name": "ThirtyCharsTestNametesttestte",
                "birthDate": "2022-09-09",
                "type": {
                    "name": "cat",
                    "id": 1
                },
                "id": 50,
                "ownerId": 54,
                "visits": [
                    
                ]
            }
        ]
    },
    {
        "firstName": "FNvhGFI",
        "lastName": "LNbQUqt",
        "address": "Address: x7sHu",
        "city": "City: EnxWp",
        "telephone": "17012054",
        "id": 55,
        "pets": [
            {
                "name": "test_*()&^%$#@!?/",
                "birthDate": "2022-09-09",
                "type": {
                    "name": "cat",
                    "id": 1
                },
                "id": 51,
                "ownerId": 55,
                "visits": [
                    
                ]
            }
        ]
    },
    {
        "firstName": "FNycmss",
        "lastName": "LNPthvV",
        "address": "Address: v0Dvo",
        "city": "City: yN34e",
        "telephone": "05574430",
        "id": 56,
        "pets": [
            {
                "name": "SxrCq",
                "birthDate": "2022-09-09",
                "type": {
                    "name": "cat",
                    "id": 1
                },
                "id": 52,
                "ownerId": 56,
                "visits": [
                    
                ]
            }
        ]
    },
    {
        "firstName": "FNBZsUN",
        "lastName": "LNBIxNH",
        "address": "Address: ECunv",
        "city": "City: VVuMj",
        "telephone": "78914774",
        "id": 57,
        "pets": [
            {
                "name": "A",
                "birthDate": "2022-09-09",
                "type": {
                    "name": "cat",
                    "id": 1
                },
                "id": 53,
                "ownerId": 57,
                "visits": [
                    
                ]
            }
        ]
    },
    {
        "firstName": "FNKKQEp",
        "lastName": "LNuhVXz",
        "address": "Address: mQpFV",
        "city": "City: zHPEF",
        "telephone": "87484307",
        "id": 58,
        "pets": [
            {
                "name": "John",
                "birthDate": "2022-09-09",
                "type": {
                    "name": "cat",
                    "id": 1
                },
                "id": 54,
                "ownerId": 58,
                "visits": [
                    
                ]
            }
        ]
    },
    {
        "firstName": "FNfJAXJ",
        "lastName": "LNbNVQH",
        "address": "Address: rLIwK",
        "city": "City: KPdzI",
        "telephone": "28726249",
        "id": 59,
        "pets": [
            {
                "name": "ThirtyCharsTestNametesttestte",
                "birthDate": "2022-09-09",
                "type": {
                    "name": "cat",
                    "id": 1
                },
                "id": 55,
                "ownerId": 59,
                "visits": [
                    
                ]
            }
        ]
    },
    {
        "firstName": "FNMGbPG",
        "lastName": "LNsgBXT",
        "address": "Address: UdmTs",
        "city": "City: wIQyY",
        "telephone": "26189408",
        "id": 60,
        "pets": [
            {
                "name": "test_*()&^%$#@!?/",
                "birthDate": "2022-09-09",
                "type": {
                    "name": "cat",
                    "id": 1
                },
                "id": 56,
                "ownerId": 60,
                "visits": [
                    
                ]
            }
        ]
    },
    {
        "firstName": "FNlGiBk",
        "lastName": "LNzyhQU",
        "address": "Address: E093I",
        "city": "City: lwtlc",
        "telephone": "61678258",
        "id": 61,
        "pets": [
            {
                "name": "sRaoC",
                "birthDate": "2022-09-09",
                "type": {
                    "name": "cat",
                    "id": 1
                },
                "id": 57,
                "ownerId": 61,
                "visits": [
                    
                ]
            }
        ]
    },
    {
        "firstName": "FNAwgsI",
        "lastName": "LNcTJLn",
        "address": "Address: tWeCc",
        "city": "City: Okmv6",
        "telephone": "89930487",
        "id": 62,
        "pets": [
            {
                "name": "iWNUX",
                "birthDate": "2022-09-09",
                "type": {
                    "name": "cat",
                    "id": 1
                },
                "id": 58,
                "ownerId": 62,
                "visits": [
                    
                ]
            }
        ]
    },
    {
        "firstName": "FNYpikI",
        "lastName": "LNpUbrB",
        "address": "Address: QjnPi",
        "city": "City: eboTd",
        "telephone": "28027358",
        "id": 63,
        "pets": [
            {
                "name": "zOCRL",
                "birthDate": "2022-09-09",
                "type": {
                    "name": "cat",
                    "id": 1
                },
                "id": 59,
                "ownerId": 63,
                "visits": [
                    
                ]
            }
        ]
    },
    {
        "firstName": "FNGHZCj",
        "lastName": "LNKpjwV",
        "address": "Address: ASvJy",
        "city": "City: tdoYZ",
        "telephone": "70883145",
        "id": 64,
        "pets": [
            {
                "name": "Ofcyx",
                "birthDate": "2022-09-09",
                "type": {
                    "name": "cat",
                    "id": 1
                },
                "id": 60,
                "ownerId": 64,
                "visits": [
                    
                ]
            }
        ]
    },
    {
        "firstName": "FNVfRFV",
        "lastName": "LNLxCMs",
        "address": "Address: QYWoR",
        "city": "City: 57Wun",
        "telephone": "75883037",
        "id": 65,
        "pets": [
            {
                "name": "vBwvQ",
                "birthDate": "2022-09-09",
                "type": {
                    "name": "cat",
                    "id": 1
                },
                "id": 61,
                "ownerId": 65,
                "visits": [
                    
                ]
            }
        ]
    },
    {
        "firstName": "FNuKSOU",
        "lastName": "LNfmQJY",
        "address": "Address: AxsWM",
        "city": "City: l8U3k",
        "telephone": "87253881",
        "id": 66,
        "pets": [
            {
                "name": "mWvCw",
                "birthDate": "2022-09-09",
                "type": {
                    "name": "cat",
                    "id": 1
                },
                "id": 66,
                "ownerId": 66,
                "visits": [
                    
                ]
            }
        ]
    },
    {
        "firstName": "FNquiVg",
        "lastName": "LNhhnCw",
        "address": "Address: PugLO",
        "city": "City: Hatny",
        "telephone": "88168206",
        "id": 67,
        "pets": [
            {
                "name": "tmXXi",
                "birthDate": "2022-09-09",
                "type": {
                    "name": "cat",
                    "id": 1
                },
                "id": 67,
                "ownerId": 67,
                "visits": [
                    
                ]
            }
        ]
    },
    {
        "firstName": "FNMRhMu",
        "lastName": "LNKvorN",
        "address": "Address: Ui5Ck",
        "city": "City: aJAQ0",
        "telephone": "08002350",
        "id": 68,
        "pets": [
            {
                "name": "jZEtE",
                "birthDate": "2022-09-09",
                "type": {
                    "name": "cat",
                    "id": 1
                },
                "id": 68,
                "ownerId": 68,
                "visits": [
                    
                ]
            }
        ]
    },
    {
        "firstName": "FNFOpUp",
        "lastName": "LNXHTWG",
        "address": "Address: gZIIL",
        "city": "City: 50nYx",
        "telephone": "62999564",
        "id": 69,
        "pets": [
            
        ]
    },
    {
        "firstName": "FNBAYun",
        "lastName": "LNTgqDk",
        "address": "Address: 3Ll7o",
        "city": "City: yMrcM",
        "telephone": "61021079",
        "id": 70,
        "pets": [
            {
                "name": "SkHnO",
                "birthDate": "2022-09-09",
                "type": {
                    "name": "cat",
                    "id": 1
                },
                "id": 73,
                "ownerId": 70,
                "visits": [
                    
                ]
            }
        ]
    },
    {
        "firstName": "FNOOUCl",
        "lastName": "LNbxWxK",
        "address": "Address: LZyCW",
        "city": "City: MZ8ap",
        "telephone": "03079794",
        "id": 71,
        "pets": [
            {
                "name": "QZjar",
                "birthDate": "2022-09-09",
                "type": {
                    "name": "cat",
                    "id": 1
                },
                "id": 74,
                "ownerId": 71,
                "visits": [
                    
                ]
            }
        ]
    },
    {
        "firstName": "FNGxdDS",
        "lastName": "LNDaPdB",
        "address": "Address: 8XcRN",
        "city": "City: YtlXO",
        "telephone": "39879673",
        "id": 72,
        "pets": [
            {
                "name": "KkbKh",
                "birthDate": "2022-09-09",
                "type": {
                    "name": "cat",
                    "id": 1
                },
                "id": 75,
                "ownerId": 72,
                "visits": [
                    
                ]
            }
        ]
    },
    {
        "firstName": "FNVufZq",
        "lastName": "LNEsDtk",
        "address": "Address: 8fOCo",
        "city": "City: uUZXy",
        "telephone": "42123542",
        "id": 73,
        "pets": [
            {
                "name": "FiDaf",
                "birthDate": "2022-09-09",
                "type": {
                    "name": "cat",
                    "id": 1
                },
                "id": 76,
                "ownerId": 73,
                "visits": [
                    
                ]
            }
        ]
    },
    {
        "firstName": "FNPtMSb",
        "lastName": "LNQvgsf",
        "address": "Address: 46uar",
        "city": "City: 1ts8S",
        "telephone": "15955454",
        "id": 74,
        "pets": [
            {
                "name": "EVyHE",
                "birthDate": "2022-09-09",
                "type": {
                    "name": "cat",
                    "id": 1
                },
                "id": 77,
                "ownerId": 74,
                "visits": [
                    
                ]
            }
        ]
    },
    {
        "firstName": "FNihCcB",
        "lastName": "LNivKlo",
        "address": "Address: ChMX0",
        "city": "City: v1FkC",
        "telephone": "71099135",
        "id": 75,
        "pets": [
            {
                "name": "gHMiw",
                "birthDate": "2022-09-09",
                "type": {
                    "name": "cat",
                    "id": 1
                },
                "id": 78,
                "ownerId": 75,
                "visits": [
                    
                ]
            }
        ]
    },
    {
        "firstName": "FNIKWlh",
        "lastName": "LNbiDun",
        "address": "Address: UpffK",
        "city": "City: tuyi2",
        "telephone": "50710045",
        "id": 76,
        "pets": [
            {
                "name": "A",
                "birthDate": "2022-09-09",
                "type": {
                    "name": "cat",
                    "id": 1
                },
                "id": 79,
                "ownerId": 76,
                "visits": [
                    
                ]
            }
        ]
    },
    {
        "firstName": "FNxsBPX",
        "lastName": "LNqToVp",
        "address": "Address: uC3Cp",
        "city": "City: nIMwd",
        "telephone": "18400557",
        "id": 77,
        "pets": [
            {
                "name": "John",
                "birthDate": "2022-09-09",
                "type": {
                    "name": "cat",
                    "id": 1
                },
                "id": 80,
                "ownerId": 77,
                "visits": [
                    
                ]
            }
        ]
    },
    {
        "firstName": "FNPRBEM",
        "lastName": "LNtJIsL",
        "address": "Address: SrS8n",
        "city": "City: oxcY1",
        "telephone": "58741105",
        "id": 78,
        "pets": [
            {
                "name": "ThirtyCharsTestNametesttestte",
                "birthDate": "2022-09-09",
                "type": {
                    "name": "cat",
                    "id": 1
                },
                "id": 81,
                "ownerId": 78,
                "visits": [
                    
                ]
            }
        ]
    },
    {
        "firstName": "FNItCgZ",
        "lastName": "LNeyZNs",
        "address": "Address: P0Qpa",
        "city": "City: MfWT2",
        "telephone": "25407600",
        "id": 79,
        "pets": [
            {
                "name": "test_*()&^%$#@!?/",
                "birthDate": "2022-09-09",
                "type": {
                    "name": "cat",
                    "id": 1
                },
                "id": 82,
                "ownerId": 79,
                "visits": [
                    
                ]
            }
        ]
    },
    {
        "firstName": "FNBQawy",
        "lastName": "LNZFRtz",
        "address": "Address: IYXMO",
        "city": "City: R4RvB",
        "telephone": "20118398",
        "id": 80,
        "pets": [
            {
                "name": "sDRnc",
                "birthDate": "2022-09-09",
                "type": {
                    "name": "cat",
                    "id": 1
                },
                "id": 83,
                "ownerId": 80,
                "visits": [
                    
                ]
            }
        ]
    },
    {
        "firstName": "FNvByVt",
        "lastName": "LNPUIGA",
        "address": "Address: JTib6",
        "city": "City: Qbxgm",
        "telephone": "18998636",
        "id": 81,
        "pets": [
            {
                "name": "nobYv",
                "birthDate": "2022-09-09",
                "type": {
                    "name": "cat",
                    "id": 1
                },
                "id": 84,
                "ownerId": 81,
                "visits": [
                    
                ]
            }
        ]
    },
    {
        "firstName": "FNjvYHt",
        "lastName": "LNrFYyZ",
        "address": "Address: 9UlBo",
        "city": "City: 7KlYW",
        "telephone": "09663944",
        "id": 82,
        "pets": [
            {
                "name": "WWgzh",
                "birthDate": "2022-09-09",
                "type": {
                    "name": "cat",
                    "id": 1
                },
                "id": 85,
                "ownerId": 82,
                "visits": [
                    
                ]
            }
        ]
    },
    {
        "firstName": "FNQwdNG",
        "lastName": "LNjueih",
        "address": "Address: Psx3q",
        "city": "City: lUor2",
        "telephone": "74689276",
        "id": 84,
        "pets": [
            
        ]
    },
    {
        "firstName": "A",
        "lastName": "LNBtxnF",
        "address": "Address: 9rMM8",
        "city": "City: T7Jdn",
        "telephone": "94208397",
        "id": 85,
        "pets": [
            
        ]
    },
    {
        "firstName": "John",
        "lastName": "LNwtKxm",
        "address": "Address: duhZZ",
        "city": "City: xgdmk",
        "telephone": "26210415",
        "id": 86,
        "pets": [
            
        ]
    },
    {
        "firstName": "ThirtyCharsTestNametesttestte",
        "lastName": "LNeYYFC",
        "address": "Address: iWOwp",
        "city": "City: lfZZ5",
        "telephone": "42536706",
        "id": 87,
        "pets": [
            
        ]
    },
    {
        "firstName": "FNxRJky",
        "lastName": "B",
        "address": "Address: 3LiNO",
        "city": "City: 4XvrW",
        "telephone": "10014086",
        "id": 88,
        "pets": [
            
        ]
    },
    {
        "firstName": "FNLJAco",
        "lastName": "Dou",
        "address": "Address: 6T5hE",
        "city": "City: MClKC",
        "telephone": "06428715",
        "id": 89,
        "pets": [
            
        ]
    },
    {
        "firstName": "FNEbTnZ",
        "lastName": "ThirtyCharsTestNametesttestte",
        "address": "Address: lO0pJ",
        "city": "City: uqB39",
        "telephone": "93370150",
        "id": 90,
        "pets": [
            
        ]
    },
    {
        "firstName": "FNLGwHZ",
        "lastName": "LNMKghz",
        "address": "A",
        "city": "City: h35SV",
        "telephone": "85146959",
        "id": 91,
        "pets": [
            
        ]
    },
    {
        "firstName": "FNwbliu",
        "lastName": "LNCTUsn",
        "address": "101 B. Down St, 1/2 &*%$#@",
        "city": "City: 8Bwxx",
        "telephone": "31225798",
        "id": 92,
        "pets": [
            
        ]
    },
    {
        "firstName": "FNXmEcX",
        "lastName": "LNgyuQR",
        "address": "twoHundredFiftyFifeCharsAddresstwoHundredFiftyFifeCharsAddresstwoHundredFiftyFifeCharsAddresstwoHundredFiftyFifeCharsAddresstwoHundredFiftyFifeCharsAddresstwoHundredFiftyFifeCharsAddresstwoHundredFiftyFifeCharsAddresstwoHundredFiftyFifeCharsAddresstwoHun",
        "city": "City: YdsEl",
        "telephone": "07271599",
        "id": 93,
        "pets": [
            
        ]
    },
    {
        "firstName": "FNBjyFe",
        "lastName": "LNwIaGE",
        "address": "Address: Pd1qX",
        "city": "A",
        "telephone": "97241130",
        "id": 94,
        "pets": [
            
        ]
    },
    {
        "firstName": "FNyIjms",
        "lastName": "LNubOwi",
        "address": "Address: dIxSn",
        "city": "Milton-Freewater (Oregon)",
        "telephone": "68984013",
        "id": 95,
        "pets": [
            
        ]
    },
    {
        "firstName": "FNMlhvT",
        "lastName": "LNlJMYI",
        "address": "Address: lAlQa",
        "city": "test 123 / &*%$#@",
        "telephone": "01049697",
        "id": 96,
        "pets": [
            
        ]
    },
    {
        "firstName": "FNtTOEH",
        "lastName": "LNBPGDK",
        "address": "Address: CwATC",
        "city": "EightyCharsTestCityEightyCharsTestCityEightyCharsTestCityEightyCharsTestCityyyy",
        "telephone": "94019958",
        "id": 97,
        "pets": [
            
        ]
    },
    {
        "firstName": "FNbwmLO",
        "lastName": "LNxpOGJ",
        "address": "Address: ISlY6",
        "city": "City: bEjDW",
        "telephone": "0",
        "id": 98,
        "pets": [
            
        ]
    },
    {
        "firstName": "FNwJXlh",
        "lastName": "LNxOdvi",
        "address": "Address: 3xi0P",
        "city": "City: AI8Cs",
        "telephone": "31507134",
        "id": 100,
        "pets": [
            
        ]
    },
    {
        "firstName": "FNLeJYa",
        "lastName": "LNoFrxu",
        "address": "Address: GsZE4",
        "city": "City: QDCWB",
        "telephone": "90012369",
        "id": 101,
        "pets": [
            {
                "name": "EhdKm",
                "birthDate": "2022-09-09",
                "type": {
                    "name": "cat",
                    "id": 1
                },
                "id": 87,
                "ownerId": 101,
                "visits": [
                    
                ]
            }
        ]
    },
    {
        "firstName": "FNWzeeo",
        "lastName": "LNrrNUi",
        "address": "Address: QkiZG",
        "city": "City: K5gfw",
        "telephone": "59482163",
        "id": 102,
        "pets": [
            
        ]
    },
    {
        "firstName": "FNQBvTP",
        "lastName": "Smith",
        "address": "Address: iuExZ",
        "city": "City: 6FpMs",
        "telephone": "15766142",
        "id": 103,
        "pets": [
            
        ]
    },
    {
        "firstName": "FNVSdqd",
        "lastName": "Smith",
        "address": "Address: 0o8VV",
        "city": "City: ox3sw",
        "telephone": "55252918",
        "id": 104,
        "pets": [
            
        ]
    },
    {
        "firstName": "A",
        "lastName": "LNsreoB",
        "address": "Address: zWFV1",
        "city": "City: epHtz",
        "telephone": "39725757",
        "id": 105,
        "pets": [
            
        ]
    },
    {
        "firstName": "John",
        "lastName": "LNBDPhi",
        "address": "Address: Ns8bX",
        "city": "City: yn3Sh",
        "telephone": "45336389",
        "id": 106,
        "pets": [
            
        ]
    },
    {
        "firstName": "ThirtyCharsTestNametesttestte",
        "lastName": "LNQFEMD",
        "address": "Address: tJgGe",
        "city": "City: 1hQUQ",
        "telephone": "60098415",
        "id": 107,
        "pets": [
            
        ]
    },
    {
        "firstName": "FNHjBjN",
        "lastName": "LNVWUBG",
        "address": "Address: JYxjZ",
        "city": "City: 80ptW",
        "telephone": "88905659",
        "id": 108,
        "pets": [
            
        ]
    },
    {
        "firstName": "FNGwGhS",
        "lastName": "LNtEGWX",
        "address": "Address: cU5Il",
        "city": "City: jWjHB",
        "telephone": "03858244",
        "id": 109,
        "pets": [
            
        ]
    },
    {
        "firstName": "FNEEbok",
        "lastName": "LNFWLGp",
        "address": "Address: QsELR",
        "city": "City: eyy6m",
        "telephone": "33280737",
        "id": 110,
        "pets": [
            
        ]
    },
    {
        "firstName": "FNEYTDg",
        "lastName": "LNFxpHb",
        "address": "Address: utl4N",
        "city": "City: 6Ofnj",
        "telephone": "73082224",
        "id": 111,
        "pets": [
            
        ]
    },
    {
        "firstName": "FNiVCub",
        "lastName": "B",
        "address": "Address: G2Ygx",
        "city": "City: fmAbY",
        "telephone": "55608953",
        "id": 112,
        "pets": [
            
        ]
    },
    {
        "firstName": "FNoWRDh",
        "lastName": "Dou",
        "address": "Address: VH6DM",
        "city": "City: LKnBj",
        "telephone": "45811468",
        "id": 113,
        "pets": [
            
        ]
    },
    {
        "firstName": "FNlOOMo",
        "lastName": "ThirtyCharsTestNametesttestte",
        "address": "Address: ONr0Y",
        "city": "City: stHhO",
        "telephone": "11526262",
        "id": 114,
        "pets": [
            
        ]
    },
    {
        "firstName": "FNlvuLy",
        "lastName": "LNUqVLQ",
        "address": "Address: Awnrm",
        "city": "City: KUSrE",
        "telephone": "11014557",
        "id": 115,
        "pets": [
            
        ]
    },
    {
        "firstName": "FNmukMN",
        "lastName": "LNYmosv",
        "address": "Address: z20CM",
        "city": "City: Fueny",
        "telephone": "08217741",
        "id": 116,
        "pets": [
            
        ]
    },
    {
        "firstName": "FNyeDBk",
        "lastName": "LNkfkWP",
        "address": "Address: NNa0x",
        "city": "City: MCo6s",
        "telephone": "04923483",
        "id": 117,
        "pets": [
            
        ]
    },
    {
        "firstName": "FNijNzH",
        "lastName": "LNTmGyp",
        "address": "Address: dkAP9",
        "city": "City: BRkwv",
        "telephone": "39859285",
        "id": 118,
        "pets": [
            
        ]
    },
    {
        "firstName": "FNsICWS",
        "lastName": "LNdvDhl",
        "address": "A",
        "city": "City: OKeC8",
        "telephone": "61337422",
        "id": 119,
        "pets": [
            
        ]
    },
    {
        "firstName": "FNUUJoH",
        "lastName": "LNwNxKJ",
        "address": "101 B. Down St, 1/2 &*%$#@",
        "city": "City: FBwct",
        "telephone": "11837875",
        "id": 120,
        "pets": [
            
        ]
    },
    {
        "firstName": "FNYvYQJ",
        "lastName": "LNkUfYu",
        "address": "twoHundredFiftyFifeCharsAddresstwoHundredFiftyFifeCharsAddresstwoHundredFiftyFifeCharsAddresstwoHundredFiftyFifeCharsAddresstwoHundredFiftyFifeCharsAddresstwoHundredFiftyFifeCharsAddresstwoHundredFiftyFifeCharsAddresstwoHundredFiftyFifeCharsAddresstwoHun",
        "city": "City: dOPH4",
        "telephone": "69798857",
        "id": 121,
        "pets": [
            
        ]
    },
    {
        "firstName": "FNBvwgU",
        "lastName": "LNfoRik",
        "address": "Address: hdSxk",
        "city": "City: azGpe",
        "telephone": "81625495",
        "id": 122,
        "pets": [
            
        ]
    },
    {
        "firstName": "FNeFCzm",
        "lastName": "LNVlfyN",
        "address": "Address: Jpg2M",
        "city": "City: qeITp",
        "telephone": "15782712",
        "id": 123,
        "pets": [
            
        ]
    },
    {
        "firstName": "FNjJJRd",
        "lastName": "LNatURq",
        "address": "Address: lmDur",
        "city": "City: ztBr3",
        "telephone": "05511184",
        "id": 124,
        "pets": [
            
        ]
    },
    {
        "firstName": "FNHzemi",
        "lastName": "LNwrFdO",
        "address": "Address: b51Hi",
        "city": "A",
        "telephone": "99990488",
        "id": 125,
        "pets": [
            
        ]
    },
    {
        "firstName": "FNjmdXM",
        "lastName": "LNFbdYT",
        "address": "Address: yhm5p",
        "city": "Milton-Freewater (Oregon)",
        "telephone": "81146317",
        "id": 126,
        "pets": [
            
        ]
    },
    {
        "firstName": "FNKOfdT",
        "lastName": "LNNsEkR",
        "address": "Address: uAcuQ",
        "city": "test 123 / &*%$#@",
        "telephone": "36756606",
        "id": 127,
        "pets": [
            
        ]
    },
    {
        "firstName": "FNwjsMW",
        "lastName": "LNdMJQS",
        "address": "Address: 2LhGC",
        "city": "EightyCharsTestCityEightyCharsTestCityEightyCharsTestCityEightyCharsTestCityyyy",
        "telephone": "12151950",
        "id": 128,
        "pets": [
            
        ]
    },
    {
        "firstName": "FNgFDlU",
        "lastName": "LNKeoTp",
        "address": "Address: 0kLU6",
        "city": "City: F0S2e",
        "telephone": "21987098",
        "id": 129,
        "pets": [
            
        ]
    },
    {
        "firstName": "FNLjVJE",
        "lastName": "LNYSEmx",
        "address": "Address: fnWHH",
        "city": "City: o1cik",
        "telephone": "32964923",
        "id": 130,
        "pets": [
            
        ]
    },
    {
        "firstName": "FNbzPPv",
        "lastName": "LNYLOtx",
        "address": "Address: 2LPfW",
        "city": "City: C9UgJ",
        "telephone": "93456124",
        "id": 131,
        "pets": [
            
        ]
    },
    {
        "firstName": "FNiqDzY",
        "lastName": "LNddQcn",
        "address": "Address: is8fb",
        "city": "City: baWIr",
        "telephone": "0",
        "id": 132,
        "pets": [
            
        ]
    },
    {
        "firstName": "FNfyBDF",
        "lastName": "LNVkKLx",
        "address": "Address: d2Eyv",
        "city": "City: QuANj",
        "telephone": "97219319",
        "id": 133,
        "pets": [
            
        ]
    },
    {
        "firstName": "FNrcYHu",
        "lastName": "LNzdySW",
        "address": "Address: EhFNq",
        "city": "City: QHwIl",
        "telephone": "76590813",
        "id": 134,
        "pets": [
            
        ]
    },
    {
        "firstName": "FNgweJK",
        "lastName": "LNTYmfT",
        "address": "Address: AreiE",
        "city": "City: rAIdw",
        "telephone": "51938006",
        "id": 135,
        "pets": [
            
        ]
    },
    {
        "firstName": "FNJQEXj",
        "lastName": "LNIFAIL",
        "address": "Address: Gf3ZZ",
        "city": "City: xgvQt",
        "telephone": "91898416",
        "id": 136,
        "pets": [
            
        ]
    },
    {
        "firstName": "FNDJsen",
        "lastName": "LNNnxMZ",
        "address": "Address: lO3YN",
        "city": "City: GiMXL",
        "telephone": "33736716",
        "id": 137,
        "pets": [
            
        ]
    },
    {
        "firstName": "FNPszGC",
        "lastName": "LNfkKeU",
        "address": "Address: yiQCv",
        "city": "City: Z84nk",
        "telephone": "00420107",
        "id": 138,
        "pets": [
            
        ]
    },
    {
        "firstName": "FNNCyNu",
        "lastName": "LNdLLuV",
        "address": "Address: kq53A",
        "city": "City: lafuJ",
        "telephone": "75008203",
        "id": 139,
        "pets": [
            
        ]
    },
    {
        "firstName": "FNycZhV",
        "lastName": "LNRODaN",
        "address": "Address: TlrF1",
        "city": "City: JGN76",
        "telephone": "19709034",
        "id": 140,
        "pets": [
            {
                "name": "A",
                "birthDate": "2022-09-09",
                "type": {
                    "name": "cat",
                    "id": 1
                },
                "id": 92,
                "ownerId": 140,
                "visits": [
                    
                ]
            }
        ]
    },
    {
        "firstName": "FNYWIDK",
        "lastName": "LNTLOKC",
        "address": "Address: r95gz",
        "city": "City: 50Ocx",
        "telephone": "01609436",
        "id": 141,
        "pets": [
            {
                "name": "Bin",
                "birthDate": "2022-09-09",
                "type": {
                    "name": "cat",
                    "id": 1
                },
                "id": 93,
                "ownerId": 141,
                "visits": [
                    
                ]
            }
        ]
    },
    {
        "firstName": "FNSobfh",
        "lastName": "LNIBprF",
        "address": "Address: HRSCy",
        "city": "City: cYFL9",
        "telephone": "47763532",
        "id": 142,
        "pets": [
            {
                "name": "ThirtyCharsTestNametesttestte",
                "birthDate": "2022-09-09",
                "type": {
                    "name": "cat",
                    "id": 1
                },
                "id": 94,
                "ownerId": 142,
                "visits": [
                    
                ]
            }
        ]
    },
    {
        "firstName": "FNGSvMq",
        "lastName": "LNBPttw",
        "address": "Address: RNWjI",
        "city": "City: 2QElR",
        "telephone": "11878371",
        "id": 143,
        "pets": [
            {
                "name": "test_*()&^%$#@!?/",
                "birthDate": "2022-09-09",
                "type": {
                    "name": "cat",
                    "id": 1
                },
                "id": 95,
                "ownerId": 143,
                "visits": [
                    
                ]
            }
        ]
    },
    {
        "firstName": "FNHAItc",
        "lastName": "LNhDDhc",
        "address": "Address: M5Pqk",
        "city": "City: JqzxN",
        "telephone": "83161301",
        "id": 144,
        "pets": [
            {
                "name": "qVkcO",
                "birthDate": "2022-09-09",
                "type": {
                    "name": "cat",
                    "id": 1
                },
                "id": 96,
                "ownerId": 144,
                "visits": [
                    
                ]
            }
        ]
    },
    {
        "firstName": "FNeCswH",
        "lastName": "LNcJeEQ",
        "address": "Address: KaxPi",
        "city": "City: k1PHT",
        "telephone": "14439999",
        "id": 145,
        "pets": [
            
        ]
    },
    {
        "firstName": "FNUNuYU",
        "lastName": "LNqJZnV",
        "address": "Address: 2ciuy",
        "city": "City: 7aqmR",
        "telephone": "60255741",
        "id": 146,
        "pets": [
            
        ]
    },
    {
        "firstName": "FNGqPIO",
        "lastName": "LNzqzJJ",
        "address": "Address: XvGw2",
        "city": "City: 3ecBx",
        "telephone": "95198733",
        "id": 147,
        "pets": [
            
        ]
    },
    {
        "firstName": "FNQymlb",
        "lastName": "LNwiddD",
        "address": "Address: fbEh8",
        "city": "City: Pa0lv",
        "telephone": "87941822",
        "id": 148,
        "pets": [
            
        ]
    },
    {
        "firstName": "FNeAHiF",
        "lastName": "LNfJhrN",
        "address": "Address: 7hWIQ",
        "city": "City: 30Xwe",
        "telephone": "02538614",
        "id": 149,
        "pets": [
            {
                "name": "vlZps",
                "birthDate": "2022-09-09",
                "type": {
                    "name": "cat",
                    "id": 1
                },
                "id": 98,
                "ownerId": 149,
                "visits": [
                    
                ]
            }
        ]
    },
    {
        "firstName": "FNPhxYc",
        "lastName": "LNWglJf",
        "address": "Address: zG49h",
        "city": "City: bDxST",
        "telephone": "33985283",
        "id": 150,
        "pets": [
            {
                "name": "nTPwz",
                "birthDate": "2022-09-09",
                "type": {
                    "name": "cat",
                    "id": 1
                },
                "id": 99,
                "ownerId": 150,
                "visits": [
                    
                ]
            }
        ]
    },
    {
        "firstName": "FNgbDSc",
        "lastName": "LNfxEmv",
        "address": "Address: hIeIz",
        "city": "City: vJLAC",
        "telephone": "06519162",
        "id": 151,
        "pets": [
            {
                "name": "pIYUH",
                "birthDate": "2022-09-09",
                "type": {
                    "name": "cat",
                    "id": 1
                },
                "id": 100,
                "ownerId": 151,
                "visits": [
                    
                ]
            }
        ]
    },
    {
        "firstName": "FNJSKED",
        "lastName": "LNHliCC",
        "address": "Address: Blh1E",
        "city": "City: j8hrR",
        "telephone": "83529100",
        "id": 152,
        "pets": [
            {
                "name": "bkNtl",
                "birthDate": "2022-09-09",
                "type": {
                    "name": "cat",
                    "id": 1
                },
                "id": 101,
                "ownerId": 152,
                "visits": [
                    
                ]
            }
        ]
    },
    {
        "firstName": "FNwfGoV",
        "lastName": "LNWCiyI",
        "address": "Address: GVJjp",
        "city": "City: Mn9l9",
        "telephone": "68451884",
        "id": 153,
        "pets": [
            {
                "name": "WJLtd",
                "birthDate": "2022-09-09",
                "type": {
                    "name": "cat",
                    "id": 1
                },
                "id": 102,
                "ownerId": 153,
                "visits": [
                    
                ]
            }
        ]
    },
    {
        "firstName": "FNEuGuU",
        "lastName": "LNJcVST",
        "address": "Address: CWeXh",
        "city": "City: t0Bau",
        "telephone": "16090435",
        "id": 154,
        "pets": [
            {
                "name": "MQUVO",
                "birthDate": "2022-09-09",
                "type": {
                    "name": "cat",
                    "id": 1
                },
                "id": 103,
                "ownerId": 154,
                "visits": [
                    
                ]
            }
        ]
    },
    {
        "firstName": "FNzwdfG",
        "lastName": "LNoVgCw",
        "address": "Address: p7j8c",
        "city": "City: NDQ0d",
        "telephone": "88587748",
        "id": 155,
        "pets": [
            {
                "name": "dCSZL",
                "birthDate": "2022-09-09",
                "type": {
                    "name": "cat",
                    "id": 1
                },
                "id": 104,
                "ownerId": 155,
                "visits": [
                    
                ]
            }
        ]
    },
    {
        "firstName": "FNxGqhD",
        "lastName": "LNqzqTs",
        "address": "Address: g2uCi",
        "city": "City: 5xKgt",
        "telephone": "26561574",
        "id": 156,
        "pets": [
            {
                "name": "A",
                "birthDate": "2022-09-09",
                "type": {
                    "name": "cat",
                    "id": 1
                },
                "id": 105,
                "ownerId": 156,
                "visits": [
                    
                ]
            }
        ]
    },
    {
        "firstName": "FNoUlqj",
        "lastName": "LNfpmCc",
        "address": "Address: mOTGX",
        "city": "City: GCX5E",
        "telephone": "28714176",
        "id": 157,
        "pets": [
            {
                "name": "John",
                "birthDate": "2022-09-09",
                "type": {
                    "name": "cat",
                    "id": 1
                },
                "id": 106,
                "ownerId": 157,
                "visits": [
                    
                ]
            }
        ]
    },
    {
        "firstName": "FNyWDrZ",
        "lastName": "LNIUCFG",
        "address": "Address: H45VE",
        "city": "City: HqW8h",
        "telephone": "94837945",
        "id": 158,
        "pets": [
            {
                "name": "ThirtyCharsTestNametesttestte",
                "birthDate": "2022-09-09",
                "type": {
                    "name": "cat",
                    "id": 1
                },
                "id": 107,
                "ownerId": 158,
                "visits": [
                    
                ]
            }
        ]
    },
    {
        "firstName": "FNXwSIg",
        "lastName": "LNRGibZ",
        "address": "Address: C3Eww",
        "city": "City: ILt1u",
        "telephone": "81762855",
        "id": 159,
        "pets": [
            {
                "name": "test_*()&^%$#@!?/",
                "birthDate": "2022-09-09",
                "type": {
                    "name": "cat",
                    "id": 1
                },
                "id": 108,
                "ownerId": 159,
                "visits": [
                    
                ]
            }
        ]
    },
    {
        "firstName": "FNyTwEr",
        "lastName": "LNXmHDs",
        "address": "Address: tgu1M",
        "city": "City: uSnrY",
        "telephone": "89974278",
        "id": 160,
        "pets": [
            {
                "name": "gcrNb",
                "birthDate": "2022-09-09",
                "type": {
                    "name": "cat",
                    "id": 1
                },
                "id": 109,
                "ownerId": 160,
                "visits": [
                    
                ]
            }
        ]
    },
    {
        "firstName": "FNrnOHy",
        "lastName": "LNzCgTk",
        "address": "Address: Fbu3T",
        "city": "City: KzhqB",
        "telephone": "95938806",
        "id": 161,
        "pets": [
            {
                "name": "YYTsH",
                "birthDate": "2022-09-09",
                "type": {
                    "name": "cat",
                    "id": 1
                },
                "id": 110,
                "ownerId": 161,
                "visits": [
                    
                ]
            }
        ]
    },
    {
        "firstName": "FNrAGtI",
        "lastName": "LNWLtNl",
        "address": "Address: Ix38o",
        "city": "City: VJ6um",
        "telephone": "91572317",
        "id": 162,
        "pets": [
            {
                "name": "zrGqF",
                "birthDate": "2022-09-09",
                "type": {
                    "name": "cat",
                    "id": 1
                },
                "id": 111,
                "ownerId": 162,
                "visits": [
                    
                ]
            }
        ]
    },
    {
        "firstName": "A",
        "lastName": "LNlMAYJ",
        "address": "Address: RBnWZ",
        "city": "City: YnUtx",
        "telephone": "61527343",
        "id": 163,
        "pets": [
            
        ]
    },
    {
        "firstName": "John",
        "lastName": "LNlGVRU",
        "address": "Address: l46qz",
        "city": "City: 5JzVE",
        "telephone": "14953511",
        "id": 164,
        "pets": [
            
        ]
    },
    {
        "firstName": "ThirtyCharsTestNametesttestte",
        "lastName": "LNKLqDD",
        "address": "Address: qNF4Q",
        "city": "City: T8vRP",
        "telephone": "48584860",
        "id": 165,
        "pets": [
            
        ]
    },
    {
        "firstName": "A",
        "lastName": "LNPiWSb",
        "address": "Address: Eqktq",
        "city": "City: Ub3rA",
        "telephone": "19417660",
        "id": 166,
        "pets": [
            
        ]
    },
    {
        "firstName": "John",
        "lastName": "LNgDEPw",
        "address": "Address: cDq7a",
        "city": "City: WwfLz",
        "telephone": "18539095",
        "id": 167,
        "pets": [
            
        ]
    },
    {
        "firstName": "ThirtyCharsTestNametesttestte",
        "lastName": "LNrErlW",
        "address": "Address: ubASW",
        "city": "City: tPOHy",
        "telephone": "72407540",
        "id": 168,
        "pets": [
            
        ]
    },
    {
        "firstName": "A",
        "lastName": "LNQAuAw",
        "address": "Address: Sl58E",
        "city": "City: W5UgG",
        "telephone": "75787678",
        "id": 169,
        "pets": [
            
        ]
    },
    {
        "firstName": "John",
        "lastName": "LNCOXhS",
        "address": "Address: MKmyd",
        "city": "City: 4sLnN",
        "telephone": "28245221",
        "id": 170,
        "pets": [
            
        ]
    },
    {
        "firstName": "ThirtyCharsTestNametesttestte",
        "lastName": "LNTYBkn",
        "address": "Address: 1Wqrz",
        "city": "City: Jdd0S",
        "telephone": "17554544",
        "id": 171,
        "pets": [
            
        ]
    },
    {
        "firstName": "FNOhjSw",
        "lastName": "B",
        "address": "Address: EhBex",
        "city": "City: SFqob",
        "telephone": "15010167",
        "id": 172,
        "pets": [
            
        ]
    },
    {
        "firstName": "FNjeGeR",
        "lastName": "Dou",
        "address": "Address: oYSNj",
        "city": "City: GxSDW",
        "telephone": "30282746",
        "id": 173,
        "pets": [
            
        ]
    },
    {
        "firstName": "FNabfGN",
        "lastName": "ThirtyCharsTestNametesttestte",
        "address": "Address: tFTsI",
        "city": "City: B1V4U",
        "telephone": "39998441",
        "id": 174,
        "pets": [
            
        ]
    },
    {
        "firstName": "FNlZeXT",
        "lastName": "LNJcvIA",
        "address": "A",
        "city": "City: xCE8w",
        "telephone": "42206968",
        "id": 175,
        "pets": [
            
        ]
    },
    {
        "firstName": "FNSSDfv",
        "lastName": "LNFPWPh",
        "address": "101 B. Down St, 1/2 &*%$#@",
        "city": "City: vtrwg",
        "telephone": "30341261",
        "id": 176,
        "pets": [
            
        ]
    },
    {
        "firstName": "FNBqFng",
        "lastName": "LNUVXvv",
        "address": "twoHundredFiftyFifeCharsAddresstwoHundredFiftyFifeCharsAddresstwoHundredFiftyFifeCharsAddresstwoHundredFiftyFifeCharsAddresstwoHundredFiftyFifeCharsAddresstwoHundredFiftyFifeCharsAddresstwoHundredFiftyFifeCharsAddresstwoHundredFiftyFifeCharsAddresstwoHun",
        "city": "City: S6O3P",
        "telephone": "81556030",
        "id": 177,
        "pets": [
            
        ]
    },
    {
        "firstName": "FNxyxgW",
        "lastName": "LNCxvOR",
        "address": "Address: sxb0V",
        "city": "A",
        "telephone": "53612540",
        "id": 178,
        "pets": [
            
        ]
    },
    {
        "firstName": "FNxwOPb",
        "lastName": "LNbRgLg",
        "address": "Address: qShjP",
        "city": "Milton-Freewater (Oregon)",
        "telephone": "24154578",
        "id": 179,
        "pets": [
            
        ]
    },
    {
        "firstName": "FNubadd",
        "lastName": "LNbERRu",
        "address": "Address: b5rNW",
        "city": "test 123 / &*%$#@",
        "telephone": "56068693",
        "id": 180,
        "pets": [
            
        ]
    },
    {
        "firstName": "FNAxNtX",
        "lastName": "LNFDllE",
        "address": "Address: ahGQR",
        "city": "EightyCharsTestCityEightyCharsTestCityEightyCharsTestCityEightyCharsTestCityyyy",
        "telephone": "10386104",
        "id": 181,
        "pets": [
            
        ]
    },
    {
        "firstName": "FNAYTwF",
        "lastName": "LNPSexP",
        "address": "Address: jU6vn",
        "city": "City: 6YvT2",
        "telephone": "0",
        "id": 182,
        "pets": [
            
        ]
    },
    {
        "firstName": "FNvrzhs",
        "lastName": "LNEWTqT",
        "address": "Address: q0ASX",
        "city": "City: AAhvB",
        "telephone": "31296680",
        "id": 184,
        "pets": [
            
        ]
    },
    {
        "firstName": "FNIiFcT",
        "lastName": "LNefmxh",
        "address": "Address: TUImM",
        "city": "City: Tcthr",
        "telephone": "96992621",
        "id": 185,
        "pets": [
            {
                "name": "gPgHH",
                "birthDate": "2022-09-09",
                "type": {
                    "name": "cat",
                    "id": 1
                },
                "id": 112,
                "ownerId": 185,
                "visits": [
                    
                ]
            }
        ]
    },
    {
        "firstName": "FNeyuIj",
        "lastName": "LNKwEBX",
        "address": "Address: moJvf",
        "city": "City: 5y7r3",
        "telephone": "63548614",
        "id": 186,
        "pets": [
            
        ]
    },
    {
        "firstName": "FNAtAxK",
        "lastName": "Smith",
        "address": "Address: Rn7nl",
        "city": "City: AO9gW",
        "telephone": "49642132",
        "id": 187,
        "pets": [
            
        ]
    },
    {
        "firstName": "FNkWrSG",
        "lastName": "Smith",
        "address": "Address: cYga9",
        "city": "City: Q6jbW",
        "telephone": "90055726",
        "id": 188,
        "pets": [
            
        ]
    },
    {
        "firstName": "A",
        "lastName": "LNAMCVw",
        "address": "Address: 4TRX3",
        "city": "City: nzomG",
        "telephone": "27075256",
        "id": 189,
        "pets": [
            
        ]
    },
    {
        "firstName": "John",
        "lastName": "LNfCPes",
        "address": "Address: HWU4f",
        "city": "City: wnCWN",
        "telephone": "93461747",
        "id": 190,
        "pets": [
            
        ]
    },
    {
        "firstName": "ThirtyCharsTestNametesttestte",
        "lastName": "LNQXGku",
        "address": "Address: rSkio",
        "city": "City: A9A3j",
        "telephone": "53562161",
        "id": 191,
        "pets": [
            
        ]
    },
    {
        "firstName": "FNShDmy",
        "lastName": "LNoVRGo",
        "address": "Address: ftocy",
        "city": "City: sWPRP",
        "telephone": "45288516",
        "id": 192,
        "pets": [
            
        ]
    },
    {
        "firstName": "FNegEYU",
        "lastName": "LNtXfnQ",
        "address": "Address: hEI21",
        "city": "City: 1DjTO",
        "telephone": "50642748",
        "id": 193,
        "pets": [
            
        ]
    },
    {
        "firstName": "FNWfXoO",
        "lastName": "LNnqYJh",
        "address": "Address: KGnUY",
        "city": "City: G3JiP",
        "telephone": "50768918",
        "id": 194,
        "pets": [
            
        ]
    },
    {
        "firstName": "FNhuxpV",
        "lastName": "LNnMiqR",
        "address": "Address: wAsae",
        "city": "City: bxPCz",
        "telephone": "53935647",
        "id": 195,
        "pets": [
            
        ]
    },
    {
        "firstName": "FNIMfTG",
        "lastName": "B",
        "address": "Address: XCnMN",
        "city": "City: Y6u3U",
        "telephone": "91449659",
        "id": 196,
        "pets": [
            
        ]
    },
    {
        "firstName": "FNLZnrn",
        "lastName": "Dou",
        "address": "Address: VIeLb",
        "city": "City: HGWlV",
        "telephone": "51887884",
        "id": 197,
        "pets": [
            
        ]
    },
    {
        "firstName": "FNneLaH",
        "lastName": "ThirtyCharsTestNametesttestte",
        "address": "Address: jiEHa",
        "city": "City: 0ENeF",
        "telephone": "30419098",
        "id": 198,
        "pets": [
            
        ]
    },
    {
        "firstName": "FNMdRvI",
        "lastName": "LNRgEtV",
        "address": "Address: 1hPBD",
        "city": "City: xGwFR",
        "telephone": "36825392",
        "id": 199,
        "pets": [
            
        ]
    },
    {
        "firstName": "FNsNUlZ",
        "lastName": "LNWZCJQ",
        "address": "Address: 1aKN6",
        "city": "City: Nx4RX",
        "telephone": "84191673",
        "id": 200,
        "pets": [
            
        ]
    },
    {
        "firstName": "FNybzSr",
        "lastName": "LNTjbEX",
        "address": "Address: KYSFI",
        "city": "City: GJY9V",
        "telephone": "91818979",
        "id": 201,
        "pets": [
            
        ]
    },
    {
        "firstName": "FNdbyIu",
        "lastName": "LNXHRBY",
        "address": "Address: tqRul",
        "city": "City: mS2wP",
        "telephone": "50210704",
        "id": 202,
        "pets": [
            
        ]
    },
    {
        "firstName": "FNwRImS",
        "lastName": "LNLiAdr",
        "address": "A",
        "city": "City: IUXTO",
        "telephone": "17431115",
        "id": 203,
        "pets": [
            
        ]
    },
    {
        "firstName": "FNzdDBi",
        "lastName": "LNbFRSy",
        "address": "101 B. Down St, 1/2 &*%$#@",
        "city": "City: CuJPU",
        "telephone": "43267084",
        "id": 204,
        "pets": [
            
        ]
    },
    {
        "firstName": "FNbZJvZ",
        "lastName": "LNRhFah",
        "address": "twoHundredFiftyFifeCharsAddresstwoHundredFiftyFifeCharsAddresstwoHundredFiftyFifeCharsAddresstwoHundredFiftyFifeCharsAddresstwoHundredFiftyFifeCharsAddresstwoHundredFiftyFifeCharsAddresstwoHundredFiftyFifeCharsAddresstwoHundredFiftyFifeCharsAddresstwoHun",
        "city": "City: DGlld",
        "telephone": "49161151",
        "id": 205,
        "pets": [
            
        ]
    },
    {
        "firstName": "FNSDXWv",
        "lastName": "LNcEPGi",
        "address": "Address: BpbVA",
        "city": "City: U4gpX",
        "telephone": "47166026",
        "id": 206,
        "pets": [
            
        ]
    },
    {
        "firstName": "FNOijmx",
        "lastName": "LNLbxfP",
        "address": "Address: mHtcQ",
        "city": "City: 3ppMf",
        "telephone": "70465885",
        "id": 207,
        "pets": [
            
        ]
    },
    {
        "firstName": "FNYwGZC",
        "lastName": "LNQseGv",
        "address": "Address: xEtIs",
        "city": "City: bMX0m",
        "telephone": "74357832",
        "id": 208,
        "pets": [
            
        ]
    },
    {
        "firstName": "FNUMzWv",
        "lastName": "LNqDdFs",
        "address": "Address: 172nZ",
        "city": "A",
        "telephone": "92706471",
        "id": 209,
        "pets": [
            
        ]
    },
    {
        "firstName": "FNyTrhZ",
        "lastName": "LNfUVeW",
        "address": "Address: yF2ua",
        "city": "Milton-Freewater (Oregon)",
        "telephone": "98645482",
        "id": 210,
        "pets": [
            
        ]
    },
    {
        "firstName": "FNxHDfk",
        "lastName": "LNwNaCg",
        "address": "Address: dgCtd",
        "city": "test 123 / &*%$#@",
        "telephone": "81311892",
        "id": 211,
        "pets": [
            
        ]
    },
    {
        "firstName": "FNpsAuP",
        "lastName": "LNzGLnC",
        "address": "Address: GeiVk",
        "city": "EightyCharsTestCityEightyCharsTestCityEightyCharsTestCityEightyCharsTestCityyyy",
        "telephone": "47375053",
        "id": 212,
        "pets": [
            
        ]
    },
    {
        "firstName": "FNTFTCf",
        "lastName": "LNICvXt",
        "address": "Address: tSXAR",
        "city": "City: 9T8px",
        "telephone": "85703503",
        "id": 213,
        "pets": [
            
        ]
    },
    {
        "firstName": "FNUpCBO",
        "lastName": "LNTiCJL",
        "address": "Address: cEZOt",
        "city": "City: J3005",
        "telephone": "56388689",
        "id": 214,
        "pets": [
            
        ]
    },
    {
        "firstName": "FNRAYcq",
        "lastName": "LNhfzPY",
        "address": "Address: E1SwZ",
        "city": "City: zDB3d",
        "telephone": "61809958",
        "id": 215,
        "pets": [
            
        ]
    },
    {
        "firstName": "FNlURhs",
        "lastName": "LNUeQxh",
        "address": "Address: HSXFi",
        "city": "City: VCOgZ",
        "telephone": "0",
        "id": 216,
        "pets": [
            
        ]
    },
    {
        "firstName": "FNkoYwm",
        "lastName": "LNjdoze",
        "address": "Address: jSlkr",
        "city": "City: ooYBb",
        "telephone": "57085676",
        "id": 217,
        "pets": [
            
        ]
    },
    {
        "firstName": "FNPUkUK",
        "lastName": "LNRzCjm",
        "address": "Address: SN80K",
        "city": "City: t6FmC",
        "telephone": "76714490",
        "id": 218,
        "pets": [
            
        ]
    },
    {
        "firstName": "FNdQwkc",
        "lastName": "LNxkcMw",
        "address": "Address: wIcqQ",
        "city": "City: BkJtl",
        "telephone": "70027732",
        "id": 219,
        "pets": [
            
        ]
    },
    {
        "firstName": "FNOizKO",
        "lastName": "LNHYvUD",
        "address": "Address: KwRBg",
        "city": "City: 0FyDV",
        "telephone": "66267037",
        "id": 220,
        "pets": [
            
        ]
    },
    {
        "firstName": "FNTqprR",
        "lastName": "LNpUIvX",
        "address": "Address: MAKAh",
        "city": "City: Gz969",
        "telephone": "02117603",
        "id": 221,
        "pets": [
            
        ]
    },
    {
        "firstName": "FNAkDPb",
        "lastName": "LNYziuX",
        "address": "Address: d9tW4",
        "city": "City: hzQm7",
        "telephone": "70142864",
        "id": 222,
        "pets": [
            
        ]
    },
    {
        "firstName": "FNSXGGG",
        "lastName": "LNwuzDM",
        "address": "Address: Dh846",
        "city": "City: 556cZ",
        "telephone": "44820232",
        "id": 223,
        "pets": [
            
        ]
    },
    {
        "firstName": "FNPCZlB",
        "lastName": "LNrrZhE",
        "address": "Address: cIODH",
        "city": "City: hQiSH",
        "telephone": "36689603",
        "id": 224,
        "pets": [
            {
                "name": "A",
                "birthDate": "2022-09-09",
                "type": {
                    "name": "cat",
                    "id": 1
                },
                "id": 117,
                "ownerId": 224,
                "visits": [
                    
                ]
            }
        ]
    },
    {
        "firstName": "FNoJkPS",
        "lastName": "LNRzaty",
        "address": "Address: tcH2j",
        "city": "City: YHbGA",
        "telephone": "09751736",
        "id": 225,
        "pets": [
            {
                "name": "Bin",
                "birthDate": "2022-09-09",
                "type": {
                    "name": "cat",
                    "id": 1
                },
                "id": 118,
                "ownerId": 225,
                "visits": [
                    
                ]
            }
        ]
    },
    {
        "firstName": "FNZvLlP",
        "lastName": "LNtPTor",
        "address": "Address: J9ZJZ",
        "city": "City: NXu6M",
        "telephone": "12270943",
        "id": 226,
        "pets": [
            {
                "name": "ThirtyCharsTestNametesttestte",
                "birthDate": "2022-09-09",
                "type": {
                    "name": "cat",
                    "id": 1
                },
                "id": 119,
                "ownerId": 226,
                "visits": [
                    
                ]
            }
        ]
    },
    {
        "firstName": "FNgneAj",
        "lastName": "LNtReiy",
        "address": "Address: fMAg0",
        "city": "City: ixT3J",
        "telephone": "66065805",
        "id": 227,
        "pets": [
            {
                "name": "test_*()&^%$#@!?/",
                "birthDate": "2022-09-09",
                "type": {
                    "name": "cat",
                    "id": 1
                },
                "id": 120,
                "ownerId": 227,
                "visits": [
                    
                ]
            }
        ]
    },
    {
        "firstName": "FNpvNEX",
        "lastName": "LNzqYXX",
        "address": "Address: yk96m",
        "city": "City: XKL7P",
        "telephone": "59737781",
        "id": 228,
        "pets": [
            {
                "name": "uxoqx",
                "birthDate": "2022-09-09",
                "type": {
                    "name": "cat",
                    "id": 1
                },
                "id": 121,
                "ownerId": 228,
                "visits": [
                    
                ]
            }
        ]
    },
    {
        "firstName": "FNBOCPB",
        "lastName": "LNhitrE",
        "address": "Address: RjWnQ",
        "city": "City: bZGzS",
        "telephone": "69820922",
        "id": 229,
        "pets": [
            
        ]
    },
    {
        "firstName": "FNBHWyl",
        "lastName": "LNwHFLM",
        "address": "Address: C0H8M",
        "city": "City: V7Vwz",
        "telephone": "53172999",
        "id": 230,
        "pets": [
            
        ]
    },
    {
        "firstName": "FNbaZIO",
        "lastName": "LNlckKv",
        "address": "Address: IH7Mf",
        "city": "City: BKDtE",
        "telephone": "63709759",
        "id": 231,
        "pets": [
            
        ]
    },
    {
        "firstName": "FNTzXkD",
        "lastName": "LNSuhVc",
        "address": "Address: jyPZe",
        "city": "City: GpmrW",
        "telephone": "43765077",
        "id": 232,
        "pets": [
            
        ]
    },
    {
        "firstName": "FNSqMQh",
        "lastName": "LNkVTqv",
        "address": "Address: jYuaO",
        "city": "City: hGmB8",
        "telephone": "16208436",
        "id": 233,
        "pets": [
            {
                "name": "DmfWw",
                "birthDate": "2022-09-09",
                "type": {
                    "name": "cat",
                    "id": 1
                },
                "id": 123,
                "ownerId": 233,
                "visits": [
                    
                ]
            }
        ]
    },
    {
        "firstName": "FNZbaSv",
        "lastName": "LNijSjb",
        "address": "Address: Z8Wmo",
        "city": "City: fHN8b",
        "telephone": "53895943",
        "id": 234,
        "pets": [
            {
                "name": "JtmiS",
                "birthDate": "2022-09-09",
                "type": {
                    "name": "cat",
                    "id": 1
                },
                "id": 124,
                "ownerId": 234,
                "visits": [
                    
                ]
            }
        ]
    },
    {
        "firstName": "FNFKkpO",
        "lastName": "LNZjxxF",
        "address": "Address: QkNmT",
        "city": "City: rmcOc",
        "telephone": "67918864",
        "id": 235,
        "pets": [
            {
                "name": "LQEuJ",
                "birthDate": "2022-09-09",
                "type": {
                    "name": "cat",
                    "id": 1
                },
                "id": 125,
                "ownerId": 235,
                "visits": [
                    
                ]
            }
        ]
    },
    {
        "firstName": "FNmZkjJ",
        "lastName": "LNPbAtv",
        "address": "Address: eW0tJ",
        "city": "City: hxSBH",
        "telephone": "59915945",
        "id": 236,
        "pets": [
            {
                "name": "yKQmw",
                "birthDate": "2022-09-09",
                "type": {
                    "name": "cat",
                    "id": 1
                },
                "id": 126,
                "ownerId": 236,
                "visits": [
                    
                ]
            }
        ]
    },
    {
        "firstName": "FNMShkm",
        "lastName": "LNoKmGI",
        "address": "Address: nsuAG",
        "city": "City: jH1GJ",
        "telephone": "70988386",
        "id": 237,
        "pets": [
            {
                "name": "UdyJL",
                "birthDate": "2022-09-09",
                "type": {
                    "name": "cat",
                    "id": 1
                },
                "id": 127,
                "ownerId": 237,
                "visits": [
                    
                ]
            }
        ]
    },
    {
        "firstName": "FNnMZqP",
        "lastName": "LNEtkat",
        "address": "Address: fy1nu",
        "city": "City: X78vJ",
        "telephone": "70970370",
        "id": 238,
        "pets": [
            {
                "name": "buyzd",
                "birthDate": "2022-09-09",
                "type": {
                    "name": "cat",
                    "id": 1
                },
                "id": 128,
                "ownerId": 238,
                "visits": [
                    
                ]
            }
        ]
    },
    {
        "firstName": "FNNXtQh",
        "lastName": "LNsDuRS",
        "address": "Address: c1T9O",
        "city": "City: uv30Q",
        "telephone": "90843380",
        "id": 239,
        "pets": [
            {
                "name": "IwIBl",
                "birthDate": "2022-09-09",
                "type": {
                    "name": "cat",
                    "id": 1
                },
                "id": 129,
                "ownerId": 239,
                "visits": [
                    
                ]
            }
        ]
    },
    {
        "firstName": "FNTrxZu",
        "lastName": "LNlxZWn",
        "address": "Address: nQjrf",
        "city": "City: 9YWJL",
        "telephone": "51705743",
        "id": 240,
        "pets": [
            {
                "name": "A",
                "birthDate": "2022-09-09",
                "type": {
                    "name": "cat",
                    "id": 1
                },
                "id": 130,
                "ownerId": 240,
                "visits": [
                    
                ]
            }
        ]
    },
    {
        "firstName": "FNfVgiq",
        "lastName": "LNaQIDU",
        "address": "Address: dx81H",
        "city": "City: GFjk1",
        "telephone": "69706028",
        "id": 241,
        "pets": [
            {
                "name": "John",
                "birthDate": "2022-09-09",
                "type": {
                    "name": "cat",
                    "id": 1
                },
                "id": 131,
                "ownerId": 241,
                "visits": [
                    
                ]
            }
        ]
    },
    {
        "firstName": "FNBJSIn",
        "lastName": "LNlgRpW",
        "address": "Address: 6SEZV",
        "city": "City: gmv1q",
        "telephone": "11098854",
        "id": 242,
        "pets": [
            {
                "name": "ThirtyCharsTestNametesttestte",
                "birthDate": "2022-09-09",
                "type": {
                    "name": "cat",
                    "id": 1
                },
                "id": 132,
                "ownerId": 242,
                "visits": [
                    
                ]
            }
        ]
    },
    {
        "firstName": "FNUBQxk",
        "lastName": "LNgxmNS",
        "address": "Address: 8LrQo",
        "city": "City: OfXKP",
        "telephone": "45733406",
        "id": 243,
        "pets": [
            {
                "name": "test_*()&^%$#@!?/",
                "birthDate": "2022-09-09",
                "type": {
                    "name": "cat",
                    "id": 1
                },
                "id": 133,
                "ownerId": 243,
                "visits": [
                    
                ]
            }
        ]
    },
    {
        "firstName": "FNIZGpo",
        "lastName": "LNKVwHV",
        "address": "Address: PkAU1",
        "city": "City: 1zNaa",
        "telephone": "85919614",
        "id": 244,
        "pets": [
            {
                "name": "ZYRjU",
                "birthDate": "2022-09-09",
                "type": {
                    "name": "cat",
                    "id": 1
                },
                "id": 134,
                "ownerId": 244,
                "visits": [
                    
                ]
            }
        ]
    },
    {
        "firstName": "FNsGzGy",
        "lastName": "LNwjZuZ",
        "address": "Address: AinXA",
        "city": "City: mW9hZ",
        "telephone": "51296927",
        "id": 245,
        "pets": [
            {
                "name": "fEfCx",
                "birthDate": "2022-09-09",
                "type": {
                    "name": "cat",
                    "id": 1
                },
                "id": 135,
                "ownerId": 245,
                "visits": [
                    
                ]
            }
        ]
    },
    {
        "firstName": "FNbvRXc",
        "lastName": "LNsvpGy",
        "address": "Address: LOqxb",
        "city": "City: tZiCD",
        "telephone": "16867667",
        "id": 246,
        "pets": [
            {
                "name": "vWIjT",
                "birthDate": "2022-09-09",
                "type": {
                    "name": "cat",
                    "id": 1
                },
                "id": 136,
                "ownerId": 246,
                "visits": [
                    
                ]
            }
        ]
    },
    {
        "firstName": "A",
        "lastName": "LNptPzB",
        "address": "Address: TKbvT",
        "city": "City: m3Uwa",
        "telephone": "10673233",
        "id": 247,
        "pets": [
            
        ]
    },
    {
        "firstName": "John",
        "lastName": "LNPXVuW",
        "address": "Address: 33pFr",
        "city": "City: ygQC0",
        "telephone": "53733905",
        "id": 248,
        "pets": [
            
        ]
    },
    {
        "firstName": "ThirtyCharsTestNametesttestte",
        "lastName": "LNBexsN",
        "address": "Address: 63gvC",
        "city": "City: TbNU3",
        "telephone": "03972382",
        "id": 249,
        "pets": [
            
        ]
    },
    {
        "firstName": "FNwAQwW",
        "lastName": "B",
        "address": "Address: alfDb",
        "city": "City: t6UpK",
        "telephone": "36213986",
        "id": 250,
        "pets": [
            
        ]
    },
    {
        "firstName": "FNyyUFY",
        "lastName": "Dou",
        "address": "Address: 7ynK7",
        "city": "City: lLIuc",
        "telephone": "58373283",
        "id": 251,
        "pets": [
            
        ]
    },
    {
        "firstName": "FNsRAcP",
        "lastName": "ThirtyCharsTestNametesttestte",
        "address": "Address: MPA0P",
        "city": "City: 9EKAD",
        "telephone": "28804031",
        "id": 252,
        "pets": [
            
        ]
    },
    {
        "firstName": "FNhCcNB",
        "lastName": "LNoTgWs",
        "address": "A",
        "city": "City: fqX9h",
        "telephone": "51184900",
        "id": 253,
        "pets": [
            
        ]
    },
    {
        "firstName": "FNnwOxH",
        "lastName": "LNYbTCV",
        "address": "101 B. Down St, 1/2 &*%$#@",
        "city": "City: h7Lpb",
        "telephone": "87074462",
        "id": 254,
        "pets": [
            
        ]
    },
    {
        "firstName": "FNfmooN",
        "lastName": "LNIHurQ",
        "address": "twoHundredFiftyFifeCharsAddresstwoHundredFiftyFifeCharsAddresstwoHundredFiftyFifeCharsAddresstwoHundredFiftyFifeCharsAddresstwoHundredFiftyFifeCharsAddresstwoHundredFiftyFifeCharsAddresstwoHundredFiftyFifeCharsAddresstwoHundredFiftyFifeCharsAddresstwoHun",
        "city": "City: YxZ7G",
        "telephone": "23644556",
        "id": 255,
        "pets": [
            
        ]
    },
    {
        "firstName": "FNaeDrX",
        "lastName": "LNYucGs",
        "address": "Address: fFtiH",
        "city": "A",
        "telephone": "91477001",
        "id": 256,
        "pets": [
            
        ]
    },
    {
        "firstName": "FNpVMGj",
        "lastName": "LNKWFZj",
        "address": "Address: PDIuH",
        "city": "Milton-Freewater (Oregon)",
        "telephone": "11208850",
        "id": 257,
        "pets": [
            
        ]
    },
    {
        "firstName": "FNnWSIi",
        "lastName": "LNGuDms",
        "address": "Address: vWUyf",
        "city": "test 123 / &*%$#@",
        "telephone": "05252500",
        "id": 258,
        "pets": [
            
        ]
    },
    {
        "firstName": "FNMgtrk",
        "lastName": "LNBfXVN",
        "address": "Address: WqAKw",
        "city": "EightyCharsTestCityEightyCharsTestCityEightyCharsTestCityEightyCharsTestCityyyy",
        "telephone": "12362965",
        "id": 259,
        "pets": [
            
        ]
    },
    {
        "firstName": "FNQmMwx",
        "lastName": "LNffbcl",
        "address": "Address: 2ZE95",
        "city": "City: GAP1r",
        "telephone": "0",
        "id": 260,
        "pets": [
            
        ]
    },
    {
        "firstName": "FNttFLn",
        "lastName": "LNQbctZ",
        "address": "Address: NCPUQ",
        "city": "City: s8HE4",
        "telephone": "47952338",
        "id": 262,
        "pets": [
            
        ]
    },
    {
        "firstName": "FNVfjEM",
        "lastName": "LNEpxmr",
        "address": "Address: eC2WR",
        "city": "City: 8LUfp",
        "telephone": "22495174",
        "id": 263,
        "pets": [
            {
                "name": "hwGEb",
                "birthDate": "2022-09-09",
                "type": {
                    "name": "cat",
                    "id": 1
                },
                "id": 137,
                "ownerId": 263,
                "visits": [
                    
                ]
            }
        ]
    },
    {
        "firstName": "FNTzSpi",
        "lastName": "LNIulEc",
        "address": "Address: RaY0G",
        "city": "City: T2ffO",
        "telephone": "19280467",
        "id": 264,
        "pets": [
            
        ]
    },
    {
        "firstName": "FNGCrYS",
        "lastName": "Smith",
        "address": "Address: RpruQ",
        "city": "City: np0WT",
        "telephone": "18746920",
        "id": 265,
        "pets": [
            
        ]
    },
    {
        "firstName": "FNiXmus",
        "lastName": "Smith",
        "address": "Address: VDkr6",
        "city": "City: ejUpe",
        "telephone": "88562809",
        "id": 266,
        "pets": [
            
        ]
    },
    {
        "firstName": "A",
        "lastName": "LNZQJwk",
        "address": "Address: CzcL8",
        "city": "City: A0lqG",
        "telephone": "04741169",
        "id": 267,
        "pets": [
            
        ]
    },
    {
        "firstName": "John",
        "lastName": "LNANAko",
        "address": "Address: 2jSMU",
        "city": "City: MQlsZ",
        "telephone": "47046652",
        "id": 268,
        "pets": [
            
        ]
    },
    {
        "firstName": "ThirtyCharsTestNametesttestte",
        "lastName": "LNWuGyQ",
        "address": "Address: q52ER",
        "city": "City: A3xFO",
        "telephone": "32303935",
        "id": 269,
        "pets": [
            
        ]
    },
    {
        "firstName": "FNxXVlL",
        "lastName": "LNplYzD",
        "address": "Address: Kc65C",
        "city": "City: zppSZ",
        "telephone": "26249492",
        "id": 270,
        "pets": [
            
        ]
    },
    {
        "firstName": "FNiwsut",
        "lastName": "LNGSphL",
        "address": "Address: ZTkly",
        "city": "City: pX7o3",
        "telephone": "55582336",
        "id": 271,
        "pets": [
            
        ]
    },
    {
        "firstName": "FNvroSH",
        "lastName": "LNmPNMa",
        "address": "Address: E39Zq",
        "city": "City: Q8FQx",
        "telephone": "63348306",
        "id": 272,
        "pets": [
            
        ]
    },
    {
        "firstName": "FNqNjCU",
        "lastName": "LNFXnxr",
        "address": "Address: jVzc3",
        "city": "City: WXfig",
        "telephone": "32146933",
        "id": 273,
        "pets": [
            
        ]
    },
    {
        "firstName": "FNApJBO",
        "lastName": "B",
        "address": "Address: s9XDp",
        "city": "City: 8CYCu",
        "telephone": "31564314",
        "id": 274,
        "pets": [
            
        ]
    },
    {
        "firstName": "FNvBaey",
        "lastName": "Dou",
        "address": "Address: 0mLky",
        "city": "City: QFJ2h",
        "telephone": "44106731",
        "id": 275,
        "pets": [
            
        ]
    },
    {
        "firstName": "FNaSXOk",
        "lastName": "ThirtyCharsTestNametesttestte",
        "address": "Address: lymJd",
        "city": "City: PnVpa",
        "telephone": "83094312",
        "id": 276,
        "pets": [
            
        ]
    },
    {
        "firstName": "FNvBRRq",
        "lastName": "LNVXNxi",
        "address": "Address: HCOzL",
        "city": "City: 7UxAV",
        "telephone": "88407452",
        "id": 277,
        "pets": [
            
        ]
    },
    {
        "firstName": "FNGtCog",
        "lastName": "LNHMxZv",
        "address": "Address: 7RYlT",
        "city": "City: 4h1M6",
        "telephone": "67325225",
        "id": 278,
        "pets": [
            
        ]
    },
    {
        "firstName": "FNNUehy",
        "lastName": "LNPNULS",
        "address": "Address: C3SlT",
        "city": "City: hdpvB",
        "telephone": "83558282",
        "id": 279,
        "pets": [
            
        ]
    },
    {
        "firstName": "FNczDJJ",
        "lastName": "LNosRPS",
        "address": "Address: 4z63g",
        "city": "City: 6kWsi",
        "telephone": "25733006",
        "id": 280,
        "pets": [
            
        ]
    },
    {
        "firstName": "FNzvbDW",
        "lastName": "LNGJatI",
        "address": "A",
        "city": "City: 9sf1M",
        "telephone": "13647673",
        "id": 281,
        "pets": [
            
        ]
    },
    {
        "firstName": "FNLFPnS",
        "lastName": "LNZogqe",
        "address": "101 B. Down St, 1/2 &*%$#@",
        "city": "City: fCtP5",
        "telephone": "29344309",
        "id": 282,
        "pets": [
            
        ]
    },
    {
        "firstName": "FNsiitX",
        "lastName": "LNuclMW",
        "address": "twoHundredFiftyFifeCharsAddresstwoHundredFiftyFifeCharsAddresstwoHundredFiftyFifeCharsAddresstwoHundredFiftyFifeCharsAddresstwoHundredFiftyFifeCharsAddresstwoHundredFiftyFifeCharsAddresstwoHundredFiftyFifeCharsAddresstwoHundredFiftyFifeCharsAddresstwoHun",
        "city": "City: NG40l",
        "telephone": "08983002",
        "id": 283,
        "pets": [
            
        ]
    },
    {
        "firstName": "FNltjUJ",
        "lastName": "LNsaAVz",
        "address": "Address: gtK33",
        "city": "City: nzlct",
        "telephone": "55260559",
        "id": 284,
        "pets": [
            
        ]
    },
    {
        "firstName": "FNyUfYJ",
        "lastName": "LNPuqEi",
        "address": "Address: C7RVx",
        "city": "City: Nm6Wg",
        "telephone": "60307769",
        "id": 285,
        "pets": [
            
        ]
    },
    {
        "firstName": "FNRDCNo",
        "lastName": "LNbWIeu",
        "address": "Address: QIOsz",
        "city": "City: ZkFYz",
        "telephone": "55124108",
        "id": 286,
        "pets": [
            
        ]
    },
    {
        "firstName": "FNeqSgP",
        "lastName": "LNHbnqE",
        "address": "Address: KucT8",
        "city": "A",
        "telephone": "34788107",
        "id": 287,
        "pets": [
            
        ]
    },
    {
        "firstName": "FNayqBW",
        "lastName": "LNfjwzz",
        "address": "Address: KX0pV",
        "city": "Milton-Freewater (Oregon)",
        "telephone": "67349508",
        "id": 288,
        "pets": [
            
        ]
    },
    {
        "firstName": "FNUATqw",
        "lastName": "LNRIbvD",
        "address": "Address: 4Aa5t",
        "city": "test 123 / &*%$#@",
        "telephone": "68967964",
        "id": 289,
        "pets": [
            
        ]
    },
    {
        "firstName": "FNzDtvP",
        "lastName": "LNEtOUi",
        "address": "Address: sxRhI",
        "city": "EightyCharsTestCityEightyCharsTestCityEightyCharsTestCityEightyCharsTestCityyyy",
        "telephone": "74725733",
        "id": 290,
        "pets": [
            
        ]
    },
    {
        "firstName": "FNoXsgf",
        "lastName": "LNGsAis",
        "address": "Address: yfiS0",
        "city": "City: CweYs",
        "telephone": "52968438",
        "id": 291,
        "pets": [
            
        ]
    },
    {
        "firstName": "FNzGYdg",
        "lastName": "LNJZAnE",
        "address": "Address: mkZRF",
        "city": "City: 6KegI",
        "telephone": "19124034",
        "id": 292,
        "pets": [
            
        ]
    },
    {
        "firstName": "FNixIhS",
        "lastName": "LNpFiZp",
        "address": "Address: bBJzJ",
        "city": "City: HjUwT",
        "telephone": "32797682",
        "id": 293,
        "pets": [
            
        ]
    },
    {
        "firstName": "FNNirbT",
        "lastName": "LNXWzGi",
        "address": "Address: IFK7x",
        "city": "City: c727K",
        "telephone": "0",
        "id": 294,
        "pets": [
            
        ]
    },
    {
        "firstName": "FNJndah",
        "lastName": "LNalGIa",
        "address": "Address: Q8zaC",
        "city": "City: 7nSkQ",
        "telephone": "26948912",
        "id": 295,
        "pets": [
            
        ]
    },
    {
        "firstName": "FNqrtEJ",
        "lastName": "LNkuIWX",
        "address": "Address: Su85q",
        "city": "City: iZrWy",
        "telephone": "18162128",
        "id": 296,
        "pets": [
            
        ]
    },
    {
        "firstName": "FNTAwkL",
        "lastName": "LNXcGfH",
        "address": "Address: Le1Y8",
        "city": "City: owJh1",
        "telephone": "28248089",
        "id": 297,
        "pets": [
            
        ]
    },
    {
        "firstName": "FNerrrV",
        "lastName": "LNnXNUS",
        "address": "Address: jUuvc",
        "city": "City: H6vBh",
        "telephone": "25781174",
        "id": 298,
        "pets": [
            
        ]
    },
    {
        "firstName": "FNrSYLA",
        "lastName": "LNSnedu",
        "address": "Address: 3USgc",
        "city": "City: tmD46",
        "telephone": "92541654",
        "id": 299,
        "pets": [
            
        ]
    },
    {
        "firstName": "FNXGSvH",
        "lastName": "LNBgrwZ",
        "address": "Address: vdKym",
        "city": "City: C1JAd",
        "telephone": "79287072",
        "id": 300,
        "pets": [
            
        ]
    },
    {
        "firstName": "FNuDZoy",
        "lastName": "LNMSkGR",
        "address": "Address: bTuHF",
        "city": "City: qvo9Y",
        "telephone": "15207362",
        "id": 301,
        "pets": [
            
        ]
    },
    {
        "firstName": "FNkggKC",
        "lastName": "LNyAOki",
        "address": "Address: Hes7S",
        "city": "City: wFN1C",
        "telephone": "61144383",
        "id": 302,
        "pets": [
            {
                "name": "A",
                "birthDate": "2022-09-09",
                "type": {
                    "name": "cat",
                    "id": 1
                },
                "id": 142,
                "ownerId": 302,
                "visits": [
                    
                ]
            }
        ]
    },
    {
        "firstName": "FNeUDyX",
        "lastName": "LNjriVQ",
        "address": "Address: v3LPB",
        "city": "City: Xp6qV",
        "telephone": "52812946",
        "id": 303,
        "pets": [
            {
                "name": "Bin",
                "birthDate": "2022-09-09",
                "type": {
                    "name": "cat",
                    "id": 1
                },
                "id": 143,
                "ownerId": 303,
                "visits": [
                    
                ]
            }
        ]
    },
    {
        "firstName": "FNULRao",
        "lastName": "LNQfCUs",
        "address": "Address: F9sgN",
        "city": "City: LA3Mp",
        "telephone": "37010747",
        "id": 304,
        "pets": [
            {
                "name": "ThirtyCharsTestNametesttestte",
                "birthDate": "2022-09-09",
                "type": {
                    "name": "cat",
                    "id": 1
                },
                "id": 144,
                "ownerId": 304,
                "visits": [
                    
                ]
            }
        ]
    },
    {
        "firstName": "FNDkiec",
        "lastName": "LNkriur",
        "address": "Address: YKlQJ",
        "city": "City: 5FDRc",
        "telephone": "45309585",
        "id": 305,
        "pets": [
            {
                "name": "test_*()&^%$#@!?/",
                "birthDate": "2022-09-09",
                "type": {
                    "name": "cat",
                    "id": 1
                },
                "id": 145,
                "ownerId": 305,
                "visits": [
                    
                ]
            }
        ]
    },
    {
        "firstName": "FNVxncH",
        "lastName": "LNutuPv",
        "address": "Address: F0Zo6",
        "city": "City: 6bfVA",
        "telephone": "90622309",
        "id": 306,
        "pets": [
            {
                "name": "DdrmX",
                "birthDate": "2022-09-09",
                "type": {
                    "name": "cat",
                    "id": 1
                },
                "id": 146,
                "ownerId": 306,
                "visits": [
                    
                ]
            }
        ]
    },
    {
        "firstName": "FNeefZO",
        "lastName": "LNFeIoJ",
        "address": "Address: MpIgW",
        "city": "City: J4rNI",
        "telephone": "04950064",
        "id": 307,
        "pets": [
            
        ]
    },
    {
        "firstName": "FNJjWQF",
        "lastName": "LNHivbR",
        "address": "Address: 5EDyr",
        "city": "City: YYQYP",
        "telephone": "29804316",
        "id": 308,
        "pets": [
            
        ]
    },
    {
        "firstName": "FNgLucY",
        "lastName": "LNrFdiI",
        "address": "Address: X5NTL",
        "city": "City: E0EO4",
        "telephone": "23850269",
        "id": 309,
        "pets": [
            
        ]
    },
    {
        "firstName": "FNFpTip",
        "lastName": "LNtiTWD",
        "address": "Address: 9rtOC",
        "city": "City: yuCTD",
        "telephone": "68556574",
        "id": 310,
        "pets": [
            
        ]
    },
    {
        "firstName": "FNWgbWi",
        "lastName": "LNreKxp",
        "address": "Address: YL9pz",
        "city": "City: 9VQLa",
        "telephone": "20067657",
        "id": 311,
        "pets": [
            {
                "name": "CHoBg",
                "birthDate": "2022-09-09",
                "type": {
                    "name": "cat",
                    "id": 1
                },
                "id": 148,
                "ownerId": 311,
                "visits": [
                    
                ]
            }
        ]
    },
    {
        "firstName": "FNeeqZh",
        "lastName": "LNPPlGK",
        "address": "Address: QVHA4",
        "city": "City: B26CX",
        "telephone": "63905424",
        "id": 312,
        "pets": [
            {
                "name": "hnkes",
                "birthDate": "2022-09-09",
                "type": {
                    "name": "cat",
                    "id": 1
                },
                "id": 149,
                "ownerId": 312,
                "visits": [
                    
                ]
            }
        ]
    },
    {
        "firstName": "FNjATOD",
        "lastName": "LNoYqhO",
        "address": "Address: 14iVx",
        "city": "City: dnakN",
        "telephone": "28695412",
        "id": 313,
        "pets": [
            {
                "name": "OqiVf",
                "birthDate": "2022-09-09",
                "type": {
                    "name": "cat",
                    "id": 1
                },
                "id": 150,
                "ownerId": 313,
                "visits": [
                    
                ]
            }
        ]
    },
    {
        "firstName": "FNjYubf",
        "lastName": "LNPpqnK",
        "address": "Address: RNgjj",
        "city": "City: eLMnK",
        "telephone": "21912283",
        "id": 314,
        "pets": [
            {
                "name": "lSbez",
                "birthDate": "2022-09-09",
                "type": {
                    "name": "cat",
                    "id": 1
                },
                "id": 151,
                "ownerId": 314,
                "visits": [
                    
                ]
            }
        ]
    },
    {
        "firstName": "FNrqxOD",
        "lastName": "LNMSVFK",
        "address": "Address: UuOzo",
        "city": "City: oQJQv",
        "telephone": "48290602",
        "id": 315,
        "pets": [
            {
                "name": "YPWbk",
                "birthDate": "2022-09-09",
                "type": {
                    "name": "cat",
                    "id": 1
                },
                "id": 152,
                "ownerId": 315,
                "visits": [
                    
                ]
            }
        ]
    },
    {
        "firstName": "FNZtdEz",
        "lastName": "LNDGIfA",
        "address": "Address: AlGRC",
        "city": "City: d9K9I",
        "telephone": "54182939",
        "id": 316,
        "pets": [
            {
                "name": "AhQhe",
                "birthDate": "2022-09-09",
                "type": {
                    "name": "cat",
                    "id": 1
                },
                "id": 153,
                "ownerId": 316,
                "visits": [
                    
                ]
            }
        ]
    },
    {
        "firstName": "FNGaHYl",
        "lastName": "LNZWxnO",
        "address": "Address: HyvMx",
        "city": "City: 5gNrJ",
        "telephone": "88378372",
        "id": 317,
        "pets": [
            {
                "name": "VugCX",
                "birthDate": "2022-09-09",
                "type": {
                    "name": "cat",
                    "id": 1
                },
                "id": 154,
                "ownerId": 317,
                "visits": [
                    
                ]
            }
        ]
    },
    {
        "firstName": "FNbqUQS",
        "lastName": "LNKsjWY",
        "address": "Address: zPRYR",
        "city": "City: SxnQi",
        "telephone": "16085972",
        "id": 318,
        "pets": [
            {
                "name": "A",
                "birthDate": "2022-09-09",
                "type": {
                    "name": "cat",
                    "id": 1
                },
                "id": 155,
                "ownerId": 318,
                "visits": [
                    
                ]
            }
        ]
    },
    {
        "firstName": "FNbvlue",
        "lastName": "LNKLxbW",
        "address": "Address: ospgS",
        "city": "City: HFjGx",
        "telephone": "33923947",
        "id": 319,
        "pets": [
            {
                "name": "John",
                "birthDate": "2022-09-09",
                "type": {
                    "name": "cat",
                    "id": 1
                },
                "id": 156,
                "ownerId": 319,
                "visits": [
                    
                ]
            }
        ]
    },
    {
        "firstName": "FNxchiQ",
        "lastName": "LNngjzr",
        "address": "Address: 6Qq2P",
        "city": "City: Yn9qd",
        "telephone": "99763403",
        "id": 320,
        "pets": [
            {
                "name": "ThirtyCharsTestNametesttestte",
                "birthDate": "2022-09-09",
                "type": {
                    "name": "cat",
                    "id": 1
                },
                "id": 157,
                "ownerId": 320,
                "visits": [
                    
                ]
            }
        ]
    },
    {
        "firstName": "FNsHUKN",
        "lastName": "LNSOTOh",
        "address": "Address: LFtxH",
        "city": "City: 1QHn6",
        "telephone": "48365317",
        "id": 321,
        "pets": [
            {
                "name": "test_*()&^%$#@!?/",
                "birthDate": "2022-09-09",
                "type": {
                    "name": "cat",
                    "id": 1
                },
                "id": 158,
                "ownerId": 321,
                "visits": [
                    
                ]
            }
        ]
    },
    {
        "firstName": "FNWvxTg",
        "lastName": "LNsxSDa",
        "address": "Address: WBFCh",
        "city": "City: YblSh",
        "telephone": "71163671",
        "id": 322,
        "pets": [
            {
                "name": "pETxr",
                "birthDate": "2022-09-09",
                "type": {
                    "name": "cat",
                    "id": 1
                },
                "id": 159,
                "ownerId": 322,
                "visits": [
                    
                ]
            }
        ]
    },
    {
        "firstName": "FNggTYZ",
        "lastName": "LNQPUSr",
        "address": "Address: v8kuG",
        "city": "City: WyZ7B",
        "telephone": "59919504",
        "id": 323,
        "pets": [
            {
                "name": "zqFEo",
                "birthDate": "2022-09-09",
                "type": {
                    "name": "cat",
                    "id": 1
                },
                "id": 160,
                "ownerId": 323,
                "visits": [
                    
                ]
            }
        ]
    },
    {
        "firstName": "FNTUKgE",
        "lastName": "LNNAVEH",
        "address": "Address: bh7XL",
        "city": "City: 4C682",
        "telephone": "79837043",
        "id": 324,
        "pets": [
            {
                "name": "lHywy",
                "birthDate": "2022-09-09",
                "type": {
                    "name": "cat",
                    "id": 1
                },
                "id": 161,
                "ownerId": 324,
                "visits": [
                    
                ]
            }
        ]
    },
    {
        "firstName": "A",
        "lastName": "LNtKSwU",
        "address": "Address: w1Fyo",
        "city": "City: CH9CO",
        "telephone": "46152143",
        "id": 325,
        "pets": [
            
        ]
    },
    {
        "firstName": "John",
        "lastName": "LNrsTHu",
        "address": "Address: c70de",
        "city": "City: Akzkm",
        "telephone": "97328980",
        "id": 326,
        "pets": [
            
        ]
    },
    {
        "firstName": "ThirtyCharsTestNametesttestte",
        "lastName": "LNfqulq",
        "address": "Address: XwoQm",
        "city": "City: 8gRxc",
        "telephone": "75987953",
        "id": 327,
        "pets": [
            
        ]
    },
    {
        "firstName": "FNWToqe",
        "lastName": "LNgALJX",
        "address": "Address: 6ivdS",
        "city": "City: tVvKh",
        "telephone": "41094144",
        "id": 328,
        "pets": [
            
        ]
    },
    {
        "firstName": "FNbPOHl",
        "lastName": "LNzeZOr",
        "address": "Address: gYzIY",
        "city": "City: 49hms",
        "telephone": "41456569",
        "id": 329,
        "pets": [
            {
                "name": "A",
                "birthDate": "2022-09-09",
                "type": {
                    "name": "cat",
                    "id": 1
                },
                "id": 162,
                "ownerId": 329,
                "visits": [
                    
                ]
            }
        ]
    },
    {
        "firstName": "FNMIGjE",
        "lastName": "LNgjSzO",
        "address": "Address: 8jhU7",
        "city": "City: bBX9f",
        "telephone": "31124133",
        "id": 330,
        "pets": [
            {
                "name": "Bin",
                "birthDate": "2022-09-09",
                "type": {
                    "name": "cat",
                    "id": 1
                },
                "id": 163,
                "ownerId": 330,
                "visits": [
                    
                ]
            }
        ]
    },
    {
        "firstName": "FNgxORg",
        "lastName": "LNyjvZj",
        "address": "Address: 3KP2g",
        "city": "City: xcKDh",
        "telephone": "74803694",
        "id": 331,
        "pets": [
            {
                "name": "ThirtyCharsTestNametesttestte",
                "birthDate": "2022-09-09",
                "type": {
                    "name": "cat",
                    "id": 1
                },
                "id": 164,
                "ownerId": 331,
                "visits": [
                    
                ]
            }
        ]
    },
    {
        "firstName": "FNIyTKC",
        "lastName": "LNeKLNj",
        "address": "Address: XoeID",
        "city": "City: y7nu4",
        "telephone": "35143333",
        "id": 332,
        "pets": [
            {
                "name": "test_*()&^%$#@!?/",
                "birthDate": "2022-09-09",
                "type": {
                    "name": "cat",
                    "id": 1
                },
                "id": 165,
                "ownerId": 332,
                "visits": [
                    
                ]
            }
        ]
    },
    {
        "firstName": "FNweSsA",
        "lastName": "LNjsYmX",
        "address": "Address: 3a8nV",
        "city": "City: KIXbR",
        "telephone": "32756456",
        "id": 333,
        "pets": [
            {
                "name": "hkOTl",
                "birthDate": "2022-09-09",
                "type": {
                    "name": "cat",
                    "id": 1
                },
                "id": 166,
                "ownerId": 333,
                "visits": [
                    
                ]
            }
        ]
    },
    {
        "firstName": "George",
        "lastName": "Franklin",
        "address": "110 W. Liberty St.",
        "city": "Madison",
        "telephone": "6085551023",
        "id": 334,
        "pets": [
            
        ]
    },
    {
        "firstName": "George",
        "lastName": "Franklin",
        "address": "110 W. Liberty St.",
        "city": "Madison",
        "telephone": "6085551023",
        "id": 335,
        "pets": [
            
        ]
    },
    {
        "firstName": "George",
        "lastName": "Franklin",
        "address": "110 W. Liberty St.",
        "city": "Madison",
        "telephone": "6085551023",
        "id": 336,
        "pets": [
            
        ]
    },
    {
        "firstName": "George",
        "lastName": "Franklin",
        "address": "110 W. Liberty St.",
        "city": "Madison",
        "telephone": "6085551023",
        "id": 337,
        "pets": [
            
        ]
    },
    {
        "firstName": "George",
        "lastName": "Franklin",
        "address": "110 W. Liberty St.",
        "city": "Madison",
        "telephone": "6085551023",
        "id": 338,
        "pets": [
            
        ]
    },
    {
        "firstName": "George",
        "lastName": "Franklin",
        "address": "110 W. Liberty St.",
        "city": "Madison",
        "telephone": "6085551023",
        "id": 339,
        "pets": [
            
        ]
    },
    {
        "firstName": "George",
        "lastName": "Franklin",
        "address": "110 W. Liberty St.",
        "city": "Madison",
        "telephone": "6085551023",
        "id": 340,
        "pets": [
            
        ]
    },
    {
        "firstName": "George",
        "lastName": "Franklin",
        "address": "110 W. Liberty St.",
        "city": "Madison",
        "telephone": "6085551023",
        "id": 341,
        "pets": [
            
        ]
    },
    {
        "firstName": "George",
        "lastName": "Franklin",
        "address": "110 W. Liberty St.",
        "city": "Madison",
        "telephone": "6085551023",
        "id": 342,
        "pets": [
            
        ]
    },
    {
        "firstName": "George",
        "lastName": "Franklin",
        "address": "110 W. Liberty St.",
        "city": "Madison",
        "telephone": "6085551023",
        "id": 343,
        "pets": [
            
        ]
    },
    {
        "firstName": "George",
        "lastName": "Franklin",
        "address": "110 W. Liberty St.",
        "city": "Madison",
        "telephone": "6085551023",
        "id": 344,
        "pets": [
            
        ]
    },
    {
        "firstName": "George",
        "lastName": "Franklin",
        "address": "110 W. Liberty St.",
        "city": "Madison",
        "telephone": "6085551023",
        "id": 345,
        "pets": [
            
        ]
    },
    {
        "firstName": "George",
        "lastName": "Franklin",
        "address": "110 W. Liberty St.",
        "city": "Madison",
        "telephone": "6085551023",
        "id": 346,
        "pets": [
            
        ]
    },
    {
        "firstName": "George",
        "lastName": "Franklin",
        "address": "110 W. Liberty St.",
        "city": "Madison",
        "telephone": "6085551023",
        "id": 347,
        "pets": [
            
        ]
    },
    {
        "firstName": "George",
        "lastName": "Franklin",
        "address": "110 W. Liberty St.",
        "city": "Madison",
        "telephone": "6085551023",
        "id": 348,
        "pets": [
            
        ]
    },
    {
        "firstName": "George",
        "lastName": "Franklin",
        "address": "110 W. Liberty St.",
        "city": "Madison",
        "telephone": "6085551023",
        "id": 349,
        "pets": [
            
        ]
    },
    {
        "firstName": "George",
        "lastName": "Franklin",
        "address": "110 W. Liberty St.",
        "city": "Madison",
        "telephone": "6085551023",
        "id": 350,
        "pets": [
            
        ]
    },
    {
        "firstName": "George",
        "lastName": "Franklin",
        "address": "110 W. Liberty St.",
        "city": "Madison",
        "telephone": "6085551023",
        "id": 351,
        "pets": [
            
        ]
    },
    {
        "firstName": "George",
        "lastName": "Franklin",
        "address": "110 W. Liberty St.",
        "city": "Madison",
        "telephone": "6085551023",
        "id": 352,
        "pets": [
            
        ]
    },
    {
        "firstName": "George",
        "lastName": "Franklin",
        "address": "110 W. Liberty St.",
        "city": "Madison",
        "telephone": "6085551023",
        "id": 353,
        "pets": [
            
        ]
    },
    {
        "firstName": "George",
        "lastName": "Franklin",
        "address": "110 W. Liberty St.",
        "city": "Madison",
        "telephone": "6085551023",
        "id": 354,
        "pets": [
            
        ]
    },
    {
        "firstName": "George",
        "lastName": "Franklin",
        "address": "110 W. Liberty St.",
        "city": "Madison",
        "telephone": "6085551023",
        "id": 355,
        "pets": [
            
        ]
    },
    {
        "firstName": "George",
        "lastName": "Franklin",
        "address": "110 W. Liberty St.",
        "city": "Madison",
        "telephone": "6085551023",
        "id": 356,
        "pets": [
            
        ]
    },
    {
        "firstName": "George",
        "lastName": "Franklin",
        "address": "110 W. Liberty St.",
        "city": "Madison",
        "telephone": "6085551023",
        "id": 357,
        "pets": [
            
        ]
    },
    {
        "firstName": "George",
        "lastName": "Franklin",
        "address": "110 W. Liberty St.",
        "city": "Madison",
        "telephone": "6085551023",
        "id": 358,
        "pets": [
            
        ]
    },
    {
        "firstName": "George",
        "lastName": "Franklin",
        "address": "110 W. Liberty St.",
        "city": "Madison",
        "telephone": "6085551023",
        "id": 359,
        "pets": [
            
        ]
    },
    {
        "firstName": "George",
        "lastName": "Franklin",
        "address": "110 W. Liberty St.",
        "city": "Madison",
        "telephone": "6085551023",
        "id": 360,
        "pets": [
            
        ]
    },
    {
        "firstName": "George",
        "lastName": "Franklin",
        "address": "110 W. Liberty St.",
        "city": "Madison",
        "telephone": "6085551023",
        "id": 361,
        "pets": [
            
        ]
    },
    {
        "firstName": "George",
        "lastName": "Franklin",
        "address": "110 W. Liberty St.",
        "city": "Madison",
        "telephone": "6085551023",
        "id": 362,
        "pets": [
            
        ]
    },
    {
        "firstName": "George",
        "lastName": "Franklin",
        "address": "110 W. Liberty St.",
        "city": "Madison",
        "telephone": "6085551023",
        "id": 363,
        "pets": [
            
        ]
    },
    {
        "firstName": "George",
        "lastName": "Franklin",
        "address": "110 W. Liberty St.",
        "city": "Madison",
        "telephone": "6085551023",
        "id": 364,
        "pets": [
            
        ]
    },
    {
        "firstName": "George",
        "lastName": "Franklin",
        "address": "110 W. Liberty St.",
        "city": "Madison",
        "telephone": "6085551023",
        "id": 365,
        "pets": [
            
        ]
    },
    {
        "firstName": "George",
        "lastName": "Franklin",
        "address": "110 W. Liberty St.",
        "city": "Madison",
        "telephone": "6085551023",
        "id": 366,
        "pets": [
            
        ]
    },
    {
        "firstName": "George",
        "lastName": "Franklin",
        "address": "110 W. Liberty St.",
        "city": "Madison",
        "telephone": "6085551023",
        "id": 367,
        "pets": [
            
        ]
    },
    {
        "firstName": "George",
        "lastName": "Franklin",
        "address": "110 W. Liberty St.",
        "city": "Madison",
        "telephone": "6085551023",
        "id": 368,
        "pets": [
            
        ]
    },
    {
        "firstName": "George",
        "lastName": "Franklin",
        "address": "110 W. Liberty St.",
        "city": "Madison",
        "telephone": "6085551023",
        "id": 369,
        "pets": [
            
        ]
    },
    {
        "firstName": "George",
        "lastName": "Franklin",
        "address": "110 W. Liberty St.",
        "city": "Madison",
        "telephone": "6085551023",
        "id": 370,
        "pets": [
            
        ]
    },
    {
        "firstName": "George",
        "lastName": "Franklin",
        "address": "110 W. Liberty St.",
        "city": "Madison",
        "telephone": "6085551023",
        "id": 371,
        "pets": [
            
        ]
    },
    {
        "firstName": "George",
        "lastName": "Franklin",
        "address": "110 W. Liberty St.",
        "city": "Madison",
        "telephone": "6085551023",
        "id": 372,
        "pets": [
            
        ]
    },
    {
        "firstName": "George",
        "lastName": "Franklin",
        "address": "110 W. Liberty St.",
        "city": "Madison",
        "telephone": "6085551023",
        "id": 373,
        "pets": [
            
        ]
    },
    {
        "firstName": "George",
        "lastName": "Franklin",
        "address": "110 W. Liberty St.",
        "city": "Madison",
        "telephone": "6085551023",
        "id": 374,
        "pets": [
            
        ]
    },
    {
        "firstName": "George",
        "lastName": "Franklin",
        "address": "110 W. Liberty St.",
        "city": "Madison",
        "telephone": "6085551023",
        "id": 375,
        "pets": [
            
        ]
    },
    {
        "firstName": "George",
        "lastName": "Franklin",
        "address": "110 W. Liberty St.",
        "city": "Madison",
        "telephone": "6085551023",
        "id": 376,
        "pets": [
            
        ]
    },
    {
        "firstName": "George",
        "lastName": "Franklin",
        "address": "110 W. Liberty St.",
        "city": "Madison",
        "telephone": "6085551023",
        "id": 377,
        "pets": [
            
        ]
    },
    {
        "firstName": "George",
        "lastName": "Franklin",
        "address": "110 W. Liberty St.",
        "city": "Madison",
        "telephone": "6085551023",
        "id": 378,
        "pets": [
            
        ]
    },
    {
        "firstName": "George",
        "lastName": "Franklin",
        "address": "110 W. Liberty St.",
        "city": "Madison",
        "telephone": "6085551023",
        "id": 379,
        "pets": [
            
        ]
    },
    {
        "firstName": "George",
        "lastName": "Franklin",
        "address": "110 W. Liberty St.",
        "city": "Madison",
        "telephone": "6085551023",
        "id": 380,
        "pets": [
            
        ]
    },
    {
        "firstName": "George",
        "lastName": "Franklin",
        "address": "110 W. Liberty St.",
        "city": "Madison",
        "telephone": "6085551023",
        "id": 381,
        "pets": [
            
        ]
    },
    {
        "firstName": "George",
        "lastName": "Franklin",
        "address": "110 W. Liberty St.",
        "city": "Madison",
        "telephone": "6085551023",
        "id": 382,
        "pets": [
            
        ]
    },
    {
        "firstName": "George",
        "lastName": "Franklin",
        "address": "110 W. Liberty St.",
        "city": "Madison",
        "telephone": "6085551023",
        "id": 383,
        "pets": [
            
        ]
    },
    {
        "firstName": "George",
        "lastName": "Franklin",
        "address": "110 W. Liberty St.",
        "city": "Madison",
        "telephone": "6085551023",
        "id": 384,
        "pets": [
            
        ]
    },
    {
        "firstName": "George",
        "lastName": "Franklin",
        "address": "110 W. Liberty St.",
        "city": "Madison",
        "telephone": "6085551023",
        "id": 385,
        "pets": [
            
        ]
    },
    {
        "firstName": "George",
        "lastName": "Franklin",
        "address": "110 W. Liberty St.",
        "city": "Madison",
        "telephone": "6085551023",
        "id": 386,
        "pets": [
            
        ]
    },
    {
        "firstName": "George",
        "lastName": "Franklin",
        "address": "110 W. Liberty St.",
        "city": "Madison",
        "telephone": "6085551023",
        "id": 387,
        "pets": [
            
        ]
    },
    {
        "firstName": "George",
        "lastName": "Franklin",
        "address": "110 W. Liberty St.",
        "city": "Madison",
        "telephone": "6085551023",
        "id": 388,
        "pets": [
            
        ]
    },
    {
        "firstName": "George",
        "lastName": "Franklin",
        "address": "110 W. Liberty St.",
        "city": "Madison",
        "telephone": "6085551023",
        "id": 389,
        "pets": [
            
        ]
    },
    {
        "firstName": "George",
        "lastName": "Franklin",
        "address": "110 W. Liberty St.",
        "city": "Madison",
        "telephone": "6085551023",
        "id": 390,
        "pets": [
            
        ]
    },
    {
        "firstName": "George",
        "lastName": "Franklin",
        "address": "110 W. Liberty St.",
        "city": "Madison",
        "telephone": "6085551023",
        "id": 391,
        "pets": [
            
        ]
    },
    {
        "firstName": "George",
        "lastName": "Franklin",
        "address": "110 W. Liberty St.",
        "city": "Madison",
        "telephone": "6085551023",
        "id": 392,
        "pets": [
            
        ]
    },
    {
        "firstName": "George",
        "lastName": "Franklin",
        "address": "110 W. Liberty St.",
        "city": "Madison",
        "telephone": "6085551023",
        "id": 393,
        "pets": [
            
        ]
    },
    {
        "firstName": "George",
        "lastName": "Franklin",
        "address": "110 W. Liberty St.",
        "city": "Madison",
        "telephone": "6085551023",
        "id": 394,
        "pets": [
            
        ]
    },
    {
        "firstName": "George",
        "lastName": "Franklin",
        "address": "110 W. Liberty St.",
        "city": "Madison",
        "telephone": "6085551023",
        "id": 395,
        "pets": [
            
        ]
    },
    {
        "firstName": "George",
        "lastName": "Franklin",
        "address": "110 W. Liberty St.",
        "city": "Madison",
        "telephone": "6085551023",
        "id": 396,
        "pets": [
            
        ]
    },
    {
        "firstName": "George",
        "lastName": "Franklin",
        "address": "110 W. Liberty St.",
        "city": "Madison",
        "telephone": "6085551023",
        "id": 397,
        "pets": [
            
        ]
    },
    {
        "firstName": "George",
        "lastName": "Franklin",
        "address": "110 W. Liberty St.",
        "city": "Madison",
        "telephone": "6085551023",
        "id": 398,
        "pets": [
            
        ]
    },
    {
        "firstName": "George",
        "lastName": "Franklin",
        "address": "110 W. Liberty St.",
        "city": "Madison",
        "telephone": "6085551023",
        "id": 399,
        "pets": [
            
        ]
    },
    {
        "firstName": "George",
        "lastName": "Franklin",
        "address": "110 W. Liberty St.",
        "city": "Madison",
        "telephone": "6085551023",
        "id": 400,
        "pets": [
            
        ]
    },
    {
        "firstName": "George",
        "lastName": "Franklin",
        "address": "110 W. Liberty St.",
        "city": "Madison",
        "telephone": "6085551023",
        "id": 401,
        "pets": [
            
        ]
    },
    {
        "firstName": "George",
        "lastName": "Franklin",
        "address": "110 W. Liberty St.",
        "city": "Madison",
        "telephone": "6085551023",
        "id": 402,
        "pets": [
            
        ]
    },
    {
        "firstName": "George",
        "lastName": "Franklin",
        "address": "110 W. Liberty St.",
        "city": "Madison",
        "telephone": "6085551023",
        "id": 403,
        "pets": [
            
        ]
    },
    {
        "firstName": "George",
        "lastName": "Franklin",
        "address": "110 W. Liberty St.",
        "city": "Madison",
        "telephone": "6085551023",
        "id": 404,
        "pets": [
            
        ]
    },
    {
        "firstName": "George",
        "lastName": "Franklin",
        "address": "110 W. Liberty St.",
        "city": "Madison",
        "telephone": "6085551023",
        "id": 405,
        "pets": [
            
        ]
    },
    {
        "firstName": "George",
        "lastName": "Franklin",
        "address": "110 W. Liberty St.",
        "city": "Madison",
        "telephone": "6085551023",
        "id": 406,
        "pets": [
            
        ]
    },
    {
        "firstName": "George",
        "lastName": "Franklin",
        "address": "110 W. Liberty St.",
        "city": "Madison",
        "telephone": "6085551023",
        "id": 407,
        "pets": [
            
        ]
    },
    {
        "firstName": "George",
        "lastName": "Franklin",
        "address": "110 W. Liberty St.",
        "city": "Madison",
        "telephone": "6085551023",
        "id": 408,
        "pets": [
            
        ]
    },
    {
        "firstName": "George",
        "lastName": "Franklin",
        "address": "110 W. Liberty St.",
        "city": "Madison",
        "telephone": "6085551023",
        "id": 409,
        "pets": [
            
        ]
    },
    {
        "firstName": "George",
        "lastName": "Franklin",
        "address": "110 W. Liberty St.",
        "city": "Madison",
        "telephone": "6085551023",
        "id": 410,
        "pets": [
            
        ]
    },
    {
        "firstName": "George",
        "lastName": "Franklin",
        "address": "110 W. Liberty St.",
        "city": "Madison",
        "telephone": "6085551023",
        "id": 411,
        "pets": [
            
        ]
    },
    {
        "firstName": "George",
        "lastName": "Franklin",
        "address": "110 W. Liberty St.",
        "city": "Madison",
        "telephone": "6085551023",
        "id": 412,
        "pets": [
            
        ]
    },
    {
        "firstName": "George",
        "lastName": "Franklin",
        "address": "110 W. Liberty St.",
        "city": "Madison",
        "telephone": "6085551023",
        "id": 413,
        "pets": [
            
        ]
    },
    {
        "firstName": "George",
        "lastName": "Franklin",
        "address": "110 W. Liberty St.",
        "city": "Madison",
        "telephone": "6085551023",
        "id": 414,
        "pets": [
            
        ]
    },
    {
        "firstName": "George",
        "lastName": "Franklin",
        "address": "110 W. Liberty St.",
        "city": "Madison",
        "telephone": "6085551023",
        "id": 415,
        "pets": [
            
        ]
    },
    {
        "firstName": "George",
        "lastName": "Franklin",
        "address": "110 W. Liberty St.",
        "city": "Madison",
        "telephone": "6085551023",
        "id": 416,
        "pets": [
            
        ]
    },
    {
        "firstName": "George",
        "lastName": "Franklin",
        "address": "110 W. Liberty St.",
        "city": "Madison",
        "telephone": "6085551023",
        "id": 417,
        "pets": [
            
        ]
    },
    {
        "firstName": "George",
        "lastName": "Franklin",
        "address": "110 W. Liberty St.",
        "city": "Madison",
        "telephone": "6085551023",
        "id": 418,
        "pets": [
            
        ]
    },
    {
        "firstName": "George",
        "lastName": "Franklin",
        "address": "110 W. Liberty St.",
        "city": "Madison",
        "telephone": "6085551023",
        "id": 419,
        "pets": [
            
        ]
    },
    {
        "firstName": "George",
        "lastName": "Franklin",
        "address": "110 W. Liberty St.",
        "city": "Madison",
        "telephone": "6085551023",
        "id": 420,
        "pets": [
            
        ]
    },
    {
        "firstName": "George",
        "lastName": "Franklin",
        "address": "110 W. Liberty St.",
        "city": "Madison",
        "telephone": "6085551023",
        "id": 421,
        "pets": [
            
        ]
    },
    {
        "firstName": "George",
        "lastName": "Franklin",
        "address": "110 W. Liberty St.",
        "city": "Madison",
        "telephone": "6085551023",
        "id": 422,
        "pets": [
            
        ]
    },
    {
        "firstName": "George",
        "lastName": "Franklin",
        "address": "110 W. Liberty St.",
        "city": "Madison",
        "telephone": "6085551023",
        "id": 423,
        "pets": [
            
        ]
    },
    {
        "firstName": "George",
        "lastName": "Franklin",
        "address": "110 W. Liberty St.",
        "city": "Madison",
        "telephone": "6085551023",
        "id": 424,
        "pets": [
            
        ]
    },
    {
        "firstName": "George",
        "lastName": "Franklin",
        "address": "110 W. Liberty St.",
        "city": "Madison",
        "telephone": "6085551023",
        "id": 425,
        "pets": [
            
        ]
    },
    {
        "firstName": "George",
        "lastName": "Franklin",
        "address": "110 W. Liberty St.",
        "city": "Madison",
        "telephone": "6085551023",
        "id": 426,
        "pets": [
            
        ]
    },
    {
        "firstName": "George",
        "lastName": "Franklin",
        "address": "110 W. Liberty St.",
        "city": "Madison",
        "telephone": "6085551023",
        "id": 427,
        "pets": [
            
        ]
    },
    {
        "firstName": "George",
        "lastName": "Franklin",
        "address": "110 W. Liberty St.",
        "city": "Madison",
        "telephone": "6085551023",
        "id": 428,
        "pets": [
            
        ]
    },
    {
        "firstName": "George",
        "lastName": "Franklin",
        "address": "110 W. Liberty St.",
        "city": "Madison",
        "telephone": "6085551023",
        "id": 429,
        "pets": [
            
        ]
    },
    {
        "firstName": "George",
        "lastName": "Franklin",
        "address": "110 W. Liberty St.",
        "city": "Madison",
        "telephone": "6085551023",
        "id": 430,
        "pets": [
            
        ]
    },
    {
        "firstName": "George",
        "lastName": "Franklin",
        "address": "110 W. Liberty St.",
        "city": "Madison",
        "telephone": "6085551023",
        "id": 431,
        "pets": [
            
        ]
    },
    {
        "firstName": "George",
        "lastName": "Franklin",
        "address": "110 W. Liberty St.",
        "city": "Madison",
        "telephone": "6085551023",
        "id": 432,
        "pets": [
            
        ]
    },
    {
        "firstName": "George",
        "lastName": "Franklin",
        "address": "110 W. Liberty St.",
        "city": "Madison",
        "telephone": "6085551023",
        "id": 433,
        "pets": [
            
        ]
    },
    {
        "firstName": "George",
        "lastName": "Franklin",
        "address": "110 W. Liberty St.",
        "city": "Madison",
        "telephone": "6085551023",
        "id": 434,
        "pets": [
            
        ]
    },
    {
        "firstName": "George",
        "lastName": "Franklin",
        "address": "110 W. Liberty St.",
        "city": "Madison",
        "telephone": "6085551023",
        "id": 435,
        "pets": [
            
        ]
    },
    {
        "firstName": "George",
        "lastName": "Franklin",
        "address": "110 W. Liberty St.",
        "city": "Madison",
        "telephone": "6085551023",
        "id": 436,
        "pets": [
            
        ]
    },
    {
        "firstName": "George",
        "lastName": "Franklin",
        "address": "110 W. Liberty St.",
        "city": "Madison",
        "telephone": "6085551023",
        "id": 437,
        "pets": [
            
        ]
    },
    {
        "firstName": "George",
        "lastName": "Franklin",
        "address": "110 W. Liberty St.",
        "city": "Madison",
        "telephone": "6085551023",
        "id": 438,
        "pets": [
            
        ]
    },
    {
        "firstName": "George",
        "lastName": "Franklin",
        "address": "110 W. Liberty St.",
        "city": "Madison",
        "telephone": "6085551023",
        "id": 439,
        "pets": [
            
        ]
    },
    {
        "firstName": "George",
        "lastName": "Franklin",
        "address": "110 W. Liberty St.",
        "city": "Madison",
        "telephone": "6085551023",
        "id": 440,
        "pets": [
            
        ]
    },
    {
        "firstName": "George",
        "lastName": "Franklin",
        "address": "110 W. Liberty St.",
        "city": "Madison",
        "telephone": "6085551023",
        "id": 441,
        "pets": [
            
        ]
    },
    {
        "firstName": "George",
        "lastName": "Franklin",
        "address": "110 W. Liberty St.",
        "city": "Madison",
        "telephone": "6085551023",
        "id": 442,
        "pets": [
            
        ]
    },
    {
        "firstName": "George",
        "lastName": "Franklin",
        "address": "110 W. Liberty St.",
        "city": "Madison",
        "telephone": "6085551023",
        "id": 443,
        "pets": [
            
        ]
    },
    {
        "firstName": "George",
        "lastName": "Franklin",
        "address": "110 W. Liberty St.",
        "city": "Madison",
        "telephone": "6085551023",
        "id": 444,
        "pets": [
            
        ]
    },
    {
        "firstName": "George",
        "lastName": "Franklin",
        "address": "110 W. Liberty St.",
        "city": "Madison",
        "telephone": "6085551023",
        "id": 445,
        "pets": [
            
        ]
    },
    {
        "firstName": "George",
        "lastName": "Franklin",
        "address": "110 W. Liberty St.",
        "city": "Madison",
        "telephone": "6085551023",
        "id": 446,
        "pets": [
            
        ]
    },
    {
        "firstName": "George",
        "lastName": "Franklin",
        "address": "110 W. Liberty St.",
        "city": "Madison",
        "telephone": "6085551023",
        "id": 447,
        "pets": [
            
        ]
    },
    {
        "firstName": "George",
        "lastName": "Franklin",
        "address": "110 W. Liberty St.",
        "city": "Madison",
        "telephone": "6085551023",
        "id": 448,
        "pets": [
            
        ]
    },
    {
        "firstName": "George",
        "lastName": "Franklin",
        "address": "110 W. Liberty St.",
        "city": "Madison",
        "telephone": "6085551023",
        "id": 449,
        "pets": [
            
        ]
    },
    {
        "firstName": "George",
        "lastName": "Franklin",
        "address": "110 W. Liberty St.",
        "city": "Madison",
        "telephone": "6085551023",
        "id": 450,
        "pets": [
            
        ]
    },
    {
        "firstName": "George",
        "lastName": "Franklin",
        "address": "110 W. Liberty St.",
        "city": "Madison",
        "telephone": "6085551023",
        "id": 451,
        "pets": [
            
        ]
    },
    {
        "firstName": "George",
        "lastName": "Franklin",
        "address": "110 W. Liberty St.",
        "city": "Madison",
        "telephone": "6085551023",
        "id": 452,
        "pets": [
            
        ]
    },
    {
        "firstName": "George",
        "lastName": "Franklin",
        "address": "110 W. Liberty St.",
        "city": "Madison",
        "telephone": "6085551023",
        "id": 453,
        "pets": [
            
        ]
    },
    {
        "firstName": "George",
        "lastName": "Franklin",
        "address": "110 W. Liberty St.",
        "city": "Madison",
        "telephone": "6085551023",
        "id": 454,
        "pets": [
            
        ]
    },
    {
        "firstName": "George",
        "lastName": "Franklin",
        "address": "110 W. Liberty St.",
        "city": "Madison",
        "telephone": "6085551023",
        "id": 455,
        "pets": [
            
        ]
    },
    {
        "firstName": "George",
        "lastName": "Franklin",
        "address": "110 W. Liberty St.",
        "city": "Madison",
        "telephone": "6085551023",
        "id": 456,
        "pets": [
            
        ]
    },
    {
        "firstName": "George",
        "lastName": "Franklin",
        "address": "110 W. Liberty St.",
        "city": "Madison",
        "telephone": "6085551023",
        "id": 457,
        "pets": [
            
        ]
    },
    {
        "firstName": "George",
        "lastName": "Franklin",
        "address": "110 W. Liberty St.",
        "city": "Madison",
        "telephone": "6085551023",
        "id": 458,
        "pets": [
            
        ]
    },
    {
        "firstName": "George",
        "lastName": "Franklin",
        "address": "110 W. Liberty St.",
        "city": "Madison",
        "telephone": "6085551023",
        "id": 459,
        "pets": [
            
        ]
    },
    {
        "firstName": "George",
        "lastName": "Franklin",
        "address": "110 W. Liberty St.",
        "city": "Madison",
        "telephone": "6085551023",
        "id": 460,
        "pets": [
            
        ]
    },
    {
        "firstName": "George",
        "lastName": "Franklin",
        "address": "110 W. Liberty St.",
        "city": "Madison",
        "telephone": "6085551023",
        "id": 461,
        "pets": [
            
        ]
    },
    {
        "firstName": "George",
        "lastName": "Franklin",
        "address": "110 W. Liberty St.",
        "city": "Madison",
        "telephone": "6085551023",
        "id": 462,
        "pets": [
            
        ]
    },
    {
        "firstName": "George",
        "lastName": "Franklin",
        "address": "110 W. Liberty St.",
        "city": "Madison",
        "telephone": "6085551023",
        "id": 463,
        "pets": [
            
        ]
    },
    {
        "firstName": "George",
        "lastName": "Franklin",
        "address": "110 W. Liberty St.",
        "city": "Madison",
        "telephone": "6085551023",
        "id": 464,
        "pets": [
            
        ]
    },
    {
        "firstName": "George",
        "lastName": "Franklin",
        "address": "110 W. Liberty St.",
        "city": "Madison",
        "telephone": "6085551023",
        "id": 465,
        "pets": [
            
        ]
    },
    {
        "firstName": "George",
        "lastName": "Franklin",
        "address": "110 W. Liberty St.",
        "city": "Madison",
        "telephone": "6085551023",
        "id": 466,
        "pets": [
            
        ]
    },
    {
        "firstName": "George",
        "lastName": "Franklin",
        "address": "110 W. Liberty St.",
        "city": "Madison",
        "telephone": "6085551023",
        "id": 467,
        "pets": [
            
        ]
    },
    {
        "firstName": "George",
        "lastName": "Franklin",
        "address": "110 W. Liberty St.",
        "city": "Madison",
        "telephone": "6085551023",
        "id": 468,
        "pets": [
            
        ]
    },
    {
        "firstName": "George",
        "lastName": "Franklin",
        "address": "110 W. Liberty St.",
        "city": "Madison",
        "telephone": "6085551023",
        "id": 469,
        "pets": [
            
        ]
    },
    {
        "firstName": "George",
        "lastName": "Franklin",
        "address": "110 W. Liberty St.",
        "city": "Madison",
        "telephone": "6085551023",
        "id": 470,
        "pets": [
            
        ]
    },
    {
        "firstName": "George",
        "lastName": "Franklin",
        "address": "110 W. Liberty St.",
        "city": "Madison",
        "telephone": "6085551023",
        "id": 471,
        "pets": [
            
        ]
    },
    {
        "firstName": "George",
        "lastName": "Franklin",
        "address": "110 W. Liberty St.",
        "city": "Madison",
        "telephone": "6085551023",
        "id": 472,
        "pets": [
            
        ]
    },
    {
        "firstName": "George",
        "lastName": "Franklin",
        "address": "110 W. Liberty St.",
        "city": "Madison",
        "telephone": "6085551023",
        "id": 473,
        "pets": [
            
        ]
    },
    {
        "firstName": "George",
        "lastName": "Franklin",
        "address": "110 W. Liberty St.",
        "city": "Madison",
        "telephone": "6085551023",
        "id": 474,
        "pets": [
            
        ]
    },
    {
        "firstName": "George",
        "lastName": "Franklin",
        "address": "110 W. Liberty St.",
        "city": "Madison",
        "telephone": "6085551023",
        "id": 475,
        "pets": [
            
        ]
    },
    {
        "firstName": "George",
        "lastName": "Franklin",
        "address": "110 W. Liberty St.",
        "city": "Madison",
        "telephone": "6085551023",
        "id": 476,
        "pets": [
            
        ]
    },
    {
        "firstName": "George",
        "lastName": "Franklin",
        "address": "110 W. Liberty St.",
        "city": "Madison",
        "telephone": "6085551023",
        "id": 477,
        "pets": [
            
        ]
    },
    {
        "firstName": "George",
        "lastName": "Franklin",
        "address": "110 W. Liberty St.",
        "city": "Madison",
        "telephone": "6085551023",
        "id": 478,
        "pets": [
            
        ]
    },
    {
        "firstName": "George",
        "lastName": "Franklin",
        "address": "110 W. Liberty St.",
        "city": "Madison",
        "telephone": "6085551023",
        "id": 479,
        "pets": [
            
        ]
    },
    {
        "firstName": "George",
        "lastName": "Franklin",
        "address": "110 W. Liberty St.",
        "city": "Madison",
        "telephone": "6085551023",
        "id": 480,
        "pets": [
            
        ]
    },
    {
        "firstName": "George",
        "lastName": "Franklin",
        "address": "110 W. Liberty St.",
        "city": "Madison",
        "telephone": "6085551023",
        "id": 481,
        "pets": [
            
        ]
    },
    {
        "firstName": "George",
        "lastName": "Franklin",
        "address": "110 W. Liberty St.",
        "city": "Madison",
        "telephone": "6085551023",
        "id": 482,
        "pets": [
            
        ]
    },
    {
        "firstName": "George",
        "lastName": "Franklin",
        "address": "110 W. Liberty St.",
        "city": "Madison",
        "telephone": "6085551023",
        "id": 483,
        "pets": [
            
        ]
    },
    {
        "firstName": "George",
        "lastName": "Franklin",
        "address": "110 W. Liberty St.",
        "city": "Madison",
        "telephone": "6085551023",
        "id": 484,
        "pets": [
            
        ]
    },
    {
        "firstName": "George",
        "lastName": "Franklin",
        "address": "110 W. Liberty St.",
        "city": "Madison",
        "telephone": "6085551023",
        "id": 485,
        "pets": [
            
        ]
    },
    {
        "firstName": "George",
        "lastName": "Franklin",
        "address": "110 W. Liberty St.",
        "city": "Madison",
        "telephone": "6085551023",
        "id": 486,
        "pets": [
            
        ]
    },
    {
        "firstName": "George",
        "lastName": "Franklin",
        "address": "110 W. Liberty St.",
        "city": "Madison",
        "telephone": "6085551023",
        "id": 487,
        "pets": [
            
        ]
    },
    {
        "firstName": "George",
        "lastName": "Franklin",
        "address": "110 W. Liberty St.",
        "city": "Madison",
        "telephone": "6085551023",
        "id": 488,
        "pets": [
            
        ]
    },
    {
        "firstName": "George",
        "lastName": "Franklin",
        "address": "110 W. Liberty St.",
        "city": "Madison",
        "telephone": "6085551023",
        "id": 489,
        "pets": [
            
        ]
    },
    {
        "firstName": "George",
        "lastName": "Franklin",
        "address": "110 W. Liberty St.",
        "city": "Madison",
        "telephone": "6085551023",
        "id": 490,
        "pets": [
            
        ]
    },
    {
        "firstName": "George",
        "lastName": "Franklin",
        "address": "110 W. Liberty St.",
        "city": "Madison",
        "telephone": "6085551023",
        "id": 491,
        "pets": [
            
        ]
    },
    {
        "firstName": "George",
        "lastName": "Franklin",
        "address": "110 W. Liberty St.",
        "city": "Madison",
        "telephone": "6085551023",
        "id": 492,
        "pets": [
            
        ]
    },
    {
        "firstName": "George",
        "lastName": "Franklin",
        "address": "110 W. Liberty St.",
        "city": "Madison",
        "telephone": "6085551023",
        "id": 493,
        "pets": [
            
        ]
    },
    {
        "firstName": "George",
        "lastName": "Franklin",
        "address": "110 W. Liberty St.",
        "city": "Madison",
        "telephone": "6085551023",
        "id": 494,
        "pets": [
            
        ]
    },
    {
        "firstName": "George",
        "lastName": "Franklin",
        "address": "110 W. Liberty St.",
        "city": "Madison",
        "telephone": "6085551023",
        "id": 495,
        "pets": [
            
        ]
    },
    {
        "firstName": "George",
        "lastName": "Franklin",
        "address": "110 W. Liberty St.",
        "city": "Madison",
        "telephone": "6085551023",
        "id": 496,
        "pets": [
            
        ]
    },
    {
        "firstName": "George",
        "lastName": "Franklin",
        "address": "110 W. Liberty St.",
        "city": "Madison",
        "telephone": "6085551023",
        "id": 497,
        "pets": [
            
        ]
    },
    {
        "firstName": "George",
        "lastName": "Franklin",
        "address": "110 W. Liberty St.",
        "city": "Madison",
        "telephone": "6085551023",
        "id": 498,
        "pets": [
            
        ]
    },
    {
        "firstName": "George",
        "lastName": "Franklin",
        "address": "110 W. Liberty St.",
        "city": "Madison",
        "telephone": "6085551023",
        "id": 499,
        "pets": [
            
        ]
    },
    {
        "firstName": "George",
        "lastName": "Franklin",
        "address": "110 W. Liberty St.",
        "city": "Madison",
        "telephone": "6085551023",
        "id": 500,
        "pets": [
            
        ]
    },
    {
        "firstName": "George",
        "lastName": "Franklin",
        "address": "110 W. Liberty St.",
        "city": "Madison",
        "telephone": "6085551023",
        "id": 501,
        "pets": [
            
        ]
    },
    {
        "firstName": "George",
        "lastName": "Franklin",
        "address": "110 W. Liberty St.",
        "city": "Madison",
        "telephone": "6085551023",
        "id": 502,
        "pets": [
            
        ]
    },
    {
        "firstName": "George",
        "lastName": "Franklin",
        "address": "110 W. Liberty St.",
        "city": "Madison",
        "telephone": "6085551023",
        "id": 503,
        "pets": [
            
        ]
    },
    {
        "firstName": "George",
        "lastName": "Franklin",
        "address": "110 W. Liberty St.",
        "city": "Madison",
        "telephone": "6085551023",
        "id": 504,
        "pets": [
            
        ]
    },
    {
        "firstName": "George",
        "lastName": "Franklin",
        "address": "110 W. Liberty St.",
        "city": "Madison",
        "telephone": "6085551023",
        "id": 505,
        "pets": [
            
        ]
    },
    {
        "firstName": "George",
        "lastName": "Franklin",
        "address": "110 W. Liberty St.",
        "city": "Madison",
        "telephone": "6085551023",
        "id": 506,
        "pets": [
            
        ]
    },
    {
        "firstName": "George",
        "lastName": "Franklin",
        "address": "110 W. Liberty St.",
        "city": "Madison",
        "telephone": "6085551023",
        "id": 507,
        "pets": [
            
        ]
    },
    {
        "firstName": "George",
        "lastName": "Franklin",
        "address": "110 W. Liberty St.",
        "city": "Madison",
        "telephone": "6085551023",
        "id": 508,
        "pets": [
            
        ]
    },
    {
        "firstName": "George",
        "lastName": "Franklin",
        "address": "110 W. Liberty St.",
        "city": "Madison",
        "telephone": "6085551023",
        "id": 509,
        "pets": [
            
        ]
    },
    {
        "firstName": "George",
        "lastName": "Franklin",
        "address": "110 W. Liberty St.",
        "city": "Madison",
        "telephone": "6085551023",
        "id": 510,
        "pets": [
            
        ]
    },
    {
        "firstName": "George",
        "lastName": "Franklin",
        "address": "110 W. Liberty St.",
        "city": "Madison",
        "telephone": "6085551023",
        "id": 511,
        "pets": [
            
        ]
    },
    {
        "firstName": "George",
        "lastName": "Franklin",
        "address": "110 W. Liberty St.",
        "city": "Madison",
        "telephone": "6085551023",
        "id": 512,
        "pets": [
            
        ]
    },
    {
        "firstName": "George",
        "lastName": "Franklin",
        "address": "110 W. Liberty St.",
        "city": "Madison",
        "telephone": "6085551023",
        "id": 513,
        "pets": [
            
        ]
    },
    {
        "firstName": "George",
        "lastName": "Franklin",
        "address": "110 W. Liberty St.",
        "city": "Madison",
        "telephone": "6085551023",
        "id": 514,
        "pets": [
            
        ]
    },
    {
        "firstName": "George",
        "lastName": "Franklin",
        "address": "110 W. Liberty St.",
        "city": "Madison",
        "telephone": "6085551023",
        "id": 515,
        "pets": [
            
        ]
    },
    {
        "firstName": "George",
        "lastName": "Franklin",
        "address": "110 W. Liberty St.",
        "city": "Madison",
        "telephone": "6085551023",
        "id": 516,
        "pets": [
            
        ]
    },
    {
        "firstName": "George",
        "lastName": "Franklin",
        "address": "110 W. Liberty St.",
        "city": "Madison",
        "telephone": "6085551023",
        "id": 517,
        "pets": [
            
        ]
    },
    {
        "firstName": "George",
        "lastName": "Franklin",
        "address": "110 W. Liberty St.",
        "city": "Madison",
        "telephone": "6085551023",
        "id": 518,
        "pets": [
            
        ]
    },
    {
        "firstName": "George",
        "lastName": "Franklin",
        "address": "110 W. Liberty St.",
        "city": "Madison",
        "telephone": "6085551023",
        "id": 519,
        "pets": [
            
        ]
    },
    {
        "firstName": "George",
        "lastName": "Franklin",
        "address": "110 W. Liberty St.",
        "city": "Madison",
        "telephone": "6085551023",
        "id": 520,
        "pets": [
            
        ]
    },
    {
        "firstName": "George",
        "lastName": "Franklin",
        "address": "110 W. Liberty St.",
        "city": "Madison",
        "telephone": "6085551023",
        "id": 521,
        "pets": [
            
        ]
    },
    {
        "firstName": "George",
        "lastName": "Franklin",
        "address": "110 W. Liberty St.",
        "city": "Madison",
        "telephone": "6085551023",
        "id": 522,
        "pets": [
            
        ]
    },
    {
        "firstName": "George",
        "lastName": "Franklin",
        "address": "110 W. Liberty St.",
        "city": "Madison",
        "telephone": "6085551023",
        "id": 523,
        "pets": [
            
        ]
    },
    {
        "firstName": "A",
        "lastName": "LNWYxjd",
        "address": "Address: gCo61",
        "city": "City: YMpoj",
        "telephone": "36666294",
        "id": 524,
        "pets": [
            
        ]
    },
    {
        "firstName": "John",
        "lastName": "LNQQZxp",
        "address": "Address: 6Z2Pz",
        "city": "City: d2Oz4",
        "telephone": "93828959",
        "id": 525,
        "pets": [
            
        ]
    }
]
  &amp#27;[32mThen &amp#27;[0m&amp#27;[32mnew owner is present in owners list&amp#27;[0m                          &amp#27;[90m# tuichalange.steps.OwnerSteps.newOwnerIsPresentInOwnersList()&amp#27;[0m
]]></system-out>
  </testcase>
  <testcase name="Example #1.2" classname="Examples" time="0.0">
    <skipped message="&apos;cucumber.filter.tags=@Smoke&apos; did not match this scenario"/>
  </testcase>
  <testcase name="Example #1.2" classname="Examples" time="0.0">
    <skipped message="&apos;cucumber.filter.tags=@Smoke&apos; did not match this scenario"/>
  </testcase>
  <testcase name="Example #1.2" classname="Examples" time="0.0">
    <skipped message="&apos;cucumber.filter.tags=@Smoke&apos; did not match this scenario"/>
  </testcase>
  <testcase name="Example #1.2" classname="Examples" time="0.0">
    <skipped message="&apos;cucumber.filter.tags=@Smoke&apos; did not match this scenario"/>
  </testcase>
  <testcase name="Example #1.2" classname="Examples" time="0.0">
    <skipped message="&apos;cucumber.filter.tags=@Smoke&apos; did not match this scenario"/>
  </testcase>
  <testcase name="Example #1.2" classname="Examples" time="0.0">
    <skipped message="&apos;cucumber.filter.tags=@Smoke&apos; did not match this scenario"/>
  </testcase>
  <testcase name="Example #1.2" classname="Examples" time="0.0">
    <skipped message="&apos;cucumber.filter.tags=@Smoke&apos; did not match this scenario"/>
  </testcase>
  <testcase name="Example #1.2" classname="Examples" time="0.0">
    <skipped message="&apos;cucumber.filter.tags=@Smoke&apos; did not match this scenario"/>
  </testcase>
  <testcase name="Example #1.2" classname="Examples" time="0.0">
    <skipped message="&apos;cucumber.filter.tags=@Smoke&apos; did not match this scenario"/>
  </testcase>
  <testcase name="Example #1.2" classname="Examples" time="0.0">
    <skipped message="&apos;cucumber.filter.tags=@Smoke&apos; did not match this scenario"/>
  </testcase>
  <testcase name="Example #1.2" classname="Examples" time="0.0">
    <skipped message="&apos;cucumber.filter.tags=@Smoke&apos; did not match this scenario"/>
  </testcase>
  <testcase name="Example #1.2" classname="Examples" time="0.0">
    <skipped message="&apos;cucumber.filter.tags=@Smoke&apos; did not match this scenario"/>
  </testcase>
  <testcase name="Example #1.2" classname="Examples" time="0.0">
    <skipped message="&apos;cucumber.filter.tags=@Smoke&apos; did not match this scenario"/>
  </testcase>
  <testcase name="Example #1.2" classname="Examples" time="0.0">
    <skipped message="&apos;cucumber.filter.tags=@Smoke&apos; did not match this scenario"/>
  </testcase>
  <testcase name="Example #1.2" classname="Examples" time="0.0">
    <skipped message="&apos;cucumber.filter.tags=@Smoke&apos; did not match this scenario"/>
  </testcase>
  <testcase name="Example #1.2" classname="Examples" time="0.0">
    <skipped message="&apos;cucumber.filter.tags=@Smoke&apos; did not match this scenario"/>
  </testcase>
  <testcase name="Example #1.2" classname="Examples" time="0.0">
    <skipped message="&apos;cucumber.filter.tags=@Smoke&apos; did not match this scenario"/>
  </testcase>
  <testcase name="Example #1.2" classname="Examples" time="0.0">
    <skipped message="&apos;cucumber.filter.tags=@Smoke&apos; did not match this scenario"/>
  </testcase>
  <testcase name="Example #1.2" classname="Examples" time="0.0">
    <skipped message="&apos;cucumber.filter.tags=@Smoke&apos; did not match this scenario"/>
  </testcase>
  <testcase name="Example #1.2" classname="Examples" time="0.0">
    <skipped message="&apos;cucumber.filter.tags=@Smoke&apos; did not match this scenario"/>
  </testcase>
  <testcase name="Example #1.2" classname="Examples" time="0.036">
    <failure message="expected: &lt;201&gt; but was: &lt;400&gt;" type="org.opentest4j.AssertionFailedError"><![CDATA[org.opentest4j.AssertionFailedError: expected: <201> but was: <400>
	at tuichalange.actions.ApiActions.createPetWithOwner(ApiActions.java:152)
	at tuichalange.steps.PetSteps.userCreatesOwnerPetsWithName(PetSteps.java:64)
	at ✽.user creates pet with owner with name A(file:///Users/apetrova/Documents/examples/src/test/resources/tuichalange/features/pet/createPetTests.feature:18)
]]></failure>
    <system-out><![CDATA[
@Smoke
Scenario Outline: New owner pet is created successfully with name &amp#27;[90m# src/test/resources/tuichalange/features/pet/createPetTests.feature:23&amp#27;[0m
Request method:	POST
Request URI:	http://localhost:9966/petclinic/api/owners
Proxy:			<none>
Request params:	<none>
Query params:	<none>
Form params:	<none>
Path params:	<none>
Headers:		Accept=*/*
				Content-Type=application/json
Cookies:		<none>
Multiparts:		<none>
Body:
{
    "firstName": "FNZXaVf",
    "lastName": "LNQKIBe",
    "address": "Address: CYRW6",
    "city": "City: f2YPY",
    "telephone": "59545354"
}
HTTP/1.1 201 
Vary: Origin
Vary: Access-Control-Request-Method
Vary: Access-Control-Request-Headers
Location: /api/owners/528
X-Content-Type-Options: nosniff
X-XSS-Protection: 0
Cache-Control: no-cache, no-store, max-age=0, must-revalidate
Pragma: no-cache
Expires: 0
X-Frame-Options: DENY
Content-Type: application/json
Transfer-Encoding: chunked
Date: Sat, 20 Jan 2024 15:33:23 GMT
Keep-Alive: timeout=60
Connection: keep-alive

{
    "firstName": "FNZXaVf",
    "lastName": "LNQKIBe",
    "address": "Address: CYRW6",
    "city": "City: f2YPY",
    "telephone": "59545354",
    "id": 528,
    "pets": [
        
    ]
}
  &amp#27;[32mGiven &amp#27;[0m&amp#27;[32muser creates pets owner&amp#27;[0m                                   &amp#27;[90m# tuichalange.steps.OwnerSteps.userCreatesOwner()&amp#27;[0m
Request method:	POST
Request URI:	http://localhost:9966/petclinic/api/owners/528/pets
Proxy:			<none>
Request params:	<none>
Query params:	<none>
Form params:	<none>
Path params:	ownerId=528
Headers:		Accept=*/*
				Content-Type=application/json
Cookies:		<none>
Multiparts:		<none>
Body:
{
    "name": "A",
    "birthDate": "2022-09-09",
    "type": {
        "name": "cat",
        "id": 1
    }
}
HTTP/1.1 400 
Vary: Origin
Vary: Access-Control-Request-Method
Vary: Access-Control-Request-Headers
X-Content-Type-Options: nosniff
X-XSS-Protection: 0
Cache-Control: no-cache, no-store, max-age=0, must-revalidate
Pragma: no-cache
Expires: 0
X-Frame-Options: DENY
Content-Type: text/plain;charset=UTF-8
Content-Length: 156
Date: Sat, 20 Jan 2024 15:33:23 GMT
Connection: close

{"className":"org.springframework.dao.IncorrectResultSizeDataAccessException","exMessage":"Query did not return a unique result: 231 results were returned"}
  &amp#27;[31mWhen &amp#27;[0m&amp#27;[31muser creates pet with owner with name &amp#27;[0m&amp#27;[31m&amp#27;[1mA&amp#27;[0m                    &amp#27;[90m# tuichalange.steps.PetSteps.userCreatesOwnerPetsWithName(java.lang.String)&amp#27;[0m
      &amp#27;[31morg.opentest4j.AssertionFailedError: expected: <201> but was: <400>
	at org.junit.jupiter.api.AssertionFailureBuilder.build(AssertionFailureBuilder.java:151)
	at org.junit.jupiter.api.AssertionFailureBuilder.buildAndThrow(AssertionFailureBuilder.java:132)
	at org.junit.jupiter.api.AssertEquals.failNotEqual(AssertEquals.java:197)
	at org.junit.jupiter.api.AssertEquals.assertEquals(AssertEquals.java:150)
	at org.junit.jupiter.api.AssertEquals.assertEquals(AssertEquals.java:145)
	at org.junit.jupiter.api.Assertions.assertEquals(Assertions.java:531)
	at tuichalange.actions.ApiActions.createPetWithOwner(ApiActions.java:152)
	at tuichalange.steps.PetSteps.userCreatesOwnerPetsWithName(PetSteps.java:64)
	at ✽.user creates pet with owner with name A(file:///Users/apetrova/Documents/examples/src/test/resources/tuichalange/features/pet/createPetTests.feature:18)
&amp#27;[0m
  &amp#27;[36mThen &amp#27;[0m&amp#27;[36mnew pet is present in pets list&amp#27;[0m                            &amp#27;[90m# tuichalange.steps.PetSteps.newPetIsPresentInPetsList()&amp#27;[0m
]]></system-out>
  </testcase>
  <testcase name="Example #1.2" classname="Examples" time="0.0">
    <skipped message="&apos;cucumber.filter.tags=@Smoke&apos; did not match this scenario"/>
  </testcase>
  <testcase name="Example #1.2" classname="Examples" time="0.0">
    <skipped message="&apos;cucumber.filter.tags=@Smoke&apos; did not match this scenario"/>
  </testcase>
  <testcase name="Example #1.2" classname="Examples" time="0.034">
    <system-out><![CDATA[
@Smoke
Scenario Outline: New pet type is present in pet type list &amp#27;[90m# src/test/resources/tuichalange/features/pettypes/createPetTypesTests.feature:11&amp#27;[0m
Request method:	GET
Request URI:	http://localhost:9966/petclinic/api/pettypes
Proxy:			<none>
Request params:	<none>
Query params:	<none>
Form params:	<none>
Path params:	<none>
Headers:		Accept=*/*
				Content-Type=application/json
Cookies:		<none>
Multiparts:		<none>
Body:			<none>
HTTP/1.1 200 
Vary: Origin
Vary: Access-Control-Request-Method
Vary: Access-Control-Request-Headers
X-Content-Type-Options: nosniff
X-XSS-Protection: 0
Cache-Control: no-cache, no-store, max-age=0, must-revalidate
Pragma: no-cache
Expires: 0
X-Frame-Options: DENY
Content-Type: application/json
Transfer-Encoding: chunked
Date: Sat, 20 Jan 2024 15:33:23 GMT
Keep-Alive: timeout=60
Connection: keep-alive

[
    {
        "name": "cat",
        "id": 1
    },
    {
        "name": "Leo",
        "id": 2
    },
    {
        "name": "lizard",
        "id": 3
    },
    {
        "name": "snake",
        "id": 4
    },
    {
        "name": "bird",
        "id": 5
    },
    {
        "name": "hamster",
        "id": 6
    },
    {
        "name": "P",
        "id": 7
    },
    {
        "name": "testPet",
        "id": 8
    },
    {
        "name": "123",
        "id": 9
    },
    {
        "name": "testPet_!$%@/123",
        "id": 10
    },
    {
        "name": "testnamewith80charstestnamewith80charstestnamewith80charstestnamewith80charstest",
        "id": 11
    },
    {
        "name": "testPetType",
        "id": 13
    },
    {
        "name": "testPet2",
        "id": 14
    },
    {
        "name": "T",
        "id": 15
    },
    {
        "name": "1234",
        "id": 16
    },
    {
        "name": "testPet_!$%@/124",
        "id": 17
    },
    {
        "name": "testnamewith80charstestnamewith80charstestnamewith80charstestnamewith80charsteOO",
        "id": 18
    },
    {
        "name": "testPet",
        "id": 19
    },
    {
        "name": "testPet",
        "id": 20
    },
    {
        "name": "testPet",
        "id": 21
    },
    {
        "name": "P",
        "id": 22
    },
    {
        "name": "testPet",
        "id": 23
    },
    {
        "name": "123",
        "id": 24
    },
    {
        "name": "testPet_!$%@/123",
        "id": 25
    },
    {
        "name": "testnamewith80charstestnamewith80charstestnamewith80charstestnamewith80charstest",
        "id": 26
    },
    {
        "name": "testPetType",
        "id": 28
    },
    {
        "name": "testPet2",
        "id": 29
    },
    {
        "name": "T",
        "id": 30
    },
    {
        "name": "1234",
        "id": 31
    },
    {
        "name": "testPet_!$%@/124",
        "id": 32
    },
    {
        "name": "testnamewith80charstestnamewith80charstestnamewith80charstestnamewith80charsteOO",
        "id": 33
    },
    {
        "name": "testPet",
        "id": 34
    },
    {
        "name": "testPet",
        "id": 35
    },
    {
        "name": "testPet",
        "id": 36
    },
    {
        "name": "P",
        "id": 37
    },
    {
        "name": "testPet",
        "id": 38
    },
    {
        "name": "123",
        "id": 39
    },
    {
        "name": "testPet_!$%@/123",
        "id": 40
    },
    {
        "name": "testnamewith80charstestnamewith80charstestnamewith80charstestnamewith80charstest",
        "id": 41
    },
    {
        "name": "testPetType",
        "id": 43
    },
    {
        "name": "testPet2",
        "id": 44
    },
    {
        "name": "T",
        "id": 45
    },
    {
        "name": "1234",
        "id": 46
    },
    {
        "name": "testPet_!$%@/124",
        "id": 47
    },
    {
        "name": "testnamewith80charstestnamewith80charstestnamewith80charstestnamewith80charsteOO",
        "id": 48
    },
    {
        "name": "testPet",
        "id": 49
    },
    {
        "name": "testPet",
        "id": 50
    },
    {
        "name": "testPet",
        "id": 51
    },
    {
        "name": "P",
        "id": 52
    },
    {
        "name": "testPet",
        "id": 53
    },
    {
        "name": "123",
        "id": 54
    },
    {
        "name": "testPet_!$%@/123",
        "id": 55
    },
    {
        "name": "testnamewith80charstestnamewith80charstestnamewith80charstestnamewith80charstest",
        "id": 56
    },
    {
        "name": "cat",
        "id": 57
    },
    {
        "name": "cat",
        "id": 58
    },
    {
        "name": "cat",
        "id": 59
    },
    {
        "name": "cat",
        "id": 60
    },
    {
        "name": "cat",
        "id": 61
    },
    {
        "name": "cat",
        "id": 62
    },
    {
        "name": "cat",
        "id": 63
    },
    {
        "name": "cat",
        "id": 64
    },
    {
        "name": "cat",
        "id": 65
    },
    {
        "name": "cat",
        "id": 66
    },
    {
        "name": "cat",
        "id": 67
    },
    {
        "name": "cat",
        "id": 68
    },
    {
        "name": "cat",
        "id": 69
    },
    {
        "name": "cat",
        "id": 70
    },
    {
        "name": "cat",
        "id": 71
    },
    {
        "name": "cat",
        "id": 72
    },
    {
        "name": "cat",
        "id": 73
    },
    {
        "name": "cat",
        "id": 74
    },
    {
        "name": "cat",
        "id": 75
    },
    {
        "name": "cat",
        "id": 76
    },
    {
        "name": "cat",
        "id": 77
    },
    {
        "name": "cat",
        "id": 78
    },
    {
        "name": "cat",
        "id": 79
    },
    {
        "name": "cat",
        "id": 80
    },
    {
        "name": "cat",
        "id": 81
    },
    {
        "name": "cat",
        "id": 82
    },
    {
        "name": "cat",
        "id": 83
    },
    {
        "name": "cat",
        "id": 84
    },
    {
        "name": "cat",
        "id": 85
    },
    {
        "name": "cat",
        "id": 86
    },
    {
        "name": "cat",
        "id": 87
    },
    {
        "name": "cat",
        "id": 88
    },
    {
        "name": "cat",
        "id": 89
    },
    {
        "name": "cat",
        "id": 90
    },
    {
        "name": "cat",
        "id": 91
    },
    {
        "name": "cat",
        "id": 92
    },
    {
        "name": "cat",
        "id": 93
    },
    {
        "name": "cat",
        "id": 94
    },
    {
        "name": "cat",
        "id": 95
    },
    {
        "name": "cat",
        "id": 96
    },
    {
        "name": "cat",
        "id": 97
    },
    {
        "name": "cat",
        "id": 98
    },
    {
        "name": "cat",
        "id": 99
    },
    {
        "name": "cat",
        "id": 100
    },
    {
        "name": "cat",
        "id": 101
    },
    {
        "name": "cat",
        "id": 102
    },
    {
        "name": "cat",
        "id": 103
    },
    {
        "name": "cat",
        "id": 104
    },
    {
        "name": "cat",
        "id": 105
    },
    {
        "name": "cat",
        "id": 106
    },
    {
        "name": "cat",
        "id": 107
    },
    {
        "name": "cat",
        "id": 108
    },
    {
        "name": "cat",
        "id": 109
    },
    {
        "name": "cat",
        "id": 110
    },
    {
        "name": "cat",
        "id": 111
    },
    {
        "name": "cat",
        "id": 112
    },
    {
        "name": "cat",
        "id": 113
    },
    {
        "name": "cat",
        "id": 114
    },
    {
        "name": "cat",
        "id": 115
    },
    {
        "name": "cat",
        "id": 116
    },
    {
        "name": "cat",
        "id": 117
    },
    {
        "name": "cat",
        "id": 118
    },
    {
        "name": "cat",
        "id": 119
    },
    {
        "name": "cat",
        "id": 120
    },
    {
        "name": "cat",
        "id": 121
    },
    {
        "name": "cat",
        "id": 122
    },
    {
        "name": "cat",
        "id": 123
    },
    {
        "name": "cat",
        "id": 124
    },
    {
        "name": "cat",
        "id": 125
    },
    {
        "name": "cat",
        "id": 126
    },
    {
        "name": "cat",
        "id": 127
    },
    {
        "name": "cat",
        "id": 128
    },
    {
        "name": "cat",
        "id": 129
    },
    {
        "name": "cat",
        "id": 130
    },
    {
        "name": "cat",
        "id": 131
    },
    {
        "name": "cat",
        "id": 132
    },
    {
        "name": "cat",
        "id": 133
    },
    {
        "name": "cat",
        "id": 134
    },
    {
        "name": "cat",
        "id": 135
    },
    {
        "name": "cat",
        "id": 136
    },
    {
        "name": "cat",
        "id": 137
    },
    {
        "name": "cat",
        "id": 138
    },
    {
        "name": "cat",
        "id": 139
    },
    {
        "name": "cat",
        "id": 140
    },
    {
        "name": "cat",
        "id": 141
    },
    {
        "name": "cat",
        "id": 142
    },
    {
        "name": "cat",
        "id": 143
    },
    {
        "name": "cat",
        "id": 144
    },
    {
        "name": "cat",
        "id": 145
    },
    {
        "name": "cat",
        "id": 146
    },
    {
        "name": "cat",
        "id": 147
    },
    {
        "name": "cat",
        "id": 148
    },
    {
        "name": "cat",
        "id": 149
    },
    {
        "name": "cat",
        "id": 150
    },
    {
        "name": "cat",
        "id": 151
    },
    {
        "name": "cat",
        "id": 152
    },
    {
        "name": "cat",
        "id": 153
    },
    {
        "name": "cat",
        "id": 154
    },
    {
        "name": "cat",
        "id": 155
    },
    {
        "name": "cat",
        "id": 156
    },
    {
        "name": "cat",
        "id": 157
    },
    {
        "name": "cat",
        "id": 158
    },
    {
        "name": "cat",
        "id": 159
    },
    {
        "name": "cat",
        "id": 160
    },
    {
        "name": "cat",
        "id": 161
    },
    {
        "name": "cat",
        "id": 162
    },
    {
        "name": "cat",
        "id": 163
    },
    {
        "name": "cat",
        "id": 164
    },
    {
        "name": "cat",
        "id": 165
    },
    {
        "name": "cat",
        "id": 166
    },
    {
        "name": "cat",
        "id": 167
    },
    {
        "name": "cat",
        "id": 168
    },
    {
        "name": "cat",
        "id": 169
    },
    {
        "name": "cat",
        "id": 170
    },
    {
        "name": "cat",
        "id": 171
    },
    {
        "name": "cat",
        "id": 172
    },
    {
        "name": "cat",
        "id": 173
    },
    {
        "name": "cat",
        "id": 174
    },
    {
        "name": "cat",
        "id": 175
    },
    {
        "name": "cat",
        "id": 176
    },
    {
        "name": "cat",
        "id": 177
    },
    {
        "name": "cat",
        "id": 178
    },
    {
        "name": "cat",
        "id": 179
    },
    {
        "name": "cat",
        "id": 180
    },
    {
        "name": "cat",
        "id": 181
    },
    {
        "name": "cat",
        "id": 182
    },
    {
        "name": "cat",
        "id": 183
    },
    {
        "name": "cat",
        "id": 184
    },
    {
        "name": "cat",
        "id": 185
    },
    {
        "name": "cat",
        "id": 186
    },
    {
        "name": "cat",
        "id": 187
    },
    {
        "name": "cat",
        "id": 188
    },
    {
        "name": "cat",
        "id": 189
    },
    {
        "name": "cat",
        "id": 190
    },
    {
        "name": "cat",
        "id": 191
    },
    {
        "name": "cat",
        "id": 192
    },
    {
        "name": "cat",
        "id": 193
    },
    {
        "name": "cat",
        "id": 194
    },
    {
        "name": "cat",
        "id": 195
    },
    {
        "name": "cat",
        "id": 196
    },
    {
        "name": "cat",
        "id": 197
    },
    {
        "name": "cat",
        "id": 198
    },
    {
        "name": "cat",
        "id": 199
    },
    {
        "name": "cat",
        "id": 200
    },
    {
        "name": "cat",
        "id": 201
    },
    {
        "name": "cat",
        "id": 202
    },
    {
        "name": "cat",
        "id": 203
    },
    {
        "name": "cat",
        "id": 204
    },
    {
        "name": "cat",
        "id": 205
    },
    {
        "name": "cat",
        "id": 206
    },
    {
        "name": "cat",
        "id": 207
    },
    {
        "name": "cat",
        "id": 208
    },
    {
        "name": "cat",
        "id": 209
    },
    {
        "name": "cat",
        "id": 210
    },
    {
        "name": "cat",
        "id": 211
    },
    {
        "name": "cat",
        "id": 212
    },
    {
        "name": "cat",
        "id": 213
    },
    {
        "name": "cat",
        "id": 214
    },
    {
        "name": "cat",
        "id": 215
    },
    {
        "name": "cat",
        "id": 216
    },
    {
        "name": "cat",
        "id": 217
    },
    {
        "name": "cat",
        "id": 218
    },
    {
        "name": "cat",
        "id": 219
    },
    {
        "name": "cat",
        "id": 220
    },
    {
        "name": "cat",
        "id": 221
    },
    {
        "name": "cat",
        "id": 222
    },
    {
        "name": "cat",
        "id": 223
    },
    {
        "name": "cat",
        "id": 224
    },
    {
        "name": "cat",
        "id": 225
    },
    {
        "name": "cat",
        "id": 226
    },
    {
        "name": "cat",
        "id": 227
    },
    {
        "name": "cat",
        "id": 228
    },
    {
        "name": "cat",
        "id": 229
    },
    {
        "name": "cat",
        "id": 230
    },
    {
        "name": "cat",
        "id": 231
    },
    {
        "name": "cat",
        "id": 232
    },
    {
        "name": "cat",
        "id": 233
    },
    {
        "name": "cat",
        "id": 234
    },
    {
        "name": "cat",
        "id": 235
    },
    {
        "name": "cat",
        "id": 236
    },
    {
        "name": "cat",
        "id": 237
    },
    {
        "name": "cat",
        "id": 238
    },
    {
        "name": "cat",
        "id": 239
    },
    {
        "name": "cat",
        "id": 240
    },
    {
        "name": "cat",
        "id": 241
    },
    {
        "name": "cat",
        "id": 242
    },
    {
        "name": "cat",
        "id": 243
    },
    {
        "name": "cat",
        "id": 244
    },
    {
        "name": "cat",
        "id": 245
    },
    {
        "name": "cat",
        "id": 246
    },
    {
        "name": "cat",
        "id": 247
    },
    {
        "name": "cat",
        "id": 248
    },
    {
        "name": "cat",
        "id": 249
    },
    {
        "name": "cat",
        "id": 250
    },
    {
        "name": "cat",
        "id": 251
    },
    {
        "name": "cat",
        "id": 252
    },
    {
        "name": "cat",
        "id": 253
    },
    {
        "name": "cat",
        "id": 254
    },
    {
        "name": "cat",
        "id": 255
    },
    {
        "name": "cat",
        "id": 256
    },
    {
        "name": "cat",
        "id": 257
    },
    {
        "name": "cat",
        "id": 258
    },
    {
        "name": "cat",
        "id": 259
    },
    {
        "name": "cat",
        "id": 260
    },
    {
        "name": "cat",
        "id": 261
    },
    {
        "name": "cat",
        "id": 262
    },
    {
        "name": "cat",
        "id": 263
    },
    {
        "name": "cat",
        "id": 264
    },
    {
        "name": "cat",
        "id": 265
    },
    {
        "name": "cat",
        "id": 266
    },
    {
        "name": "cat",
        "id": 267
    },
    {
        "name": "cat",
        "id": 268
    },
    {
        "name": "cat",
        "id": 269
    },
    {
        "name": "cat",
        "id": 270
    },
    {
        "name": "cat",
        "id": 271
    },
    {
        "name": "cat",
        "id": 272
    },
    {
        "name": "cat",
        "id": 273
    },
    {
        "name": "cat",
        "id": 274
    },
    {
        "name": "cat",
        "id": 275
    },
    {
        "name": "cat",
        "id": 276
    },
    {
        "name": "cat",
        "id": 277
    },
    {
        "name": "cat",
        "id": 278
    },
    {
        "name": "cat",
        "id": 279
    },
    {
        "name": "cat",
        "id": 280
    },
    {
        "name": "cat",
        "id": 281
    },
    {
        "name": "cat",
        "id": 282
    },
    {
        "name": "cat",
        "id": 283
    },
    {
        "name": "cat",
        "id": 284
    },
    {
        "name": "cat",
        "id": 285
    },
    {
        "name": "cat",
        "id": 286
    },
    {
        "name": "P",
        "id": 287
    }
]
  &amp#27;[32mGiven &amp#27;[0m&amp#27;[32mlist of pet types&amp#27;[0m                                  &amp#27;[90m# tuichalange.steps.PetTypesSteps.listOfPetTypes()&amp#27;[0m
Request method:	POST
Request URI:	http://localhost:9966/petclinic/api/pettypes
Proxy:			<none>
Request params:	<none>
Query params:	<none>
Form params:	<none>
Path params:	<none>
Headers:		Accept=*/*
				Content-Type=application/json
Cookies:		<none>
Multiparts:		<none>
Body:
{
    "name": "testPet",
    "id": null
}
HTTP/1.1 201 
Vary: Origin
Vary: Access-Control-Request-Method
Vary: Access-Control-Request-Headers
Location: /api/pettypes/288
X-Content-Type-Options: nosniff
X-XSS-Protection: 0
Cache-Control: no-cache, no-store, max-age=0, must-revalidate
Pragma: no-cache
Expires: 0
X-Frame-Options: DENY
Content-Type: application/json
Transfer-Encoding: chunked
Date: Sat, 20 Jan 2024 15:33:23 GMT
Keep-Alive: timeout=60
Connection: keep-alive

{
    "name": "testPet",
    "id": 288
}
  &amp#27;[32mWhen &amp#27;[0m&amp#27;[32muser creates pet type with name &amp#27;[0m&amp#27;[32m&amp#27;[1mtestPet&amp#27;[0m             &amp#27;[90m# tuichalange.steps.PetTypesSteps.userCreatesPetType(java.lang.String)&amp#27;[0m
Request method:	GET
Request URI:	http://localhost:9966/petclinic/api/pettypes
Proxy:			<none>
Request params:	<none>
Query params:	<none>
Form params:	<none>
Path params:	<none>
Headers:		Accept=*/*
				Content-Type=application/json
Cookies:		<none>
Multiparts:		<none>
Body:			<none>
HTTP/1.1 200 
Vary: Origin
Vary: Access-Control-Request-Method
Vary: Access-Control-Request-Headers
X-Content-Type-Options: nosniff
X-XSS-Protection: 0
Cache-Control: no-cache, no-store, max-age=0, must-revalidate
Pragma: no-cache
Expires: 0
X-Frame-Options: DENY
Content-Type: application/json
Transfer-Encoding: chunked
Date: Sat, 20 Jan 2024 15:33:23 GMT
Keep-Alive: timeout=60
Connection: keep-alive

[
    {
        "name": "cat",
        "id": 1
    },
    {
        "name": "Leo",
        "id": 2
    },
    {
        "name": "lizard",
        "id": 3
    },
    {
        "name": "snake",
        "id": 4
    },
    {
        "name": "bird",
        "id": 5
    },
    {
        "name": "hamster",
        "id": 6
    },
    {
        "name": "P",
        "id": 7
    },
    {
        "name": "testPet",
        "id": 8
    },
    {
        "name": "123",
        "id": 9
    },
    {
        "name": "testPet_!$%@/123",
        "id": 10
    },
    {
        "name": "testnamewith80charstestnamewith80charstestnamewith80charstestnamewith80charstest",
        "id": 11
    },
    {
        "name": "testPetType",
        "id": 13
    },
    {
        "name": "testPet2",
        "id": 14
    },
    {
        "name": "T",
        "id": 15
    },
    {
        "name": "1234",
        "id": 16
    },
    {
        "name": "testPet_!$%@/124",
        "id": 17
    },
    {
        "name": "testnamewith80charstestnamewith80charstestnamewith80charstestnamewith80charsteOO",
        "id": 18
    },
    {
        "name": "testPet",
        "id": 19
    },
    {
        "name": "testPet",
        "id": 20
    },
    {
        "name": "testPet",
        "id": 21
    },
    {
        "name": "P",
        "id": 22
    },
    {
        "name": "testPet",
        "id": 23
    },
    {
        "name": "123",
        "id": 24
    },
    {
        "name": "testPet_!$%@/123",
        "id": 25
    },
    {
        "name": "testnamewith80charstestnamewith80charstestnamewith80charstestnamewith80charstest",
        "id": 26
    },
    {
        "name": "testPetType",
        "id": 28
    },
    {
        "name": "testPet2",
        "id": 29
    },
    {
        "name": "T",
        "id": 30
    },
    {
        "name": "1234",
        "id": 31
    },
    {
        "name": "testPet_!$%@/124",
        "id": 32
    },
    {
        "name": "testnamewith80charstestnamewith80charstestnamewith80charstestnamewith80charsteOO",
        "id": 33
    },
    {
        "name": "testPet",
        "id": 34
    },
    {
        "name": "testPet",
        "id": 35
    },
    {
        "name": "testPet",
        "id": 36
    },
    {
        "name": "P",
        "id": 37
    },
    {
        "name": "testPet",
        "id": 38
    },
    {
        "name": "123",
        "id": 39
    },
    {
        "name": "testPet_!$%@/123",
        "id": 40
    },
    {
        "name": "testnamewith80charstestnamewith80charstestnamewith80charstestnamewith80charstest",
        "id": 41
    },
    {
        "name": "testPetType",
        "id": 43
    },
    {
        "name": "testPet2",
        "id": 44
    },
    {
        "name": "T",
        "id": 45
    },
    {
        "name": "1234",
        "id": 46
    },
    {
        "name": "testPet_!$%@/124",
        "id": 47
    },
    {
        "name": "testnamewith80charstestnamewith80charstestnamewith80charstestnamewith80charsteOO",
        "id": 48
    },
    {
        "name": "testPet",
        "id": 49
    },
    {
        "name": "testPet",
        "id": 50
    },
    {
        "name": "testPet",
        "id": 51
    },
    {
        "name": "P",
        "id": 52
    },
    {
        "name": "testPet",
        "id": 53
    },
    {
        "name": "123",
        "id": 54
    },
    {
        "name": "testPet_!$%@/123",
        "id": 55
    },
    {
        "name": "testnamewith80charstestnamewith80charstestnamewith80charstestnamewith80charstest",
        "id": 56
    },
    {
        "name": "cat",
        "id": 57
    },
    {
        "name": "cat",
        "id": 58
    },
    {
        "name": "cat",
        "id": 59
    },
    {
        "name": "cat",
        "id": 60
    },
    {
        "name": "cat",
        "id": 61
    },
    {
        "name": "cat",
        "id": 62
    },
    {
        "name": "cat",
        "id": 63
    },
    {
        "name": "cat",
        "id": 64
    },
    {
        "name": "cat",
        "id": 65
    },
    {
        "name": "cat",
        "id": 66
    },
    {
        "name": "cat",
        "id": 67
    },
    {
        "name": "cat",
        "id": 68
    },
    {
        "name": "cat",
        "id": 69
    },
    {
        "name": "cat",
        "id": 70
    },
    {
        "name": "cat",
        "id": 71
    },
    {
        "name": "cat",
        "id": 72
    },
    {
        "name": "cat",
        "id": 73
    },
    {
        "name": "cat",
        "id": 74
    },
    {
        "name": "cat",
        "id": 75
    },
    {
        "name": "cat",
        "id": 76
    },
    {
        "name": "cat",
        "id": 77
    },
    {
        "name": "cat",
        "id": 78
    },
    {
        "name": "cat",
        "id": 79
    },
    {
        "name": "cat",
        "id": 80
    },
    {
        "name": "cat",
        "id": 81
    },
    {
        "name": "cat",
        "id": 82
    },
    {
        "name": "cat",
        "id": 83
    },
    {
        "name": "cat",
        "id": 84
    },
    {
        "name": "cat",
        "id": 85
    },
    {
        "name": "cat",
        "id": 86
    },
    {
        "name": "cat",
        "id": 87
    },
    {
        "name": "cat",
        "id": 88
    },
    {
        "name": "cat",
        "id": 89
    },
    {
        "name": "cat",
        "id": 90
    },
    {
        "name": "cat",
        "id": 91
    },
    {
        "name": "cat",
        "id": 92
    },
    {
        "name": "cat",
        "id": 93
    },
    {
        "name": "cat",
        "id": 94
    },
    {
        "name": "cat",
        "id": 95
    },
    {
        "name": "cat",
        "id": 96
    },
    {
        "name": "cat",
        "id": 97
    },
    {
        "name": "cat",
        "id": 98
    },
    {
        "name": "cat",
        "id": 99
    },
    {
        "name": "cat",
        "id": 100
    },
    {
        "name": "cat",
        "id": 101
    },
    {
        "name": "cat",
        "id": 102
    },
    {
        "name": "cat",
        "id": 103
    },
    {
        "name": "cat",
        "id": 104
    },
    {
        "name": "cat",
        "id": 105
    },
    {
        "name": "cat",
        "id": 106
    },
    {
        "name": "cat",
        "id": 107
    },
    {
        "name": "cat",
        "id": 108
    },
    {
        "name": "cat",
        "id": 109
    },
    {
        "name": "cat",
        "id": 110
    },
    {
        "name": "cat",
        "id": 111
    },
    {
        "name": "cat",
        "id": 112
    },
    {
        "name": "cat",
        "id": 113
    },
    {
        "name": "cat",
        "id": 114
    },
    {
        "name": "cat",
        "id": 115
    },
    {
        "name": "cat",
        "id": 116
    },
    {
        "name": "cat",
        "id": 117
    },
    {
        "name": "cat",
        "id": 118
    },
    {
        "name": "cat",
        "id": 119
    },
    {
        "name": "cat",
        "id": 120
    },
    {
        "name": "cat",
        "id": 121
    },
    {
        "name": "cat",
        "id": 122
    },
    {
        "name": "cat",
        "id": 123
    },
    {
        "name": "cat",
        "id": 124
    },
    {
        "name": "cat",
        "id": 125
    },
    {
        "name": "cat",
        "id": 126
    },
    {
        "name": "cat",
        "id": 127
    },
    {
        "name": "cat",
        "id": 128
    },
    {
        "name": "cat",
        "id": 129
    },
    {
        "name": "cat",
        "id": 130
    },
    {
        "name": "cat",
        "id": 131
    },
    {
        "name": "cat",
        "id": 132
    },
    {
        "name": "cat",
        "id": 133
    },
    {
        "name": "cat",
        "id": 134
    },
    {
        "name": "cat",
        "id": 135
    },
    {
        "name": "cat",
        "id": 136
    },
    {
        "name": "cat",
        "id": 137
    },
    {
        "name": "cat",
        "id": 138
    },
    {
        "name": "cat",
        "id": 139
    },
    {
        "name": "cat",
        "id": 140
    },
    {
        "name": "cat",
        "id": 141
    },
    {
        "name": "cat",
        "id": 142
    },
    {
        "name": "cat",
        "id": 143
    },
    {
        "name": "cat",
        "id": 144
    },
    {
        "name": "cat",
        "id": 145
    },
    {
        "name": "cat",
        "id": 146
    },
    {
        "name": "cat",
        "id": 147
    },
    {
        "name": "cat",
        "id": 148
    },
    {
        "name": "cat",
        "id": 149
    },
    {
        "name": "cat",
        "id": 150
    },
    {
        "name": "cat",
        "id": 151
    },
    {
        "name": "cat",
        "id": 152
    },
    {
        "name": "cat",
        "id": 153
    },
    {
        "name": "cat",
        "id": 154
    },
    {
        "name": "cat",
        "id": 155
    },
    {
        "name": "cat",
        "id": 156
    },
    {
        "name": "cat",
        "id": 157
    },
    {
        "name": "cat",
        "id": 158
    },
    {
        "name": "cat",
        "id": 159
    },
    {
        "name": "cat",
        "id": 160
    },
    {
        "name": "cat",
        "id": 161
    },
    {
        "name": "cat",
        "id": 162
    },
    {
        "name": "cat",
        "id": 163
    },
    {
        "name": "cat",
        "id": 164
    },
    {
        "name": "cat",
        "id": 165
    },
    {
        "name": "cat",
        "id": 166
    },
    {
        "name": "cat",
        "id": 167
    },
    {
        "name": "cat",
        "id": 168
    },
    {
        "name": "cat",
        "id": 169
    },
    {
        "name": "cat",
        "id": 170
    },
    {
        "name": "cat",
        "id": 171
    },
    {
        "name": "cat",
        "id": 172
    },
    {
        "name": "cat",
        "id": 173
    },
    {
        "name": "cat",
        "id": 174
    },
    {
        "name": "cat",
        "id": 175
    },
    {
        "name": "cat",
        "id": 176
    },
    {
        "name": "cat",
        "id": 177
    },
    {
        "name": "cat",
        "id": 178
    },
    {
        "name": "cat",
        "id": 179
    },
    {
        "name": "cat",
        "id": 180
    },
    {
        "name": "cat",
        "id": 181
    },
    {
        "name": "cat",
        "id": 182
    },
    {
        "name": "cat",
        "id": 183
    },
    {
        "name": "cat",
        "id": 184
    },
    {
        "name": "cat",
        "id": 185
    },
    {
        "name": "cat",
        "id": 186
    },
    {
        "name": "cat",
        "id": 187
    },
    {
        "name": "cat",
        "id": 188
    },
    {
        "name": "cat",
        "id": 189
    },
    {
        "name": "cat",
        "id": 190
    },
    {
        "name": "cat",
        "id": 191
    },
    {
        "name": "cat",
        "id": 192
    },
    {
        "name": "cat",
        "id": 193
    },
    {
        "name": "cat",
        "id": 194
    },
    {
        "name": "cat",
        "id": 195
    },
    {
        "name": "cat",
        "id": 196
    },
    {
        "name": "cat",
        "id": 197
    },
    {
        "name": "cat",
        "id": 198
    },
    {
        "name": "cat",
        "id": 199
    },
    {
        "name": "cat",
        "id": 200
    },
    {
        "name": "cat",
        "id": 201
    },
    {
        "name": "cat",
        "id": 202
    },
    {
        "name": "cat",
        "id": 203
    },
    {
        "name": "cat",
        "id": 204
    },
    {
        "name": "cat",
        "id": 205
    },
    {
        "name": "cat",
        "id": 206
    },
    {
        "name": "cat",
        "id": 207
    },
    {
        "name": "cat",
        "id": 208
    },
    {
        "name": "cat",
        "id": 209
    },
    {
        "name": "cat",
        "id": 210
    },
    {
        "name": "cat",
        "id": 211
    },
    {
        "name": "cat",
        "id": 212
    },
    {
        "name": "cat",
        "id": 213
    },
    {
        "name": "cat",
        "id": 214
    },
    {
        "name": "cat",
        "id": 215
    },
    {
        "name": "cat",
        "id": 216
    },
    {
        "name": "cat",
        "id": 217
    },
    {
        "name": "cat",
        "id": 218
    },
    {
        "name": "cat",
        "id": 219
    },
    {
        "name": "cat",
        "id": 220
    },
    {
        "name": "cat",
        "id": 221
    },
    {
        "name": "cat",
        "id": 222
    },
    {
        "name": "cat",
        "id": 223
    },
    {
        "name": "cat",
        "id": 224
    },
    {
        "name": "cat",
        "id": 225
    },
    {
        "name": "cat",
        "id": 226
    },
    {
        "name": "cat",
        "id": 227
    },
    {
        "name": "cat",
        "id": 228
    },
    {
        "name": "cat",
        "id": 229
    },
    {
        "name": "cat",
        "id": 230
    },
    {
        "name": "cat",
        "id": 231
    },
    {
        "name": "cat",
        "id": 232
    },
    {
        "name": "cat",
        "id": 233
    },
    {
        "name": "cat",
        "id": 234
    },
    {
        "name": "cat",
        "id": 235
    },
    {
        "name": "cat",
        "id": 236
    },
    {
        "name": "cat",
        "id": 237
    },
    {
        "name": "cat",
        "id": 238
    },
    {
        "name": "cat",
        "id": 239
    },
    {
        "name": "cat",
        "id": 240
    },
    {
        "name": "cat",
        "id": 241
    },
    {
        "name": "cat",
        "id": 242
    },
    {
        "name": "cat",
        "id": 243
    },
    {
        "name": "cat",
        "id": 244
    },
    {
        "name": "cat",
        "id": 245
    },
    {
        "name": "cat",
        "id": 246
    },
    {
        "name": "cat",
        "id": 247
    },
    {
        "name": "cat",
        "id": 248
    },
    {
        "name": "cat",
        "id": 249
    },
    {
        "name": "cat",
        "id": 250
    },
    {
        "name": "cat",
        "id": 251
    },
    {
        "name": "cat",
        "id": 252
    },
    {
        "name": "cat",
        "id": 253
    },
    {
        "name": "cat",
        "id": 254
    },
    {
        "name": "cat",
        "id": 255
    },
    {
        "name": "cat",
        "id": 256
    },
    {
        "name": "cat",
        "id": 257
    },
    {
        "name": "cat",
        "id": 258
    },
    {
        "name": "cat",
        "id": 259
    },
    {
        "name": "cat",
        "id": 260
    },
    {
        "name": "cat",
        "id": 261
    },
    {
        "name": "cat",
        "id": 262
    },
    {
        "name": "cat",
        "id": 263
    },
    {
        "name": "cat",
        "id": 264
    },
    {
        "name": "cat",
        "id": 265
    },
    {
        "name": "cat",
        "id": 266
    },
    {
        "name": "cat",
        "id": 267
    },
    {
        "name": "cat",
        "id": 268
    },
    {
        "name": "cat",
        "id": 269
    },
    {
        "name": "cat",
        "id": 270
    },
    {
        "name": "cat",
        "id": 271
    },
    {
        "name": "cat",
        "id": 272
    },
    {
        "name": "cat",
        "id": 273
    },
    {
        "name": "cat",
        "id": 274
    },
    {
        "name": "cat",
        "id": 275
    },
    {
        "name": "cat",
        "id": 276
    },
    {
        "name": "cat",
        "id": 277
    },
    {
        "name": "cat",
        "id": 278
    },
    {
        "name": "cat",
        "id": 279
    },
    {
        "name": "cat",
        "id": 280
    },
    {
        "name": "cat",
        "id": 281
    },
    {
        "name": "cat",
        "id": 282
    },
    {
        "name": "cat",
        "id": 283
    },
    {
        "name": "cat",
        "id": 284
    },
    {
        "name": "cat",
        "id": 285
    },
    {
        "name": "cat",
        "id": 286
    },
    {
        "name": "P",
        "id": 287
    },
    {
        "name": "testPet",
        "id": 288
    }
]
  &amp#27;[32mThen &amp#27;[0m&amp#27;[32mnew pet type is present in pet types list&amp#27;[0m           &amp#27;[90m# tuichalange.steps.PetTypesSteps.newPetTypeNameIsPresentInPetTypesList()&amp#27;[0m
]]></system-out>
  </testcase>
  <testcase name="Example #1.2" classname="Examples" time="0.0">
    <skipped message="&apos;cucumber.filter.tags=@Smoke&apos; did not match this scenario"/>
  </testcase>
  <testcase name="Example #1.2" classname="Examples" time="0.0">
    <skipped message="&apos;cucumber.filter.tags=@Smoke&apos; did not match this scenario"/>
  </testcase>
  <testcase name="Example #1.2" classname="Examples" time="0.0">
    <skipped message="&apos;cucumber.filter.tags=@Smoke&apos; did not match this scenario"/>
  </testcase>
  <testcase name="Example #1.3" classname="Examples" time="0.171">
    <system-out><![CDATA[
@Smoke
Scenario Outline: New owner is created successfully with first name    &amp#27;[90m# src/test/resources/tuichalange/features/owner/createOwnerTests.feature:12&amp#27;[0m
Request method:	GET
Request URI:	http://localhost:9966/petclinic/api/owners
Proxy:			<none>
Request params:	<none>
Query params:	<none>
Form params:	<none>
Path params:	<none>
Headers:		Accept=*/*
				Content-Type=application/json
Cookies:		<none>
Multiparts:		<none>
Body:			<none>
HTTP/1.1 200 
Vary: Origin
Vary: Access-Control-Request-Method
Vary: Access-Control-Request-Headers
X-Content-Type-Options: nosniff
X-XSS-Protection: 0
Cache-Control: no-cache, no-store, max-age=0, must-revalidate
Pragma: no-cache
Expires: 0
X-Frame-Options: DENY
Content-Type: application/json
Transfer-Encoding: chunked
Date: Sat, 20 Jan 2024 15:33:23 GMT
Keep-Alive: timeout=60
Connection: keep-alive

[
    {
        "firstName": "George",
        "lastName": "Franklin",
        "address": "110 W. Liberty St.",
        "city": "Madison",
        "telephone": "6085551023",
        "id": 1,
        "pets": [
            {
                "name": "Leo",
                "birthDate": "2010-09-07",
                "type": {
                    "name": "cat",
                    "id": 1
                },
                "id": 1,
                "ownerId": 1,
                "visits": [
                    
                ]
            },
            {
                "name": "Leo",
                "birthDate": "2024-01-19",
                "type": {
                    "name": "cat",
                    "id": 1
                },
                "id": 15,
                "ownerId": 1,
                "visits": [
                    
                ]
            }
        ]
    },
    {
        "firstName": "Georgee",
        "lastName": "Franklinn",
        "address": "110 W. Liberty St.1",
        "city": "Madison1",
        "telephone": "6085551024",
        "id": 2,
        "pets": [
            {
                "name": "Basil",
                "birthDate": "2012-08-06",
                "type": {
                    "name": "hamster",
                    "id": 6
                },
                "id": 2,
                "ownerId": 2,
                "visits": [
                    
                ]
            }
        ]
    },
    {
        "firstName": "Eduardo",
        "lastName": "Rodriquez",
        "address": "2693 Commerce St.",
        "city": "McFarland",
        "telephone": "6085558763",
        "id": 3,
        "pets": [
            {
                "name": "Jewel",
                "birthDate": "2010-03-07",
                "type": {
                    "name": "Leo",
                    "id": 2
                },
                "id": 4,
                "ownerId": 3,
                "visits": [
                    
                ]
            },
            {
                "name": "Rosy",
                "birthDate": "2011-04-17",
                "type": {
                    "name": "Leo",
                    "id": 2
                },
                "id": 3,
                "ownerId": 3,
                "visits": [
                    
                ]
            }
        ]
    },
    {
        "firstName": "Harold",
        "lastName": "Davis",
        "address": "563 Friendly St.",
        "city": "Windsor",
        "telephone": "6085553198",
        "id": 4,
        "pets": [
            {
                "name": "Iggy",
                "birthDate": "2010-11-30",
                "type": {
                    "name": "lizard",
                    "id": 3
                },
                "id": 5,
                "ownerId": 4,
                "visits": [
                    
                ]
            }
        ]
    },
    {
        "firstName": "Peter",
        "lastName": "McTavish",
        "address": "2387 S. Fair Way",
        "city": "Madison",
        "telephone": "6085552765",
        "id": 5,
        "pets": [
            {
                "name": "George",
                "birthDate": "2010-01-20",
                "type": {
                    "name": "snake",
                    "id": 4
                },
                "id": 6,
                "ownerId": 5,
                "visits": [
                    
                ]
            }
        ]
    },
    {
        "firstName": "Jean",
        "lastName": "Coleman",
        "address": "105 N. Lake St.",
        "city": "Monona",
        "telephone": "6085552654",
        "id": 6,
        "pets": [
            {
                "name": "Max",
                "birthDate": "2012-09-04",
                "type": {
                    "name": "cat",
                    "id": 1
                },
                "id": 8,
                "ownerId": 6,
                "visits": [
                    {
                        "date": "2013-01-03",
                        "description": "neutered",
                        "id": 3,
                        "petId": null
                    },
                    {
                        "date": "2013-01-02",
                        "description": "rabies shot",
                        "id": 2,
                        "petId": null
                    }
                ]
            },
            {
                "name": "Samantha",
                "birthDate": "2012-09-04",
                "type": {
                    "name": "cat",
                    "id": 1
                },
                "id": 7,
                "ownerId": 6,
                "visits": [
                    {
                        "date": "2013-01-04",
                        "description": "spayed",
                        "id": 4,
                        "petId": null
                    },
                    {
                        "date": "2013-01-01",
                        "description": "rabies shot",
                        "id": 1,
                        "petId": null
                    }
                ]
            }
        ]
    },
    {
        "firstName": "Jeff",
        "lastName": "Black",
        "address": "1450 Oak Blvd.",
        "city": "Monona",
        "telephone": "6085555387",
        "id": 7,
        "pets": [
            {
                "name": "Lucky",
                "birthDate": "2011-08-06",
                "type": {
                    "name": "bird",
                    "id": 5
                },
                "id": 9,
                "ownerId": 7,
                "visits": [
                    
                ]
            }
        ]
    },
    {
        "firstName": "Maria",
        "lastName": "Escobito",
        "address": "345 Maple St.",
        "city": "Madison",
        "telephone": "6085557683",
        "id": 8,
        "pets": [
            {
                "name": "Mulligan",
                "birthDate": "2007-02-24",
                "type": {
                    "name": "Leo",
                    "id": 2
                },
                "id": 10,
                "ownerId": 8,
                "visits": [
                    
                ]
            }
        ]
    },
    {
        "firstName": "David",
        "lastName": "Schroeder",
        "address": "2749 Blackhawk Trail",
        "city": "Madison",
        "telephone": "6085559435",
        "id": 9,
        "pets": [
            {
                "name": "Freddy",
                "birthDate": "2010-03-09",
                "type": {
                    "name": "bird",
                    "id": 5
                },
                "id": 11,
                "ownerId": 9,
                "visits": [
                    
                ]
            }
        ]
    },
    {
        "firstName": "Carlos",
        "lastName": "Estaban",
        "address": "2335 Independence La.",
        "city": "Waunakee",
        "telephone": "6085555487",
        "id": 10,
        "pets": [
            {
                "name": "Lucky",
                "birthDate": "2010-06-24",
                "type": {
                    "name": "Leo",
                    "id": 2
                },
                "id": 12,
                "ownerId": 10,
                "visits": [
                    
                ]
            },
            {
                "name": "Sly",
                "birthDate": "2012-06-08",
                "type": {
                    "name": "cat",
                    "id": 1
                },
                "id": 13,
                "ownerId": 10,
                "visits": [
                    
                ]
            }
        ]
    },
    {
        "firstName": "FNcbXOq",
        "lastName": "LNTalqx",
        "address": "Address: e1FDM",
        "city": "City: QeshG",
        "telephone": "91624141",
        "id": 11,
        "pets": [
            {
                "name": "A",
                "birthDate": "2022-09-09",
                "type": {
                    "name": "cat",
                    "id": 1
                },
                "id": 16,
                "ownerId": 11,
                "visits": [
                    
                ]
            }
        ]
    },
    {
        "firstName": "FNgGdZm",
        "lastName": "LNfQpnI",
        "address": "Address: 0Zjvd",
        "city": "City: Y4TUj",
        "telephone": "52375567",
        "id": 12,
        "pets": [
            {
                "name": "A",
                "birthDate": "2022-09-09",
                "type": {
                    "name": "cat",
                    "id": 1
                },
                "id": 17,
                "ownerId": 12,
                "visits": [
                    
                ]
            }
        ]
    },
    {
        "firstName": "FNQVxtW",
        "lastName": "LNijDZJ",
        "address": "Address: QJBbK",
        "city": "City: ZIN3e",
        "telephone": "04606374",
        "id": 13,
        "pets": [
            
        ]
    },
    {
        "firstName": "FNtECYi",
        "lastName": "LNqsmcq",
        "address": "Address: i0KTW",
        "city": "City: YOiSl",
        "telephone": "34297126",
        "id": 14,
        "pets": [
            {
                "name": "A",
                "birthDate": "2022-09-09",
                "type": {
                    "name": "cat",
                    "id": 1
                },
                "id": 18,
                "ownerId": 14,
                "visits": [
                    
                ]
            }
        ]
    },
    {
        "firstName": "FNyluuV",
        "lastName": "LNmDlGp",
        "address": "Address: fKAO5",
        "city": "City: MVAeN",
        "telephone": "98182086",
        "id": 15,
        "pets": [
            {
                "name": "John",
                "birthDate": "2022-09-09",
                "type": {
                    "name": "cat",
                    "id": 1
                },
                "id": 19,
                "ownerId": 15,
                "visits": [
                    
                ]
            }
        ]
    },
    {
        "firstName": "FNypEUb",
        "lastName": "LNKWLEj",
        "address": "Address: 8CWUV",
        "city": "City: Z5E8K",
        "telephone": "13111097",
        "id": 16,
        "pets": [
            {
                "name": "ThirtyCharsTestNametesttestte",
                "birthDate": "2022-09-09",
                "type": {
                    "name": "cat",
                    "id": 1
                },
                "id": 20,
                "ownerId": 16,
                "visits": [
                    
                ]
            }
        ]
    },
    {
        "firstName": "FNyisHR",
        "lastName": "LNygzBW",
        "address": "Address: k7c02",
        "city": "City: q6bES",
        "telephone": "09609529",
        "id": 17,
        "pets": [
            {
                "name": "test_*()&^%$#@!?/",
                "birthDate": "2022-09-09",
                "type": {
                    "name": "cat",
                    "id": 1
                },
                "id": 21,
                "ownerId": 17,
                "visits": [
                    
                ]
            }
        ]
    },
    {
        "firstName": "FNJcWvr",
        "lastName": "LNMcSTH",
        "address": "Address: 50zuT",
        "city": "City: VenoJ",
        "telephone": "44467273",
        "id": 18,
        "pets": [
            {
                "name": "test_*()&^%$#@!?/",
                "birthDate": "2022-09-09",
                "type": {
                    "name": "cat",
                    "id": 1
                },
                "id": 22,
                "ownerId": 18,
                "visits": [
                    
                ]
            }
        ]
    },
    {
        "firstName": "FNyEVfu",
        "lastName": "LNakCFB",
        "address": "Address: DA6Me",
        "city": "City: 1JgGo",
        "telephone": "76398157",
        "id": 19,
        "pets": [
            {
                "name": "test_*()&^%$#@!?/",
                "birthDate": "2022-09-09",
                "type": {
                    "name": "cat",
                    "id": 1
                },
                "id": 23,
                "ownerId": 19,
                "visits": [
                    
                ]
            }
        ]
    },
    {
        "firstName": "FNPJsCr",
        "lastName": "LNBnDVR",
        "address": "Address: jNlsd",
        "city": "City: L53y4",
        "telephone": "94319532",
        "id": 20,
        "pets": [
            
        ]
    },
    {
        "firstName": "FNIGHFq",
        "lastName": "LNjStmf",
        "address": "Address: 8OmzF",
        "city": "City: iplQ4",
        "telephone": "10514807",
        "id": 21,
        "pets": [
            
        ]
    },
    {
        "firstName": "FNAklpN",
        "lastName": "LNcVsrO",
        "address": "Address: epr6z",
        "city": "City: diZWm",
        "telephone": "46987062",
        "id": 22,
        "pets": [
            {
                "name": "FxbWo",
                "birthDate": "2022-09-09",
                "type": {
                    "name": "cat",
                    "id": 1
                },
                "id": 24,
                "ownerId": 22,
                "visits": [
                    
                ]
            }
        ]
    },
    {
        "firstName": "FNNEcev",
        "lastName": "LNMamev",
        "address": "Address: DgnWG",
        "city": "City: 8IFp2",
        "telephone": "20562013",
        "id": 23,
        "pets": [
            
        ]
    },
    {
        "firstName": "FNQegWX",
        "lastName": "LNmMdmx",
        "address": "Address: 30U8b",
        "city": "City: DrS5k",
        "telephone": "00714539",
        "id": 24,
        "pets": [
            
        ]
    },
    {
        "firstName": "FNGklke",
        "lastName": "LNgjhcR",
        "address": "Address: Tsn9a",
        "city": "City: HITGd",
        "telephone": "75972656",
        "id": 25,
        "pets": [
            
        ]
    },
    {
        "firstName": "FNoisAU",
        "lastName": "LNUDdlI",
        "address": "Address: LpbwN",
        "city": "City: 5iDdo",
        "telephone": "25436323",
        "id": 26,
        "pets": [
            
        ]
    },
    {
        "firstName": "FNXkWkm",
        "lastName": "LNraoyE",
        "address": "Address: siTuX",
        "city": "City: z03KU",
        "telephone": "44121082",
        "id": 27,
        "pets": [
            
        ]
    },
    {
        "firstName": "FNCwnIH",
        "lastName": "LNJJNpO",
        "address": "Address: 2Aqt6",
        "city": "City: 0JFrl",
        "telephone": "68567852",
        "id": 28,
        "pets": [
            
        ]
    },
    {
        "firstName": "FNfryGx",
        "lastName": "LNoCrZc",
        "address": "Address: i1e4p",
        "city": "City: PDbUY",
        "telephone": "29696712",
        "id": 29,
        "pets": [
            
        ]
    },
    {
        "firstName": "FNQTkBA",
        "lastName": "LNQKTjv",
        "address": "Address: mpQKo",
        "city": "City: tagRS",
        "telephone": "45486684",
        "id": 30,
        "pets": [
            
        ]
    },
    {
        "firstName": "FNQupPS",
        "lastName": "LNizbof",
        "address": "Address: HLyzb",
        "city": "City: fw2CY",
        "telephone": "85605695",
        "id": 31,
        "pets": [
            
        ]
    },
    {
        "firstName": "FNEKlfa",
        "lastName": "LNXZbrn",
        "address": "Address: tuNNp",
        "city": "City: vqhKb",
        "telephone": "87195299",
        "id": 32,
        "pets": [
            
        ]
    },
    {
        "firstName": "FNtdccc",
        "lastName": "LNSKnuO",
        "address": "Address: 4AaNh",
        "city": "City: ZeClw",
        "telephone": "90400708",
        "id": 33,
        "pets": [
            {
                "name": "oaNNz",
                "birthDate": "2022-09-09",
                "type": {
                    "name": "cat",
                    "id": 1
                },
                "id": 26,
                "ownerId": 33,
                "visits": [
                    
                ]
            }
        ]
    },
    {
        "firstName": "FNaEPFP",
        "lastName": "LNsZnpO",
        "address": "Address: FKP1S",
        "city": "City: KiaJW",
        "telephone": "73390020",
        "id": 34,
        "pets": [
            {
                "name": "HtdBe",
                "birthDate": "2022-09-09",
                "type": {
                    "name": "cat",
                    "id": 1
                },
                "id": 27,
                "ownerId": 34,
                "visits": [
                    
                ]
            }
        ]
    },
    {
        "firstName": "FNBaIbI",
        "lastName": "LNocXRK",
        "address": "Address: KLsxu",
        "city": "City: Wpx4k",
        "telephone": "98731327",
        "id": 35,
        "pets": [
            {
                "name": "efEZj",
                "birthDate": "2022-09-09",
                "type": {
                    "name": "cat",
                    "id": 1
                },
                "id": 28,
                "ownerId": 35,
                "visits": [
                    
                ]
            }
        ]
    },
    {
        "firstName": "FNHKjvC",
        "lastName": "LNiRnpT",
        "address": "Address: pAkki",
        "city": "City: z7mhU",
        "telephone": "39517305",
        "id": 36,
        "pets": [
            {
                "name": "qPaMV",
                "birthDate": "2022-09-09",
                "type": {
                    "name": "cat",
                    "id": 1
                },
                "id": 29,
                "ownerId": 36,
                "visits": [
                    
                ]
            }
        ]
    },
    {
        "firstName": "FNYspmv",
        "lastName": "LNgLPJO",
        "address": "Address: WhovE",
        "city": "City: lho3H",
        "telephone": "38121637",
        "id": 37,
        "pets": [
            {
                "name": "boOZI",
                "birthDate": "2022-09-09",
                "type": {
                    "name": "cat",
                    "id": 1
                },
                "id": 30,
                "ownerId": 37,
                "visits": [
                    
                ]
            }
        ]
    },
    {
        "firstName": "FNewqHb",
        "lastName": "LNALyDC",
        "address": "Address: VeXik",
        "city": "City: oXX4h",
        "telephone": "01086701",
        "id": 38,
        "pets": [
            
        ]
    },
    {
        "firstName": "FNmULKH",
        "lastName": "LNMABIB",
        "address": "Address: ltEfQ",
        "city": "City: y0Fec",
        "telephone": "38408682",
        "id": 39,
        "pets": [
            {
                "name": "qdfpA",
                "birthDate": "2022-09-09",
                "type": {
                    "name": "cat",
                    "id": 1
                },
                "id": 31,
                "ownerId": 39,
                "visits": [
                    
                ]
            }
        ]
    },
    {
        "firstName": "FNlQXRG",
        "lastName": "LNVsOPO",
        "address": "Address: wH73Z",
        "city": "City: Ff00M",
        "telephone": "32848181",
        "id": 40,
        "pets": [
            {
                "name": "MOqkA",
                "birthDate": "2022-09-09",
                "type": {
                    "name": "cat",
                    "id": 1
                },
                "id": 32,
                "ownerId": 40,
                "visits": [
                    
                ]
            }
        ]
    },
    {
        "firstName": "FNQvluw",
        "lastName": "LNEgNBn",
        "address": "Address: oBO1a",
        "city": "City: XKOdd",
        "telephone": "15537673",
        "id": 41,
        "pets": [
            {
                "name": "OfSdq",
                "birthDate": "2022-09-09",
                "type": {
                    "name": "cat",
                    "id": 1
                },
                "id": 33,
                "ownerId": 41,
                "visits": [
                    
                ]
            }
        ]
    },
    {
        "firstName": "FNOEdRx",
        "lastName": "LNcjwhJ",
        "address": "Address: iGhvp",
        "city": "City: 4mX8E",
        "telephone": "05893702",
        "id": 42,
        "pets": [
            {
                "name": "jdMVr",
                "birthDate": "2022-09-09",
                "type": {
                    "name": "cat",
                    "id": 1
                },
                "id": 34,
                "ownerId": 42,
                "visits": [
                    
                ]
            }
        ]
    },
    {
        "firstName": "FNehFco",
        "lastName": "LNFiAqT",
        "address": "Address: x92Qk",
        "city": "City: dNdsR",
        "telephone": "27847042",
        "id": 43,
        "pets": [
            {
                "name": "taZVA",
                "birthDate": "2022-09-09",
                "type": {
                    "name": "cat",
                    "id": 1
                },
                "id": 35,
                "ownerId": 43,
                "visits": [
                    
                ]
            }
        ]
    },
    {
        "firstName": "FNaWaOH",
        "lastName": "LNwUEpc",
        "address": "Address: 5lIT6",
        "city": "City: eCxc8",
        "telephone": "49832368",
        "id": 44,
        "pets": [
            {
                "name": "UhdbF",
                "birthDate": "2022-09-09",
                "type": {
                    "name": "cat",
                    "id": 1
                },
                "id": 36,
                "ownerId": 44,
                "visits": [
                    
                ]
            }
        ]
    },
    {
        "firstName": "FNAduuC",
        "lastName": "LNdupfp",
        "address": "Address: wt9dK",
        "city": "City: 3ujp0",
        "telephone": "60790746",
        "id": 45,
        "pets": [
            {
                "name": "Leo",
                "birthDate": "2024-01-20",
                "type": {
                    "name": "cat",
                    "id": 1
                },
                "id": 37,
                "ownerId": 45,
                "visits": [
                    
                ]
            }
        ]
    },
    {
        "firstName": "FNltaoN",
        "lastName": "LNpyCrK",
        "address": "Address: mJjGG",
        "city": "City: pvByq",
        "telephone": "12868843",
        "id": 46,
        "pets": [
            {
                "name": "TKceJ",
                "birthDate": "2022-09-09",
                "type": {
                    "name": "cat",
                    "id": 1
                },
                "id": 42,
                "ownerId": 46,
                "visits": [
                    
                ]
            }
        ]
    },
    {
        "firstName": "FNzgbek",
        "lastName": "LNkosQH",
        "address": "Address: 6Vlc8",
        "city": "City: WZyU0",
        "telephone": "55053313",
        "id": 47,
        "pets": [
            {
                "name": "A",
                "birthDate": "2022-09-09",
                "type": {
                    "name": "cat",
                    "id": 1
                },
                "id": 43,
                "ownerId": 47,
                "visits": [
                    
                ]
            }
        ]
    },
    {
        "firstName": "FNqbAPd",
        "lastName": "LNxKDSj",
        "address": "Address: Cg47c",
        "city": "City: a1UHb",
        "telephone": "22811952",
        "id": 48,
        "pets": [
            {
                "name": "John",
                "birthDate": "2022-09-09",
                "type": {
                    "name": "cat",
                    "id": 1
                },
                "id": 44,
                "ownerId": 48,
                "visits": [
                    
                ]
            }
        ]
    },
    {
        "firstName": "FNWulKh",
        "lastName": "LNFXytC",
        "address": "Address: lY8jD",
        "city": "City: C5PQS",
        "telephone": "26511185",
        "id": 49,
        "pets": [
            {
                "name": "ThirtyCharsTestNametesttestte",
                "birthDate": "2022-09-09",
                "type": {
                    "name": "cat",
                    "id": 1
                },
                "id": 45,
                "ownerId": 49,
                "visits": [
                    
                ]
            }
        ]
    },
    {
        "firstName": "FNJJKZt",
        "lastName": "LNlYuMz",
        "address": "Address: ETroF",
        "city": "City: Re8zP",
        "telephone": "55605082",
        "id": 50,
        "pets": [
            {
                "name": "test_*()&^%$#@!?/",
                "birthDate": "2022-09-09",
                "type": {
                    "name": "cat",
                    "id": 1
                },
                "id": 46,
                "ownerId": 50,
                "visits": [
                    
                ]
            }
        ]
    },
    {
        "firstName": "FNQJWMP",
        "lastName": "LNRUuEN",
        "address": "Address: 9dJIx",
        "city": "City: YLwu5",
        "telephone": "62137886",
        "id": 51,
        "pets": [
            {
                "name": "ckhUk",
                "birthDate": "2022-09-09",
                "type": {
                    "name": "cat",
                    "id": 1
                },
                "id": 47,
                "ownerId": 51,
                "visits": [
                    
                ]
            }
        ]
    },
    {
        "firstName": "FNUpJLg",
        "lastName": "LNlqMWS",
        "address": "Address: krdGh",
        "city": "City: I2tXQ",
        "telephone": "76572500",
        "id": 52,
        "pets": [
            {
                "name": "A",
                "birthDate": "2022-09-09",
                "type": {
                    "name": "cat",
                    "id": 1
                },
                "id": 48,
                "ownerId": 52,
                "visits": [
                    
                ]
            }
        ]
    },
    {
        "firstName": "FNRvaYv",
        "lastName": "LNOmhHt",
        "address": "Address: nPaWt",
        "city": "City: gXvlG",
        "telephone": "18664848",
        "id": 53,
        "pets": [
            {
                "name": "John",
                "birthDate": "2022-09-09",
                "type": {
                    "name": "cat",
                    "id": 1
                },
                "id": 49,
                "ownerId": 53,
                "visits": [
                    
                ]
            }
        ]
    },
    {
        "firstName": "FNttztn",
        "lastName": "LNBIusD",
        "address": "Address: POiSo",
        "city": "City: JHPOY",
        "telephone": "38295942",
        "id": 54,
        "pets": [
            {
                "name": "ThirtyCharsTestNametesttestte",
                "birthDate": "2022-09-09",
                "type": {
                    "name": "cat",
                    "id": 1
                },
                "id": 50,
                "ownerId": 54,
                "visits": [
                    
                ]
            }
        ]
    },
    {
        "firstName": "FNvhGFI",
        "lastName": "LNbQUqt",
        "address": "Address: x7sHu",
        "city": "City: EnxWp",
        "telephone": "17012054",
        "id": 55,
        "pets": [
            {
                "name": "test_*()&^%$#@!?/",
                "birthDate": "2022-09-09",
                "type": {
                    "name": "cat",
                    "id": 1
                },
                "id": 51,
                "ownerId": 55,
                "visits": [
                    
                ]
            }
        ]
    },
    {
        "firstName": "FNycmss",
        "lastName": "LNPthvV",
        "address": "Address: v0Dvo",
        "city": "City: yN34e",
        "telephone": "05574430",
        "id": 56,
        "pets": [
            {
                "name": "SxrCq",
                "birthDate": "2022-09-09",
                "type": {
                    "name": "cat",
                    "id": 1
                },
                "id": 52,
                "ownerId": 56,
                "visits": [
                    
                ]
            }
        ]
    },
    {
        "firstName": "FNBZsUN",
        "lastName": "LNBIxNH",
        "address": "Address: ECunv",
        "city": "City: VVuMj",
        "telephone": "78914774",
        "id": 57,
        "pets": [
            {
                "name": "A",
                "birthDate": "2022-09-09",
                "type": {
                    "name": "cat",
                    "id": 1
                },
                "id": 53,
                "ownerId": 57,
                "visits": [
                    
                ]
            }
        ]
    },
    {
        "firstName": "FNKKQEp",
        "lastName": "LNuhVXz",
        "address": "Address: mQpFV",
        "city": "City: zHPEF",
        "telephone": "87484307",
        "id": 58,
        "pets": [
            {
                "name": "John",
                "birthDate": "2022-09-09",
                "type": {
                    "name": "cat",
                    "id": 1
                },
                "id": 54,
                "ownerId": 58,
                "visits": [
                    
                ]
            }
        ]
    },
    {
        "firstName": "FNfJAXJ",
        "lastName": "LNbNVQH",
        "address": "Address: rLIwK",
        "city": "City: KPdzI",
        "telephone": "28726249",
        "id": 59,
        "pets": [
            {
                "name": "ThirtyCharsTestNametesttestte",
                "birthDate": "2022-09-09",
                "type": {
                    "name": "cat",
                    "id": 1
                },
                "id": 55,
                "ownerId": 59,
                "visits": [
                    
                ]
            }
        ]
    },
    {
        "firstName": "FNMGbPG",
        "lastName": "LNsgBXT",
        "address": "Address: UdmTs",
        "city": "City: wIQyY",
        "telephone": "26189408",
        "id": 60,
        "pets": [
            {
                "name": "test_*()&^%$#@!?/",
                "birthDate": "2022-09-09",
                "type": {
                    "name": "cat",
                    "id": 1
                },
                "id": 56,
                "ownerId": 60,
                "visits": [
                    
                ]
            }
        ]
    },
    {
        "firstName": "FNlGiBk",
        "lastName": "LNzyhQU",
        "address": "Address: E093I",
        "city": "City: lwtlc",
        "telephone": "61678258",
        "id": 61,
        "pets": [
            {
                "name": "sRaoC",
                "birthDate": "2022-09-09",
                "type": {
                    "name": "cat",
                    "id": 1
                },
                "id": 57,
                "ownerId": 61,
                "visits": [
                    
                ]
            }
        ]
    },
    {
        "firstName": "FNAwgsI",
        "lastName": "LNcTJLn",
        "address": "Address: tWeCc",
        "city": "City: Okmv6",
        "telephone": "89930487",
        "id": 62,
        "pets": [
            {
                "name": "iWNUX",
                "birthDate": "2022-09-09",
                "type": {
                    "name": "cat",
                    "id": 1
                },
                "id": 58,
                "ownerId": 62,
                "visits": [
                    
                ]
            }
        ]
    },
    {
        "firstName": "FNYpikI",
        "lastName": "LNpUbrB",
        "address": "Address: QjnPi",
        "city": "City: eboTd",
        "telephone": "28027358",
        "id": 63,
        "pets": [
            {
                "name": "zOCRL",
                "birthDate": "2022-09-09",
                "type": {
                    "name": "cat",
                    "id": 1
                },
                "id": 59,
                "ownerId": 63,
                "visits": [
                    
                ]
            }
        ]
    },
    {
        "firstName": "FNGHZCj",
        "lastName": "LNKpjwV",
        "address": "Address: ASvJy",
        "city": "City: tdoYZ",
        "telephone": "70883145",
        "id": 64,
        "pets": [
            {
                "name": "Ofcyx",
                "birthDate": "2022-09-09",
                "type": {
                    "name": "cat",
                    "id": 1
                },
                "id": 60,
                "ownerId": 64,
                "visits": [
                    
                ]
            }
        ]
    },
    {
        "firstName": "FNVfRFV",
        "lastName": "LNLxCMs",
        "address": "Address: QYWoR",
        "city": "City: 57Wun",
        "telephone": "75883037",
        "id": 65,
        "pets": [
            {
                "name": "vBwvQ",
                "birthDate": "2022-09-09",
                "type": {
                    "name": "cat",
                    "id": 1
                },
                "id": 61,
                "ownerId": 65,
                "visits": [
                    
                ]
            }
        ]
    },
    {
        "firstName": "FNuKSOU",
        "lastName": "LNfmQJY",
        "address": "Address: AxsWM",
        "city": "City: l8U3k",
        "telephone": "87253881",
        "id": 66,
        "pets": [
            {
                "name": "mWvCw",
                "birthDate": "2022-09-09",
                "type": {
                    "name": "cat",
                    "id": 1
                },
                "id": 66,
                "ownerId": 66,
                "visits": [
                    
                ]
            }
        ]
    },
    {
        "firstName": "FNquiVg",
        "lastName": "LNhhnCw",
        "address": "Address: PugLO",
        "city": "City: Hatny",
        "telephone": "88168206",
        "id": 67,
        "pets": [
            {
                "name": "tmXXi",
                "birthDate": "2022-09-09",
                "type": {
                    "name": "cat",
                    "id": 1
                },
                "id": 67,
                "ownerId": 67,
                "visits": [
                    
                ]
            }
        ]
    },
    {
        "firstName": "FNMRhMu",
        "lastName": "LNKvorN",
        "address": "Address: Ui5Ck",
        "city": "City: aJAQ0",
        "telephone": "08002350",
        "id": 68,
        "pets": [
            {
                "name": "jZEtE",
                "birthDate": "2022-09-09",
                "type": {
                    "name": "cat",
                    "id": 1
                },
                "id": 68,
                "ownerId": 68,
                "visits": [
                    
                ]
            }
        ]
    },
    {
        "firstName": "FNFOpUp",
        "lastName": "LNXHTWG",
        "address": "Address: gZIIL",
        "city": "City: 50nYx",
        "telephone": "62999564",
        "id": 69,
        "pets": [
            
        ]
    },
    {
        "firstName": "FNBAYun",
        "lastName": "LNTgqDk",
        "address": "Address: 3Ll7o",
        "city": "City: yMrcM",
        "telephone": "61021079",
        "id": 70,
        "pets": [
            {
                "name": "SkHnO",
                "birthDate": "2022-09-09",
                "type": {
                    "name": "cat",
                    "id": 1
                },
                "id": 73,
                "ownerId": 70,
                "visits": [
                    
                ]
            }
        ]
    },
    {
        "firstName": "FNOOUCl",
        "lastName": "LNbxWxK",
        "address": "Address: LZyCW",
        "city": "City: MZ8ap",
        "telephone": "03079794",
        "id": 71,
        "pets": [
            {
                "name": "QZjar",
                "birthDate": "2022-09-09",
                "type": {
                    "name": "cat",
                    "id": 1
                },
                "id": 74,
                "ownerId": 71,
                "visits": [
                    
                ]
            }
        ]
    },
    {
        "firstName": "FNGxdDS",
        "lastName": "LNDaPdB",
        "address": "Address: 8XcRN",
        "city": "City: YtlXO",
        "telephone": "39879673",
        "id": 72,
        "pets": [
            {
                "name": "KkbKh",
                "birthDate": "2022-09-09",
                "type": {
                    "name": "cat",
                    "id": 1
                },
                "id": 75,
                "ownerId": 72,
                "visits": [
                    
                ]
            }
        ]
    },
    {
        "firstName": "FNVufZq",
        "lastName": "LNEsDtk",
        "address": "Address: 8fOCo",
        "city": "City: uUZXy",
        "telephone": "42123542",
        "id": 73,
        "pets": [
            {
                "name": "FiDaf",
                "birthDate": "2022-09-09",
                "type": {
                    "name": "cat",
                    "id": 1
                },
                "id": 76,
                "ownerId": 73,
                "visits": [
                    
                ]
            }
        ]
    },
    {
        "firstName": "FNPtMSb",
        "lastName": "LNQvgsf",
        "address": "Address: 46uar",
        "city": "City: 1ts8S",
        "telephone": "15955454",
        "id": 74,
        "pets": [
            {
                "name": "EVyHE",
                "birthDate": "2022-09-09",
                "type": {
                    "name": "cat",
                    "id": 1
                },
                "id": 77,
                "ownerId": 74,
                "visits": [
                    
                ]
            }
        ]
    },
    {
        "firstName": "FNihCcB",
        "lastName": "LNivKlo",
        "address": "Address: ChMX0",
        "city": "City: v1FkC",
        "telephone": "71099135",
        "id": 75,
        "pets": [
            {
                "name": "gHMiw",
                "birthDate": "2022-09-09",
                "type": {
                    "name": "cat",
                    "id": 1
                },
                "id": 78,
                "ownerId": 75,
                "visits": [
                    
                ]
            }
        ]
    },
    {
        "firstName": "FNIKWlh",
        "lastName": "LNbiDun",
        "address": "Address: UpffK",
        "city": "City: tuyi2",
        "telephone": "50710045",
        "id": 76,
        "pets": [
            {
                "name": "A",
                "birthDate": "2022-09-09",
                "type": {
                    "name": "cat",
                    "id": 1
                },
                "id": 79,
                "ownerId": 76,
                "visits": [
                    
                ]
            }
        ]
    },
    {
        "firstName": "FNxsBPX",
        "lastName": "LNqToVp",
        "address": "Address: uC3Cp",
        "city": "City: nIMwd",
        "telephone": "18400557",
        "id": 77,
        "pets": [
            {
                "name": "John",
                "birthDate": "2022-09-09",
                "type": {
                    "name": "cat",
                    "id": 1
                },
                "id": 80,
                "ownerId": 77,
                "visits": [
                    
                ]
            }
        ]
    },
    {
        "firstName": "FNPRBEM",
        "lastName": "LNtJIsL",
        "address": "Address: SrS8n",
        "city": "City: oxcY1",
        "telephone": "58741105",
        "id": 78,
        "pets": [
            {
                "name": "ThirtyCharsTestNametesttestte",
                "birthDate": "2022-09-09",
                "type": {
                    "name": "cat",
                    "id": 1
                },
                "id": 81,
                "ownerId": 78,
                "visits": [
                    
                ]
            }
        ]
    },
    {
        "firstName": "FNItCgZ",
        "lastName": "LNeyZNs",
        "address": "Address: P0Qpa",
        "city": "City: MfWT2",
        "telephone": "25407600",
        "id": 79,
        "pets": [
            {
                "name": "test_*()&^%$#@!?/",
                "birthDate": "2022-09-09",
                "type": {
                    "name": "cat",
                    "id": 1
                },
                "id": 82,
                "ownerId": 79,
                "visits": [
                    
                ]
            }
        ]
    },
    {
        "firstName": "FNBQawy",
        "lastName": "LNZFRtz",
        "address": "Address: IYXMO",
        "city": "City: R4RvB",
        "telephone": "20118398",
        "id": 80,
        "pets": [
            {
                "name": "sDRnc",
                "birthDate": "2022-09-09",
                "type": {
                    "name": "cat",
                    "id": 1
                },
                "id": 83,
                "ownerId": 80,
                "visits": [
                    
                ]
            }
        ]
    },
    {
        "firstName": "FNvByVt",
        "lastName": "LNPUIGA",
        "address": "Address: JTib6",
        "city": "City: Qbxgm",
        "telephone": "18998636",
        "id": 81,
        "pets": [
            {
                "name": "nobYv",
                "birthDate": "2022-09-09",
                "type": {
                    "name": "cat",
                    "id": 1
                },
                "id": 84,
                "ownerId": 81,
                "visits": [
                    
                ]
            }
        ]
    },
    {
        "firstName": "FNjvYHt",
        "lastName": "LNrFYyZ",
        "address": "Address: 9UlBo",
        "city": "City: 7KlYW",
        "telephone": "09663944",
        "id": 82,
        "pets": [
            {
                "name": "WWgzh",
                "birthDate": "2022-09-09",
                "type": {
                    "name": "cat",
                    "id": 1
                },
                "id": 85,
                "ownerId": 82,
                "visits": [
                    
                ]
            }
        ]
    },
    {
        "firstName": "FNQwdNG",
        "lastName": "LNjueih",
        "address": "Address: Psx3q",
        "city": "City: lUor2",
        "telephone": "74689276",
        "id": 84,
        "pets": [
            
        ]
    },
    {
        "firstName": "A",
        "lastName": "LNBtxnF",
        "address": "Address: 9rMM8",
        "city": "City: T7Jdn",
        "telephone": "94208397",
        "id": 85,
        "pets": [
            
        ]
    },
    {
        "firstName": "John",
        "lastName": "LNwtKxm",
        "address": "Address: duhZZ",
        "city": "City: xgdmk",
        "telephone": "26210415",
        "id": 86,
        "pets": [
            
        ]
    },
    {
        "firstName": "ThirtyCharsTestNametesttestte",
        "lastName": "LNeYYFC",
        "address": "Address: iWOwp",
        "city": "City: lfZZ5",
        "telephone": "42536706",
        "id": 87,
        "pets": [
            
        ]
    },
    {
        "firstName": "FNxRJky",
        "lastName": "B",
        "address": "Address: 3LiNO",
        "city": "City: 4XvrW",
        "telephone": "10014086",
        "id": 88,
        "pets": [
            
        ]
    },
    {
        "firstName": "FNLJAco",
        "lastName": "Dou",
        "address": "Address: 6T5hE",
        "city": "City: MClKC",
        "telephone": "06428715",
        "id": 89,
        "pets": [
            
        ]
    },
    {
        "firstName": "FNEbTnZ",
        "lastName": "ThirtyCharsTestNametesttestte",
        "address": "Address: lO0pJ",
        "city": "City: uqB39",
        "telephone": "93370150",
        "id": 90,
        "pets": [
            
        ]
    },
    {
        "firstName": "FNLGwHZ",
        "lastName": "LNMKghz",
        "address": "A",
        "city": "City: h35SV",
        "telephone": "85146959",
        "id": 91,
        "pets": [
            
        ]
    },
    {
        "firstName": "FNwbliu",
        "lastName": "LNCTUsn",
        "address": "101 B. Down St, 1/2 &*%$#@",
        "city": "City: 8Bwxx",
        "telephone": "31225798",
        "id": 92,
        "pets": [
            
        ]
    },
    {
        "firstName": "FNXmEcX",
        "lastName": "LNgyuQR",
        "address": "twoHundredFiftyFifeCharsAddresstwoHundredFiftyFifeCharsAddresstwoHundredFiftyFifeCharsAddresstwoHundredFiftyFifeCharsAddresstwoHundredFiftyFifeCharsAddresstwoHundredFiftyFifeCharsAddresstwoHundredFiftyFifeCharsAddresstwoHundredFiftyFifeCharsAddresstwoHun",
        "city": "City: YdsEl",
        "telephone": "07271599",
        "id": 93,
        "pets": [
            
        ]
    },
    {
        "firstName": "FNBjyFe",
        "lastName": "LNwIaGE",
        "address": "Address: Pd1qX",
        "city": "A",
        "telephone": "97241130",
        "id": 94,
        "pets": [
            
        ]
    },
    {
        "firstName": "FNyIjms",
        "lastName": "LNubOwi",
        "address": "Address: dIxSn",
        "city": "Milton-Freewater (Oregon)",
        "telephone": "68984013",
        "id": 95,
        "pets": [
            
        ]
    },
    {
        "firstName": "FNMlhvT",
        "lastName": "LNlJMYI",
        "address": "Address: lAlQa",
        "city": "test 123 / &*%$#@",
        "telephone": "01049697",
        "id": 96,
        "pets": [
            
        ]
    },
    {
        "firstName": "FNtTOEH",
        "lastName": "LNBPGDK",
        "address": "Address: CwATC",
        "city": "EightyCharsTestCityEightyCharsTestCityEightyCharsTestCityEightyCharsTestCityyyy",
        "telephone": "94019958",
        "id": 97,
        "pets": [
            
        ]
    },
    {
        "firstName": "FNbwmLO",
        "lastName": "LNxpOGJ",
        "address": "Address: ISlY6",
        "city": "City: bEjDW",
        "telephone": "0",
        "id": 98,
        "pets": [
            
        ]
    },
    {
        "firstName": "FNwJXlh",
        "lastName": "LNxOdvi",
        "address": "Address: 3xi0P",
        "city": "City: AI8Cs",
        "telephone": "31507134",
        "id": 100,
        "pets": [
            
        ]
    },
    {
        "firstName": "FNLeJYa",
        "lastName": "LNoFrxu",
        "address": "Address: GsZE4",
        "city": "City: QDCWB",
        "telephone": "90012369",
        "id": 101,
        "pets": [
            {
                "name": "EhdKm",
                "birthDate": "2022-09-09",
                "type": {
                    "name": "cat",
                    "id": 1
                },
                "id": 87,
                "ownerId": 101,
                "visits": [
                    
                ]
            }
        ]
    },
    {
        "firstName": "FNWzeeo",
        "lastName": "LNrrNUi",
        "address": "Address: QkiZG",
        "city": "City: K5gfw",
        "telephone": "59482163",
        "id": 102,
        "pets": [
            
        ]
    },
    {
        "firstName": "FNQBvTP",
        "lastName": "Smith",
        "address": "Address: iuExZ",
        "city": "City: 6FpMs",
        "telephone": "15766142",
        "id": 103,
        "pets": [
            
        ]
    },
    {
        "firstName": "FNVSdqd",
        "lastName": "Smith",
        "address": "Address: 0o8VV",
        "city": "City: ox3sw",
        "telephone": "55252918",
        "id": 104,
        "pets": [
            
        ]
    },
    {
        "firstName": "A",
        "lastName": "LNsreoB",
        "address": "Address: zWFV1",
        "city": "City: epHtz",
        "telephone": "39725757",
        "id": 105,
        "pets": [
            
        ]
    },
    {
        "firstName": "John",
        "lastName": "LNBDPhi",
        "address": "Address: Ns8bX",
        "city": "City: yn3Sh",
        "telephone": "45336389",
        "id": 106,
        "pets": [
            
        ]
    },
    {
        "firstName": "ThirtyCharsTestNametesttestte",
        "lastName": "LNQFEMD",
        "address": "Address: tJgGe",
        "city": "City: 1hQUQ",
        "telephone": "60098415",
        "id": 107,
        "pets": [
            
        ]
    },
    {
        "firstName": "FNHjBjN",
        "lastName": "LNVWUBG",
        "address": "Address: JYxjZ",
        "city": "City: 80ptW",
        "telephone": "88905659",
        "id": 108,
        "pets": [
            
        ]
    },
    {
        "firstName": "FNGwGhS",
        "lastName": "LNtEGWX",
        "address": "Address: cU5Il",
        "city": "City: jWjHB",
        "telephone": "03858244",
        "id": 109,
        "pets": [
            
        ]
    },
    {
        "firstName": "FNEEbok",
        "lastName": "LNFWLGp",
        "address": "Address: QsELR",
        "city": "City: eyy6m",
        "telephone": "33280737",
        "id": 110,
        "pets": [
            
        ]
    },
    {
        "firstName": "FNEYTDg",
        "lastName": "LNFxpHb",
        "address": "Address: utl4N",
        "city": "City: 6Ofnj",
        "telephone": "73082224",
        "id": 111,
        "pets": [
            
        ]
    },
    {
        "firstName": "FNiVCub",
        "lastName": "B",
        "address": "Address: G2Ygx",
        "city": "City: fmAbY",
        "telephone": "55608953",
        "id": 112,
        "pets": [
            
        ]
    },
    {
        "firstName": "FNoWRDh",
        "lastName": "Dou",
        "address": "Address: VH6DM",
        "city": "City: LKnBj",
        "telephone": "45811468",
        "id": 113,
        "pets": [
            
        ]
    },
    {
        "firstName": "FNlOOMo",
        "lastName": "ThirtyCharsTestNametesttestte",
        "address": "Address: ONr0Y",
        "city": "City: stHhO",
        "telephone": "11526262",
        "id": 114,
        "pets": [
            
        ]
    },
    {
        "firstName": "FNlvuLy",
        "lastName": "LNUqVLQ",
        "address": "Address: Awnrm",
        "city": "City: KUSrE",
        "telephone": "11014557",
        "id": 115,
        "pets": [
            
        ]
    },
    {
        "firstName": "FNmukMN",
        "lastName": "LNYmosv",
        "address": "Address: z20CM",
        "city": "City: Fueny",
        "telephone": "08217741",
        "id": 116,
        "pets": [
            
        ]
    },
    {
        "firstName": "FNyeDBk",
        "lastName": "LNkfkWP",
        "address": "Address: NNa0x",
        "city": "City: MCo6s",
        "telephone": "04923483",
        "id": 117,
        "pets": [
            
        ]
    },
    {
        "firstName": "FNijNzH",
        "lastName": "LNTmGyp",
        "address": "Address: dkAP9",
        "city": "City: BRkwv",
        "telephone": "39859285",
        "id": 118,
        "pets": [
            
        ]
    },
    {
        "firstName": "FNsICWS",
        "lastName": "LNdvDhl",
        "address": "A",
        "city": "City: OKeC8",
        "telephone": "61337422",
        "id": 119,
        "pets": [
            
        ]
    },
    {
        "firstName": "FNUUJoH",
        "lastName": "LNwNxKJ",
        "address": "101 B. Down St, 1/2 &*%$#@",
        "city": "City: FBwct",
        "telephone": "11837875",
        "id": 120,
        "pets": [
            
        ]
    },
    {
        "firstName": "FNYvYQJ",
        "lastName": "LNkUfYu",
        "address": "twoHundredFiftyFifeCharsAddresstwoHundredFiftyFifeCharsAddresstwoHundredFiftyFifeCharsAddresstwoHundredFiftyFifeCharsAddresstwoHundredFiftyFifeCharsAddresstwoHundredFiftyFifeCharsAddresstwoHundredFiftyFifeCharsAddresstwoHundredFiftyFifeCharsAddresstwoHun",
        "city": "City: dOPH4",
        "telephone": "69798857",
        "id": 121,
        "pets": [
            
        ]
    },
    {
        "firstName": "FNBvwgU",
        "lastName": "LNfoRik",
        "address": "Address: hdSxk",
        "city": "City: azGpe",
        "telephone": "81625495",
        "id": 122,
        "pets": [
            
        ]
    },
    {
        "firstName": "FNeFCzm",
        "lastName": "LNVlfyN",
        "address": "Address: Jpg2M",
        "city": "City: qeITp",
        "telephone": "15782712",
        "id": 123,
        "pets": [
            
        ]
    },
    {
        "firstName": "FNjJJRd",
        "lastName": "LNatURq",
        "address": "Address: lmDur",
        "city": "City: ztBr3",
        "telephone": "05511184",
        "id": 124,
        "pets": [
            
        ]
    },
    {
        "firstName": "FNHzemi",
        "lastName": "LNwrFdO",
        "address": "Address: b51Hi",
        "city": "A",
        "telephone": "99990488",
        "id": 125,
        "pets": [
            
        ]
    },
    {
        "firstName": "FNjmdXM",
        "lastName": "LNFbdYT",
        "address": "Address: yhm5p",
        "city": "Milton-Freewater (Oregon)",
        "telephone": "81146317",
        "id": 126,
        "pets": [
            
        ]
    },
    {
        "firstName": "FNKOfdT",
        "lastName": "LNNsEkR",
        "address": "Address: uAcuQ",
        "city": "test 123 / &*%$#@",
        "telephone": "36756606",
        "id": 127,
        "pets": [
            
        ]
    },
    {
        "firstName": "FNwjsMW",
        "lastName": "LNdMJQS",
        "address": "Address: 2LhGC",
        "city": "EightyCharsTestCityEightyCharsTestCityEightyCharsTestCityEightyCharsTestCityyyy",
        "telephone": "12151950",
        "id": 128,
        "pets": [
            
        ]
    },
    {
        "firstName": "FNgFDlU",
        "lastName": "LNKeoTp",
        "address": "Address: 0kLU6",
        "city": "City: F0S2e",
        "telephone": "21987098",
        "id": 129,
        "pets": [
            
        ]
    },
    {
        "firstName": "FNLjVJE",
        "lastName": "LNYSEmx",
        "address": "Address: fnWHH",
        "city": "City: o1cik",
        "telephone": "32964923",
        "id": 130,
        "pets": [
            
        ]
    },
    {
        "firstName": "FNbzPPv",
        "lastName": "LNYLOtx",
        "address": "Address: 2LPfW",
        "city": "City: C9UgJ",
        "telephone": "93456124",
        "id": 131,
        "pets": [
            
        ]
    },
    {
        "firstName": "FNiqDzY",
        "lastName": "LNddQcn",
        "address": "Address: is8fb",
        "city": "City: baWIr",
        "telephone": "0",
        "id": 132,
        "pets": [
            
        ]
    },
    {
        "firstName": "FNfyBDF",
        "lastName": "LNVkKLx",
        "address": "Address: d2Eyv",
        "city": "City: QuANj",
        "telephone": "97219319",
        "id": 133,
        "pets": [
            
        ]
    },
    {
        "firstName": "FNrcYHu",
        "lastName": "LNzdySW",
        "address": "Address: EhFNq",
        "city": "City: QHwIl",
        "telephone": "76590813",
        "id": 134,
        "pets": [
            
        ]
    },
    {
        "firstName": "FNgweJK",
        "lastName": "LNTYmfT",
        "address": "Address: AreiE",
        "city": "City: rAIdw",
        "telephone": "51938006",
        "id": 135,
        "pets": [
            
        ]
    },
    {
        "firstName": "FNJQEXj",
        "lastName": "LNIFAIL",
        "address": "Address: Gf3ZZ",
        "city": "City: xgvQt",
        "telephone": "91898416",
        "id": 136,
        "pets": [
            
        ]
    },
    {
        "firstName": "FNDJsen",
        "lastName": "LNNnxMZ",
        "address": "Address: lO3YN",
        "city": "City: GiMXL",
        "telephone": "33736716",
        "id": 137,
        "pets": [
            
        ]
    },
    {
        "firstName": "FNPszGC",
        "lastName": "LNfkKeU",
        "address": "Address: yiQCv",
        "city": "City: Z84nk",
        "telephone": "00420107",
        "id": 138,
        "pets": [
            
        ]
    },
    {
        "firstName": "FNNCyNu",
        "lastName": "LNdLLuV",
        "address": "Address: kq53A",
        "city": "City: lafuJ",
        "telephone": "75008203",
        "id": 139,
        "pets": [
            
        ]
    },
    {
        "firstName": "FNycZhV",
        "lastName": "LNRODaN",
        "address": "Address: TlrF1",
        "city": "City: JGN76",
        "telephone": "19709034",
        "id": 140,
        "pets": [
            {
                "name": "A",
                "birthDate": "2022-09-09",
                "type": {
                    "name": "cat",
                    "id": 1
                },
                "id": 92,
                "ownerId": 140,
                "visits": [
                    
                ]
            }
        ]
    },
    {
        "firstName": "FNYWIDK",
        "lastName": "LNTLOKC",
        "address": "Address: r95gz",
        "city": "City: 50Ocx",
        "telephone": "01609436",
        "id": 141,
        "pets": [
            {
                "name": "Bin",
                "birthDate": "2022-09-09",
                "type": {
                    "name": "cat",
                    "id": 1
                },
                "id": 93,
                "ownerId": 141,
                "visits": [
                    
                ]
            }
        ]
    },
    {
        "firstName": "FNSobfh",
        "lastName": "LNIBprF",
        "address": "Address: HRSCy",
        "city": "City: cYFL9",
        "telephone": "47763532",
        "id": 142,
        "pets": [
            {
                "name": "ThirtyCharsTestNametesttestte",
                "birthDate": "2022-09-09",
                "type": {
                    "name": "cat",
                    "id": 1
                },
                "id": 94,
                "ownerId": 142,
                "visits": [
                    
                ]
            }
        ]
    },
    {
        "firstName": "FNGSvMq",
        "lastName": "LNBPttw",
        "address": "Address: RNWjI",
        "city": "City: 2QElR",
        "telephone": "11878371",
        "id": 143,
        "pets": [
            {
                "name": "test_*()&^%$#@!?/",
                "birthDate": "2022-09-09",
                "type": {
                    "name": "cat",
                    "id": 1
                },
                "id": 95,
                "ownerId": 143,
                "visits": [
                    
                ]
            }
        ]
    },
    {
        "firstName": "FNHAItc",
        "lastName": "LNhDDhc",
        "address": "Address: M5Pqk",
        "city": "City: JqzxN",
        "telephone": "83161301",
        "id": 144,
        "pets": [
            {
                "name": "qVkcO",
                "birthDate": "2022-09-09",
                "type": {
                    "name": "cat",
                    "id": 1
                },
                "id": 96,
                "ownerId": 144,
                "visits": [
                    
                ]
            }
        ]
    },
    {
        "firstName": "FNeCswH",
        "lastName": "LNcJeEQ",
        "address": "Address: KaxPi",
        "city": "City: k1PHT",
        "telephone": "14439999",
        "id": 145,
        "pets": [
            
        ]
    },
    {
        "firstName": "FNUNuYU",
        "lastName": "LNqJZnV",
        "address": "Address: 2ciuy",
        "city": "City: 7aqmR",
        "telephone": "60255741",
        "id": 146,
        "pets": [
            
        ]
    },
    {
        "firstName": "FNGqPIO",
        "lastName": "LNzqzJJ",
        "address": "Address: XvGw2",
        "city": "City: 3ecBx",
        "telephone": "95198733",
        "id": 147,
        "pets": [
            
        ]
    },
    {
        "firstName": "FNQymlb",
        "lastName": "LNwiddD",
        "address": "Address: fbEh8",
        "city": "City: Pa0lv",
        "telephone": "87941822",
        "id": 148,
        "pets": [
            
        ]
    },
    {
        "firstName": "FNeAHiF",
        "lastName": "LNfJhrN",
        "address": "Address: 7hWIQ",
        "city": "City: 30Xwe",
        "telephone": "02538614",
        "id": 149,
        "pets": [
            {
                "name": "vlZps",
                "birthDate": "2022-09-09",
                "type": {
                    "name": "cat",
                    "id": 1
                },
                "id": 98,
                "ownerId": 149,
                "visits": [
                    
                ]
            }
        ]
    },
    {
        "firstName": "FNPhxYc",
        "lastName": "LNWglJf",
        "address": "Address: zG49h",
        "city": "City: bDxST",
        "telephone": "33985283",
        "id": 150,
        "pets": [
            {
                "name": "nTPwz",
                "birthDate": "2022-09-09",
                "type": {
                    "name": "cat",
                    "id": 1
                },
                "id": 99,
                "ownerId": 150,
                "visits": [
                    
                ]
            }
        ]
    },
    {
        "firstName": "FNgbDSc",
        "lastName": "LNfxEmv",
        "address": "Address: hIeIz",
        "city": "City: vJLAC",
        "telephone": "06519162",
        "id": 151,
        "pets": [
            {
                "name": "pIYUH",
                "birthDate": "2022-09-09",
                "type": {
                    "name": "cat",
                    "id": 1
                },
                "id": 100,
                "ownerId": 151,
                "visits": [
                    
                ]
            }
        ]
    },
    {
        "firstName": "FNJSKED",
        "lastName": "LNHliCC",
        "address": "Address: Blh1E",
        "city": "City: j8hrR",
        "telephone": "83529100",
        "id": 152,
        "pets": [
            {
                "name": "bkNtl",
                "birthDate": "2022-09-09",
                "type": {
                    "name": "cat",
                    "id": 1
                },
                "id": 101,
                "ownerId": 152,
                "visits": [
                    
                ]
            }
        ]
    },
    {
        "firstName": "FNwfGoV",
        "lastName": "LNWCiyI",
        "address": "Address: GVJjp",
        "city": "City: Mn9l9",
        "telephone": "68451884",
        "id": 153,
        "pets": [
            {
                "name": "WJLtd",
                "birthDate": "2022-09-09",
                "type": {
                    "name": "cat",
                    "id": 1
                },
                "id": 102,
                "ownerId": 153,
                "visits": [
                    
                ]
            }
        ]
    },
    {
        "firstName": "FNEuGuU",
        "lastName": "LNJcVST",
        "address": "Address: CWeXh",
        "city": "City: t0Bau",
        "telephone": "16090435",
        "id": 154,
        "pets": [
            {
                "name": "MQUVO",
                "birthDate": "2022-09-09",
                "type": {
                    "name": "cat",
                    "id": 1
                },
                "id": 103,
                "ownerId": 154,
                "visits": [
                    
                ]
            }
        ]
    },
    {
        "firstName": "FNzwdfG",
        "lastName": "LNoVgCw",
        "address": "Address: p7j8c",
        "city": "City: NDQ0d",
        "telephone": "88587748",
        "id": 155,
        "pets": [
            {
                "name": "dCSZL",
                "birthDate": "2022-09-09",
                "type": {
                    "name": "cat",
                    "id": 1
                },
                "id": 104,
                "ownerId": 155,
                "visits": [
                    
                ]
            }
        ]
    },
    {
        "firstName": "FNxGqhD",
        "lastName": "LNqzqTs",
        "address": "Address: g2uCi",
        "city": "City: 5xKgt",
        "telephone": "26561574",
        "id": 156,
        "pets": [
            {
                "name": "A",
                "birthDate": "2022-09-09",
                "type": {
                    "name": "cat",
                    "id": 1
                },
                "id": 105,
                "ownerId": 156,
                "visits": [
                    
                ]
            }
        ]
    },
    {
        "firstName": "FNoUlqj",
        "lastName": "LNfpmCc",
        "address": "Address: mOTGX",
        "city": "City: GCX5E",
        "telephone": "28714176",
        "id": 157,
        "pets": [
            {
                "name": "John",
                "birthDate": "2022-09-09",
                "type": {
                    "name": "cat",
                    "id": 1
                },
                "id": 106,
                "ownerId": 157,
                "visits": [
                    
                ]
            }
        ]
    },
    {
        "firstName": "FNyWDrZ",
        "lastName": "LNIUCFG",
        "address": "Address: H45VE",
        "city": "City: HqW8h",
        "telephone": "94837945",
        "id": 158,
        "pets": [
            {
                "name": "ThirtyCharsTestNametesttestte",
                "birthDate": "2022-09-09",
                "type": {
                    "name": "cat",
                    "id": 1
                },
                "id": 107,
                "ownerId": 158,
                "visits": [
                    
                ]
            }
        ]
    },
    {
        "firstName": "FNXwSIg",
        "lastName": "LNRGibZ",
        "address": "Address: C3Eww",
        "city": "City: ILt1u",
        "telephone": "81762855",
        "id": 159,
        "pets": [
            {
                "name": "test_*()&^%$#@!?/",
                "birthDate": "2022-09-09",
                "type": {
                    "name": "cat",
                    "id": 1
                },
                "id": 108,
                "ownerId": 159,
                "visits": [
                    
                ]
            }
        ]
    },
    {
        "firstName": "FNyTwEr",
        "lastName": "LNXmHDs",
        "address": "Address: tgu1M",
        "city": "City: uSnrY",
        "telephone": "89974278",
        "id": 160,
        "pets": [
            {
                "name": "gcrNb",
                "birthDate": "2022-09-09",
                "type": {
                    "name": "cat",
                    "id": 1
                },
                "id": 109,
                "ownerId": 160,
                "visits": [
                    
                ]
            }
        ]
    },
    {
        "firstName": "FNrnOHy",
        "lastName": "LNzCgTk",
        "address": "Address: Fbu3T",
        "city": "City: KzhqB",
        "telephone": "95938806",
        "id": 161,
        "pets": [
            {
                "name": "YYTsH",
                "birthDate": "2022-09-09",
                "type": {
                    "name": "cat",
                    "id": 1
                },
                "id": 110,
                "ownerId": 161,
                "visits": [
                    
                ]
            }
        ]
    },
    {
        "firstName": "FNrAGtI",
        "lastName": "LNWLtNl",
        "address": "Address: Ix38o",
        "city": "City: VJ6um",
        "telephone": "91572317",
        "id": 162,
        "pets": [
            {
                "name": "zrGqF",
                "birthDate": "2022-09-09",
                "type": {
                    "name": "cat",
                    "id": 1
                },
                "id": 111,
                "ownerId": 162,
                "visits": [
                    
                ]
            }
        ]
    },
    {
        "firstName": "A",
        "lastName": "LNlMAYJ",
        "address": "Address: RBnWZ",
        "city": "City: YnUtx",
        "telephone": "61527343",
        "id": 163,
        "pets": [
            
        ]
    },
    {
        "firstName": "John",
        "lastName": "LNlGVRU",
        "address": "Address: l46qz",
        "city": "City: 5JzVE",
        "telephone": "14953511",
        "id": 164,
        "pets": [
            
        ]
    },
    {
        "firstName": "ThirtyCharsTestNametesttestte",
        "lastName": "LNKLqDD",
        "address": "Address: qNF4Q",
        "city": "City: T8vRP",
        "telephone": "48584860",
        "id": 165,
        "pets": [
            
        ]
    },
    {
        "firstName": "A",
        "lastName": "LNPiWSb",
        "address": "Address: Eqktq",
        "city": "City: Ub3rA",
        "telephone": "19417660",
        "id": 166,
        "pets": [
            
        ]
    },
    {
        "firstName": "John",
        "lastName": "LNgDEPw",
        "address": "Address: cDq7a",
        "city": "City: WwfLz",
        "telephone": "18539095",
        "id": 167,
        "pets": [
            
        ]
    },
    {
        "firstName": "ThirtyCharsTestNametesttestte",
        "lastName": "LNrErlW",
        "address": "Address: ubASW",
        "city": "City: tPOHy",
        "telephone": "72407540",
        "id": 168,
        "pets": [
            
        ]
    },
    {
        "firstName": "A",
        "lastName": "LNQAuAw",
        "address": "Address: Sl58E",
        "city": "City: W5UgG",
        "telephone": "75787678",
        "id": 169,
        "pets": [
            
        ]
    },
    {
        "firstName": "John",
        "lastName": "LNCOXhS",
        "address": "Address: MKmyd",
        "city": "City: 4sLnN",
        "telephone": "28245221",
        "id": 170,
        "pets": [
            
        ]
    },
    {
        "firstName": "ThirtyCharsTestNametesttestte",
        "lastName": "LNTYBkn",
        "address": "Address: 1Wqrz",
        "city": "City: Jdd0S",
        "telephone": "17554544",
        "id": 171,
        "pets": [
            
        ]
    },
    {
        "firstName": "FNOhjSw",
        "lastName": "B",
        "address": "Address: EhBex",
        "city": "City: SFqob",
        "telephone": "15010167",
        "id": 172,
        "pets": [
            
        ]
    },
    {
        "firstName": "FNjeGeR",
        "lastName": "Dou",
        "address": "Address: oYSNj",
        "city": "City: GxSDW",
        "telephone": "30282746",
        "id": 173,
        "pets": [
            
        ]
    },
    {
        "firstName": "FNabfGN",
        "lastName": "ThirtyCharsTestNametesttestte",
        "address": "Address: tFTsI",
        "city": "City: B1V4U",
        "telephone": "39998441",
        "id": 174,
        "pets": [
            
        ]
    },
    {
        "firstName": "FNlZeXT",
        "lastName": "LNJcvIA",
        "address": "A",
        "city": "City: xCE8w",
        "telephone": "42206968",
        "id": 175,
        "pets": [
            
        ]
    },
    {
        "firstName": "FNSSDfv",
        "lastName": "LNFPWPh",
        "address": "101 B. Down St, 1/2 &*%$#@",
        "city": "City: vtrwg",
        "telephone": "30341261",
        "id": 176,
        "pets": [
            
        ]
    },
    {
        "firstName": "FNBqFng",
        "lastName": "LNUVXvv",
        "address": "twoHundredFiftyFifeCharsAddresstwoHundredFiftyFifeCharsAddresstwoHundredFiftyFifeCharsAddresstwoHundredFiftyFifeCharsAddresstwoHundredFiftyFifeCharsAddresstwoHundredFiftyFifeCharsAddresstwoHundredFiftyFifeCharsAddresstwoHundredFiftyFifeCharsAddresstwoHun",
        "city": "City: S6O3P",
        "telephone": "81556030",
        "id": 177,
        "pets": [
            
        ]
    },
    {
        "firstName": "FNxyxgW",
        "lastName": "LNCxvOR",
        "address": "Address: sxb0V",
        "city": "A",
        "telephone": "53612540",
        "id": 178,
        "pets": [
            
        ]
    },
    {
        "firstName": "FNxwOPb",
        "lastName": "LNbRgLg",
        "address": "Address: qShjP",
        "city": "Milton-Freewater (Oregon)",
        "telephone": "24154578",
        "id": 179,
        "pets": [
            
        ]
    },
    {
        "firstName": "FNubadd",
        "lastName": "LNbERRu",
        "address": "Address: b5rNW",
        "city": "test 123 / &*%$#@",
        "telephone": "56068693",
        "id": 180,
        "pets": [
            
        ]
    },
    {
        "firstName": "FNAxNtX",
        "lastName": "LNFDllE",
        "address": "Address: ahGQR",
        "city": "EightyCharsTestCityEightyCharsTestCityEightyCharsTestCityEightyCharsTestCityyyy",
        "telephone": "10386104",
        "id": 181,
        "pets": [
            
        ]
    },
    {
        "firstName": "FNAYTwF",
        "lastName": "LNPSexP",
        "address": "Address: jU6vn",
        "city": "City: 6YvT2",
        "telephone": "0",
        "id": 182,
        "pets": [
            
        ]
    },
    {
        "firstName": "FNvrzhs",
        "lastName": "LNEWTqT",
        "address": "Address: q0ASX",
        "city": "City: AAhvB",
        "telephone": "31296680",
        "id": 184,
        "pets": [
            
        ]
    },
    {
        "firstName": "FNIiFcT",
        "lastName": "LNefmxh",
        "address": "Address: TUImM",
        "city": "City: Tcthr",
        "telephone": "96992621",
        "id": 185,
        "pets": [
            {
                "name": "gPgHH",
                "birthDate": "2022-09-09",
                "type": {
                    "name": "cat",
                    "id": 1
                },
                "id": 112,
                "ownerId": 185,
                "visits": [
                    
                ]
            }
        ]
    },
    {
        "firstName": "FNeyuIj",
        "lastName": "LNKwEBX",
        "address": "Address: moJvf",
        "city": "City: 5y7r3",
        "telephone": "63548614",
        "id": 186,
        "pets": [
            
        ]
    },
    {
        "firstName": "FNAtAxK",
        "lastName": "Smith",
        "address": "Address: Rn7nl",
        "city": "City: AO9gW",
        "telephone": "49642132",
        "id": 187,
        "pets": [
            
        ]
    },
    {
        "firstName": "FNkWrSG",
        "lastName": "Smith",
        "address": "Address: cYga9",
        "city": "City: Q6jbW",
        "telephone": "90055726",
        "id": 188,
        "pets": [
            
        ]
    },
    {
        "firstName": "A",
        "lastName": "LNAMCVw",
        "address": "Address: 4TRX3",
        "city": "City: nzomG",
        "telephone": "27075256",
        "id": 189,
        "pets": [
            
        ]
    },
    {
        "firstName": "John",
        "lastName": "LNfCPes",
        "address": "Address: HWU4f",
        "city": "City: wnCWN",
        "telephone": "93461747",
        "id": 190,
        "pets": [
            
        ]
    },
    {
        "firstName": "ThirtyCharsTestNametesttestte",
        "lastName": "LNQXGku",
        "address": "Address: rSkio",
        "city": "City: A9A3j",
        "telephone": "53562161",
        "id": 191,
        "pets": [
            
        ]
    },
    {
        "firstName": "FNShDmy",
        "lastName": "LNoVRGo",
        "address": "Address: ftocy",
        "city": "City: sWPRP",
        "telephone": "45288516",
        "id": 192,
        "pets": [
            
        ]
    },
    {
        "firstName": "FNegEYU",
        "lastName": "LNtXfnQ",
        "address": "Address: hEI21",
        "city": "City: 1DjTO",
        "telephone": "50642748",
        "id": 193,
        "pets": [
            
        ]
    },
    {
        "firstName": "FNWfXoO",
        "lastName": "LNnqYJh",
        "address": "Address: KGnUY",
        "city": "City: G3JiP",
        "telephone": "50768918",
        "id": 194,
        "pets": [
            
        ]
    },
    {
        "firstName": "FNhuxpV",
        "lastName": "LNnMiqR",
        "address": "Address: wAsae",
        "city": "City: bxPCz",
        "telephone": "53935647",
        "id": 195,
        "pets": [
            
        ]
    },
    {
        "firstName": "FNIMfTG",
        "lastName": "B",
        "address": "Address: XCnMN",
        "city": "City: Y6u3U",
        "telephone": "91449659",
        "id": 196,
        "pets": [
            
        ]
    },
    {
        "firstName": "FNLZnrn",
        "lastName": "Dou",
        "address": "Address: VIeLb",
        "city": "City: HGWlV",
        "telephone": "51887884",
        "id": 197,
        "pets": [
            
        ]
    },
    {
        "firstName": "FNneLaH",
        "lastName": "ThirtyCharsTestNametesttestte",
        "address": "Address: jiEHa",
        "city": "City: 0ENeF",
        "telephone": "30419098",
        "id": 198,
        "pets": [
            
        ]
    },
    {
        "firstName": "FNMdRvI",
        "lastName": "LNRgEtV",
        "address": "Address: 1hPBD",
        "city": "City: xGwFR",
        "telephone": "36825392",
        "id": 199,
        "pets": [
            
        ]
    },
    {
        "firstName": "FNsNUlZ",
        "lastName": "LNWZCJQ",
        "address": "Address: 1aKN6",
        "city": "City: Nx4RX",
        "telephone": "84191673",
        "id": 200,
        "pets": [
            
        ]
    },
    {
        "firstName": "FNybzSr",
        "lastName": "LNTjbEX",
        "address": "Address: KYSFI",
        "city": "City: GJY9V",
        "telephone": "91818979",
        "id": 201,
        "pets": [
            
        ]
    },
    {
        "firstName": "FNdbyIu",
        "lastName": "LNXHRBY",
        "address": "Address: tqRul",
        "city": "City: mS2wP",
        "telephone": "50210704",
        "id": 202,
        "pets": [
            
        ]
    },
    {
        "firstName": "FNwRImS",
        "lastName": "LNLiAdr",
        "address": "A",
        "city": "City: IUXTO",
        "telephone": "17431115",
        "id": 203,
        "pets": [
            
        ]
    },
    {
        "firstName": "FNzdDBi",
        "lastName": "LNbFRSy",
        "address": "101 B. Down St, 1/2 &*%$#@",
        "city": "City: CuJPU",
        "telephone": "43267084",
        "id": 204,
        "pets": [
            
        ]
    },
    {
        "firstName": "FNbZJvZ",
        "lastName": "LNRhFah",
        "address": "twoHundredFiftyFifeCharsAddresstwoHundredFiftyFifeCharsAddresstwoHundredFiftyFifeCharsAddresstwoHundredFiftyFifeCharsAddresstwoHundredFiftyFifeCharsAddresstwoHundredFiftyFifeCharsAddresstwoHundredFiftyFifeCharsAddresstwoHundredFiftyFifeCharsAddresstwoHun",
        "city": "City: DGlld",
        "telephone": "49161151",
        "id": 205,
        "pets": [
            
        ]
    },
    {
        "firstName": "FNSDXWv",
        "lastName": "LNcEPGi",
        "address": "Address: BpbVA",
        "city": "City: U4gpX",
        "telephone": "47166026",
        "id": 206,
        "pets": [
            
        ]
    },
    {
        "firstName": "FNOijmx",
        "lastName": "LNLbxfP",
        "address": "Address: mHtcQ",
        "city": "City: 3ppMf",
        "telephone": "70465885",
        "id": 207,
        "pets": [
            
        ]
    },
    {
        "firstName": "FNYwGZC",
        "lastName": "LNQseGv",
        "address": "Address: xEtIs",
        "city": "City: bMX0m",
        "telephone": "74357832",
        "id": 208,
        "pets": [
            
        ]
    },
    {
        "firstName": "FNUMzWv",
        "lastName": "LNqDdFs",
        "address": "Address: 172nZ",
        "city": "A",
        "telephone": "92706471",
        "id": 209,
        "pets": [
            
        ]
    },
    {
        "firstName": "FNyTrhZ",
        "lastName": "LNfUVeW",
        "address": "Address: yF2ua",
        "city": "Milton-Freewater (Oregon)",
        "telephone": "98645482",
        "id": 210,
        "pets": [
            
        ]
    },
    {
        "firstName": "FNxHDfk",
        "lastName": "LNwNaCg",
        "address": "Address: dgCtd",
        "city": "test 123 / &*%$#@",
        "telephone": "81311892",
        "id": 211,
        "pets": [
            
        ]
    },
    {
        "firstName": "FNpsAuP",
        "lastName": "LNzGLnC",
        "address": "Address: GeiVk",
        "city": "EightyCharsTestCityEightyCharsTestCityEightyCharsTestCityEightyCharsTestCityyyy",
        "telephone": "47375053",
        "id": 212,
        "pets": [
            
        ]
    },
    {
        "firstName": "FNTFTCf",
        "lastName": "LNICvXt",
        "address": "Address: tSXAR",
        "city": "City: 9T8px",
        "telephone": "85703503",
        "id": 213,
        "pets": [
            
        ]
    },
    {
        "firstName": "FNUpCBO",
        "lastName": "LNTiCJL",
        "address": "Address: cEZOt",
        "city": "City: J3005",
        "telephone": "56388689",
        "id": 214,
        "pets": [
            
        ]
    },
    {
        "firstName": "FNRAYcq",
        "lastName": "LNhfzPY",
        "address": "Address: E1SwZ",
        "city": "City: zDB3d",
        "telephone": "61809958",
        "id": 215,
        "pets": [
            
        ]
    },
    {
        "firstName": "FNlURhs",
        "lastName": "LNUeQxh",
        "address": "Address: HSXFi",
        "city": "City: VCOgZ",
        "telephone": "0",
        "id": 216,
        "pets": [
            
        ]
    },
    {
        "firstName": "FNkoYwm",
        "lastName": "LNjdoze",
        "address": "Address: jSlkr",
        "city": "City: ooYBb",
        "telephone": "57085676",
        "id": 217,
        "pets": [
            
        ]
    },
    {
        "firstName": "FNPUkUK",
        "lastName": "LNRzCjm",
        "address": "Address: SN80K",
        "city": "City: t6FmC",
        "telephone": "76714490",
        "id": 218,
        "pets": [
            
        ]
    },
    {
        "firstName": "FNdQwkc",
        "lastName": "LNxkcMw",
        "address": "Address: wIcqQ",
        "city": "City: BkJtl",
        "telephone": "70027732",
        "id": 219,
        "pets": [
            
        ]
    },
    {
        "firstName": "FNOizKO",
        "lastName": "LNHYvUD",
        "address": "Address: KwRBg",
        "city": "City: 0FyDV",
        "telephone": "66267037",
        "id": 220,
        "pets": [
            
        ]
    },
    {
        "firstName": "FNTqprR",
        "lastName": "LNpUIvX",
        "address": "Address: MAKAh",
        "city": "City: Gz969",
        "telephone": "02117603",
        "id": 221,
        "pets": [
            
        ]
    },
    {
        "firstName": "FNAkDPb",
        "lastName": "LNYziuX",
        "address": "Address: d9tW4",
        "city": "City: hzQm7",
        "telephone": "70142864",
        "id": 222,
        "pets": [
            
        ]
    },
    {
        "firstName": "FNSXGGG",
        "lastName": "LNwuzDM",
        "address": "Address: Dh846",
        "city": "City: 556cZ",
        "telephone": "44820232",
        "id": 223,
        "pets": [
            
        ]
    },
    {
        "firstName": "FNPCZlB",
        "lastName": "LNrrZhE",
        "address": "Address: cIODH",
        "city": "City: hQiSH",
        "telephone": "36689603",
        "id": 224,
        "pets": [
            {
                "name": "A",
                "birthDate": "2022-09-09",
                "type": {
                    "name": "cat",
                    "id": 1
                },
                "id": 117,
                "ownerId": 224,
                "visits": [
                    
                ]
            }
        ]
    },
    {
        "firstName": "FNoJkPS",
        "lastName": "LNRzaty",
        "address": "Address: tcH2j",
        "city": "City: YHbGA",
        "telephone": "09751736",
        "id": 225,
        "pets": [
            {
                "name": "Bin",
                "birthDate": "2022-09-09",
                "type": {
                    "name": "cat",
                    "id": 1
                },
                "id": 118,
                "ownerId": 225,
                "visits": [
                    
                ]
            }
        ]
    },
    {
        "firstName": "FNZvLlP",
        "lastName": "LNtPTor",
        "address": "Address: J9ZJZ",
        "city": "City: NXu6M",
        "telephone": "12270943",
        "id": 226,
        "pets": [
            {
                "name": "ThirtyCharsTestNametesttestte",
                "birthDate": "2022-09-09",
                "type": {
                    "name": "cat",
                    "id": 1
                },
                "id": 119,
                "ownerId": 226,
                "visits": [
                    
                ]
            }
        ]
    },
    {
        "firstName": "FNgneAj",
        "lastName": "LNtReiy",
        "address": "Address: fMAg0",
        "city": "City: ixT3J",
        "telephone": "66065805",
        "id": 227,
        "pets": [
            {
                "name": "test_*()&^%$#@!?/",
                "birthDate": "2022-09-09",
                "type": {
                    "name": "cat",
                    "id": 1
                },
                "id": 120,
                "ownerId": 227,
                "visits": [
                    
                ]
            }
        ]
    },
    {
        "firstName": "FNpvNEX",
        "lastName": "LNzqYXX",
        "address": "Address: yk96m",
        "city": "City: XKL7P",
        "telephone": "59737781",
        "id": 228,
        "pets": [
            {
                "name": "uxoqx",
                "birthDate": "2022-09-09",
                "type": {
                    "name": "cat",
                    "id": 1
                },
                "id": 121,
                "ownerId": 228,
                "visits": [
                    
                ]
            }
        ]
    },
    {
        "firstName": "FNBOCPB",
        "lastName": "LNhitrE",
        "address": "Address: RjWnQ",
        "city": "City: bZGzS",
        "telephone": "69820922",
        "id": 229,
        "pets": [
            
        ]
    },
    {
        "firstName": "FNBHWyl",
        "lastName": "LNwHFLM",
        "address": "Address: C0H8M",
        "city": "City: V7Vwz",
        "telephone": "53172999",
        "id": 230,
        "pets": [
            
        ]
    },
    {
        "firstName": "FNbaZIO",
        "lastName": "LNlckKv",
        "address": "Address: IH7Mf",
        "city": "City: BKDtE",
        "telephone": "63709759",
        "id": 231,
        "pets": [
            
        ]
    },
    {
        "firstName": "FNTzXkD",
        "lastName": "LNSuhVc",
        "address": "Address: jyPZe",
        "city": "City: GpmrW",
        "telephone": "43765077",
        "id": 232,
        "pets": [
            
        ]
    },
    {
        "firstName": "FNSqMQh",
        "lastName": "LNkVTqv",
        "address": "Address: jYuaO",
        "city": "City: hGmB8",
        "telephone": "16208436",
        "id": 233,
        "pets": [
            {
                "name": "DmfWw",
                "birthDate": "2022-09-09",
                "type": {
                    "name": "cat",
                    "id": 1
                },
                "id": 123,
                "ownerId": 233,
                "visits": [
                    
                ]
            }
        ]
    },
    {
        "firstName": "FNZbaSv",
        "lastName": "LNijSjb",
        "address": "Address: Z8Wmo",
        "city": "City: fHN8b",
        "telephone": "53895943",
        "id": 234,
        "pets": [
            {
                "name": "JtmiS",
                "birthDate": "2022-09-09",
                "type": {
                    "name": "cat",
                    "id": 1
                },
                "id": 124,
                "ownerId": 234,
                "visits": [
                    
                ]
            }
        ]
    },
    {
        "firstName": "FNFKkpO",
        "lastName": "LNZjxxF",
        "address": "Address: QkNmT",
        "city": "City: rmcOc",
        "telephone": "67918864",
        "id": 235,
        "pets": [
            {
                "name": "LQEuJ",
                "birthDate": "2022-09-09",
                "type": {
                    "name": "cat",
                    "id": 1
                },
                "id": 125,
                "ownerId": 235,
                "visits": [
                    
                ]
            }
        ]
    },
    {
        "firstName": "FNmZkjJ",
        "lastName": "LNPbAtv",
        "address": "Address: eW0tJ",
        "city": "City: hxSBH",
        "telephone": "59915945",
        "id": 236,
        "pets": [
            {
                "name": "yKQmw",
                "birthDate": "2022-09-09",
                "type": {
                    "name": "cat",
                    "id": 1
                },
                "id": 126,
                "ownerId": 236,
                "visits": [
                    
                ]
            }
        ]
    },
    {
        "firstName": "FNMShkm",
        "lastName": "LNoKmGI",
        "address": "Address: nsuAG",
        "city": "City: jH1GJ",
        "telephone": "70988386",
        "id": 237,
        "pets": [
            {
                "name": "UdyJL",
                "birthDate": "2022-09-09",
                "type": {
                    "name": "cat",
                    "id": 1
                },
                "id": 127,
                "ownerId": 237,
                "visits": [
                    
                ]
            }
        ]
    },
    {
        "firstName": "FNnMZqP",
        "lastName": "LNEtkat",
        "address": "Address: fy1nu",
        "city": "City: X78vJ",
        "telephone": "70970370",
        "id": 238,
        "pets": [
            {
                "name": "buyzd",
                "birthDate": "2022-09-09",
                "type": {
                    "name": "cat",
                    "id": 1
                },
                "id": 128,
                "ownerId": 238,
                "visits": [
                    
                ]
            }
        ]
    },
    {
        "firstName": "FNNXtQh",
        "lastName": "LNsDuRS",
        "address": "Address: c1T9O",
        "city": "City: uv30Q",
        "telephone": "90843380",
        "id": 239,
        "pets": [
            {
                "name": "IwIBl",
                "birthDate": "2022-09-09",
                "type": {
                    "name": "cat",
                    "id": 1
                },
                "id": 129,
                "ownerId": 239,
                "visits": [
                    
                ]
            }
        ]
    },
    {
        "firstName": "FNTrxZu",
        "lastName": "LNlxZWn",
        "address": "Address: nQjrf",
        "city": "City: 9YWJL",
        "telephone": "51705743",
        "id": 240,
        "pets": [
            {
                "name": "A",
                "birthDate": "2022-09-09",
                "type": {
                    "name": "cat",
                    "id": 1
                },
                "id": 130,
                "ownerId": 240,
                "visits": [
                    
                ]
            }
        ]
    },
    {
        "firstName": "FNfVgiq",
        "lastName": "LNaQIDU",
        "address": "Address: dx81H",
        "city": "City: GFjk1",
        "telephone": "69706028",
        "id": 241,
        "pets": [
            {
                "name": "John",
                "birthDate": "2022-09-09",
                "type": {
                    "name": "cat",
                    "id": 1
                },
                "id": 131,
                "ownerId": 241,
                "visits": [
                    
                ]
            }
        ]
    },
    {
        "firstName": "FNBJSIn",
        "lastName": "LNlgRpW",
        "address": "Address: 6SEZV",
        "city": "City: gmv1q",
        "telephone": "11098854",
        "id": 242,
        "pets": [
            {
                "name": "ThirtyCharsTestNametesttestte",
                "birthDate": "2022-09-09",
                "type": {
                    "name": "cat",
                    "id": 1
                },
                "id": 132,
                "ownerId": 242,
                "visits": [
                    
                ]
            }
        ]
    },
    {
        "firstName": "FNUBQxk",
        "lastName": "LNgxmNS",
        "address": "Address: 8LrQo",
        "city": "City: OfXKP",
        "telephone": "45733406",
        "id": 243,
        "pets": [
            {
                "name": "test_*()&^%$#@!?/",
                "birthDate": "2022-09-09",
                "type": {
                    "name": "cat",
                    "id": 1
                },
                "id": 133,
                "ownerId": 243,
                "visits": [
                    
                ]
            }
        ]
    },
    {
        "firstName": "FNIZGpo",
        "lastName": "LNKVwHV",
        "address": "Address: PkAU1",
        "city": "City: 1zNaa",
        "telephone": "85919614",
        "id": 244,
        "pets": [
            {
                "name": "ZYRjU",
                "birthDate": "2022-09-09",
                "type": {
                    "name": "cat",
                    "id": 1
                },
                "id": 134,
                "ownerId": 244,
                "visits": [
                    
                ]
            }
        ]
    },
    {
        "firstName": "FNsGzGy",
        "lastName": "LNwjZuZ",
        "address": "Address: AinXA",
        "city": "City: mW9hZ",
        "telephone": "51296927",
        "id": 245,
        "pets": [
            {
                "name": "fEfCx",
                "birthDate": "2022-09-09",
                "type": {
                    "name": "cat",
                    "id": 1
                },
                "id": 135,
                "ownerId": 245,
                "visits": [
                    
                ]
            }
        ]
    },
    {
        "firstName": "FNbvRXc",
        "lastName": "LNsvpGy",
        "address": "Address: LOqxb",
        "city": "City: tZiCD",
        "telephone": "16867667",
        "id": 246,
        "pets": [
            {
                "name": "vWIjT",
                "birthDate": "2022-09-09",
                "type": {
                    "name": "cat",
                    "id": 1
                },
                "id": 136,
                "ownerId": 246,
                "visits": [
                    
                ]
            }
        ]
    },
    {
        "firstName": "A",
        "lastName": "LNptPzB",
        "address": "Address: TKbvT",
        "city": "City: m3Uwa",
        "telephone": "10673233",
        "id": 247,
        "pets": [
            
        ]
    },
    {
        "firstName": "John",
        "lastName": "LNPXVuW",
        "address": "Address: 33pFr",
        "city": "City: ygQC0",
        "telephone": "53733905",
        "id": 248,
        "pets": [
            
        ]
    },
    {
        "firstName": "ThirtyCharsTestNametesttestte",
        "lastName": "LNBexsN",
        "address": "Address: 63gvC",
        "city": "City: TbNU3",
        "telephone": "03972382",
        "id": 249,
        "pets": [
            
        ]
    },
    {
        "firstName": "FNwAQwW",
        "lastName": "B",
        "address": "Address: alfDb",
        "city": "City: t6UpK",
        "telephone": "36213986",
        "id": 250,
        "pets": [
            
        ]
    },
    {
        "firstName": "FNyyUFY",
        "lastName": "Dou",
        "address": "Address: 7ynK7",
        "city": "City: lLIuc",
        "telephone": "58373283",
        "id": 251,
        "pets": [
            
        ]
    },
    {
        "firstName": "FNsRAcP",
        "lastName": "ThirtyCharsTestNametesttestte",
        "address": "Address: MPA0P",
        "city": "City: 9EKAD",
        "telephone": "28804031",
        "id": 252,
        "pets": [
            
        ]
    },
    {
        "firstName": "FNhCcNB",
        "lastName": "LNoTgWs",
        "address": "A",
        "city": "City: fqX9h",
        "telephone": "51184900",
        "id": 253,
        "pets": [
            
        ]
    },
    {
        "firstName": "FNnwOxH",
        "lastName": "LNYbTCV",
        "address": "101 B. Down St, 1/2 &*%$#@",
        "city": "City: h7Lpb",
        "telephone": "87074462",
        "id": 254,
        "pets": [
            
        ]
    },
    {
        "firstName": "FNfmooN",
        "lastName": "LNIHurQ",
        "address": "twoHundredFiftyFifeCharsAddresstwoHundredFiftyFifeCharsAddresstwoHundredFiftyFifeCharsAddresstwoHundredFiftyFifeCharsAddresstwoHundredFiftyFifeCharsAddresstwoHundredFiftyFifeCharsAddresstwoHundredFiftyFifeCharsAddresstwoHundredFiftyFifeCharsAddresstwoHun",
        "city": "City: YxZ7G",
        "telephone": "23644556",
        "id": 255,
        "pets": [
            
        ]
    },
    {
        "firstName": "FNaeDrX",
        "lastName": "LNYucGs",
        "address": "Address: fFtiH",
        "city": "A",
        "telephone": "91477001",
        "id": 256,
        "pets": [
            
        ]
    },
    {
        "firstName": "FNpVMGj",
        "lastName": "LNKWFZj",
        "address": "Address: PDIuH",
        "city": "Milton-Freewater (Oregon)",
        "telephone": "11208850",
        "id": 257,
        "pets": [
            
        ]
    },
    {
        "firstName": "FNnWSIi",
        "lastName": "LNGuDms",
        "address": "Address: vWUyf",
        "city": "test 123 / &*%$#@",
        "telephone": "05252500",
        "id": 258,
        "pets": [
            
        ]
    },
    {
        "firstName": "FNMgtrk",
        "lastName": "LNBfXVN",
        "address": "Address: WqAKw",
        "city": "EightyCharsTestCityEightyCharsTestCityEightyCharsTestCityEightyCharsTestCityyyy",
        "telephone": "12362965",
        "id": 259,
        "pets": [
            
        ]
    },
    {
        "firstName": "FNQmMwx",
        "lastName": "LNffbcl",
        "address": "Address: 2ZE95",
        "city": "City: GAP1r",
        "telephone": "0",
        "id": 260,
        "pets": [
            
        ]
    },
    {
        "firstName": "FNttFLn",
        "lastName": "LNQbctZ",
        "address": "Address: NCPUQ",
        "city": "City: s8HE4",
        "telephone": "47952338",
        "id": 262,
        "pets": [
            
        ]
    },
    {
        "firstName": "FNVfjEM",
        "lastName": "LNEpxmr",
        "address": "Address: eC2WR",
        "city": "City: 8LUfp",
        "telephone": "22495174",
        "id": 263,
        "pets": [
            {
                "name": "hwGEb",
                "birthDate": "2022-09-09",
                "type": {
                    "name": "cat",
                    "id": 1
                },
                "id": 137,
                "ownerId": 263,
                "visits": [
                    
                ]
            }
        ]
    },
    {
        "firstName": "FNTzSpi",
        "lastName": "LNIulEc",
        "address": "Address: RaY0G",
        "city": "City: T2ffO",
        "telephone": "19280467",
        "id": 264,
        "pets": [
            
        ]
    },
    {
        "firstName": "FNGCrYS",
        "lastName": "Smith",
        "address": "Address: RpruQ",
        "city": "City: np0WT",
        "telephone": "18746920",
        "id": 265,
        "pets": [
            
        ]
    },
    {
        "firstName": "FNiXmus",
        "lastName": "Smith",
        "address": "Address: VDkr6",
        "city": "City: ejUpe",
        "telephone": "88562809",
        "id": 266,
        "pets": [
            
        ]
    },
    {
        "firstName": "A",
        "lastName": "LNZQJwk",
        "address": "Address: CzcL8",
        "city": "City: A0lqG",
        "telephone": "04741169",
        "id": 267,
        "pets": [
            
        ]
    },
    {
        "firstName": "John",
        "lastName": "LNANAko",
        "address": "Address: 2jSMU",
        "city": "City: MQlsZ",
        "telephone": "47046652",
        "id": 268,
        "pets": [
            
        ]
    },
    {
        "firstName": "ThirtyCharsTestNametesttestte",
        "lastName": "LNWuGyQ",
        "address": "Address: q52ER",
        "city": "City: A3xFO",
        "telephone": "32303935",
        "id": 269,
        "pets": [
            
        ]
    },
    {
        "firstName": "FNxXVlL",
        "lastName": "LNplYzD",
        "address": "Address: Kc65C",
        "city": "City: zppSZ",
        "telephone": "26249492",
        "id": 270,
        "pets": [
            
        ]
    },
    {
        "firstName": "FNiwsut",
        "lastName": "LNGSphL",
        "address": "Address: ZTkly",
        "city": "City: pX7o3",
        "telephone": "55582336",
        "id": 271,
        "pets": [
            
        ]
    },
    {
        "firstName": "FNvroSH",
        "lastName": "LNmPNMa",
        "address": "Address: E39Zq",
        "city": "City: Q8FQx",
        "telephone": "63348306",
        "id": 272,
        "pets": [
            
        ]
    },
    {
        "firstName": "FNqNjCU",
        "lastName": "LNFXnxr",
        "address": "Address: jVzc3",
        "city": "City: WXfig",
        "telephone": "32146933",
        "id": 273,
        "pets": [
            
        ]
    },
    {
        "firstName": "FNApJBO",
        "lastName": "B",
        "address": "Address: s9XDp",
        "city": "City: 8CYCu",
        "telephone": "31564314",
        "id": 274,
        "pets": [
            
        ]
    },
    {
        "firstName": "FNvBaey",
        "lastName": "Dou",
        "address": "Address: 0mLky",
        "city": "City: QFJ2h",
        "telephone": "44106731",
        "id": 275,
        "pets": [
            
        ]
    },
    {
        "firstName": "FNaSXOk",
        "lastName": "ThirtyCharsTestNametesttestte",
        "address": "Address: lymJd",
        "city": "City: PnVpa",
        "telephone": "83094312",
        "id": 276,
        "pets": [
            
        ]
    },
    {
        "firstName": "FNvBRRq",
        "lastName": "LNVXNxi",
        "address": "Address: HCOzL",
        "city": "City: 7UxAV",
        "telephone": "88407452",
        "id": 277,
        "pets": [
            
        ]
    },
    {
        "firstName": "FNGtCog",
        "lastName": "LNHMxZv",
        "address": "Address: 7RYlT",
        "city": "City: 4h1M6",
        "telephone": "67325225",
        "id": 278,
        "pets": [
            
        ]
    },
    {
        "firstName": "FNNUehy",
        "lastName": "LNPNULS",
        "address": "Address: C3SlT",
        "city": "City: hdpvB",
        "telephone": "83558282",
        "id": 279,
        "pets": [
            
        ]
    },
    {
        "firstName": "FNczDJJ",
        "lastName": "LNosRPS",
        "address": "Address: 4z63g",
        "city": "City: 6kWsi",
        "telephone": "25733006",
        "id": 280,
        "pets": [
            
        ]
    },
    {
        "firstName": "FNzvbDW",
        "lastName": "LNGJatI",
        "address": "A",
        "city": "City: 9sf1M",
        "telephone": "13647673",
        "id": 281,
        "pets": [
            
        ]
    },
    {
        "firstName": "FNLFPnS",
        "lastName": "LNZogqe",
        "address": "101 B. Down St, 1/2 &*%$#@",
        "city": "City: fCtP5",
        "telephone": "29344309",
        "id": 282,
        "pets": [
            
        ]
    },
    {
        "firstName": "FNsiitX",
        "lastName": "LNuclMW",
        "address": "twoHundredFiftyFifeCharsAddresstwoHundredFiftyFifeCharsAddresstwoHundredFiftyFifeCharsAddresstwoHundredFiftyFifeCharsAddresstwoHundredFiftyFifeCharsAddresstwoHundredFiftyFifeCharsAddresstwoHundredFiftyFifeCharsAddresstwoHundredFiftyFifeCharsAddresstwoHun",
        "city": "City: NG40l",
        "telephone": "08983002",
        "id": 283,
        "pets": [
            
        ]
    },
    {
        "firstName": "FNltjUJ",
        "lastName": "LNsaAVz",
        "address": "Address: gtK33",
        "city": "City: nzlct",
        "telephone": "55260559",
        "id": 284,
        "pets": [
            
        ]
    },
    {
        "firstName": "FNyUfYJ",
        "lastName": "LNPuqEi",
        "address": "Address: C7RVx",
        "city": "City: Nm6Wg",
        "telephone": "60307769",
        "id": 285,
        "pets": [
            
        ]
    },
    {
        "firstName": "FNRDCNo",
        "lastName": "LNbWIeu",
        "address": "Address: QIOsz",
        "city": "City: ZkFYz",
        "telephone": "55124108",
        "id": 286,
        "pets": [
            
        ]
    },
    {
        "firstName": "FNeqSgP",
        "lastName": "LNHbnqE",
        "address": "Address: KucT8",
        "city": "A",
        "telephone": "34788107",
        "id": 287,
        "pets": [
            
        ]
    },
    {
        "firstName": "FNayqBW",
        "lastName": "LNfjwzz",
        "address": "Address: KX0pV",
        "city": "Milton-Freewater (Oregon)",
        "telephone": "67349508",
        "id": 288,
        "pets": [
            
        ]
    },
    {
        "firstName": "FNUATqw",
        "lastName": "LNRIbvD",
        "address": "Address: 4Aa5t",
        "city": "test 123 / &*%$#@",
        "telephone": "68967964",
        "id": 289,
        "pets": [
            
        ]
    },
    {
        "firstName": "FNzDtvP",
        "lastName": "LNEtOUi",
        "address": "Address: sxRhI",
        "city": "EightyCharsTestCityEightyCharsTestCityEightyCharsTestCityEightyCharsTestCityyyy",
        "telephone": "74725733",
        "id": 290,
        "pets": [
            
        ]
    },
    {
        "firstName": "FNoXsgf",
        "lastName": "LNGsAis",
        "address": "Address: yfiS0",
        "city": "City: CweYs",
        "telephone": "52968438",
        "id": 291,
        "pets": [
            
        ]
    },
    {
        "firstName": "FNzGYdg",
        "lastName": "LNJZAnE",
        "address": "Address: mkZRF",
        "city": "City: 6KegI",
        "telephone": "19124034",
        "id": 292,
        "pets": [
            
        ]
    },
    {
        "firstName": "FNixIhS",
        "lastName": "LNpFiZp",
        "address": "Address: bBJzJ",
        "city": "City: HjUwT",
        "telephone": "32797682",
        "id": 293,
        "pets": [
            
        ]
    },
    {
        "firstName": "FNNirbT",
        "lastName": "LNXWzGi",
        "address": "Address: IFK7x",
        "city": "City: c727K",
        "telephone": "0",
        "id": 294,
        "pets": [
            
        ]
    },
    {
        "firstName": "FNJndah",
        "lastName": "LNalGIa",
        "address": "Address: Q8zaC",
        "city": "City: 7nSkQ",
        "telephone": "26948912",
        "id": 295,
        "pets": [
            
        ]
    },
    {
        "firstName": "FNqrtEJ",
        "lastName": "LNkuIWX",
        "address": "Address: Su85q",
        "city": "City: iZrWy",
        "telephone": "18162128",
        "id": 296,
        "pets": [
            
        ]
    },
    {
        "firstName": "FNTAwkL",
        "lastName": "LNXcGfH",
        "address": "Address: Le1Y8",
        "city": "City: owJh1",
        "telephone": "28248089",
        "id": 297,
        "pets": [
            
        ]
    },
    {
        "firstName": "FNerrrV",
        "lastName": "LNnXNUS",
        "address": "Address: jUuvc",
        "city": "City: H6vBh",
        "telephone": "25781174",
        "id": 298,
        "pets": [
            
        ]
    },
    {
        "firstName": "FNrSYLA",
        "lastName": "LNSnedu",
        "address": "Address: 3USgc",
        "city": "City: tmD46",
        "telephone": "92541654",
        "id": 299,
        "pets": [
            
        ]
    },
    {
        "firstName": "FNXGSvH",
        "lastName": "LNBgrwZ",
        "address": "Address: vdKym",
        "city": "City: C1JAd",
        "telephone": "79287072",
        "id": 300,
        "pets": [
            
        ]
    },
    {
        "firstName": "FNuDZoy",
        "lastName": "LNMSkGR",
        "address": "Address: bTuHF",
        "city": "City: qvo9Y",
        "telephone": "15207362",
        "id": 301,
        "pets": [
            
        ]
    },
    {
        "firstName": "FNkggKC",
        "lastName": "LNyAOki",
        "address": "Address: Hes7S",
        "city": "City: wFN1C",
        "telephone": "61144383",
        "id": 302,
        "pets": [
            {
                "name": "A",
                "birthDate": "2022-09-09",
                "type": {
                    "name": "cat",
                    "id": 1
                },
                "id": 142,
                "ownerId": 302,
                "visits": [
                    
                ]
            }
        ]
    },
    {
        "firstName": "FNeUDyX",
        "lastName": "LNjriVQ",
        "address": "Address: v3LPB",
        "city": "City: Xp6qV",
        "telephone": "52812946",
        "id": 303,
        "pets": [
            {
                "name": "Bin",
                "birthDate": "2022-09-09",
                "type": {
                    "name": "cat",
                    "id": 1
                },
                "id": 143,
                "ownerId": 303,
                "visits": [
                    
                ]
            }
        ]
    },
    {
        "firstName": "FNULRao",
        "lastName": "LNQfCUs",
        "address": "Address: F9sgN",
        "city": "City: LA3Mp",
        "telephone": "37010747",
        "id": 304,
        "pets": [
            {
                "name": "ThirtyCharsTestNametesttestte",
                "birthDate": "2022-09-09",
                "type": {
                    "name": "cat",
                    "id": 1
                },
                "id": 144,
                "ownerId": 304,
                "visits": [
                    
                ]
            }
        ]
    },
    {
        "firstName": "FNDkiec",
        "lastName": "LNkriur",
        "address": "Address: YKlQJ",
        "city": "City: 5FDRc",
        "telephone": "45309585",
        "id": 305,
        "pets": [
            {
                "name": "test_*()&^%$#@!?/",
                "birthDate": "2022-09-09",
                "type": {
                    "name": "cat",
                    "id": 1
                },
                "id": 145,
                "ownerId": 305,
                "visits": [
                    
                ]
            }
        ]
    },
    {
        "firstName": "FNVxncH",
        "lastName": "LNutuPv",
        "address": "Address: F0Zo6",
        "city": "City: 6bfVA",
        "telephone": "90622309",
        "id": 306,
        "pets": [
            {
                "name": "DdrmX",
                "birthDate": "2022-09-09",
                "type": {
                    "name": "cat",
                    "id": 1
                },
                "id": 146,
                "ownerId": 306,
                "visits": [
                    
                ]
            }
        ]
    },
    {
        "firstName": "FNeefZO",
        "lastName": "LNFeIoJ",
        "address": "Address: MpIgW",
        "city": "City: J4rNI",
        "telephone": "04950064",
        "id": 307,
        "pets": [
            
        ]
    },
    {
        "firstName": "FNJjWQF",
        "lastName": "LNHivbR",
        "address": "Address: 5EDyr",
        "city": "City: YYQYP",
        "telephone": "29804316",
        "id": 308,
        "pets": [
            
        ]
    },
    {
        "firstName": "FNgLucY",
        "lastName": "LNrFdiI",
        "address": "Address: X5NTL",
        "city": "City: E0EO4",
        "telephone": "23850269",
        "id": 309,
        "pets": [
            
        ]
    },
    {
        "firstName": "FNFpTip",
        "lastName": "LNtiTWD",
        "address": "Address: 9rtOC",
        "city": "City: yuCTD",
        "telephone": "68556574",
        "id": 310,
        "pets": [
            
        ]
    },
    {
        "firstName": "FNWgbWi",
        "lastName": "LNreKxp",
        "address": "Address: YL9pz",
        "city": "City: 9VQLa",
        "telephone": "20067657",
        "id": 311,
        "pets": [
            {
                "name": "CHoBg",
                "birthDate": "2022-09-09",
                "type": {
                    "name": "cat",
                    "id": 1
                },
                "id": 148,
                "ownerId": 311,
                "visits": [
                    
                ]
            }
        ]
    },
    {
        "firstName": "FNeeqZh",
        "lastName": "LNPPlGK",
        "address": "Address: QVHA4",
        "city": "City: B26CX",
        "telephone": "63905424",
        "id": 312,
        "pets": [
            {
                "name": "hnkes",
                "birthDate": "2022-09-09",
                "type": {
                    "name": "cat",
                    "id": 1
                },
                "id": 149,
                "ownerId": 312,
                "visits": [
                    
                ]
            }
        ]
    },
    {
        "firstName": "FNjATOD",
        "lastName": "LNoYqhO",
        "address": "Address: 14iVx",
        "city": "City: dnakN",
        "telephone": "28695412",
        "id": 313,
        "pets": [
            {
                "name": "OqiVf",
                "birthDate": "2022-09-09",
                "type": {
                    "name": "cat",
                    "id": 1
                },
                "id": 150,
                "ownerId": 313,
                "visits": [
                    
                ]
            }
        ]
    },
    {
        "firstName": "FNjYubf",
        "lastName": "LNPpqnK",
        "address": "Address: RNgjj",
        "city": "City: eLMnK",
        "telephone": "21912283",
        "id": 314,
        "pets": [
            {
                "name": "lSbez",
                "birthDate": "2022-09-09",
                "type": {
                    "name": "cat",
                    "id": 1
                },
                "id": 151,
                "ownerId": 314,
                "visits": [
                    
                ]
            }
        ]
    },
    {
        "firstName": "FNrqxOD",
        "lastName": "LNMSVFK",
        "address": "Address: UuOzo",
        "city": "City: oQJQv",
        "telephone": "48290602",
        "id": 315,
        "pets": [
            {
                "name": "YPWbk",
                "birthDate": "2022-09-09",
                "type": {
                    "name": "cat",
                    "id": 1
                },
                "id": 152,
                "ownerId": 315,
                "visits": [
                    
                ]
            }
        ]
    },
    {
        "firstName": "FNZtdEz",
        "lastName": "LNDGIfA",
        "address": "Address: AlGRC",
        "city": "City: d9K9I",
        "telephone": "54182939",
        "id": 316,
        "pets": [
            {
                "name": "AhQhe",
                "birthDate": "2022-09-09",
                "type": {
                    "name": "cat",
                    "id": 1
                },
                "id": 153,
                "ownerId": 316,
                "visits": [
                    
                ]
            }
        ]
    },
    {
        "firstName": "FNGaHYl",
        "lastName": "LNZWxnO",
        "address": "Address: HyvMx",
        "city": "City: 5gNrJ",
        "telephone": "88378372",
        "id": 317,
        "pets": [
            {
                "name": "VugCX",
                "birthDate": "2022-09-09",
                "type": {
                    "name": "cat",
                    "id": 1
                },
                "id": 154,
                "ownerId": 317,
                "visits": [
                    
                ]
            }
        ]
    },
    {
        "firstName": "FNbqUQS",
        "lastName": "LNKsjWY",
        "address": "Address: zPRYR",
        "city": "City: SxnQi",
        "telephone": "16085972",
        "id": 318,
        "pets": [
            {
                "name": "A",
                "birthDate": "2022-09-09",
                "type": {
                    "name": "cat",
                    "id": 1
                },
                "id": 155,
                "ownerId": 318,
                "visits": [
                    
                ]
            }
        ]
    },
    {
        "firstName": "FNbvlue",
        "lastName": "LNKLxbW",
        "address": "Address: ospgS",
        "city": "City: HFjGx",
        "telephone": "33923947",
        "id": 319,
        "pets": [
            {
                "name": "John",
                "birthDate": "2022-09-09",
                "type": {
                    "name": "cat",
                    "id": 1
                },
                "id": 156,
                "ownerId": 319,
                "visits": [
                    
                ]
            }
        ]
    },
    {
        "firstName": "FNxchiQ",
        "lastName": "LNngjzr",
        "address": "Address: 6Qq2P",
        "city": "City: Yn9qd",
        "telephone": "99763403",
        "id": 320,
        "pets": [
            {
                "name": "ThirtyCharsTestNametesttestte",
                "birthDate": "2022-09-09",
                "type": {
                    "name": "cat",
                    "id": 1
                },
                "id": 157,
                "ownerId": 320,
                "visits": [
                    
                ]
            }
        ]
    },
    {
        "firstName": "FNsHUKN",
        "lastName": "LNSOTOh",
        "address": "Address: LFtxH",
        "city": "City: 1QHn6",
        "telephone": "48365317",
        "id": 321,
        "pets": [
            {
                "name": "test_*()&^%$#@!?/",
                "birthDate": "2022-09-09",
                "type": {
                    "name": "cat",
                    "id": 1
                },
                "id": 158,
                "ownerId": 321,
                "visits": [
                    
                ]
            }
        ]
    },
    {
        "firstName": "FNWvxTg",
        "lastName": "LNsxSDa",
        "address": "Address: WBFCh",
        "city": "City: YblSh",
        "telephone": "71163671",
        "id": 322,
        "pets": [
            {
                "name": "pETxr",
                "birthDate": "2022-09-09",
                "type": {
                    "name": "cat",
                    "id": 1
                },
                "id": 159,
                "ownerId": 322,
                "visits": [
                    
                ]
            }
        ]
    },
    {
        "firstName": "FNggTYZ",
        "lastName": "LNQPUSr",
        "address": "Address: v8kuG",
        "city": "City: WyZ7B",
        "telephone": "59919504",
        "id": 323,
        "pets": [
            {
                "name": "zqFEo",
                "birthDate": "2022-09-09",
                "type": {
                    "name": "cat",
                    "id": 1
                },
                "id": 160,
                "ownerId": 323,
                "visits": [
                    
                ]
            }
        ]
    },
    {
        "firstName": "FNTUKgE",
        "lastName": "LNNAVEH",
        "address": "Address: bh7XL",
        "city": "City: 4C682",
        "telephone": "79837043",
        "id": 324,
        "pets": [
            {
                "name": "lHywy",
                "birthDate": "2022-09-09",
                "type": {
                    "name": "cat",
                    "id": 1
                },
                "id": 161,
                "ownerId": 324,
                "visits": [
                    
                ]
            }
        ]
    },
    {
        "firstName": "A",
        "lastName": "LNtKSwU",
        "address": "Address: w1Fyo",
        "city": "City: CH9CO",
        "telephone": "46152143",
        "id": 325,
        "pets": [
            
        ]
    },
    {
        "firstName": "John",
        "lastName": "LNrsTHu",
        "address": "Address: c70de",
        "city": "City: Akzkm",
        "telephone": "97328980",
        "id": 326,
        "pets": [
            
        ]
    },
    {
        "firstName": "ThirtyCharsTestNametesttestte",
        "lastName": "LNfqulq",
        "address": "Address: XwoQm",
        "city": "City: 8gRxc",
        "telephone": "75987953",
        "id": 327,
        "pets": [
            
        ]
    },
    {
        "firstName": "FNWToqe",
        "lastName": "LNgALJX",
        "address": "Address: 6ivdS",
        "city": "City: tVvKh",
        "telephone": "41094144",
        "id": 328,
        "pets": [
            
        ]
    },
    {
        "firstName": "FNbPOHl",
        "lastName": "LNzeZOr",
        "address": "Address: gYzIY",
        "city": "City: 49hms",
        "telephone": "41456569",
        "id": 329,
        "pets": [
            {
                "name": "A",
                "birthDate": "2022-09-09",
                "type": {
                    "name": "cat",
                    "id": 1
                },
                "id": 162,
                "ownerId": 329,
                "visits": [
                    
                ]
            }
        ]
    },
    {
        "firstName": "FNMIGjE",
        "lastName": "LNgjSzO",
        "address": "Address: 8jhU7",
        "city": "City: bBX9f",
        "telephone": "31124133",
        "id": 330,
        "pets": [
            {
                "name": "Bin",
                "birthDate": "2022-09-09",
                "type": {
                    "name": "cat",
                    "id": 1
                },
                "id": 163,
                "ownerId": 330,
                "visits": [
                    
                ]
            }
        ]
    },
    {
        "firstName": "FNgxORg",
        "lastName": "LNyjvZj",
        "address": "Address: 3KP2g",
        "city": "City: xcKDh",
        "telephone": "74803694",
        "id": 331,
        "pets": [
            {
                "name": "ThirtyCharsTestNametesttestte",
                "birthDate": "2022-09-09",
                "type": {
                    "name": "cat",
                    "id": 1
                },
                "id": 164,
                "ownerId": 331,
                "visits": [
                    
                ]
            }
        ]
    },
    {
        "firstName": "FNIyTKC",
        "lastName": "LNeKLNj",
        "address": "Address: XoeID",
        "city": "City: y7nu4",
        "telephone": "35143333",
        "id": 332,
        "pets": [
            {
                "name": "test_*()&^%$#@!?/",
                "birthDate": "2022-09-09",
                "type": {
                    "name": "cat",
                    "id": 1
                },
                "id": 165,
                "ownerId": 332,
                "visits": [
                    
                ]
            }
        ]
    },
    {
        "firstName": "FNweSsA",
        "lastName": "LNjsYmX",
        "address": "Address: 3a8nV",
        "city": "City: KIXbR",
        "telephone": "32756456",
        "id": 333,
        "pets": [
            {
                "name": "hkOTl",
                "birthDate": "2022-09-09",
                "type": {
                    "name": "cat",
                    "id": 1
                },
                "id": 166,
                "ownerId": 333,
                "visits": [
                    
                ]
            }
        ]
    },
    {
        "firstName": "George",
        "lastName": "Franklin",
        "address": "110 W. Liberty St.",
        "city": "Madison",
        "telephone": "6085551023",
        "id": 334,
        "pets": [
            
        ]
    },
    {
        "firstName": "George",
        "lastName": "Franklin",
        "address": "110 W. Liberty St.",
        "city": "Madison",
        "telephone": "6085551023",
        "id": 335,
        "pets": [
            
        ]
    },
    {
        "firstName": "George",
        "lastName": "Franklin",
        "address": "110 W. Liberty St.",
        "city": "Madison",
        "telephone": "6085551023",
        "id": 336,
        "pets": [
            
        ]
    },
    {
        "firstName": "George",
        "lastName": "Franklin",
        "address": "110 W. Liberty St.",
        "city": "Madison",
        "telephone": "6085551023",
        "id": 337,
        "pets": [
            
        ]
    },
    {
        "firstName": "George",
        "lastName": "Franklin",
        "address": "110 W. Liberty St.",
        "city": "Madison",
        "telephone": "6085551023",
        "id": 338,
        "pets": [
            
        ]
    },
    {
        "firstName": "George",
        "lastName": "Franklin",
        "address": "110 W. Liberty St.",
        "city": "Madison",
        "telephone": "6085551023",
        "id": 339,
        "pets": [
            
        ]
    },
    {
        "firstName": "George",
        "lastName": "Franklin",
        "address": "110 W. Liberty St.",
        "city": "Madison",
        "telephone": "6085551023",
        "id": 340,
        "pets": [
            
        ]
    },
    {
        "firstName": "George",
        "lastName": "Franklin",
        "address": "110 W. Liberty St.",
        "city": "Madison",
        "telephone": "6085551023",
        "id": 341,
        "pets": [
            
        ]
    },
    {
        "firstName": "George",
        "lastName": "Franklin",
        "address": "110 W. Liberty St.",
        "city": "Madison",
        "telephone": "6085551023",
        "id": 342,
        "pets": [
            
        ]
    },
    {
        "firstName": "George",
        "lastName": "Franklin",
        "address": "110 W. Liberty St.",
        "city": "Madison",
        "telephone": "6085551023",
        "id": 343,
        "pets": [
            
        ]
    },
    {
        "firstName": "George",
        "lastName": "Franklin",
        "address": "110 W. Liberty St.",
        "city": "Madison",
        "telephone": "6085551023",
        "id": 344,
        "pets": [
            
        ]
    },
    {
        "firstName": "George",
        "lastName": "Franklin",
        "address": "110 W. Liberty St.",
        "city": "Madison",
        "telephone": "6085551023",
        "id": 345,
        "pets": [
            
        ]
    },
    {
        "firstName": "George",
        "lastName": "Franklin",
        "address": "110 W. Liberty St.",
        "city": "Madison",
        "telephone": "6085551023",
        "id": 346,
        "pets": [
            
        ]
    },
    {
        "firstName": "George",
        "lastName": "Franklin",
        "address": "110 W. Liberty St.",
        "city": "Madison",
        "telephone": "6085551023",
        "id": 347,
        "pets": [
            
        ]
    },
    {
        "firstName": "George",
        "lastName": "Franklin",
        "address": "110 W. Liberty St.",
        "city": "Madison",
        "telephone": "6085551023",
        "id": 348,
        "pets": [
            
        ]
    },
    {
        "firstName": "George",
        "lastName": "Franklin",
        "address": "110 W. Liberty St.",
        "city": "Madison",
        "telephone": "6085551023",
        "id": 349,
        "pets": [
            
        ]
    },
    {
        "firstName": "George",
        "lastName": "Franklin",
        "address": "110 W. Liberty St.",
        "city": "Madison",
        "telephone": "6085551023",
        "id": 350,
        "pets": [
            
        ]
    },
    {
        "firstName": "George",
        "lastName": "Franklin",
        "address": "110 W. Liberty St.",
        "city": "Madison",
        "telephone": "6085551023",
        "id": 351,
        "pets": [
            
        ]
    },
    {
        "firstName": "George",
        "lastName": "Franklin",
        "address": "110 W. Liberty St.",
        "city": "Madison",
        "telephone": "6085551023",
        "id": 352,
        "pets": [
            
        ]
    },
    {
        "firstName": "George",
        "lastName": "Franklin",
        "address": "110 W. Liberty St.",
        "city": "Madison",
        "telephone": "6085551023",
        "id": 353,
        "pets": [
            
        ]
    },
    {
        "firstName": "George",
        "lastName": "Franklin",
        "address": "110 W. Liberty St.",
        "city": "Madison",
        "telephone": "6085551023",
        "id": 354,
        "pets": [
            
        ]
    },
    {
        "firstName": "George",
        "lastName": "Franklin",
        "address": "110 W. Liberty St.",
        "city": "Madison",
        "telephone": "6085551023",
        "id": 355,
        "pets": [
            
        ]
    },
    {
        "firstName": "George",
        "lastName": "Franklin",
        "address": "110 W. Liberty St.",
        "city": "Madison",
        "telephone": "6085551023",
        "id": 356,
        "pets": [
            
        ]
    },
    {
        "firstName": "George",
        "lastName": "Franklin",
        "address": "110 W. Liberty St.",
        "city": "Madison",
        "telephone": "6085551023",
        "id": 357,
        "pets": [
            
        ]
    },
    {
        "firstName": "George",
        "lastName": "Franklin",
        "address": "110 W. Liberty St.",
        "city": "Madison",
        "telephone": "6085551023",
        "id": 358,
        "pets": [
            
        ]
    },
    {
        "firstName": "George",
        "lastName": "Franklin",
        "address": "110 W. Liberty St.",
        "city": "Madison",
        "telephone": "6085551023",
        "id": 359,
        "pets": [
            
        ]
    },
    {
        "firstName": "George",
        "lastName": "Franklin",
        "address": "110 W. Liberty St.",
        "city": "Madison",
        "telephone": "6085551023",
        "id": 360,
        "pets": [
            
        ]
    },
    {
        "firstName": "George",
        "lastName": "Franklin",
        "address": "110 W. Liberty St.",
        "city": "Madison",
        "telephone": "6085551023",
        "id": 361,
        "pets": [
            
        ]
    },
    {
        "firstName": "George",
        "lastName": "Franklin",
        "address": "110 W. Liberty St.",
        "city": "Madison",
        "telephone": "6085551023",
        "id": 362,
        "pets": [
            
        ]
    },
    {
        "firstName": "George",
        "lastName": "Franklin",
        "address": "110 W. Liberty St.",
        "city": "Madison",
        "telephone": "6085551023",
        "id": 363,
        "pets": [
            
        ]
    },
    {
        "firstName": "George",
        "lastName": "Franklin",
        "address": "110 W. Liberty St.",
        "city": "Madison",
        "telephone": "6085551023",
        "id": 364,
        "pets": [
            
        ]
    },
    {
        "firstName": "George",
        "lastName": "Franklin",
        "address": "110 W. Liberty St.",
        "city": "Madison",
        "telephone": "6085551023",
        "id": 365,
        "pets": [
            
        ]
    },
    {
        "firstName": "George",
        "lastName": "Franklin",
        "address": "110 W. Liberty St.",
        "city": "Madison",
        "telephone": "6085551023",
        "id": 366,
        "pets": [
            
        ]
    },
    {
        "firstName": "George",
        "lastName": "Franklin",
        "address": "110 W. Liberty St.",
        "city": "Madison",
        "telephone": "6085551023",
        "id": 367,
        "pets": [
            
        ]
    },
    {
        "firstName": "George",
        "lastName": "Franklin",
        "address": "110 W. Liberty St.",
        "city": "Madison",
        "telephone": "6085551023",
        "id": 368,
        "pets": [
            
        ]
    },
    {
        "firstName": "George",
        "lastName": "Franklin",
        "address": "110 W. Liberty St.",
        "city": "Madison",
        "telephone": "6085551023",
        "id": 369,
        "pets": [
            
        ]
    },
    {
        "firstName": "George",
        "lastName": "Franklin",
        "address": "110 W. Liberty St.",
        "city": "Madison",
        "telephone": "6085551023",
        "id": 370,
        "pets": [
            
        ]
    },
    {
        "firstName": "George",
        "lastName": "Franklin",
        "address": "110 W. Liberty St.",
        "city": "Madison",
        "telephone": "6085551023",
        "id": 371,
        "pets": [
            
        ]
    },
    {
        "firstName": "George",
        "lastName": "Franklin",
        "address": "110 W. Liberty St.",
        "city": "Madison",
        "telephone": "6085551023",
        "id": 372,
        "pets": [
            
        ]
    },
    {
        "firstName": "George",
        "lastName": "Franklin",
        "address": "110 W. Liberty St.",
        "city": "Madison",
        "telephone": "6085551023",
        "id": 373,
        "pets": [
            
        ]
    },
    {
        "firstName": "George",
        "lastName": "Franklin",
        "address": "110 W. Liberty St.",
        "city": "Madison",
        "telephone": "6085551023",
        "id": 374,
        "pets": [
            
        ]
    },
    {
        "firstName": "George",
        "lastName": "Franklin",
        "address": "110 W. Liberty St.",
        "city": "Madison",
        "telephone": "6085551023",
        "id": 375,
        "pets": [
            
        ]
    },
    {
        "firstName": "George",
        "lastName": "Franklin",
        "address": "110 W. Liberty St.",
        "city": "Madison",
        "telephone": "6085551023",
        "id": 376,
        "pets": [
            
        ]
    },
    {
        "firstName": "George",
        "lastName": "Franklin",
        "address": "110 W. Liberty St.",
        "city": "Madison",
        "telephone": "6085551023",
        "id": 377,
        "pets": [
            
        ]
    },
    {
        "firstName": "George",
        "lastName": "Franklin",
        "address": "110 W. Liberty St.",
        "city": "Madison",
        "telephone": "6085551023",
        "id": 378,
        "pets": [
            
        ]
    },
    {
        "firstName": "George",
        "lastName": "Franklin",
        "address": "110 W. Liberty St.",
        "city": "Madison",
        "telephone": "6085551023",
        "id": 379,
        "pets": [
            
        ]
    },
    {
        "firstName": "George",
        "lastName": "Franklin",
        "address": "110 W. Liberty St.",
        "city": "Madison",
        "telephone": "6085551023",
        "id": 380,
        "pets": [
            
        ]
    },
    {
        "firstName": "George",
        "lastName": "Franklin",
        "address": "110 W. Liberty St.",
        "city": "Madison",
        "telephone": "6085551023",
        "id": 381,
        "pets": [
            
        ]
    },
    {
        "firstName": "George",
        "lastName": "Franklin",
        "address": "110 W. Liberty St.",
        "city": "Madison",
        "telephone": "6085551023",
        "id": 382,
        "pets": [
            
        ]
    },
    {
        "firstName": "George",
        "lastName": "Franklin",
        "address": "110 W. Liberty St.",
        "city": "Madison",
        "telephone": "6085551023",
        "id": 383,
        "pets": [
            
        ]
    },
    {
        "firstName": "George",
        "lastName": "Franklin",
        "address": "110 W. Liberty St.",
        "city": "Madison",
        "telephone": "6085551023",
        "id": 384,
        "pets": [
            
        ]
    },
    {
        "firstName": "George",
        "lastName": "Franklin",
        "address": "110 W. Liberty St.",
        "city": "Madison",
        "telephone": "6085551023",
        "id": 385,
        "pets": [
            
        ]
    },
    {
        "firstName": "George",
        "lastName": "Franklin",
        "address": "110 W. Liberty St.",
        "city": "Madison",
        "telephone": "6085551023",
        "id": 386,
        "pets": [
            
        ]
    },
    {
        "firstName": "George",
        "lastName": "Franklin",
        "address": "110 W. Liberty St.",
        "city": "Madison",
        "telephone": "6085551023",
        "id": 387,
        "pets": [
            
        ]
    },
    {
        "firstName": "George",
        "lastName": "Franklin",
        "address": "110 W. Liberty St.",
        "city": "Madison",
        "telephone": "6085551023",
        "id": 388,
        "pets": [
            
        ]
    },
    {
        "firstName": "George",
        "lastName": "Franklin",
        "address": "110 W. Liberty St.",
        "city": "Madison",
        "telephone": "6085551023",
        "id": 389,
        "pets": [
            
        ]
    },
    {
        "firstName": "George",
        "lastName": "Franklin",
        "address": "110 W. Liberty St.",
        "city": "Madison",
        "telephone": "6085551023",
        "id": 390,
        "pets": [
            
        ]
    },
    {
        "firstName": "George",
        "lastName": "Franklin",
        "address": "110 W. Liberty St.",
        "city": "Madison",
        "telephone": "6085551023",
        "id": 391,
        "pets": [
            
        ]
    },
    {
        "firstName": "George",
        "lastName": "Franklin",
        "address": "110 W. Liberty St.",
        "city": "Madison",
        "telephone": "6085551023",
        "id": 392,
        "pets": [
            
        ]
    },
    {
        "firstName": "George",
        "lastName": "Franklin",
        "address": "110 W. Liberty St.",
        "city": "Madison",
        "telephone": "6085551023",
        "id": 393,
        "pets": [
            
        ]
    },
    {
        "firstName": "George",
        "lastName": "Franklin",
        "address": "110 W. Liberty St.",
        "city": "Madison",
        "telephone": "6085551023",
        "id": 394,
        "pets": [
            
        ]
    },
    {
        "firstName": "George",
        "lastName": "Franklin",
        "address": "110 W. Liberty St.",
        "city": "Madison",
        "telephone": "6085551023",
        "id": 395,
        "pets": [
            
        ]
    },
    {
        "firstName": "George",
        "lastName": "Franklin",
        "address": "110 W. Liberty St.",
        "city": "Madison",
        "telephone": "6085551023",
        "id": 396,
        "pets": [
            
        ]
    },
    {
        "firstName": "George",
        "lastName": "Franklin",
        "address": "110 W. Liberty St.",
        "city": "Madison",
        "telephone": "6085551023",
        "id": 397,
        "pets": [
            
        ]
    },
    {
        "firstName": "George",
        "lastName": "Franklin",
        "address": "110 W. Liberty St.",
        "city": "Madison",
        "telephone": "6085551023",
        "id": 398,
        "pets": [
            
        ]
    },
    {
        "firstName": "George",
        "lastName": "Franklin",
        "address": "110 W. Liberty St.",
        "city": "Madison",
        "telephone": "6085551023",
        "id": 399,
        "pets": [
            
        ]
    },
    {
        "firstName": "George",
        "lastName": "Franklin",
        "address": "110 W. Liberty St.",
        "city": "Madison",
        "telephone": "6085551023",
        "id": 400,
        "pets": [
            
        ]
    },
    {
        "firstName": "George",
        "lastName": "Franklin",
        "address": "110 W. Liberty St.",
        "city": "Madison",
        "telephone": "6085551023",
        "id": 401,
        "pets": [
            
        ]
    },
    {
        "firstName": "George",
        "lastName": "Franklin",
        "address": "110 W. Liberty St.",
        "city": "Madison",
        "telephone": "6085551023",
        "id": 402,
        "pets": [
            
        ]
    },
    {
        "firstName": "George",
        "lastName": "Franklin",
        "address": "110 W. Liberty St.",
        "city": "Madison",
        "telephone": "6085551023",
        "id": 403,
        "pets": [
            
        ]
    },
    {
        "firstName": "George",
        "lastName": "Franklin",
        "address": "110 W. Liberty St.",
        "city": "Madison",
        "telephone": "6085551023",
        "id": 404,
        "pets": [
            
        ]
    },
    {
        "firstName": "George",
        "lastName": "Franklin",
        "address": "110 W. Liberty St.",
        "city": "Madison",
        "telephone": "6085551023",
        "id": 405,
        "pets": [
            
        ]
    },
    {
        "firstName": "George",
        "lastName": "Franklin",
        "address": "110 W. Liberty St.",
        "city": "Madison",
        "telephone": "6085551023",
        "id": 406,
        "pets": [
            
        ]
    },
    {
        "firstName": "George",
        "lastName": "Franklin",
        "address": "110 W. Liberty St.",
        "city": "Madison",
        "telephone": "6085551023",
        "id": 407,
        "pets": [
            
        ]
    },
    {
        "firstName": "George",
        "lastName": "Franklin",
        "address": "110 W. Liberty St.",
        "city": "Madison",
        "telephone": "6085551023",
        "id": 408,
        "pets": [
            
        ]
    },
    {
        "firstName": "George",
        "lastName": "Franklin",
        "address": "110 W. Liberty St.",
        "city": "Madison",
        "telephone": "6085551023",
        "id": 409,
        "pets": [
            
        ]
    },
    {
        "firstName": "George",
        "lastName": "Franklin",
        "address": "110 W. Liberty St.",
        "city": "Madison",
        "telephone": "6085551023",
        "id": 410,
        "pets": [
            
        ]
    },
    {
        "firstName": "George",
        "lastName": "Franklin",
        "address": "110 W. Liberty St.",
        "city": "Madison",
        "telephone": "6085551023",
        "id": 411,
        "pets": [
            
        ]
    },
    {
        "firstName": "George",
        "lastName": "Franklin",
        "address": "110 W. Liberty St.",
        "city": "Madison",
        "telephone": "6085551023",
        "id": 412,
        "pets": [
            
        ]
    },
    {
        "firstName": "George",
        "lastName": "Franklin",
        "address": "110 W. Liberty St.",
        "city": "Madison",
        "telephone": "6085551023",
        "id": 413,
        "pets": [
            
        ]
    },
    {
        "firstName": "George",
        "lastName": "Franklin",
        "address": "110 W. Liberty St.",
        "city": "Madison",
        "telephone": "6085551023",
        "id": 414,
        "pets": [
            
        ]
    },
    {
        "firstName": "George",
        "lastName": "Franklin",
        "address": "110 W. Liberty St.",
        "city": "Madison",
        "telephone": "6085551023",
        "id": 415,
        "pets": [
            
        ]
    },
    {
        "firstName": "George",
        "lastName": "Franklin",
        "address": "110 W. Liberty St.",
        "city": "Madison",
        "telephone": "6085551023",
        "id": 416,
        "pets": [
            
        ]
    },
    {
        "firstName": "George",
        "lastName": "Franklin",
        "address": "110 W. Liberty St.",
        "city": "Madison",
        "telephone": "6085551023",
        "id": 417,
        "pets": [
            
        ]
    },
    {
        "firstName": "George",
        "lastName": "Franklin",
        "address": "110 W. Liberty St.",
        "city": "Madison",
        "telephone": "6085551023",
        "id": 418,
        "pets": [
            
        ]
    },
    {
        "firstName": "George",
        "lastName": "Franklin",
        "address": "110 W. Liberty St.",
        "city": "Madison",
        "telephone": "6085551023",
        "id": 419,
        "pets": [
            
        ]
    },
    {
        "firstName": "George",
        "lastName": "Franklin",
        "address": "110 W. Liberty St.",
        "city": "Madison",
        "telephone": "6085551023",
        "id": 420,
        "pets": [
            
        ]
    },
    {
        "firstName": "George",
        "lastName": "Franklin",
        "address": "110 W. Liberty St.",
        "city": "Madison",
        "telephone": "6085551023",
        "id": 421,
        "pets": [
            
        ]
    },
    {
        "firstName": "George",
        "lastName": "Franklin",
        "address": "110 W. Liberty St.",
        "city": "Madison",
        "telephone": "6085551023",
        "id": 422,
        "pets": [
            
        ]
    },
    {
        "firstName": "George",
        "lastName": "Franklin",
        "address": "110 W. Liberty St.",
        "city": "Madison",
        "telephone": "6085551023",
        "id": 423,
        "pets": [
            
        ]
    },
    {
        "firstName": "George",
        "lastName": "Franklin",
        "address": "110 W. Liberty St.",
        "city": "Madison",
        "telephone": "6085551023",
        "id": 424,
        "pets": [
            
        ]
    },
    {
        "firstName": "George",
        "lastName": "Franklin",
        "address": "110 W. Liberty St.",
        "city": "Madison",
        "telephone": "6085551023",
        "id": 425,
        "pets": [
            
        ]
    },
    {
        "firstName": "George",
        "lastName": "Franklin",
        "address": "110 W. Liberty St.",
        "city": "Madison",
        "telephone": "6085551023",
        "id": 426,
        "pets": [
            
        ]
    },
    {
        "firstName": "George",
        "lastName": "Franklin",
        "address": "110 W. Liberty St.",
        "city": "Madison",
        "telephone": "6085551023",
        "id": 427,
        "pets": [
            
        ]
    },
    {
        "firstName": "George",
        "lastName": "Franklin",
        "address": "110 W. Liberty St.",
        "city": "Madison",
        "telephone": "6085551023",
        "id": 428,
        "pets": [
            
        ]
    },
    {
        "firstName": "George",
        "lastName": "Franklin",
        "address": "110 W. Liberty St.",
        "city": "Madison",
        "telephone": "6085551023",
        "id": 429,
        "pets": [
            
        ]
    },
    {
        "firstName": "George",
        "lastName": "Franklin",
        "address": "110 W. Liberty St.",
        "city": "Madison",
        "telephone": "6085551023",
        "id": 430,
        "pets": [
            
        ]
    },
    {
        "firstName": "George",
        "lastName": "Franklin",
        "address": "110 W. Liberty St.",
        "city": "Madison",
        "telephone": "6085551023",
        "id": 431,
        "pets": [
            
        ]
    },
    {
        "firstName": "George",
        "lastName": "Franklin",
        "address": "110 W. Liberty St.",
        "city": "Madison",
        "telephone": "6085551023",
        "id": 432,
        "pets": [
            
        ]
    },
    {
        "firstName": "George",
        "lastName": "Franklin",
        "address": "110 W. Liberty St.",
        "city": "Madison",
        "telephone": "6085551023",
        "id": 433,
        "pets": [
            
        ]
    },
    {
        "firstName": "George",
        "lastName": "Franklin",
        "address": "110 W. Liberty St.",
        "city": "Madison",
        "telephone": "6085551023",
        "id": 434,
        "pets": [
            
        ]
    },
    {
        "firstName": "George",
        "lastName": "Franklin",
        "address": "110 W. Liberty St.",
        "city": "Madison",
        "telephone": "6085551023",
        "id": 435,
        "pets": [
            
        ]
    },
    {
        "firstName": "George",
        "lastName": "Franklin",
        "address": "110 W. Liberty St.",
        "city": "Madison",
        "telephone": "6085551023",
        "id": 436,
        "pets": [
            
        ]
    },
    {
        "firstName": "George",
        "lastName": "Franklin",
        "address": "110 W. Liberty St.",
        "city": "Madison",
        "telephone": "6085551023",
        "id": 437,
        "pets": [
            
        ]
    },
    {
        "firstName": "George",
        "lastName": "Franklin",
        "address": "110 W. Liberty St.",
        "city": "Madison",
        "telephone": "6085551023",
        "id": 438,
        "pets": [
            
        ]
    },
    {
        "firstName": "George",
        "lastName": "Franklin",
        "address": "110 W. Liberty St.",
        "city": "Madison",
        "telephone": "6085551023",
        "id": 439,
        "pets": [
            
        ]
    },
    {
        "firstName": "George",
        "lastName": "Franklin",
        "address": "110 W. Liberty St.",
        "city": "Madison",
        "telephone": "6085551023",
        "id": 440,
        "pets": [
            
        ]
    },
    {
        "firstName": "George",
        "lastName": "Franklin",
        "address": "110 W. Liberty St.",
        "city": "Madison",
        "telephone": "6085551023",
        "id": 441,
        "pets": [
            
        ]
    },
    {
        "firstName": "George",
        "lastName": "Franklin",
        "address": "110 W. Liberty St.",
        "city": "Madison",
        "telephone": "6085551023",
        "id": 442,
        "pets": [
            
        ]
    },
    {
        "firstName": "George",
        "lastName": "Franklin",
        "address": "110 W. Liberty St.",
        "city": "Madison",
        "telephone": "6085551023",
        "id": 443,
        "pets": [
            
        ]
    },
    {
        "firstName": "George",
        "lastName": "Franklin",
        "address": "110 W. Liberty St.",
        "city": "Madison",
        "telephone": "6085551023",
        "id": 444,
        "pets": [
            
        ]
    },
    {
        "firstName": "George",
        "lastName": "Franklin",
        "address": "110 W. Liberty St.",
        "city": "Madison",
        "telephone": "6085551023",
        "id": 445,
        "pets": [
            
        ]
    },
    {
        "firstName": "George",
        "lastName": "Franklin",
        "address": "110 W. Liberty St.",
        "city": "Madison",
        "telephone": "6085551023",
        "id": 446,
        "pets": [
            
        ]
    },
    {
        "firstName": "George",
        "lastName": "Franklin",
        "address": "110 W. Liberty St.",
        "city": "Madison",
        "telephone": "6085551023",
        "id": 447,
        "pets": [
            
        ]
    },
    {
        "firstName": "George",
        "lastName": "Franklin",
        "address": "110 W. Liberty St.",
        "city": "Madison",
        "telephone": "6085551023",
        "id": 448,
        "pets": [
            
        ]
    },
    {
        "firstName": "George",
        "lastName": "Franklin",
        "address": "110 W. Liberty St.",
        "city": "Madison",
        "telephone": "6085551023",
        "id": 449,
        "pets": [
            
        ]
    },
    {
        "firstName": "George",
        "lastName": "Franklin",
        "address": "110 W. Liberty St.",
        "city": "Madison",
        "telephone": "6085551023",
        "id": 450,
        "pets": [
            
        ]
    },
    {
        "firstName": "George",
        "lastName": "Franklin",
        "address": "110 W. Liberty St.",
        "city": "Madison",
        "telephone": "6085551023",
        "id": 451,
        "pets": [
            
        ]
    },
    {
        "firstName": "George",
        "lastName": "Franklin",
        "address": "110 W. Liberty St.",
        "city": "Madison",
        "telephone": "6085551023",
        "id": 452,
        "pets": [
            
        ]
    },
    {
        "firstName": "George",
        "lastName": "Franklin",
        "address": "110 W. Liberty St.",
        "city": "Madison",
        "telephone": "6085551023",
        "id": 453,
        "pets": [
            
        ]
    },
    {
        "firstName": "George",
        "lastName": "Franklin",
        "address": "110 W. Liberty St.",
        "city": "Madison",
        "telephone": "6085551023",
        "id": 454,
        "pets": [
            
        ]
    },
    {
        "firstName": "George",
        "lastName": "Franklin",
        "address": "110 W. Liberty St.",
        "city": "Madison",
        "telephone": "6085551023",
        "id": 455,
        "pets": [
            
        ]
    },
    {
        "firstName": "George",
        "lastName": "Franklin",
        "address": "110 W. Liberty St.",
        "city": "Madison",
        "telephone": "6085551023",
        "id": 456,
        "pets": [
            
        ]
    },
    {
        "firstName": "George",
        "lastName": "Franklin",
        "address": "110 W. Liberty St.",
        "city": "Madison",
        "telephone": "6085551023",
        "id": 457,
        "pets": [
            
        ]
    },
    {
        "firstName": "George",
        "lastName": "Franklin",
        "address": "110 W. Liberty St.",
        "city": "Madison",
        "telephone": "6085551023",
        "id": 458,
        "pets": [
            
        ]
    },
    {
        "firstName": "George",
        "lastName": "Franklin",
        "address": "110 W. Liberty St.",
        "city": "Madison",
        "telephone": "6085551023",
        "id": 459,
        "pets": [
            
        ]
    },
    {
        "firstName": "George",
        "lastName": "Franklin",
        "address": "110 W. Liberty St.",
        "city": "Madison",
        "telephone": "6085551023",
        "id": 460,
        "pets": [
            
        ]
    },
    {
        "firstName": "George",
        "lastName": "Franklin",
        "address": "110 W. Liberty St.",
        "city": "Madison",
        "telephone": "6085551023",
        "id": 461,
        "pets": [
            
        ]
    },
    {
        "firstName": "George",
        "lastName": "Franklin",
        "address": "110 W. Liberty St.",
        "city": "Madison",
        "telephone": "6085551023",
        "id": 462,
        "pets": [
            
        ]
    },
    {
        "firstName": "George",
        "lastName": "Franklin",
        "address": "110 W. Liberty St.",
        "city": "Madison",
        "telephone": "6085551023",
        "id": 463,
        "pets": [
            
        ]
    },
    {
        "firstName": "George",
        "lastName": "Franklin",
        "address": "110 W. Liberty St.",
        "city": "Madison",
        "telephone": "6085551023",
        "id": 464,
        "pets": [
            
        ]
    },
    {
        "firstName": "George",
        "lastName": "Franklin",
        "address": "110 W. Liberty St.",
        "city": "Madison",
        "telephone": "6085551023",
        "id": 465,
        "pets": [
            
        ]
    },
    {
        "firstName": "George",
        "lastName": "Franklin",
        "address": "110 W. Liberty St.",
        "city": "Madison",
        "telephone": "6085551023",
        "id": 466,
        "pets": [
            
        ]
    },
    {
        "firstName": "George",
        "lastName": "Franklin",
        "address": "110 W. Liberty St.",
        "city": "Madison",
        "telephone": "6085551023",
        "id": 467,
        "pets": [
            
        ]
    },
    {
        "firstName": "George",
        "lastName": "Franklin",
        "address": "110 W. Liberty St.",
        "city": "Madison",
        "telephone": "6085551023",
        "id": 468,
        "pets": [
            
        ]
    },
    {
        "firstName": "George",
        "lastName": "Franklin",
        "address": "110 W. Liberty St.",
        "city": "Madison",
        "telephone": "6085551023",
        "id": 469,
        "pets": [
            
        ]
    },
    {
        "firstName": "George",
        "lastName": "Franklin",
        "address": "110 W. Liberty St.",
        "city": "Madison",
        "telephone": "6085551023",
        "id": 470,
        "pets": [
            
        ]
    },
    {
        "firstName": "George",
        "lastName": "Franklin",
        "address": "110 W. Liberty St.",
        "city": "Madison",
        "telephone": "6085551023",
        "id": 471,
        "pets": [
            
        ]
    },
    {
        "firstName": "George",
        "lastName": "Franklin",
        "address": "110 W. Liberty St.",
        "city": "Madison",
        "telephone": "6085551023",
        "id": 472,
        "pets": [
            
        ]
    },
    {
        "firstName": "George",
        "lastName": "Franklin",
        "address": "110 W. Liberty St.",
        "city": "Madison",
        "telephone": "6085551023",
        "id": 473,
        "pets": [
            
        ]
    },
    {
        "firstName": "George",
        "lastName": "Franklin",
        "address": "110 W. Liberty St.",
        "city": "Madison",
        "telephone": "6085551023",
        "id": 474,
        "pets": [
            
        ]
    },
    {
        "firstName": "George",
        "lastName": "Franklin",
        "address": "110 W. Liberty St.",
        "city": "Madison",
        "telephone": "6085551023",
        "id": 475,
        "pets": [
            
        ]
    },
    {
        "firstName": "George",
        "lastName": "Franklin",
        "address": "110 W. Liberty St.",
        "city": "Madison",
        "telephone": "6085551023",
        "id": 476,
        "pets": [
            
        ]
    },
    {
        "firstName": "George",
        "lastName": "Franklin",
        "address": "110 W. Liberty St.",
        "city": "Madison",
        "telephone": "6085551023",
        "id": 477,
        "pets": [
            
        ]
    },
    {
        "firstName": "George",
        "lastName": "Franklin",
        "address": "110 W. Liberty St.",
        "city": "Madison",
        "telephone": "6085551023",
        "id": 478,
        "pets": [
            
        ]
    },
    {
        "firstName": "George",
        "lastName": "Franklin",
        "address": "110 W. Liberty St.",
        "city": "Madison",
        "telephone": "6085551023",
        "id": 479,
        "pets": [
            
        ]
    },
    {
        "firstName": "George",
        "lastName": "Franklin",
        "address": "110 W. Liberty St.",
        "city": "Madison",
        "telephone": "6085551023",
        "id": 480,
        "pets": [
            
        ]
    },
    {
        "firstName": "George",
        "lastName": "Franklin",
        "address": "110 W. Liberty St.",
        "city": "Madison",
        "telephone": "6085551023",
        "id": 481,
        "pets": [
            
        ]
    },
    {
        "firstName": "George",
        "lastName": "Franklin",
        "address": "110 W. Liberty St.",
        "city": "Madison",
        "telephone": "6085551023",
        "id": 482,
        "pets": [
            
        ]
    },
    {
        "firstName": "George",
        "lastName": "Franklin",
        "address": "110 W. Liberty St.",
        "city": "Madison",
        "telephone": "6085551023",
        "id": 483,
        "pets": [
            
        ]
    },
    {
        "firstName": "George",
        "lastName": "Franklin",
        "address": "110 W. Liberty St.",
        "city": "Madison",
        "telephone": "6085551023",
        "id": 484,
        "pets": [
            
        ]
    },
    {
        "firstName": "George",
        "lastName": "Franklin",
        "address": "110 W. Liberty St.",
        "city": "Madison",
        "telephone": "6085551023",
        "id": 485,
        "pets": [
            
        ]
    },
    {
        "firstName": "George",
        "lastName": "Franklin",
        "address": "110 W. Liberty St.",
        "city": "Madison",
        "telephone": "6085551023",
        "id": 486,
        "pets": [
            
        ]
    },
    {
        "firstName": "George",
        "lastName": "Franklin",
        "address": "110 W. Liberty St.",
        "city": "Madison",
        "telephone": "6085551023",
        "id": 487,
        "pets": [
            
        ]
    },
    {
        "firstName": "George",
        "lastName": "Franklin",
        "address": "110 W. Liberty St.",
        "city": "Madison",
        "telephone": "6085551023",
        "id": 488,
        "pets": [
            
        ]
    },
    {
        "firstName": "George",
        "lastName": "Franklin",
        "address": "110 W. Liberty St.",
        "city": "Madison",
        "telephone": "6085551023",
        "id": 489,
        "pets": [
            
        ]
    },
    {
        "firstName": "George",
        "lastName": "Franklin",
        "address": "110 W. Liberty St.",
        "city": "Madison",
        "telephone": "6085551023",
        "id": 490,
        "pets": [
            
        ]
    },
    {
        "firstName": "George",
        "lastName": "Franklin",
        "address": "110 W. Liberty St.",
        "city": "Madison",
        "telephone": "6085551023",
        "id": 491,
        "pets": [
            
        ]
    },
    {
        "firstName": "George",
        "lastName": "Franklin",
        "address": "110 W. Liberty St.",
        "city": "Madison",
        "telephone": "6085551023",
        "id": 492,
        "pets": [
            
        ]
    },
    {
        "firstName": "George",
        "lastName": "Franklin",
        "address": "110 W. Liberty St.",
        "city": "Madison",
        "telephone": "6085551023",
        "id": 493,
        "pets": [
            
        ]
    },
    {
        "firstName": "George",
        "lastName": "Franklin",
        "address": "110 W. Liberty St.",
        "city": "Madison",
        "telephone": "6085551023",
        "id": 494,
        "pets": [
            
        ]
    },
    {
        "firstName": "George",
        "lastName": "Franklin",
        "address": "110 W. Liberty St.",
        "city": "Madison",
        "telephone": "6085551023",
        "id": 495,
        "pets": [
            
        ]
    },
    {
        "firstName": "George",
        "lastName": "Franklin",
        "address": "110 W. Liberty St.",
        "city": "Madison",
        "telephone": "6085551023",
        "id": 496,
        "pets": [
            
        ]
    },
    {
        "firstName": "George",
        "lastName": "Franklin",
        "address": "110 W. Liberty St.",
        "city": "Madison",
        "telephone": "6085551023",
        "id": 497,
        "pets": [
            
        ]
    },
    {
        "firstName": "George",
        "lastName": "Franklin",
        "address": "110 W. Liberty St.",
        "city": "Madison",
        "telephone": "6085551023",
        "id": 498,
        "pets": [
            
        ]
    },
    {
        "firstName": "George",
        "lastName": "Franklin",
        "address": "110 W. Liberty St.",
        "city": "Madison",
        "telephone": "6085551023",
        "id": 499,
        "pets": [
            
        ]
    },
    {
        "firstName": "George",
        "lastName": "Franklin",
        "address": "110 W. Liberty St.",
        "city": "Madison",
        "telephone": "6085551023",
        "id": 500,
        "pets": [
            
        ]
    },
    {
        "firstName": "George",
        "lastName": "Franklin",
        "address": "110 W. Liberty St.",
        "city": "Madison",
        "telephone": "6085551023",
        "id": 501,
        "pets": [
            
        ]
    },
    {
        "firstName": "George",
        "lastName": "Franklin",
        "address": "110 W. Liberty St.",
        "city": "Madison",
        "telephone": "6085551023",
        "id": 502,
        "pets": [
            
        ]
    },
    {
        "firstName": "George",
        "lastName": "Franklin",
        "address": "110 W. Liberty St.",
        "city": "Madison",
        "telephone": "6085551023",
        "id": 503,
        "pets": [
            
        ]
    },
    {
        "firstName": "George",
        "lastName": "Franklin",
        "address": "110 W. Liberty St.",
        "city": "Madison",
        "telephone": "6085551023",
        "id": 504,
        "pets": [
            
        ]
    },
    {
        "firstName": "George",
        "lastName": "Franklin",
        "address": "110 W. Liberty St.",
        "city": "Madison",
        "telephone": "6085551023",
        "id": 505,
        "pets": [
            
        ]
    },
    {
        "firstName": "George",
        "lastName": "Franklin",
        "address": "110 W. Liberty St.",
        "city": "Madison",
        "telephone": "6085551023",
        "id": 506,
        "pets": [
            
        ]
    },
    {
        "firstName": "George",
        "lastName": "Franklin",
        "address": "110 W. Liberty St.",
        "city": "Madison",
        "telephone": "6085551023",
        "id": 507,
        "pets": [
            
        ]
    },
    {
        "firstName": "George",
        "lastName": "Franklin",
        "address": "110 W. Liberty St.",
        "city": "Madison",
        "telephone": "6085551023",
        "id": 508,
        "pets": [
            
        ]
    },
    {
        "firstName": "George",
        "lastName": "Franklin",
        "address": "110 W. Liberty St.",
        "city": "Madison",
        "telephone": "6085551023",
        "id": 509,
        "pets": [
            
        ]
    },
    {
        "firstName": "George",
        "lastName": "Franklin",
        "address": "110 W. Liberty St.",
        "city": "Madison",
        "telephone": "6085551023",
        "id": 510,
        "pets": [
            
        ]
    },
    {
        "firstName": "George",
        "lastName": "Franklin",
        "address": "110 W. Liberty St.",
        "city": "Madison",
        "telephone": "6085551023",
        "id": 511,
        "pets": [
            
        ]
    },
    {
        "firstName": "George",
        "lastName": "Franklin",
        "address": "110 W. Liberty St.",
        "city": "Madison",
        "telephone": "6085551023",
        "id": 512,
        "pets": [
            
        ]
    },
    {
        "firstName": "George",
        "lastName": "Franklin",
        "address": "110 W. Liberty St.",
        "city": "Madison",
        "telephone": "6085551023",
        "id": 513,
        "pets": [
            
        ]
    },
    {
        "firstName": "George",
        "lastName": "Franklin",
        "address": "110 W. Liberty St.",
        "city": "Madison",
        "telephone": "6085551023",
        "id": 514,
        "pets": [
            
        ]
    },
    {
        "firstName": "George",
        "lastName": "Franklin",
        "address": "110 W. Liberty St.",
        "city": "Madison",
        "telephone": "6085551023",
        "id": 515,
        "pets": [
            
        ]
    },
    {
        "firstName": "George",
        "lastName": "Franklin",
        "address": "110 W. Liberty St.",
        "city": "Madison",
        "telephone": "6085551023",
        "id": 516,
        "pets": [
            
        ]
    },
    {
        "firstName": "George",
        "lastName": "Franklin",
        "address": "110 W. Liberty St.",
        "city": "Madison",
        "telephone": "6085551023",
        "id": 517,
        "pets": [
            
        ]
    },
    {
        "firstName": "George",
        "lastName": "Franklin",
        "address": "110 W. Liberty St.",
        "city": "Madison",
        "telephone": "6085551023",
        "id": 518,
        "pets": [
            
        ]
    },
    {
        "firstName": "George",
        "lastName": "Franklin",
        "address": "110 W. Liberty St.",
        "city": "Madison",
        "telephone": "6085551023",
        "id": 519,
        "pets": [
            
        ]
    },
    {
        "firstName": "George",
        "lastName": "Franklin",
        "address": "110 W. Liberty St.",
        "city": "Madison",
        "telephone": "6085551023",
        "id": 520,
        "pets": [
            
        ]
    },
    {
        "firstName": "George",
        "lastName": "Franklin",
        "address": "110 W. Liberty St.",
        "city": "Madison",
        "telephone": "6085551023",
        "id": 521,
        "pets": [
            
        ]
    },
    {
        "firstName": "George",
        "lastName": "Franklin",
        "address": "110 W. Liberty St.",
        "city": "Madison",
        "telephone": "6085551023",
        "id": 522,
        "pets": [
            
        ]
    },
    {
        "firstName": "George",
        "lastName": "Franklin",
        "address": "110 W. Liberty St.",
        "city": "Madison",
        "telephone": "6085551023",
        "id": 523,
        "pets": [
            
        ]
    },
    {
        "firstName": "A",
        "lastName": "LNWYxjd",
        "address": "Address: gCo61",
        "city": "City: YMpoj",
        "telephone": "36666294",
        "id": 524,
        "pets": [
            
        ]
    },
    {
        "firstName": "John",
        "lastName": "LNQQZxp",
        "address": "Address: 6Z2Pz",
        "city": "City: d2Oz4",
        "telephone": "93828959",
        "id": 525,
        "pets": [
            
        ]
    }
]
  &amp#27;[32mGiven &amp#27;[0m&amp#27;[32mlist of owners&amp#27;[0m                                                 &amp#27;[90m# tuichalange.steps.OwnerSteps.listOfOwners()&amp#27;[0m
Request method:	POST
Request URI:	http://localhost:9966/petclinic/api/owners
Proxy:			<none>
Request params:	<none>
Query params:	<none>
Form params:	<none>
Path params:	<none>
Headers:		Accept=*/*
				Content-Type=application/json
Cookies:		<none>
Multiparts:		<none>
Body:
{
    "firstName": "ThirtyCharsTestNametesttestte",
    "lastName": "LNltkrR",
    "address": "Address: HTNB6",
    "city": "City: ijfEg",
    "telephone": "21564247"
}
HTTP/1.1 201 
Vary: Origin
Vary: Access-Control-Request-Method
Vary: Access-Control-Request-Headers
Location: /api/owners/526
X-Content-Type-Options: nosniff
X-XSS-Protection: 0
Cache-Control: no-cache, no-store, max-age=0, must-revalidate
Pragma: no-cache
Expires: 0
X-Frame-Options: DENY
Content-Type: application/json
Transfer-Encoding: chunked
Date: Sat, 20 Jan 2024 15:33:23 GMT
Keep-Alive: timeout=60
Connection: keep-alive

{
    "firstName": "ThirtyCharsTestNametesttestte",
    "lastName": "LNltkrR",
    "address": "Address: HTNB6",
    "city": "City: ijfEg",
    "telephone": "21564247",
    "id": 526,
    "pets": [
        
    ]
}
  &amp#27;[32mWhen &amp#27;[0m&amp#27;[32muser creates owner with firstName &amp#27;[0m&amp#27;[32m&amp#27;[1mThirtyCharsTestNametesttestte&amp#27;[0m &amp#27;[90m# tuichalange.steps.OwnerSteps.userCreatesOwnerWithFirstName(java.lang.String)&amp#27;[0m
Request method:	GET
Request URI:	http://localhost:9966/petclinic/api/owners
Proxy:			<none>
Request params:	<none>
Query params:	<none>
Form params:	<none>
Path params:	<none>
Headers:		Accept=*/*
				Content-Type=application/json
Cookies:		<none>
Multiparts:		<none>
Body:			<none>
HTTP/1.1 200 
Vary: Origin
Vary: Access-Control-Request-Method
Vary: Access-Control-Request-Headers
X-Content-Type-Options: nosniff
X-XSS-Protection: 0
Cache-Control: no-cache, no-store, max-age=0, must-revalidate
Pragma: no-cache
Expires: 0
X-Frame-Options: DENY
Content-Type: application/json
Transfer-Encoding: chunked
Date: Sat, 20 Jan 2024 15:33:23 GMT
Keep-Alive: timeout=60
Connection: keep-alive

[
    {
        "firstName": "George",
        "lastName": "Franklin",
        "address": "110 W. Liberty St.",
        "city": "Madison",
        "telephone": "6085551023",
        "id": 1,
        "pets": [
            {
                "name": "Leo",
                "birthDate": "2024-01-19",
                "type": {
                    "name": "cat",
                    "id": 1
                },
                "id": 15,
                "ownerId": 1,
                "visits": [
                    
                ]
            },
            {
                "name": "Leo",
                "birthDate": "2010-09-07",
                "type": {
                    "name": "cat",
                    "id": 1
                },
                "id": 1,
                "ownerId": 1,
                "visits": [
                    
                ]
            }
        ]
    },
    {
        "firstName": "Georgee",
        "lastName": "Franklinn",
        "address": "110 W. Liberty St.1",
        "city": "Madison1",
        "telephone": "6085551024",
        "id": 2,
        "pets": [
            {
                "name": "Basil",
                "birthDate": "2012-08-06",
                "type": {
                    "name": "hamster",
                    "id": 6
                },
                "id": 2,
                "ownerId": 2,
                "visits": [
                    
                ]
            }
        ]
    },
    {
        "firstName": "Eduardo",
        "lastName": "Rodriquez",
        "address": "2693 Commerce St.",
        "city": "McFarland",
        "telephone": "6085558763",
        "id": 3,
        "pets": [
            {
                "name": "Jewel",
                "birthDate": "2010-03-07",
                "type": {
                    "name": "Leo",
                    "id": 2
                },
                "id": 4,
                "ownerId": 3,
                "visits": [
                    
                ]
            },
            {
                "name": "Rosy",
                "birthDate": "2011-04-17",
                "type": {
                    "name": "Leo",
                    "id": 2
                },
                "id": 3,
                "ownerId": 3,
                "visits": [
                    
                ]
            }
        ]
    },
    {
        "firstName": "Harold",
        "lastName": "Davis",
        "address": "563 Friendly St.",
        "city": "Windsor",
        "telephone": "6085553198",
        "id": 4,
        "pets": [
            {
                "name": "Iggy",
                "birthDate": "2010-11-30",
                "type": {
                    "name": "lizard",
                    "id": 3
                },
                "id": 5,
                "ownerId": 4,
                "visits": [
                    
                ]
            }
        ]
    },
    {
        "firstName": "Peter",
        "lastName": "McTavish",
        "address": "2387 S. Fair Way",
        "city": "Madison",
        "telephone": "6085552765",
        "id": 5,
        "pets": [
            {
                "name": "George",
                "birthDate": "2010-01-20",
                "type": {
                    "name": "snake",
                    "id": 4
                },
                "id": 6,
                "ownerId": 5,
                "visits": [
                    
                ]
            }
        ]
    },
    {
        "firstName": "Jean",
        "lastName": "Coleman",
        "address": "105 N. Lake St.",
        "city": "Monona",
        "telephone": "6085552654",
        "id": 6,
        "pets": [
            {
                "name": "Max",
                "birthDate": "2012-09-04",
                "type": {
                    "name": "cat",
                    "id": 1
                },
                "id": 8,
                "ownerId": 6,
                "visits": [
                    {
                        "date": "2013-01-03",
                        "description": "neutered",
                        "id": 3,
                        "petId": null
                    },
                    {
                        "date": "2013-01-02",
                        "description": "rabies shot",
                        "id": 2,
                        "petId": null
                    }
                ]
            },
            {
                "name": "Samantha",
                "birthDate": "2012-09-04",
                "type": {
                    "name": "cat",
                    "id": 1
                },
                "id": 7,
                "ownerId": 6,
                "visits": [
                    {
                        "date": "2013-01-04",
                        "description": "spayed",
                        "id": 4,
                        "petId": null
                    },
                    {
                        "date": "2013-01-01",
                        "description": "rabies shot",
                        "id": 1,
                        "petId": null
                    }
                ]
            }
        ]
    },
    {
        "firstName": "Jeff",
        "lastName": "Black",
        "address": "1450 Oak Blvd.",
        "city": "Monona",
        "telephone": "6085555387",
        "id": 7,
        "pets": [
            {
                "name": "Lucky",
                "birthDate": "2011-08-06",
                "type": {
                    "name": "bird",
                    "id": 5
                },
                "id": 9,
                "ownerId": 7,
                "visits": [
                    
                ]
            }
        ]
    },
    {
        "firstName": "Maria",
        "lastName": "Escobito",
        "address": "345 Maple St.",
        "city": "Madison",
        "telephone": "6085557683",
        "id": 8,
        "pets": [
            {
                "name": "Mulligan",
                "birthDate": "2007-02-24",
                "type": {
                    "name": "Leo",
                    "id": 2
                },
                "id": 10,
                "ownerId": 8,
                "visits": [
                    
                ]
            }
        ]
    },
    {
        "firstName": "David",
        "lastName": "Schroeder",
        "address": "2749 Blackhawk Trail",
        "city": "Madison",
        "telephone": "6085559435",
        "id": 9,
        "pets": [
            {
                "name": "Freddy",
                "birthDate": "2010-03-09",
                "type": {
                    "name": "bird",
                    "id": 5
                },
                "id": 11,
                "ownerId": 9,
                "visits": [
                    
                ]
            }
        ]
    },
    {
        "firstName": "Carlos",
        "lastName": "Estaban",
        "address": "2335 Independence La.",
        "city": "Waunakee",
        "telephone": "6085555487",
        "id": 10,
        "pets": [
            {
                "name": "Lucky",
                "birthDate": "2010-06-24",
                "type": {
                    "name": "Leo",
                    "id": 2
                },
                "id": 12,
                "ownerId": 10,
                "visits": [
                    
                ]
            },
            {
                "name": "Sly",
                "birthDate": "2012-06-08",
                "type": {
                    "name": "cat",
                    "id": 1
                },
                "id": 13,
                "ownerId": 10,
                "visits": [
                    
                ]
            }
        ]
    },
    {
        "firstName": "FNcbXOq",
        "lastName": "LNTalqx",
        "address": "Address: e1FDM",
        "city": "City: QeshG",
        "telephone": "91624141",
        "id": 11,
        "pets": [
            {
                "name": "A",
                "birthDate": "2022-09-09",
                "type": {
                    "name": "cat",
                    "id": 1
                },
                "id": 16,
                "ownerId": 11,
                "visits": [
                    
                ]
            }
        ]
    },
    {
        "firstName": "FNgGdZm",
        "lastName": "LNfQpnI",
        "address": "Address: 0Zjvd",
        "city": "City: Y4TUj",
        "telephone": "52375567",
        "id": 12,
        "pets": [
            {
                "name": "A",
                "birthDate": "2022-09-09",
                "type": {
                    "name": "cat",
                    "id": 1
                },
                "id": 17,
                "ownerId": 12,
                "visits": [
                    
                ]
            }
        ]
    },
    {
        "firstName": "FNQVxtW",
        "lastName": "LNijDZJ",
        "address": "Address: QJBbK",
        "city": "City: ZIN3e",
        "telephone": "04606374",
        "id": 13,
        "pets": [
            
        ]
    },
    {
        "firstName": "FNtECYi",
        "lastName": "LNqsmcq",
        "address": "Address: i0KTW",
        "city": "City: YOiSl",
        "telephone": "34297126",
        "id": 14,
        "pets": [
            {
                "name": "A",
                "birthDate": "2022-09-09",
                "type": {
                    "name": "cat",
                    "id": 1
                },
                "id": 18,
                "ownerId": 14,
                "visits": [
                    
                ]
            }
        ]
    },
    {
        "firstName": "FNyluuV",
        "lastName": "LNmDlGp",
        "address": "Address: fKAO5",
        "city": "City: MVAeN",
        "telephone": "98182086",
        "id": 15,
        "pets": [
            {
                "name": "John",
                "birthDate": "2022-09-09",
                "type": {
                    "name": "cat",
                    "id": 1
                },
                "id": 19,
                "ownerId": 15,
                "visits": [
                    
                ]
            }
        ]
    },
    {
        "firstName": "FNypEUb",
        "lastName": "LNKWLEj",
        "address": "Address: 8CWUV",
        "city": "City: Z5E8K",
        "telephone": "13111097",
        "id": 16,
        "pets": [
            {
                "name": "ThirtyCharsTestNametesttestte",
                "birthDate": "2022-09-09",
                "type": {
                    "name": "cat",
                    "id": 1
                },
                "id": 20,
                "ownerId": 16,
                "visits": [
                    
                ]
            }
        ]
    },
    {
        "firstName": "FNyisHR",
        "lastName": "LNygzBW",
        "address": "Address: k7c02",
        "city": "City: q6bES",
        "telephone": "09609529",
        "id": 17,
        "pets": [
            {
                "name": "test_*()&^%$#@!?/",
                "birthDate": "2022-09-09",
                "type": {
                    "name": "cat",
                    "id": 1
                },
                "id": 21,
                "ownerId": 17,
                "visits": [
                    
                ]
            }
        ]
    },
    {
        "firstName": "FNJcWvr",
        "lastName": "LNMcSTH",
        "address": "Address: 50zuT",
        "city": "City: VenoJ",
        "telephone": "44467273",
        "id": 18,
        "pets": [
            {
                "name": "test_*()&^%$#@!?/",
                "birthDate": "2022-09-09",
                "type": {
                    "name": "cat",
                    "id": 1
                },
                "id": 22,
                "ownerId": 18,
                "visits": [
                    
                ]
            }
        ]
    },
    {
        "firstName": "FNyEVfu",
        "lastName": "LNakCFB",
        "address": "Address: DA6Me",
        "city": "City: 1JgGo",
        "telephone": "76398157",
        "id": 19,
        "pets": [
            {
                "name": "test_*()&^%$#@!?/",
                "birthDate": "2022-09-09",
                "type": {
                    "name": "cat",
                    "id": 1
                },
                "id": 23,
                "ownerId": 19,
                "visits": [
                    
                ]
            }
        ]
    },
    {
        "firstName": "FNPJsCr",
        "lastName": "LNBnDVR",
        "address": "Address: jNlsd",
        "city": "City: L53y4",
        "telephone": "94319532",
        "id": 20,
        "pets": [
            
        ]
    },
    {
        "firstName": "FNIGHFq",
        "lastName": "LNjStmf",
        "address": "Address: 8OmzF",
        "city": "City: iplQ4",
        "telephone": "10514807",
        "id": 21,
        "pets": [
            
        ]
    },
    {
        "firstName": "FNAklpN",
        "lastName": "LNcVsrO",
        "address": "Address: epr6z",
        "city": "City: diZWm",
        "telephone": "46987062",
        "id": 22,
        "pets": [
            {
                "name": "FxbWo",
                "birthDate": "2022-09-09",
                "type": {
                    "name": "cat",
                    "id": 1
                },
                "id": 24,
                "ownerId": 22,
                "visits": [
                    
                ]
            }
        ]
    },
    {
        "firstName": "FNNEcev",
        "lastName": "LNMamev",
        "address": "Address: DgnWG",
        "city": "City: 8IFp2",
        "telephone": "20562013",
        "id": 23,
        "pets": [
            
        ]
    },
    {
        "firstName": "FNQegWX",
        "lastName": "LNmMdmx",
        "address": "Address: 30U8b",
        "city": "City: DrS5k",
        "telephone": "00714539",
        "id": 24,
        "pets": [
            
        ]
    },
    {
        "firstName": "FNGklke",
        "lastName": "LNgjhcR",
        "address": "Address: Tsn9a",
        "city": "City: HITGd",
        "telephone": "75972656",
        "id": 25,
        "pets": [
            
        ]
    },
    {
        "firstName": "FNoisAU",
        "lastName": "LNUDdlI",
        "address": "Address: LpbwN",
        "city": "City: 5iDdo",
        "telephone": "25436323",
        "id": 26,
        "pets": [
            
        ]
    },
    {
        "firstName": "FNXkWkm",
        "lastName": "LNraoyE",
        "address": "Address: siTuX",
        "city": "City: z03KU",
        "telephone": "44121082",
        "id": 27,
        "pets": [
            
        ]
    },
    {
        "firstName": "FNCwnIH",
        "lastName": "LNJJNpO",
        "address": "Address: 2Aqt6",
        "city": "City: 0JFrl",
        "telephone": "68567852",
        "id": 28,
        "pets": [
            
        ]
    },
    {
        "firstName": "FNfryGx",
        "lastName": "LNoCrZc",
        "address": "Address: i1e4p",
        "city": "City: PDbUY",
        "telephone": "29696712",
        "id": 29,
        "pets": [
            
        ]
    },
    {
        "firstName": "FNQTkBA",
        "lastName": "LNQKTjv",
        "address": "Address: mpQKo",
        "city": "City: tagRS",
        "telephone": "45486684",
        "id": 30,
        "pets": [
            
        ]
    },
    {
        "firstName": "FNQupPS",
        "lastName": "LNizbof",
        "address": "Address: HLyzb",
        "city": "City: fw2CY",
        "telephone": "85605695",
        "id": 31,
        "pets": [
            
        ]
    },
    {
        "firstName": "FNEKlfa",
        "lastName": "LNXZbrn",
        "address": "Address: tuNNp",
        "city": "City: vqhKb",
        "telephone": "87195299",
        "id": 32,
        "pets": [
            
        ]
    },
    {
        "firstName": "FNtdccc",
        "lastName": "LNSKnuO",
        "address": "Address: 4AaNh",
        "city": "City: ZeClw",
        "telephone": "90400708",
        "id": 33,
        "pets": [
            {
                "name": "oaNNz",
                "birthDate": "2022-09-09",
                "type": {
                    "name": "cat",
                    "id": 1
                },
                "id": 26,
                "ownerId": 33,
                "visits": [
                    
                ]
            }
        ]
    },
    {
        "firstName": "FNaEPFP",
        "lastName": "LNsZnpO",
        "address": "Address: FKP1S",
        "city": "City: KiaJW",
        "telephone": "73390020",
        "id": 34,
        "pets": [
            {
                "name": "HtdBe",
                "birthDate": "2022-09-09",
                "type": {
                    "name": "cat",
                    "id": 1
                },
                "id": 27,
                "ownerId": 34,
                "visits": [
                    
                ]
            }
        ]
    },
    {
        "firstName": "FNBaIbI",
        "lastName": "LNocXRK",
        "address": "Address: KLsxu",
        "city": "City: Wpx4k",
        "telephone": "98731327",
        "id": 35,
        "pets": [
            {
                "name": "efEZj",
                "birthDate": "2022-09-09",
                "type": {
                    "name": "cat",
                    "id": 1
                },
                "id": 28,
                "ownerId": 35,
                "visits": [
                    
                ]
            }
        ]
    },
    {
        "firstName": "FNHKjvC",
        "lastName": "LNiRnpT",
        "address": "Address: pAkki",
        "city": "City: z7mhU",
        "telephone": "39517305",
        "id": 36,
        "pets": [
            {
                "name": "qPaMV",
                "birthDate": "2022-09-09",
                "type": {
                    "name": "cat",
                    "id": 1
                },
                "id": 29,
                "ownerId": 36,
                "visits": [
                    
                ]
            }
        ]
    },
    {
        "firstName": "FNYspmv",
        "lastName": "LNgLPJO",
        "address": "Address: WhovE",
        "city": "City: lho3H",
        "telephone": "38121637",
        "id": 37,
        "pets": [
            {
                "name": "boOZI",
                "birthDate": "2022-09-09",
                "type": {
                    "name": "cat",
                    "id": 1
                },
                "id": 30,
                "ownerId": 37,
                "visits": [
                    
                ]
            }
        ]
    },
    {
        "firstName": "FNewqHb",
        "lastName": "LNALyDC",
        "address": "Address: VeXik",
        "city": "City: oXX4h",
        "telephone": "01086701",
        "id": 38,
        "pets": [
            
        ]
    },
    {
        "firstName": "FNmULKH",
        "lastName": "LNMABIB",
        "address": "Address: ltEfQ",
        "city": "City: y0Fec",
        "telephone": "38408682",
        "id": 39,
        "pets": [
            {
                "name": "qdfpA",
                "birthDate": "2022-09-09",
                "type": {
                    "name": "cat",
                    "id": 1
                },
                "id": 31,
                "ownerId": 39,
                "visits": [
                    
                ]
            }
        ]
    },
    {
        "firstName": "FNlQXRG",
        "lastName": "LNVsOPO",
        "address": "Address: wH73Z",
        "city": "City: Ff00M",
        "telephone": "32848181",
        "id": 40,
        "pets": [
            {
                "name": "MOqkA",
                "birthDate": "2022-09-09",
                "type": {
                    "name": "cat",
                    "id": 1
                },
                "id": 32,
                "ownerId": 40,
                "visits": [
                    
                ]
            }
        ]
    },
    {
        "firstName": "FNQvluw",
        "lastName": "LNEgNBn",
        "address": "Address: oBO1a",
        "city": "City: XKOdd",
        "telephone": "15537673",
        "id": 41,
        "pets": [
            {
                "name": "OfSdq",
                "birthDate": "2022-09-09",
                "type": {
                    "name": "cat",
                    "id": 1
                },
                "id": 33,
                "ownerId": 41,
                "visits": [
                    
                ]
            }
        ]
    },
    {
        "firstName": "FNOEdRx",
        "lastName": "LNcjwhJ",
        "address": "Address: iGhvp",
        "city": "City: 4mX8E",
        "telephone": "05893702",
        "id": 42,
        "pets": [
            {
                "name": "jdMVr",
                "birthDate": "2022-09-09",
                "type": {
                    "name": "cat",
                    "id": 1
                },
                "id": 34,
                "ownerId": 42,
                "visits": [
                    
                ]
            }
        ]
    },
    {
        "firstName": "FNehFco",
        "lastName": "LNFiAqT",
        "address": "Address: x92Qk",
        "city": "City: dNdsR",
        "telephone": "27847042",
        "id": 43,
        "pets": [
            {
                "name": "taZVA",
                "birthDate": "2022-09-09",
                "type": {
                    "name": "cat",
                    "id": 1
                },
                "id": 35,
                "ownerId": 43,
                "visits": [
                    
                ]
            }
        ]
    },
    {
        "firstName": "FNaWaOH",
        "lastName": "LNwUEpc",
        "address": "Address: 5lIT6",
        "city": "City: eCxc8",
        "telephone": "49832368",
        "id": 44,
        "pets": [
            {
                "name": "UhdbF",
                "birthDate": "2022-09-09",
                "type": {
                    "name": "cat",
                    "id": 1
                },
                "id": 36,
                "ownerId": 44,
                "visits": [
                    
                ]
            }
        ]
    },
    {
        "firstName": "FNAduuC",
        "lastName": "LNdupfp",
        "address": "Address: wt9dK",
        "city": "City: 3ujp0",
        "telephone": "60790746",
        "id": 45,
        "pets": [
            {
                "name": "Leo",
                "birthDate": "2024-01-20",
                "type": {
                    "name": "cat",
                    "id": 1
                },
                "id": 37,
                "ownerId": 45,
                "visits": [
                    
                ]
            }
        ]
    },
    {
        "firstName": "FNltaoN",
        "lastName": "LNpyCrK",
        "address": "Address: mJjGG",
        "city": "City: pvByq",
        "telephone": "12868843",
        "id": 46,
        "pets": [
            {
                "name": "TKceJ",
                "birthDate": "2022-09-09",
                "type": {
                    "name": "cat",
                    "id": 1
                },
                "id": 42,
                "ownerId": 46,
                "visits": [
                    
                ]
            }
        ]
    },
    {
        "firstName": "FNzgbek",
        "lastName": "LNkosQH",
        "address": "Address: 6Vlc8",
        "city": "City: WZyU0",
        "telephone": "55053313",
        "id": 47,
        "pets": [
            {
                "name": "A",
                "birthDate": "2022-09-09",
                "type": {
                    "name": "cat",
                    "id": 1
                },
                "id": 43,
                "ownerId": 47,
                "visits": [
                    
                ]
            }
        ]
    },
    {
        "firstName": "FNqbAPd",
        "lastName": "LNxKDSj",
        "address": "Address: Cg47c",
        "city": "City: a1UHb",
        "telephone": "22811952",
        "id": 48,
        "pets": [
            {
                "name": "John",
                "birthDate": "2022-09-09",
                "type": {
                    "name": "cat",
                    "id": 1
                },
                "id": 44,
                "ownerId": 48,
                "visits": [
                    
                ]
            }
        ]
    },
    {
        "firstName": "FNWulKh",
        "lastName": "LNFXytC",
        "address": "Address: lY8jD",
        "city": "City: C5PQS",
        "telephone": "26511185",
        "id": 49,
        "pets": [
            {
                "name": "ThirtyCharsTestNametesttestte",
                "birthDate": "2022-09-09",
                "type": {
                    "name": "cat",
                    "id": 1
                },
                "id": 45,
                "ownerId": 49,
                "visits": [
                    
                ]
            }
        ]
    },
    {
        "firstName": "FNJJKZt",
        "lastName": "LNlYuMz",
        "address": "Address: ETroF",
        "city": "City: Re8zP",
        "telephone": "55605082",
        "id": 50,
        "pets": [
            {
                "name": "test_*()&^%$#@!?/",
                "birthDate": "2022-09-09",
                "type": {
                    "name": "cat",
                    "id": 1
                },
                "id": 46,
                "ownerId": 50,
                "visits": [
                    
                ]
            }
        ]
    },
    {
        "firstName": "FNQJWMP",
        "lastName": "LNRUuEN",
        "address": "Address: 9dJIx",
        "city": "City: YLwu5",
        "telephone": "62137886",
        "id": 51,
        "pets": [
            {
                "name": "ckhUk",
                "birthDate": "2022-09-09",
                "type": {
                    "name": "cat",
                    "id": 1
                },
                "id": 47,
                "ownerId": 51,
                "visits": [
                    
                ]
            }
        ]
    },
    {
        "firstName": "FNUpJLg",
        "lastName": "LNlqMWS",
        "address": "Address: krdGh",
        "city": "City: I2tXQ",
        "telephone": "76572500",
        "id": 52,
        "pets": [
            {
                "name": "A",
                "birthDate": "2022-09-09",
                "type": {
                    "name": "cat",
                    "id": 1
                },
                "id": 48,
                "ownerId": 52,
                "visits": [
                    
                ]
            }
        ]
    },
    {
        "firstName": "FNRvaYv",
        "lastName": "LNOmhHt",
        "address": "Address: nPaWt",
        "city": "City: gXvlG",
        "telephone": "18664848",
        "id": 53,
        "pets": [
            {
                "name": "John",
                "birthDate": "2022-09-09",
                "type": {
                    "name": "cat",
                    "id": 1
                },
                "id": 49,
                "ownerId": 53,
                "visits": [
                    
                ]
            }
        ]
    },
    {
        "firstName": "FNttztn",
        "lastName": "LNBIusD",
        "address": "Address: POiSo",
        "city": "City: JHPOY",
        "telephone": "38295942",
        "id": 54,
        "pets": [
            {
                "name": "ThirtyCharsTestNametesttestte",
                "birthDate": "2022-09-09",
                "type": {
                    "name": "cat",
                    "id": 1
                },
                "id": 50,
                "ownerId": 54,
                "visits": [
                    
                ]
            }
        ]
    },
    {
        "firstName": "FNvhGFI",
        "lastName": "LNbQUqt",
        "address": "Address: x7sHu",
        "city": "City: EnxWp",
        "telephone": "17012054",
        "id": 55,
        "pets": [
            {
                "name": "test_*()&^%$#@!?/",
                "birthDate": "2022-09-09",
                "type": {
                    "name": "cat",
                    "id": 1
                },
                "id": 51,
                "ownerId": 55,
                "visits": [
                    
                ]
            }
        ]
    },
    {
        "firstName": "FNycmss",
        "lastName": "LNPthvV",
        "address": "Address: v0Dvo",
        "city": "City: yN34e",
        "telephone": "05574430",
        "id": 56,
        "pets": [
            {
                "name": "SxrCq",
                "birthDate": "2022-09-09",
                "type": {
                    "name": "cat",
                    "id": 1
                },
                "id": 52,
                "ownerId": 56,
                "visits": [
                    
                ]
            }
        ]
    },
    {
        "firstName": "FNBZsUN",
        "lastName": "LNBIxNH",
        "address": "Address: ECunv",
        "city": "City: VVuMj",
        "telephone": "78914774",
        "id": 57,
        "pets": [
            {
                "name": "A",
                "birthDate": "2022-09-09",
                "type": {
                    "name": "cat",
                    "id": 1
                },
                "id": 53,
                "ownerId": 57,
                "visits": [
                    
                ]
            }
        ]
    },
    {
        "firstName": "FNKKQEp",
        "lastName": "LNuhVXz",
        "address": "Address: mQpFV",
        "city": "City: zHPEF",
        "telephone": "87484307",
        "id": 58,
        "pets": [
            {
                "name": "John",
                "birthDate": "2022-09-09",
                "type": {
                    "name": "cat",
                    "id": 1
                },
                "id": 54,
                "ownerId": 58,
                "visits": [
                    
                ]
            }
        ]
    },
    {
        "firstName": "FNfJAXJ",
        "lastName": "LNbNVQH",
        "address": "Address: rLIwK",
        "city": "City: KPdzI",
        "telephone": "28726249",
        "id": 59,
        "pets": [
            {
                "name": "ThirtyCharsTestNametesttestte",
                "birthDate": "2022-09-09",
                "type": {
                    "name": "cat",
                    "id": 1
                },
                "id": 55,
                "ownerId": 59,
                "visits": [
                    
                ]
            }
        ]
    },
    {
        "firstName": "FNMGbPG",
        "lastName": "LNsgBXT",
        "address": "Address: UdmTs",
        "city": "City: wIQyY",
        "telephone": "26189408",
        "id": 60,
        "pets": [
            {
                "name": "test_*()&^%$#@!?/",
                "birthDate": "2022-09-09",
                "type": {
                    "name": "cat",
                    "id": 1
                },
                "id": 56,
                "ownerId": 60,
                "visits": [
                    
                ]
            }
        ]
    },
    {
        "firstName": "FNlGiBk",
        "lastName": "LNzyhQU",
        "address": "Address: E093I",
        "city": "City: lwtlc",
        "telephone": "61678258",
        "id": 61,
        "pets": [
            {
                "name": "sRaoC",
                "birthDate": "2022-09-09",
                "type": {
                    "name": "cat",
                    "id": 1
                },
                "id": 57,
                "ownerId": 61,
                "visits": [
                    
                ]
            }
        ]
    },
    {
        "firstName": "FNAwgsI",
        "lastName": "LNcTJLn",
        "address": "Address: tWeCc",
        "city": "City: Okmv6",
        "telephone": "89930487",
        "id": 62,
        "pets": [
            {
                "name": "iWNUX",
                "birthDate": "2022-09-09",
                "type": {
                    "name": "cat",
                    "id": 1
                },
                "id": 58,
                "ownerId": 62,
                "visits": [
                    
                ]
            }
        ]
    },
    {
        "firstName": "FNYpikI",
        "lastName": "LNpUbrB",
        "address": "Address: QjnPi",
        "city": "City: eboTd",
        "telephone": "28027358",
        "id": 63,
        "pets": [
            {
                "name": "zOCRL",
                "birthDate": "2022-09-09",
                "type": {
                    "name": "cat",
                    "id": 1
                },
                "id": 59,
                "ownerId": 63,
                "visits": [
                    
                ]
            }
        ]
    },
    {
        "firstName": "FNGHZCj",
        "lastName": "LNKpjwV",
        "address": "Address: ASvJy",
        "city": "City: tdoYZ",
        "telephone": "70883145",
        "id": 64,
        "pets": [
            {
                "name": "Ofcyx",
                "birthDate": "2022-09-09",
                "type": {
                    "name": "cat",
                    "id": 1
                },
                "id": 60,
                "ownerId": 64,
                "visits": [
                    
                ]
            }
        ]
    },
    {
        "firstName": "FNVfRFV",
        "lastName": "LNLxCMs",
        "address": "Address: QYWoR",
        "city": "City: 57Wun",
        "telephone": "75883037",
        "id": 65,
        "pets": [
            {
                "name": "vBwvQ",
                "birthDate": "2022-09-09",
                "type": {
                    "name": "cat",
                    "id": 1
                },
                "id": 61,
                "ownerId": 65,
                "visits": [
                    
                ]
            }
        ]
    },
    {
        "firstName": "FNuKSOU",
        "lastName": "LNfmQJY",
        "address": "Address: AxsWM",
        "city": "City: l8U3k",
        "telephone": "87253881",
        "id": 66,
        "pets": [
            {
                "name": "mWvCw",
                "birthDate": "2022-09-09",
                "type": {
                    "name": "cat",
                    "id": 1
                },
                "id": 66,
                "ownerId": 66,
                "visits": [
                    
                ]
            }
        ]
    },
    {
        "firstName": "FNquiVg",
        "lastName": "LNhhnCw",
        "address": "Address: PugLO",
        "city": "City: Hatny",
        "telephone": "88168206",
        "id": 67,
        "pets": [
            {
                "name": "tmXXi",
                "birthDate": "2022-09-09",
                "type": {
                    "name": "cat",
                    "id": 1
                },
                "id": 67,
                "ownerId": 67,
                "visits": [
                    
                ]
            }
        ]
    },
    {
        "firstName": "FNMRhMu",
        "lastName": "LNKvorN",
        "address": "Address: Ui5Ck",
        "city": "City: aJAQ0",
        "telephone": "08002350",
        "id": 68,
        "pets": [
            {
                "name": "jZEtE",
                "birthDate": "2022-09-09",
                "type": {
                    "name": "cat",
                    "id": 1
                },
                "id": 68,
                "ownerId": 68,
                "visits": [
                    
                ]
            }
        ]
    },
    {
        "firstName": "FNFOpUp",
        "lastName": "LNXHTWG",
        "address": "Address: gZIIL",
        "city": "City: 50nYx",
        "telephone": "62999564",
        "id": 69,
        "pets": [
            
        ]
    },
    {
        "firstName": "FNBAYun",
        "lastName": "LNTgqDk",
        "address": "Address: 3Ll7o",
        "city": "City: yMrcM",
        "telephone": "61021079",
        "id": 70,
        "pets": [
            {
                "name": "SkHnO",
                "birthDate": "2022-09-09",
                "type": {
                    "name": "cat",
                    "id": 1
                },
                "id": 73,
                "ownerId": 70,
                "visits": [
                    
                ]
            }
        ]
    },
    {
        "firstName": "FNOOUCl",
        "lastName": "LNbxWxK",
        "address": "Address: LZyCW",
        "city": "City: MZ8ap",
        "telephone": "03079794",
        "id": 71,
        "pets": [
            {
                "name": "QZjar",
                "birthDate": "2022-09-09",
                "type": {
                    "name": "cat",
                    "id": 1
                },
                "id": 74,
                "ownerId": 71,
                "visits": [
                    
                ]
            }
        ]
    },
    {
        "firstName": "FNGxdDS",
        "lastName": "LNDaPdB",
        "address": "Address: 8XcRN",
        "city": "City: YtlXO",
        "telephone": "39879673",
        "id": 72,
        "pets": [
            {
                "name": "KkbKh",
                "birthDate": "2022-09-09",
                "type": {
                    "name": "cat",
                    "id": 1
                },
                "id": 75,
                "ownerId": 72,
                "visits": [
                    
                ]
            }
        ]
    },
    {
        "firstName": "FNVufZq",
        "lastName": "LNEsDtk",
        "address": "Address: 8fOCo",
        "city": "City: uUZXy",
        "telephone": "42123542",
        "id": 73,
        "pets": [
            {
                "name": "FiDaf",
                "birthDate": "2022-09-09",
                "type": {
                    "name": "cat",
                    "id": 1
                },
                "id": 76,
                "ownerId": 73,
                "visits": [
                    
                ]
            }
        ]
    },
    {
        "firstName": "FNPtMSb",
        "lastName": "LNQvgsf",
        "address": "Address: 46uar",
        "city": "City: 1ts8S",
        "telephone": "15955454",
        "id": 74,
        "pets": [
            {
                "name": "EVyHE",
                "birthDate": "2022-09-09",
                "type": {
                    "name": "cat",
                    "id": 1
                },
                "id": 77,
                "ownerId": 74,
                "visits": [
                    
                ]
            }
        ]
    },
    {
        "firstName": "FNihCcB",
        "lastName": "LNivKlo",
        "address": "Address: ChMX0",
        "city": "City: v1FkC",
        "telephone": "71099135",
        "id": 75,
        "pets": [
            {
                "name": "gHMiw",
                "birthDate": "2022-09-09",
                "type": {
                    "name": "cat",
                    "id": 1
                },
                "id": 78,
                "ownerId": 75,
                "visits": [
                    
                ]
            }
        ]
    },
    {
        "firstName": "FNIKWlh",
        "lastName": "LNbiDun",
        "address": "Address: UpffK",
        "city": "City: tuyi2",
        "telephone": "50710045",
        "id": 76,
        "pets": [
            {
                "name": "A",
                "birthDate": "2022-09-09",
                "type": {
                    "name": "cat",
                    "id": 1
                },
                "id": 79,
                "ownerId": 76,
                "visits": [
                    
                ]
            }
        ]
    },
    {
        "firstName": "FNxsBPX",
        "lastName": "LNqToVp",
        "address": "Address: uC3Cp",
        "city": "City: nIMwd",
        "telephone": "18400557",
        "id": 77,
        "pets": [
            {
                "name": "John",
                "birthDate": "2022-09-09",
                "type": {
                    "name": "cat",
                    "id": 1
                },
                "id": 80,
                "ownerId": 77,
                "visits": [
                    
                ]
            }
        ]
    },
    {
        "firstName": "FNPRBEM",
        "lastName": "LNtJIsL",
        "address": "Address: SrS8n",
        "city": "City: oxcY1",
        "telephone": "58741105",
        "id": 78,
        "pets": [
            {
                "name": "ThirtyCharsTestNametesttestte",
                "birthDate": "2022-09-09",
                "type": {
                    "name": "cat",
                    "id": 1
                },
                "id": 81,
                "ownerId": 78,
                "visits": [
                    
                ]
            }
        ]
    },
    {
        "firstName": "FNItCgZ",
        "lastName": "LNeyZNs",
        "address": "Address: P0Qpa",
        "city": "City: MfWT2",
        "telephone": "25407600",
        "id": 79,
        "pets": [
            {
                "name": "test_*()&^%$#@!?/",
                "birthDate": "2022-09-09",
                "type": {
                    "name": "cat",
                    "id": 1
                },
                "id": 82,
                "ownerId": 79,
                "visits": [
                    
                ]
            }
        ]
    },
    {
        "firstName": "FNBQawy",
        "lastName": "LNZFRtz",
        "address": "Address: IYXMO",
        "city": "City: R4RvB",
        "telephone": "20118398",
        "id": 80,
        "pets": [
            {
                "name": "sDRnc",
                "birthDate": "2022-09-09",
                "type": {
                    "name": "cat",
                    "id": 1
                },
                "id": 83,
                "ownerId": 80,
                "visits": [
                    
                ]
            }
        ]
    },
    {
        "firstName": "FNvByVt",
        "lastName": "LNPUIGA",
        "address": "Address: JTib6",
        "city": "City: Qbxgm",
        "telephone": "18998636",
        "id": 81,
        "pets": [
            {
                "name": "nobYv",
                "birthDate": "2022-09-09",
                "type": {
                    "name": "cat",
                    "id": 1
                },
                "id": 84,
                "ownerId": 81,
                "visits": [
                    
                ]
            }
        ]
    },
    {
        "firstName": "FNjvYHt",
        "lastName": "LNrFYyZ",
        "address": "Address: 9UlBo",
        "city": "City: 7KlYW",
        "telephone": "09663944",
        "id": 82,
        "pets": [
            {
                "name": "WWgzh",
                "birthDate": "2022-09-09",
                "type": {
                    "name": "cat",
                    "id": 1
                },
                "id": 85,
                "ownerId": 82,
                "visits": [
                    
                ]
            }
        ]
    },
    {
        "firstName": "FNQwdNG",
        "lastName": "LNjueih",
        "address": "Address: Psx3q",
        "city": "City: lUor2",
        "telephone": "74689276",
        "id": 84,
        "pets": [
            
        ]
    },
    {
        "firstName": "A",
        "lastName": "LNBtxnF",
        "address": "Address: 9rMM8",
        "city": "City: T7Jdn",
        "telephone": "94208397",
        "id": 85,
        "pets": [
            
        ]
    },
    {
        "firstName": "John",
        "lastName": "LNwtKxm",
        "address": "Address: duhZZ",
        "city": "City: xgdmk",
        "telephone": "26210415",
        "id": 86,
        "pets": [
            
        ]
    },
    {
        "firstName": "ThirtyCharsTestNametesttestte",
        "lastName": "LNeYYFC",
        "address": "Address: iWOwp",
        "city": "City: lfZZ5",
        "telephone": "42536706",
        "id": 87,
        "pets": [
            
        ]
    },
    {
        "firstName": "FNxRJky",
        "lastName": "B",
        "address": "Address: 3LiNO",
        "city": "City: 4XvrW",
        "telephone": "10014086",
        "id": 88,
        "pets": [
            
        ]
    },
    {
        "firstName": "FNLJAco",
        "lastName": "Dou",
        "address": "Address: 6T5hE",
        "city": "City: MClKC",
        "telephone": "06428715",
        "id": 89,
        "pets": [
            
        ]
    },
    {
        "firstName": "FNEbTnZ",
        "lastName": "ThirtyCharsTestNametesttestte",
        "address": "Address: lO0pJ",
        "city": "City: uqB39",
        "telephone": "93370150",
        "id": 90,
        "pets": [
            
        ]
    },
    {
        "firstName": "FNLGwHZ",
        "lastName": "LNMKghz",
        "address": "A",
        "city": "City: h35SV",
        "telephone": "85146959",
        "id": 91,
        "pets": [
            
        ]
    },
    {
        "firstName": "FNwbliu",
        "lastName": "LNCTUsn",
        "address": "101 B. Down St, 1/2 &*%$#@",
        "city": "City: 8Bwxx",
        "telephone": "31225798",
        "id": 92,
        "pets": [
            
        ]
    },
    {
        "firstName": "FNXmEcX",
        "lastName": "LNgyuQR",
        "address": "twoHundredFiftyFifeCharsAddresstwoHundredFiftyFifeCharsAddresstwoHundredFiftyFifeCharsAddresstwoHundredFiftyFifeCharsAddresstwoHundredFiftyFifeCharsAddresstwoHundredFiftyFifeCharsAddresstwoHundredFiftyFifeCharsAddresstwoHundredFiftyFifeCharsAddresstwoHun",
        "city": "City: YdsEl",
        "telephone": "07271599",
        "id": 93,
        "pets": [
            
        ]
    },
    {
        "firstName": "FNBjyFe",
        "lastName": "LNwIaGE",
        "address": "Address: Pd1qX",
        "city": "A",
        "telephone": "97241130",
        "id": 94,
        "pets": [
            
        ]
    },
    {
        "firstName": "FNyIjms",
        "lastName": "LNubOwi",
        "address": "Address: dIxSn",
        "city": "Milton-Freewater (Oregon)",
        "telephone": "68984013",
        "id": 95,
        "pets": [
            
        ]
    },
    {
        "firstName": "FNMlhvT",
        "lastName": "LNlJMYI",
        "address": "Address: lAlQa",
        "city": "test 123 / &*%$#@",
        "telephone": "01049697",
        "id": 96,
        "pets": [
            
        ]
    },
    {
        "firstName": "FNtTOEH",
        "lastName": "LNBPGDK",
        "address": "Address: CwATC",
        "city": "EightyCharsTestCityEightyCharsTestCityEightyCharsTestCityEightyCharsTestCityyyy",
        "telephone": "94019958",
        "id": 97,
        "pets": [
            
        ]
    },
    {
        "firstName": "FNbwmLO",
        "lastName": "LNxpOGJ",
        "address": "Address: ISlY6",
        "city": "City: bEjDW",
        "telephone": "0",
        "id": 98,
        "pets": [
            
        ]
    },
    {
        "firstName": "FNwJXlh",
        "lastName": "LNxOdvi",
        "address": "Address: 3xi0P",
        "city": "City: AI8Cs",
        "telephone": "31507134",
        "id": 100,
        "pets": [
            
        ]
    },
    {
        "firstName": "FNLeJYa",
        "lastName": "LNoFrxu",
        "address": "Address: GsZE4",
        "city": "City: QDCWB",
        "telephone": "90012369",
        "id": 101,
        "pets": [
            {
                "name": "EhdKm",
                "birthDate": "2022-09-09",
                "type": {
                    "name": "cat",
                    "id": 1
                },
                "id": 87,
                "ownerId": 101,
                "visits": [
                    
                ]
            }
        ]
    },
    {
        "firstName": "FNWzeeo",
        "lastName": "LNrrNUi",
        "address": "Address: QkiZG",
        "city": "City: K5gfw",
        "telephone": "59482163",
        "id": 102,
        "pets": [
            
        ]
    },
    {
        "firstName": "FNQBvTP",
        "lastName": "Smith",
        "address": "Address: iuExZ",
        "city": "City: 6FpMs",
        "telephone": "15766142",
        "id": 103,
        "pets": [
            
        ]
    },
    {
        "firstName": "FNVSdqd",
        "lastName": "Smith",
        "address": "Address: 0o8VV",
        "city": "City: ox3sw",
        "telephone": "55252918",
        "id": 104,
        "pets": [
            
        ]
    },
    {
        "firstName": "A",
        "lastName": "LNsreoB",
        "address": "Address: zWFV1",
        "city": "City: epHtz",
        "telephone": "39725757",
        "id": 105,
        "pets": [
            
        ]
    },
    {
        "firstName": "John",
        "lastName": "LNBDPhi",
        "address": "Address: Ns8bX",
        "city": "City: yn3Sh",
        "telephone": "45336389",
        "id": 106,
        "pets": [
            
        ]
    },
    {
        "firstName": "ThirtyCharsTestNametesttestte",
        "lastName": "LNQFEMD",
        "address": "Address: tJgGe",
        "city": "City: 1hQUQ",
        "telephone": "60098415",
        "id": 107,
        "pets": [
            
        ]
    },
    {
        "firstName": "FNHjBjN",
        "lastName": "LNVWUBG",
        "address": "Address: JYxjZ",
        "city": "City: 80ptW",
        "telephone": "88905659",
        "id": 108,
        "pets": [
            
        ]
    },
    {
        "firstName": "FNGwGhS",
        "lastName": "LNtEGWX",
        "address": "Address: cU5Il",
        "city": "City: jWjHB",
        "telephone": "03858244",
        "id": 109,
        "pets": [
            
        ]
    },
    {
        "firstName": "FNEEbok",
        "lastName": "LNFWLGp",
        "address": "Address: QsELR",
        "city": "City: eyy6m",
        "telephone": "33280737",
        "id": 110,
        "pets": [
            
        ]
    },
    {
        "firstName": "FNEYTDg",
        "lastName": "LNFxpHb",
        "address": "Address: utl4N",
        "city": "City: 6Ofnj",
        "telephone": "73082224",
        "id": 111,
        "pets": [
            
        ]
    },
    {
        "firstName": "FNiVCub",
        "lastName": "B",
        "address": "Address: G2Ygx",
        "city": "City: fmAbY",
        "telephone": "55608953",
        "id": 112,
        "pets": [
            
        ]
    },
    {
        "firstName": "FNoWRDh",
        "lastName": "Dou",
        "address": "Address: VH6DM",
        "city": "City: LKnBj",
        "telephone": "45811468",
        "id": 113,
        "pets": [
            
        ]
    },
    {
        "firstName": "FNlOOMo",
        "lastName": "ThirtyCharsTestNametesttestte",
        "address": "Address: ONr0Y",
        "city": "City: stHhO",
        "telephone": "11526262",
        "id": 114,
        "pets": [
            
        ]
    },
    {
        "firstName": "FNlvuLy",
        "lastName": "LNUqVLQ",
        "address": "Address: Awnrm",
        "city": "City: KUSrE",
        "telephone": "11014557",
        "id": 115,
        "pets": [
            
        ]
    },
    {
        "firstName": "FNmukMN",
        "lastName": "LNYmosv",
        "address": "Address: z20CM",
        "city": "City: Fueny",
        "telephone": "08217741",
        "id": 116,
        "pets": [
            
        ]
    },
    {
        "firstName": "FNyeDBk",
        "lastName": "LNkfkWP",
        "address": "Address: NNa0x",
        "city": "City: MCo6s",
        "telephone": "04923483",
        "id": 117,
        "pets": [
            
        ]
    },
    {
        "firstName": "FNijNzH",
        "lastName": "LNTmGyp",
        "address": "Address: dkAP9",
        "city": "City: BRkwv",
        "telephone": "39859285",
        "id": 118,
        "pets": [
            
        ]
    },
    {
        "firstName": "FNsICWS",
        "lastName": "LNdvDhl",
        "address": "A",
        "city": "City: OKeC8",
        "telephone": "61337422",
        "id": 119,
        "pets": [
            
        ]
    },
    {
        "firstName": "FNUUJoH",
        "lastName": "LNwNxKJ",
        "address": "101 B. Down St, 1/2 &*%$#@",
        "city": "City: FBwct",
        "telephone": "11837875",
        "id": 120,
        "pets": [
            
        ]
    },
    {
        "firstName": "FNYvYQJ",
        "lastName": "LNkUfYu",
        "address": "twoHundredFiftyFifeCharsAddresstwoHundredFiftyFifeCharsAddresstwoHundredFiftyFifeCharsAddresstwoHundredFiftyFifeCharsAddresstwoHundredFiftyFifeCharsAddresstwoHundredFiftyFifeCharsAddresstwoHundredFiftyFifeCharsAddresstwoHundredFiftyFifeCharsAddresstwoHun",
        "city": "City: dOPH4",
        "telephone": "69798857",
        "id": 121,
        "pets": [
            
        ]
    },
    {
        "firstName": "FNBvwgU",
        "lastName": "LNfoRik",
        "address": "Address: hdSxk",
        "city": "City: azGpe",
        "telephone": "81625495",
        "id": 122,
        "pets": [
            
        ]
    },
    {
        "firstName": "FNeFCzm",
        "lastName": "LNVlfyN",
        "address": "Address: Jpg2M",
        "city": "City: qeITp",
        "telephone": "15782712",
        "id": 123,
        "pets": [
            
        ]
    },
    {
        "firstName": "FNjJJRd",
        "lastName": "LNatURq",
        "address": "Address: lmDur",
        "city": "City: ztBr3",
        "telephone": "05511184",
        "id": 124,
        "pets": [
            
        ]
    },
    {
        "firstName": "FNHzemi",
        "lastName": "LNwrFdO",
        "address": "Address: b51Hi",
        "city": "A",
        "telephone": "99990488",
        "id": 125,
        "pets": [
            
        ]
    },
    {
        "firstName": "FNjmdXM",
        "lastName": "LNFbdYT",
        "address": "Address: yhm5p",
        "city": "Milton-Freewater (Oregon)",
        "telephone": "81146317",
        "id": 126,
        "pets": [
            
        ]
    },
    {
        "firstName": "FNKOfdT",
        "lastName": "LNNsEkR",
        "address": "Address: uAcuQ",
        "city": "test 123 / &*%$#@",
        "telephone": "36756606",
        "id": 127,
        "pets": [
            
        ]
    },
    {
        "firstName": "FNwjsMW",
        "lastName": "LNdMJQS",
        "address": "Address: 2LhGC",
        "city": "EightyCharsTestCityEightyCharsTestCityEightyCharsTestCityEightyCharsTestCityyyy",
        "telephone": "12151950",
        "id": 128,
        "pets": [
            
        ]
    },
    {
        "firstName": "FNgFDlU",
        "lastName": "LNKeoTp",
        "address": "Address: 0kLU6",
        "city": "City: F0S2e",
        "telephone": "21987098",
        "id": 129,
        "pets": [
            
        ]
    },
    {
        "firstName": "FNLjVJE",
        "lastName": "LNYSEmx",
        "address": "Address: fnWHH",
        "city": "City: o1cik",
        "telephone": "32964923",
        "id": 130,
        "pets": [
            
        ]
    },
    {
        "firstName": "FNbzPPv",
        "lastName": "LNYLOtx",
        "address": "Address: 2LPfW",
        "city": "City: C9UgJ",
        "telephone": "93456124",
        "id": 131,
        "pets": [
            
        ]
    },
    {
        "firstName": "FNiqDzY",
        "lastName": "LNddQcn",
        "address": "Address: is8fb",
        "city": "City: baWIr",
        "telephone": "0",
        "id": 132,
        "pets": [
            
        ]
    },
    {
        "firstName": "FNfyBDF",
        "lastName": "LNVkKLx",
        "address": "Address: d2Eyv",
        "city": "City: QuANj",
        "telephone": "97219319",
        "id": 133,
        "pets": [
            
        ]
    },
    {
        "firstName": "FNrcYHu",
        "lastName": "LNzdySW",
        "address": "Address: EhFNq",
        "city": "City: QHwIl",
        "telephone": "76590813",
        "id": 134,
        "pets": [
            
        ]
    },
    {
        "firstName": "FNgweJK",
        "lastName": "LNTYmfT",
        "address": "Address: AreiE",
        "city": "City: rAIdw",
        "telephone": "51938006",
        "id": 135,
        "pets": [
            
        ]
    },
    {
        "firstName": "FNJQEXj",
        "lastName": "LNIFAIL",
        "address": "Address: Gf3ZZ",
        "city": "City: xgvQt",
        "telephone": "91898416",
        "id": 136,
        "pets": [
            
        ]
    },
    {
        "firstName": "FNDJsen",
        "lastName": "LNNnxMZ",
        "address": "Address: lO3YN",
        "city": "City: GiMXL",
        "telephone": "33736716",
        "id": 137,
        "pets": [
            
        ]
    },
    {
        "firstName": "FNPszGC",
        "lastName": "LNfkKeU",
        "address": "Address: yiQCv",
        "city": "City: Z84nk",
        "telephone": "00420107",
        "id": 138,
        "pets": [
            
        ]
    },
    {
        "firstName": "FNNCyNu",
        "lastName": "LNdLLuV",
        "address": "Address: kq53A",
        "city": "City: lafuJ",
        "telephone": "75008203",
        "id": 139,
        "pets": [
            
        ]
    },
    {
        "firstName": "FNycZhV",
        "lastName": "LNRODaN",
        "address": "Address: TlrF1",
        "city": "City: JGN76",
        "telephone": "19709034",
        "id": 140,
        "pets": [
            {
                "name": "A",
                "birthDate": "2022-09-09",
                "type": {
                    "name": "cat",
                    "id": 1
                },
                "id": 92,
                "ownerId": 140,
                "visits": [
                    
                ]
            }
        ]
    },
    {
        "firstName": "FNYWIDK",
        "lastName": "LNTLOKC",
        "address": "Address: r95gz",
        "city": "City: 50Ocx",
        "telephone": "01609436",
        "id": 141,
        "pets": [
            {
                "name": "Bin",
                "birthDate": "2022-09-09",
                "type": {
                    "name": "cat",
                    "id": 1
                },
                "id": 93,
                "ownerId": 141,
                "visits": [
                    
                ]
            }
        ]
    },
    {
        "firstName": "FNSobfh",
        "lastName": "LNIBprF",
        "address": "Address: HRSCy",
        "city": "City: cYFL9",
        "telephone": "47763532",
        "id": 142,
        "pets": [
            {
                "name": "ThirtyCharsTestNametesttestte",
                "birthDate": "2022-09-09",
                "type": {
                    "name": "cat",
                    "id": 1
                },
                "id": 94,
                "ownerId": 142,
                "visits": [
                    
                ]
            }
        ]
    },
    {
        "firstName": "FNGSvMq",
        "lastName": "LNBPttw",
        "address": "Address: RNWjI",
        "city": "City: 2QElR",
        "telephone": "11878371",
        "id": 143,
        "pets": [
            {
                "name": "test_*()&^%$#@!?/",
                "birthDate": "2022-09-09",
                "type": {
                    "name": "cat",
                    "id": 1
                },
                "id": 95,
                "ownerId": 143,
                "visits": [
                    
                ]
            }
        ]
    },
    {
        "firstName": "FNHAItc",
        "lastName": "LNhDDhc",
        "address": "Address: M5Pqk",
        "city": "City: JqzxN",
        "telephone": "83161301",
        "id": 144,
        "pets": [
            {
                "name": "qVkcO",
                "birthDate": "2022-09-09",
                "type": {
                    "name": "cat",
                    "id": 1
                },
                "id": 96,
                "ownerId": 144,
                "visits": [
                    
                ]
            }
        ]
    },
    {
        "firstName": "FNeCswH",
        "lastName": "LNcJeEQ",
        "address": "Address: KaxPi",
        "city": "City: k1PHT",
        "telephone": "14439999",
        "id": 145,
        "pets": [
            
        ]
    },
    {
        "firstName": "FNUNuYU",
        "lastName": "LNqJZnV",
        "address": "Address: 2ciuy",
        "city": "City: 7aqmR",
        "telephone": "60255741",
        "id": 146,
        "pets": [
            
        ]
    },
    {
        "firstName": "FNGqPIO",
        "lastName": "LNzqzJJ",
        "address": "Address: XvGw2",
        "city": "City: 3ecBx",
        "telephone": "95198733",
        "id": 147,
        "pets": [
            
        ]
    },
    {
        "firstName": "FNQymlb",
        "lastName": "LNwiddD",
        "address": "Address: fbEh8",
        "city": "City: Pa0lv",
        "telephone": "87941822",
        "id": 148,
        "pets": [
            
        ]
    },
    {
        "firstName": "FNeAHiF",
        "lastName": "LNfJhrN",
        "address": "Address: 7hWIQ",
        "city": "City: 30Xwe",
        "telephone": "02538614",
        "id": 149,
        "pets": [
            {
                "name": "vlZps",
                "birthDate": "2022-09-09",
                "type": {
                    "name": "cat",
                    "id": 1
                },
                "id": 98,
                "ownerId": 149,
                "visits": [
                    
                ]
            }
        ]
    },
    {
        "firstName": "FNPhxYc",
        "lastName": "LNWglJf",
        "address": "Address: zG49h",
        "city": "City: bDxST",
        "telephone": "33985283",
        "id": 150,
        "pets": [
            {
                "name": "nTPwz",
                "birthDate": "2022-09-09",
                "type": {
                    "name": "cat",
                    "id": 1
                },
                "id": 99,
                "ownerId": 150,
                "visits": [
                    
                ]
            }
        ]
    },
    {
        "firstName": "FNgbDSc",
        "lastName": "LNfxEmv",
        "address": "Address: hIeIz",
        "city": "City: vJLAC",
        "telephone": "06519162",
        "id": 151,
        "pets": [
            {
                "name": "pIYUH",
                "birthDate": "2022-09-09",
                "type": {
                    "name": "cat",
                    "id": 1
                },
                "id": 100,
                "ownerId": 151,
                "visits": [
                    
                ]
            }
        ]
    },
    {
        "firstName": "FNJSKED",
        "lastName": "LNHliCC",
        "address": "Address: Blh1E",
        "city": "City: j8hrR",
        "telephone": "83529100",
        "id": 152,
        "pets": [
            {
                "name": "bkNtl",
                "birthDate": "2022-09-09",
                "type": {
                    "name": "cat",
                    "id": 1
                },
                "id": 101,
                "ownerId": 152,
                "visits": [
                    
                ]
            }
        ]
    },
    {
        "firstName": "FNwfGoV",
        "lastName": "LNWCiyI",
        "address": "Address: GVJjp",
        "city": "City: Mn9l9",
        "telephone": "68451884",
        "id": 153,
        "pets": [
            {
                "name": "WJLtd",
                "birthDate": "2022-09-09",
                "type": {
                    "name": "cat",
                    "id": 1
                },
                "id": 102,
                "ownerId": 153,
                "visits": [
                    
                ]
            }
        ]
    },
    {
        "firstName": "FNEuGuU",
        "lastName": "LNJcVST",
        "address": "Address: CWeXh",
        "city": "City: t0Bau",
        "telephone": "16090435",
        "id": 154,
        "pets": [
            {
                "name": "MQUVO",
                "birthDate": "2022-09-09",
                "type": {
                    "name": "cat",
                    "id": 1
                },
                "id": 103,
                "ownerId": 154,
                "visits": [
                    
                ]
            }
        ]
    },
    {
        "firstName": "FNzwdfG",
        "lastName": "LNoVgCw",
        "address": "Address: p7j8c",
        "city": "City: NDQ0d",
        "telephone": "88587748",
        "id": 155,
        "pets": [
            {
                "name": "dCSZL",
                "birthDate": "2022-09-09",
                "type": {
                    "name": "cat",
                    "id": 1
                },
                "id": 104,
                "ownerId": 155,
                "visits": [
                    
                ]
            }
        ]
    },
    {
        "firstName": "FNxGqhD",
        "lastName": "LNqzqTs",
        "address": "Address: g2uCi",
        "city": "City: 5xKgt",
        "telephone": "26561574",
        "id": 156,
        "pets": [
            {
                "name": "A",
                "birthDate": "2022-09-09",
                "type": {
                    "name": "cat",
                    "id": 1
                },
                "id": 105,
                "ownerId": 156,
                "visits": [
                    
                ]
            }
        ]
    },
    {
        "firstName": "FNoUlqj",
        "lastName": "LNfpmCc",
        "address": "Address: mOTGX",
        "city": "City: GCX5E",
        "telephone": "28714176",
        "id": 157,
        "pets": [
            {
                "name": "John",
                "birthDate": "2022-09-09",
                "type": {
                    "name": "cat",
                    "id": 1
                },
                "id": 106,
                "ownerId": 157,
                "visits": [
                    
                ]
            }
        ]
    },
    {
        "firstName": "FNyWDrZ",
        "lastName": "LNIUCFG",
        "address": "Address: H45VE",
        "city": "City: HqW8h",
        "telephone": "94837945",
        "id": 158,
        "pets": [
            {
                "name": "ThirtyCharsTestNametesttestte",
                "birthDate": "2022-09-09",
                "type": {
                    "name": "cat",
                    "id": 1
                },
                "id": 107,
                "ownerId": 158,
                "visits": [
                    
                ]
            }
        ]
    },
    {
        "firstName": "FNXwSIg",
        "lastName": "LNRGibZ",
        "address": "Address: C3Eww",
        "city": "City: ILt1u",
        "telephone": "81762855",
        "id": 159,
        "pets": [
            {
                "name": "test_*()&^%$#@!?/",
                "birthDate": "2022-09-09",
                "type": {
                    "name": "cat",
                    "id": 1
                },
                "id": 108,
                "ownerId": 159,
                "visits": [
                    
                ]
            }
        ]
    },
    {
        "firstName": "FNyTwEr",
        "lastName": "LNXmHDs",
        "address": "Address: tgu1M",
        "city": "City: uSnrY",
        "telephone": "89974278",
        "id": 160,
        "pets": [
            {
                "name": "gcrNb",
                "birthDate": "2022-09-09",
                "type": {
                    "name": "cat",
                    "id": 1
                },
                "id": 109,
                "ownerId": 160,
                "visits": [
                    
                ]
            }
        ]
    },
    {
        "firstName": "FNrnOHy",
        "lastName": "LNzCgTk",
        "address": "Address: Fbu3T",
        "city": "City: KzhqB",
        "telephone": "95938806",
        "id": 161,
        "pets": [
            {
                "name": "YYTsH",
                "birthDate": "2022-09-09",
                "type": {
                    "name": "cat",
                    "id": 1
                },
                "id": 110,
                "ownerId": 161,
                "visits": [
                    
                ]
            }
        ]
    },
    {
        "firstName": "FNrAGtI",
        "lastName": "LNWLtNl",
        "address": "Address: Ix38o",
        "city": "City: VJ6um",
        "telephone": "91572317",
        "id": 162,
        "pets": [
            {
                "name": "zrGqF",
                "birthDate": "2022-09-09",
                "type": {
                    "name": "cat",
                    "id": 1
                },
                "id": 111,
                "ownerId": 162,
                "visits": [
                    
                ]
            }
        ]
    },
    {
        "firstName": "A",
        "lastName": "LNlMAYJ",
        "address": "Address: RBnWZ",
        "city": "City: YnUtx",
        "telephone": "61527343",
        "id": 163,
        "pets": [
            
        ]
    },
    {
        "firstName": "John",
        "lastName": "LNlGVRU",
        "address": "Address: l46qz",
        "city": "City: 5JzVE",
        "telephone": "14953511",
        "id": 164,
        "pets": [
            
        ]
    },
    {
        "firstName": "ThirtyCharsTestNametesttestte",
        "lastName": "LNKLqDD",
        "address": "Address: qNF4Q",
        "city": "City: T8vRP",
        "telephone": "48584860",
        "id": 165,
        "pets": [
            
        ]
    },
    {
        "firstName": "A",
        "lastName": "LNPiWSb",
        "address": "Address: Eqktq",
        "city": "City: Ub3rA",
        "telephone": "19417660",
        "id": 166,
        "pets": [
            
        ]
    },
    {
        "firstName": "John",
        "lastName": "LNgDEPw",
        "address": "Address: cDq7a",
        "city": "City: WwfLz",
        "telephone": "18539095",
        "id": 167,
        "pets": [
            
        ]
    },
    {
        "firstName": "ThirtyCharsTestNametesttestte",
        "lastName": "LNrErlW",
        "address": "Address: ubASW",
        "city": "City: tPOHy",
        "telephone": "72407540",
        "id": 168,
        "pets": [
            
        ]
    },
    {
        "firstName": "A",
        "lastName": "LNQAuAw",
        "address": "Address: Sl58E",
        "city": "City: W5UgG",
        "telephone": "75787678",
        "id": 169,
        "pets": [
            
        ]
    },
    {
        "firstName": "John",
        "lastName": "LNCOXhS",
        "address": "Address: MKmyd",
        "city": "City: 4sLnN",
        "telephone": "28245221",
        "id": 170,
        "pets": [
            
        ]
    },
    {
        "firstName": "ThirtyCharsTestNametesttestte",
        "lastName": "LNTYBkn",
        "address": "Address: 1Wqrz",
        "city": "City: Jdd0S",
        "telephone": "17554544",
        "id": 171,
        "pets": [
            
        ]
    },
    {
        "firstName": "FNOhjSw",
        "lastName": "B",
        "address": "Address: EhBex",
        "city": "City: SFqob",
        "telephone": "15010167",
        "id": 172,
        "pets": [
            
        ]
    },
    {
        "firstName": "FNjeGeR",
        "lastName": "Dou",
        "address": "Address: oYSNj",
        "city": "City: GxSDW",
        "telephone": "30282746",
        "id": 173,
        "pets": [
            
        ]
    },
    {
        "firstName": "FNabfGN",
        "lastName": "ThirtyCharsTestNametesttestte",
        "address": "Address: tFTsI",
        "city": "City: B1V4U",
        "telephone": "39998441",
        "id": 174,
        "pets": [
            
        ]
    },
    {
        "firstName": "FNlZeXT",
        "lastName": "LNJcvIA",
        "address": "A",
        "city": "City: xCE8w",
        "telephone": "42206968",
        "id": 175,
        "pets": [
            
        ]
    },
    {
        "firstName": "FNSSDfv",
        "lastName": "LNFPWPh",
        "address": "101 B. Down St, 1/2 &*%$#@",
        "city": "City: vtrwg",
        "telephone": "30341261",
        "id": 176,
        "pets": [
            
        ]
    },
    {
        "firstName": "FNBqFng",
        "lastName": "LNUVXvv",
        "address": "twoHundredFiftyFifeCharsAddresstwoHundredFiftyFifeCharsAddresstwoHundredFiftyFifeCharsAddresstwoHundredFiftyFifeCharsAddresstwoHundredFiftyFifeCharsAddresstwoHundredFiftyFifeCharsAddresstwoHundredFiftyFifeCharsAddresstwoHundredFiftyFifeCharsAddresstwoHun",
        "city": "City: S6O3P",
        "telephone": "81556030",
        "id": 177,
        "pets": [
            
        ]
    },
    {
        "firstName": "FNxyxgW",
        "lastName": "LNCxvOR",
        "address": "Address: sxb0V",
        "city": "A",
        "telephone": "53612540",
        "id": 178,
        "pets": [
            
        ]
    },
    {
        "firstName": "FNxwOPb",
        "lastName": "LNbRgLg",
        "address": "Address: qShjP",
        "city": "Milton-Freewater (Oregon)",
        "telephone": "24154578",
        "id": 179,
        "pets": [
            
        ]
    },
    {
        "firstName": "FNubadd",
        "lastName": "LNbERRu",
        "address": "Address: b5rNW",
        "city": "test 123 / &*%$#@",
        "telephone": "56068693",
        "id": 180,
        "pets": [
            
        ]
    },
    {
        "firstName": "FNAxNtX",
        "lastName": "LNFDllE",
        "address": "Address: ahGQR",
        "city": "EightyCharsTestCityEightyCharsTestCityEightyCharsTestCityEightyCharsTestCityyyy",
        "telephone": "10386104",
        "id": 181,
        "pets": [
            
        ]
    },
    {
        "firstName": "FNAYTwF",
        "lastName": "LNPSexP",
        "address": "Address: jU6vn",
        "city": "City: 6YvT2",
        "telephone": "0",
        "id": 182,
        "pets": [
            
        ]
    },
    {
        "firstName": "FNvrzhs",
        "lastName": "LNEWTqT",
        "address": "Address: q0ASX",
        "city": "City: AAhvB",
        "telephone": "31296680",
        "id": 184,
        "pets": [
            
        ]
    },
    {
        "firstName": "FNIiFcT",
        "lastName": "LNefmxh",
        "address": "Address: TUImM",
        "city": "City: Tcthr",
        "telephone": "96992621",
        "id": 185,
        "pets": [
            {
                "name": "gPgHH",
                "birthDate": "2022-09-09",
                "type": {
                    "name": "cat",
                    "id": 1
                },
                "id": 112,
                "ownerId": 185,
                "visits": [
                    
                ]
            }
        ]
    },
    {
        "firstName": "FNeyuIj",
        "lastName": "LNKwEBX",
        "address": "Address: moJvf",
        "city": "City: 5y7r3",
        "telephone": "63548614",
        "id": 186,
        "pets": [
            
        ]
    },
    {
        "firstName": "FNAtAxK",
        "lastName": "Smith",
        "address": "Address: Rn7nl",
        "city": "City: AO9gW",
        "telephone": "49642132",
        "id": 187,
        "pets": [
            
        ]
    },
    {
        "firstName": "FNkWrSG",
        "lastName": "Smith",
        "address": "Address: cYga9",
        "city": "City: Q6jbW",
        "telephone": "90055726",
        "id": 188,
        "pets": [
            
        ]
    },
    {
        "firstName": "A",
        "lastName": "LNAMCVw",
        "address": "Address: 4TRX3",
        "city": "City: nzomG",
        "telephone": "27075256",
        "id": 189,
        "pets": [
            
        ]
    },
    {
        "firstName": "John",
        "lastName": "LNfCPes",
        "address": "Address: HWU4f",
        "city": "City: wnCWN",
        "telephone": "93461747",
        "id": 190,
        "pets": [
            
        ]
    },
    {
        "firstName": "ThirtyCharsTestNametesttestte",
        "lastName": "LNQXGku",
        "address": "Address: rSkio",
        "city": "City: A9A3j",
        "telephone": "53562161",
        "id": 191,
        "pets": [
            
        ]
    },
    {
        "firstName": "FNShDmy",
        "lastName": "LNoVRGo",
        "address": "Address: ftocy",
        "city": "City: sWPRP",
        "telephone": "45288516",
        "id": 192,
        "pets": [
            
        ]
    },
    {
        "firstName": "FNegEYU",
        "lastName": "LNtXfnQ",
        "address": "Address: hEI21",
        "city": "City: 1DjTO",
        "telephone": "50642748",
        "id": 193,
        "pets": [
            
        ]
    },
    {
        "firstName": "FNWfXoO",
        "lastName": "LNnqYJh",
        "address": "Address: KGnUY",
        "city": "City: G3JiP",
        "telephone": "50768918",
        "id": 194,
        "pets": [
            
        ]
    },
    {
        "firstName": "FNhuxpV",
        "lastName": "LNnMiqR",
        "address": "Address: wAsae",
        "city": "City: bxPCz",
        "telephone": "53935647",
        "id": 195,
        "pets": [
            
        ]
    },
    {
        "firstName": "FNIMfTG",
        "lastName": "B",
        "address": "Address: XCnMN",
        "city": "City: Y6u3U",
        "telephone": "91449659",
        "id": 196,
        "pets": [
            
        ]
    },
    {
        "firstName": "FNLZnrn",
        "lastName": "Dou",
        "address": "Address: VIeLb",
        "city": "City: HGWlV",
        "telephone": "51887884",
        "id": 197,
        "pets": [
            
        ]
    },
    {
        "firstName": "FNneLaH",
        "lastName": "ThirtyCharsTestNametesttestte",
        "address": "Address: jiEHa",
        "city": "City: 0ENeF",
        "telephone": "30419098",
        "id": 198,
        "pets": [
            
        ]
    },
    {
        "firstName": "FNMdRvI",
        "lastName": "LNRgEtV",
        "address": "Address: 1hPBD",
        "city": "City: xGwFR",
        "telephone": "36825392",
        "id": 199,
        "pets": [
            
        ]
    },
    {
        "firstName": "FNsNUlZ",
        "lastName": "LNWZCJQ",
        "address": "Address: 1aKN6",
        "city": "City: Nx4RX",
        "telephone": "84191673",
        "id": 200,
        "pets": [
            
        ]
    },
    {
        "firstName": "FNybzSr",
        "lastName": "LNTjbEX",
        "address": "Address: KYSFI",
        "city": "City: GJY9V",
        "telephone": "91818979",
        "id": 201,
        "pets": [
            
        ]
    },
    {
        "firstName": "FNdbyIu",
        "lastName": "LNXHRBY",
        "address": "Address: tqRul",
        "city": "City: mS2wP",
        "telephone": "50210704",
        "id": 202,
        "pets": [
            
        ]
    },
    {
        "firstName": "FNwRImS",
        "lastName": "LNLiAdr",
        "address": "A",
        "city": "City: IUXTO",
        "telephone": "17431115",
        "id": 203,
        "pets": [
            
        ]
    },
    {
        "firstName": "FNzdDBi",
        "lastName": "LNbFRSy",
        "address": "101 B. Down St, 1/2 &*%$#@",
        "city": "City: CuJPU",
        "telephone": "43267084",
        "id": 204,
        "pets": [
            
        ]
    },
    {
        "firstName": "FNbZJvZ",
        "lastName": "LNRhFah",
        "address": "twoHundredFiftyFifeCharsAddresstwoHundredFiftyFifeCharsAddresstwoHundredFiftyFifeCharsAddresstwoHundredFiftyFifeCharsAddresstwoHundredFiftyFifeCharsAddresstwoHundredFiftyFifeCharsAddresstwoHundredFiftyFifeCharsAddresstwoHundredFiftyFifeCharsAddresstwoHun",
        "city": "City: DGlld",
        "telephone": "49161151",
        "id": 205,
        "pets": [
            
        ]
    },
    {
        "firstName": "FNSDXWv",
        "lastName": "LNcEPGi",
        "address": "Address: BpbVA",
        "city": "City: U4gpX",
        "telephone": "47166026",
        "id": 206,
        "pets": [
            
        ]
    },
    {
        "firstName": "FNOijmx",
        "lastName": "LNLbxfP",
        "address": "Address: mHtcQ",
        "city": "City: 3ppMf",
        "telephone": "70465885",
        "id": 207,
        "pets": [
            
        ]
    },
    {
        "firstName": "FNYwGZC",
        "lastName": "LNQseGv",
        "address": "Address: xEtIs",
        "city": "City: bMX0m",
        "telephone": "74357832",
        "id": 208,
        "pets": [
            
        ]
    },
    {
        "firstName": "FNUMzWv",
        "lastName": "LNqDdFs",
        "address": "Address: 172nZ",
        "city": "A",
        "telephone": "92706471",
        "id": 209,
        "pets": [
            
        ]
    },
    {
        "firstName": "FNyTrhZ",
        "lastName": "LNfUVeW",
        "address": "Address: yF2ua",
        "city": "Milton-Freewater (Oregon)",
        "telephone": "98645482",
        "id": 210,
        "pets": [
            
        ]
    },
    {
        "firstName": "FNxHDfk",
        "lastName": "LNwNaCg",
        "address": "Address: dgCtd",
        "city": "test 123 / &*%$#@",
        "telephone": "81311892",
        "id": 211,
        "pets": [
            
        ]
    },
    {
        "firstName": "FNpsAuP",
        "lastName": "LNzGLnC",
        "address": "Address: GeiVk",
        "city": "EightyCharsTestCityEightyCharsTestCityEightyCharsTestCityEightyCharsTestCityyyy",
        "telephone": "47375053",
        "id": 212,
        "pets": [
            
        ]
    },
    {
        "firstName": "FNTFTCf",
        "lastName": "LNICvXt",
        "address": "Address: tSXAR",
        "city": "City: 9T8px",
        "telephone": "85703503",
        "id": 213,
        "pets": [
            
        ]
    },
    {
        "firstName": "FNUpCBO",
        "lastName": "LNTiCJL",
        "address": "Address: cEZOt",
        "city": "City: J3005",
        "telephone": "56388689",
        "id": 214,
        "pets": [
            
        ]
    },
    {
        "firstName": "FNRAYcq",
        "lastName": "LNhfzPY",
        "address": "Address: E1SwZ",
        "city": "City: zDB3d",
        "telephone": "61809958",
        "id": 215,
        "pets": [
            
        ]
    },
    {
        "firstName": "FNlURhs",
        "lastName": "LNUeQxh",
        "address": "Address: HSXFi",
        "city": "City: VCOgZ",
        "telephone": "0",
        "id": 216,
        "pets": [
            
        ]
    },
    {
        "firstName": "FNkoYwm",
        "lastName": "LNjdoze",
        "address": "Address: jSlkr",
        "city": "City: ooYBb",
        "telephone": "57085676",
        "id": 217,
        "pets": [
            
        ]
    },
    {
        "firstName": "FNPUkUK",
        "lastName": "LNRzCjm",
        "address": "Address: SN80K",
        "city": "City: t6FmC",
        "telephone": "76714490",
        "id": 218,
        "pets": [
            
        ]
    },
    {
        "firstName": "FNdQwkc",
        "lastName": "LNxkcMw",
        "address": "Address: wIcqQ",
        "city": "City: BkJtl",
        "telephone": "70027732",
        "id": 219,
        "pets": [
            
        ]
    },
    {
        "firstName": "FNOizKO",
        "lastName": "LNHYvUD",
        "address": "Address: KwRBg",
        "city": "City: 0FyDV",
        "telephone": "66267037",
        "id": 220,
        "pets": [
            
        ]
    },
    {
        "firstName": "FNTqprR",
        "lastName": "LNpUIvX",
        "address": "Address: MAKAh",
        "city": "City: Gz969",
        "telephone": "02117603",
        "id": 221,
        "pets": [
            
        ]
    },
    {
        "firstName": "FNAkDPb",
        "lastName": "LNYziuX",
        "address": "Address: d9tW4",
        "city": "City: hzQm7",
        "telephone": "70142864",
        "id": 222,
        "pets": [
            
        ]
    },
    {
        "firstName": "FNSXGGG",
        "lastName": "LNwuzDM",
        "address": "Address: Dh846",
        "city": "City: 556cZ",
        "telephone": "44820232",
        "id": 223,
        "pets": [
            
        ]
    },
    {
        "firstName": "FNPCZlB",
        "lastName": "LNrrZhE",
        "address": "Address: cIODH",
        "city": "City: hQiSH",
        "telephone": "36689603",
        "id": 224,
        "pets": [
            {
                "name": "A",
                "birthDate": "2022-09-09",
                "type": {
                    "name": "cat",
                    "id": 1
                },
                "id": 117,
                "ownerId": 224,
                "visits": [
                    
                ]
            }
        ]
    },
    {
        "firstName": "FNoJkPS",
        "lastName": "LNRzaty",
        "address": "Address: tcH2j",
        "city": "City: YHbGA",
        "telephone": "09751736",
        "id": 225,
        "pets": [
            {
                "name": "Bin",
                "birthDate": "2022-09-09",
                "type": {
                    "name": "cat",
                    "id": 1
                },
                "id": 118,
                "ownerId": 225,
                "visits": [
                    
                ]
            }
        ]
    },
    {
        "firstName": "FNZvLlP",
        "lastName": "LNtPTor",
        "address": "Address: J9ZJZ",
        "city": "City: NXu6M",
        "telephone": "12270943",
        "id": 226,
        "pets": [
            {
                "name": "ThirtyCharsTestNametesttestte",
                "birthDate": "2022-09-09",
                "type": {
                    "name": "cat",
                    "id": 1
                },
                "id": 119,
                "ownerId": 226,
                "visits": [
                    
                ]
            }
        ]
    },
    {
        "firstName": "FNgneAj",
        "lastName": "LNtReiy",
        "address": "Address: fMAg0",
        "city": "City: ixT3J",
        "telephone": "66065805",
        "id": 227,
        "pets": [
            {
                "name": "test_*()&^%$#@!?/",
                "birthDate": "2022-09-09",
                "type": {
                    "name": "cat",
                    "id": 1
                },
                "id": 120,
                "ownerId": 227,
                "visits": [
                    
                ]
            }
        ]
    },
    {
        "firstName": "FNpvNEX",
        "lastName": "LNzqYXX",
        "address": "Address: yk96m",
        "city": "City: XKL7P",
        "telephone": "59737781",
        "id": 228,
        "pets": [
            {
                "name": "uxoqx",
                "birthDate": "2022-09-09",
                "type": {
                    "name": "cat",
                    "id": 1
                },
                "id": 121,
                "ownerId": 228,
                "visits": [
                    
                ]
            }
        ]
    },
    {
        "firstName": "FNBOCPB",
        "lastName": "LNhitrE",
        "address": "Address: RjWnQ",
        "city": "City: bZGzS",
        "telephone": "69820922",
        "id": 229,
        "pets": [
            
        ]
    },
    {
        "firstName": "FNBHWyl",
        "lastName": "LNwHFLM",
        "address": "Address: C0H8M",
        "city": "City: V7Vwz",
        "telephone": "53172999",
        "id": 230,
        "pets": [
            
        ]
    },
    {
        "firstName": "FNbaZIO",
        "lastName": "LNlckKv",
        "address": "Address: IH7Mf",
        "city": "City: BKDtE",
        "telephone": "63709759",
        "id": 231,
        "pets": [
            
        ]
    },
    {
        "firstName": "FNTzXkD",
        "lastName": "LNSuhVc",
        "address": "Address: jyPZe",
        "city": "City: GpmrW",
        "telephone": "43765077",
        "id": 232,
        "pets": [
            
        ]
    },
    {
        "firstName": "FNSqMQh",
        "lastName": "LNkVTqv",
        "address": "Address: jYuaO",
        "city": "City: hGmB8",
        "telephone": "16208436",
        "id": 233,
        "pets": [
            {
                "name": "DmfWw",
                "birthDate": "2022-09-09",
                "type": {
                    "name": "cat",
                    "id": 1
                },
                "id": 123,
                "ownerId": 233,
                "visits": [
                    
                ]
            }
        ]
    },
    {
        "firstName": "FNZbaSv",
        "lastName": "LNijSjb",
        "address": "Address: Z8Wmo",
        "city": "City: fHN8b",
        "telephone": "53895943",
        "id": 234,
        "pets": [
            {
                "name": "JtmiS",
                "birthDate": "2022-09-09",
                "type": {
                    "name": "cat",
                    "id": 1
                },
                "id": 124,
                "ownerId": 234,
                "visits": [
                    
                ]
            }
        ]
    },
    {
        "firstName": "FNFKkpO",
        "lastName": "LNZjxxF",
        "address": "Address: QkNmT",
        "city": "City: rmcOc",
        "telephone": "67918864",
        "id": 235,
        "pets": [
            {
                "name": "LQEuJ",
                "birthDate": "2022-09-09",
                "type": {
                    "name": "cat",
                    "id": 1
                },
                "id": 125,
                "ownerId": 235,
                "visits": [
                    
                ]
            }
        ]
    },
    {
        "firstName": "FNmZkjJ",
        "lastName": "LNPbAtv",
        "address": "Address: eW0tJ",
        "city": "City: hxSBH",
        "telephone": "59915945",
        "id": 236,
        "pets": [
            {
                "name": "yKQmw",
                "birthDate": "2022-09-09",
                "type": {
                    "name": "cat",
                    "id": 1
                },
                "id": 126,
                "ownerId": 236,
                "visits": [
                    
                ]
            }
        ]
    },
    {
        "firstName": "FNMShkm",
        "lastName": "LNoKmGI",
        "address": "Address: nsuAG",
        "city": "City: jH1GJ",
        "telephone": "70988386",
        "id": 237,
        "pets": [
            {
                "name": "UdyJL",
                "birthDate": "2022-09-09",
                "type": {
                    "name": "cat",
                    "id": 1
                },
                "id": 127,
                "ownerId": 237,
                "visits": [
                    
                ]
            }
        ]
    },
    {
        "firstName": "FNnMZqP",
        "lastName": "LNEtkat",
        "address": "Address: fy1nu",
        "city": "City: X78vJ",
        "telephone": "70970370",
        "id": 238,
        "pets": [
            {
                "name": "buyzd",
                "birthDate": "2022-09-09",
                "type": {
                    "name": "cat",
                    "id": 1
                },
                "id": 128,
                "ownerId": 238,
                "visits": [
                    
                ]
            }
        ]
    },
    {
        "firstName": "FNNXtQh",
        "lastName": "LNsDuRS",
        "address": "Address: c1T9O",
        "city": "City: uv30Q",
        "telephone": "90843380",
        "id": 239,
        "pets": [
            {
                "name": "IwIBl",
                "birthDate": "2022-09-09",
                "type": {
                    "name": "cat",
                    "id": 1
                },
                "id": 129,
                "ownerId": 239,
                "visits": [
                    
                ]
            }
        ]
    },
    {
        "firstName": "FNTrxZu",
        "lastName": "LNlxZWn",
        "address": "Address: nQjrf",
        "city": "City: 9YWJL",
        "telephone": "51705743",
        "id": 240,
        "pets": [
            {
                "name": "A",
                "birthDate": "2022-09-09",
                "type": {
                    "name": "cat",
                    "id": 1
                },
                "id": 130,
                "ownerId": 240,
                "visits": [
                    
                ]
            }
        ]
    },
    {
        "firstName": "FNfVgiq",
        "lastName": "LNaQIDU",
        "address": "Address: dx81H",
        "city": "City: GFjk1",
        "telephone": "69706028",
        "id": 241,
        "pets": [
            {
                "name": "John",
                "birthDate": "2022-09-09",
                "type": {
                    "name": "cat",
                    "id": 1
                },
                "id": 131,
                "ownerId": 241,
                "visits": [
                    
                ]
            }
        ]
    },
    {
        "firstName": "FNBJSIn",
        "lastName": "LNlgRpW",
        "address": "Address: 6SEZV",
        "city": "City: gmv1q",
        "telephone": "11098854",
        "id": 242,
        "pets": [
            {
                "name": "ThirtyCharsTestNametesttestte",
                "birthDate": "2022-09-09",
                "type": {
                    "name": "cat",
                    "id": 1
                },
                "id": 132,
                "ownerId": 242,
                "visits": [
                    
                ]
            }
        ]
    },
    {
        "firstName": "FNUBQxk",
        "lastName": "LNgxmNS",
        "address": "Address: 8LrQo",
        "city": "City: OfXKP",
        "telephone": "45733406",
        "id": 243,
        "pets": [
            {
                "name": "test_*()&^%$#@!?/",
                "birthDate": "2022-09-09",
                "type": {
                    "name": "cat",
                    "id": 1
                },
                "id": 133,
                "ownerId": 243,
                "visits": [
                    
                ]
            }
        ]
    },
    {
        "firstName": "FNIZGpo",
        "lastName": "LNKVwHV",
        "address": "Address: PkAU1",
        "city": "City: 1zNaa",
        "telephone": "85919614",
        "id": 244,
        "pets": [
            {
                "name": "ZYRjU",
                "birthDate": "2022-09-09",
                "type": {
                    "name": "cat",
                    "id": 1
                },
                "id": 134,
                "ownerId": 244,
                "visits": [
                    
                ]
            }
        ]
    },
    {
        "firstName": "FNsGzGy",
        "lastName": "LNwjZuZ",
        "address": "Address: AinXA",
        "city": "City: mW9hZ",
        "telephone": "51296927",
        "id": 245,
        "pets": [
            {
                "name": "fEfCx",
                "birthDate": "2022-09-09",
                "type": {
                    "name": "cat",
                    "id": 1
                },
                "id": 135,
                "ownerId": 245,
                "visits": [
                    
                ]
            }
        ]
    },
    {
        "firstName": "FNbvRXc",
        "lastName": "LNsvpGy",
        "address": "Address: LOqxb",
        "city": "City: tZiCD",
        "telephone": "16867667",
        "id": 246,
        "pets": [
            {
                "name": "vWIjT",
                "birthDate": "2022-09-09",
                "type": {
                    "name": "cat",
                    "id": 1
                },
                "id": 136,
                "ownerId": 246,
                "visits": [
                    
                ]
            }
        ]
    },
    {
        "firstName": "A",
        "lastName": "LNptPzB",
        "address": "Address: TKbvT",
        "city": "City: m3Uwa",
        "telephone": "10673233",
        "id": 247,
        "pets": [
            
        ]
    },
    {
        "firstName": "John",
        "lastName": "LNPXVuW",
        "address": "Address: 33pFr",
        "city": "City: ygQC0",
        "telephone": "53733905",
        "id": 248,
        "pets": [
            
        ]
    },
    {
        "firstName": "ThirtyCharsTestNametesttestte",
        "lastName": "LNBexsN",
        "address": "Address: 63gvC",
        "city": "City: TbNU3",
        "telephone": "03972382",
        "id": 249,
        "pets": [
            
        ]
    },
    {
        "firstName": "FNwAQwW",
        "lastName": "B",
        "address": "Address: alfDb",
        "city": "City: t6UpK",
        "telephone": "36213986",
        "id": 250,
        "pets": [
            
        ]
    },
    {
        "firstName": "FNyyUFY",
        "lastName": "Dou",
        "address": "Address: 7ynK7",
        "city": "City: lLIuc",
        "telephone": "58373283",
        "id": 251,
        "pets": [
            
        ]
    },
    {
        "firstName": "FNsRAcP",
        "lastName": "ThirtyCharsTestNametesttestte",
        "address": "Address: MPA0P",
        "city": "City: 9EKAD",
        "telephone": "28804031",
        "id": 252,
        "pets": [
            
        ]
    },
    {
        "firstName": "FNhCcNB",
        "lastName": "LNoTgWs",
        "address": "A",
        "city": "City: fqX9h",
        "telephone": "51184900",
        "id": 253,
        "pets": [
            
        ]
    },
    {
        "firstName": "FNnwOxH",
        "lastName": "LNYbTCV",
        "address": "101 B. Down St, 1/2 &*%$#@",
        "city": "City: h7Lpb",
        "telephone": "87074462",
        "id": 254,
        "pets": [
            
        ]
    },
    {
        "firstName": "FNfmooN",
        "lastName": "LNIHurQ",
        "address": "twoHundredFiftyFifeCharsAddresstwoHundredFiftyFifeCharsAddresstwoHundredFiftyFifeCharsAddresstwoHundredFiftyFifeCharsAddresstwoHundredFiftyFifeCharsAddresstwoHundredFiftyFifeCharsAddresstwoHundredFiftyFifeCharsAddresstwoHundredFiftyFifeCharsAddresstwoHun",
        "city": "City: YxZ7G",
        "telephone": "23644556",
        "id": 255,
        "pets": [
            
        ]
    },
    {
        "firstName": "FNaeDrX",
        "lastName": "LNYucGs",
        "address": "Address: fFtiH",
        "city": "A",
        "telephone": "91477001",
        "id": 256,
        "pets": [
            
        ]
    },
    {
        "firstName": "FNpVMGj",
        "lastName": "LNKWFZj",
        "address": "Address: PDIuH",
        "city": "Milton-Freewater (Oregon)",
        "telephone": "11208850",
        "id": 257,
        "pets": [
            
        ]
    },
    {
        "firstName": "FNnWSIi",
        "lastName": "LNGuDms",
        "address": "Address: vWUyf",
        "city": "test 123 / &*%$#@",
        "telephone": "05252500",
        "id": 258,
        "pets": [
            
        ]
    },
    {
        "firstName": "FNMgtrk",
        "lastName": "LNBfXVN",
        "address": "Address: WqAKw",
        "city": "EightyCharsTestCityEightyCharsTestCityEightyCharsTestCityEightyCharsTestCityyyy",
        "telephone": "12362965",
        "id": 259,
        "pets": [
            
        ]
    },
    {
        "firstName": "FNQmMwx",
        "lastName": "LNffbcl",
        "address": "Address: 2ZE95",
        "city": "City: GAP1r",
        "telephone": "0",
        "id": 260,
        "pets": [
            
        ]
    },
    {
        "firstName": "FNttFLn",
        "lastName": "LNQbctZ",
        "address": "Address: NCPUQ",
        "city": "City: s8HE4",
        "telephone": "47952338",
        "id": 262,
        "pets": [
            
        ]
    },
    {
        "firstName": "FNVfjEM",
        "lastName": "LNEpxmr",
        "address": "Address: eC2WR",
        "city": "City: 8LUfp",
        "telephone": "22495174",
        "id": 263,
        "pets": [
            {
                "name": "hwGEb",
                "birthDate": "2022-09-09",
                "type": {
                    "name": "cat",
                    "id": 1
                },
                "id": 137,
                "ownerId": 263,
                "visits": [
                    
                ]
            }
        ]
    },
    {
        "firstName": "FNTzSpi",
        "lastName": "LNIulEc",
        "address": "Address: RaY0G",
        "city": "City: T2ffO",
        "telephone": "19280467",
        "id": 264,
        "pets": [
            
        ]
    },
    {
        "firstName": "FNGCrYS",
        "lastName": "Smith",
        "address": "Address: RpruQ",
        "city": "City: np0WT",
        "telephone": "18746920",
        "id": 265,
        "pets": [
            
        ]
    },
    {
        "firstName": "FNiXmus",
        "lastName": "Smith",
        "address": "Address: VDkr6",
        "city": "City: ejUpe",
        "telephone": "88562809",
        "id": 266,
        "pets": [
            
        ]
    },
    {
        "firstName": "A",
        "lastName": "LNZQJwk",
        "address": "Address: CzcL8",
        "city": "City: A0lqG",
        "telephone": "04741169",
        "id": 267,
        "pets": [
            
        ]
    },
    {
        "firstName": "John",
        "lastName": "LNANAko",
        "address": "Address: 2jSMU",
        "city": "City: MQlsZ",
        "telephone": "47046652",
        "id": 268,
        "pets": [
            
        ]
    },
    {
        "firstName": "ThirtyCharsTestNametesttestte",
        "lastName": "LNWuGyQ",
        "address": "Address: q52ER",
        "city": "City: A3xFO",
        "telephone": "32303935",
        "id": 269,
        "pets": [
            
        ]
    },
    {
        "firstName": "FNxXVlL",
        "lastName": "LNplYzD",
        "address": "Address: Kc65C",
        "city": "City: zppSZ",
        "telephone": "26249492",
        "id": 270,
        "pets": [
            
        ]
    },
    {
        "firstName": "FNiwsut",
        "lastName": "LNGSphL",
        "address": "Address: ZTkly",
        "city": "City: pX7o3",
        "telephone": "55582336",
        "id": 271,
        "pets": [
            
        ]
    },
    {
        "firstName": "FNvroSH",
        "lastName": "LNmPNMa",
        "address": "Address: E39Zq",
        "city": "City: Q8FQx",
        "telephone": "63348306",
        "id": 272,
        "pets": [
            
        ]
    },
    {
        "firstName": "FNqNjCU",
        "lastName": "LNFXnxr",
        "address": "Address: jVzc3",
        "city": "City: WXfig",
        "telephone": "32146933",
        "id": 273,
        "pets": [
            
        ]
    },
    {
        "firstName": "FNApJBO",
        "lastName": "B",
        "address": "Address: s9XDp",
        "city": "City: 8CYCu",
        "telephone": "31564314",
        "id": 274,
        "pets": [
            
        ]
    },
    {
        "firstName": "FNvBaey",
        "lastName": "Dou",
        "address": "Address: 0mLky",
        "city": "City: QFJ2h",
        "telephone": "44106731",
        "id": 275,
        "pets": [
            
        ]
    },
    {
        "firstName": "FNaSXOk",
        "lastName": "ThirtyCharsTestNametesttestte",
        "address": "Address: lymJd",
        "city": "City: PnVpa",
        "telephone": "83094312",
        "id": 276,
        "pets": [
            
        ]
    },
    {
        "firstName": "FNvBRRq",
        "lastName": "LNVXNxi",
        "address": "Address: HCOzL",
        "city": "City: 7UxAV",
        "telephone": "88407452",
        "id": 277,
        "pets": [
            
        ]
    },
    {
        "firstName": "FNGtCog",
        "lastName": "LNHMxZv",
        "address": "Address: 7RYlT",
        "city": "City: 4h1M6",
        "telephone": "67325225",
        "id": 278,
        "pets": [
            
        ]
    },
    {
        "firstName": "FNNUehy",
        "lastName": "LNPNULS",
        "address": "Address: C3SlT",
        "city": "City: hdpvB",
        "telephone": "83558282",
        "id": 279,
        "pets": [
            
        ]
    },
    {
        "firstName": "FNczDJJ",
        "lastName": "LNosRPS",
        "address": "Address: 4z63g",
        "city": "City: 6kWsi",
        "telephone": "25733006",
        "id": 280,
        "pets": [
            
        ]
    },
    {
        "firstName": "FNzvbDW",
        "lastName": "LNGJatI",
        "address": "A",
        "city": "City: 9sf1M",
        "telephone": "13647673",
        "id": 281,
        "pets": [
            
        ]
    },
    {
        "firstName": "FNLFPnS",
        "lastName": "LNZogqe",
        "address": "101 B. Down St, 1/2 &*%$#@",
        "city": "City: fCtP5",
        "telephone": "29344309",
        "id": 282,
        "pets": [
            
        ]
    },
    {
        "firstName": "FNsiitX",
        "lastName": "LNuclMW",
        "address": "twoHundredFiftyFifeCharsAddresstwoHundredFiftyFifeCharsAddresstwoHundredFiftyFifeCharsAddresstwoHundredFiftyFifeCharsAddresstwoHundredFiftyFifeCharsAddresstwoHundredFiftyFifeCharsAddresstwoHundredFiftyFifeCharsAddresstwoHundredFiftyFifeCharsAddresstwoHun",
        "city": "City: NG40l",
        "telephone": "08983002",
        "id": 283,
        "pets": [
            
        ]
    },
    {
        "firstName": "FNltjUJ",
        "lastName": "LNsaAVz",
        "address": "Address: gtK33",
        "city": "City: nzlct",
        "telephone": "55260559",
        "id": 284,
        "pets": [
            
        ]
    },
    {
        "firstName": "FNyUfYJ",
        "lastName": "LNPuqEi",
        "address": "Address: C7RVx",
        "city": "City: Nm6Wg",
        "telephone": "60307769",
        "id": 285,
        "pets": [
            
        ]
    },
    {
        "firstName": "FNRDCNo",
        "lastName": "LNbWIeu",
        "address": "Address: QIOsz",
        "city": "City: ZkFYz",
        "telephone": "55124108",
        "id": 286,
        "pets": [
            
        ]
    },
    {
        "firstName": "FNeqSgP",
        "lastName": "LNHbnqE",
        "address": "Address: KucT8",
        "city": "A",
        "telephone": "34788107",
        "id": 287,
        "pets": [
            
        ]
    },
    {
        "firstName": "FNayqBW",
        "lastName": "LNfjwzz",
        "address": "Address: KX0pV",
        "city": "Milton-Freewater (Oregon)",
        "telephone": "67349508",
        "id": 288,
        "pets": [
            
        ]
    },
    {
        "firstName": "FNUATqw",
        "lastName": "LNRIbvD",
        "address": "Address: 4Aa5t",
        "city": "test 123 / &*%$#@",
        "telephone": "68967964",
        "id": 289,
        "pets": [
            
        ]
    },
    {
        "firstName": "FNzDtvP",
        "lastName": "LNEtOUi",
        "address": "Address: sxRhI",
        "city": "EightyCharsTestCityEightyCharsTestCityEightyCharsTestCityEightyCharsTestCityyyy",
        "telephone": "74725733",
        "id": 290,
        "pets": [
            
        ]
    },
    {
        "firstName": "FNoXsgf",
        "lastName": "LNGsAis",
        "address": "Address: yfiS0",
        "city": "City: CweYs",
        "telephone": "52968438",
        "id": 291,
        "pets": [
            
        ]
    },
    {
        "firstName": "FNzGYdg",
        "lastName": "LNJZAnE",
        "address": "Address: mkZRF",
        "city": "City: 6KegI",
        "telephone": "19124034",
        "id": 292,
        "pets": [
            
        ]
    },
    {
        "firstName": "FNixIhS",
        "lastName": "LNpFiZp",
        "address": "Address: bBJzJ",
        "city": "City: HjUwT",
        "telephone": "32797682",
        "id": 293,
        "pets": [
            
        ]
    },
    {
        "firstName": "FNNirbT",
        "lastName": "LNXWzGi",
        "address": "Address: IFK7x",
        "city": "City: c727K",
        "telephone": "0",
        "id": 294,
        "pets": [
            
        ]
    },
    {
        "firstName": "FNJndah",
        "lastName": "LNalGIa",
        "address": "Address: Q8zaC",
        "city": "City: 7nSkQ",
        "telephone": "26948912",
        "id": 295,
        "pets": [
            
        ]
    },
    {
        "firstName": "FNqrtEJ",
        "lastName": "LNkuIWX",
        "address": "Address: Su85q",
        "city": "City: iZrWy",
        "telephone": "18162128",
        "id": 296,
        "pets": [
            
        ]
    },
    {
        "firstName": "FNTAwkL",
        "lastName": "LNXcGfH",
        "address": "Address: Le1Y8",
        "city": "City: owJh1",
        "telephone": "28248089",
        "id": 297,
        "pets": [
            
        ]
    },
    {
        "firstName": "FNerrrV",
        "lastName": "LNnXNUS",
        "address": "Address: jUuvc",
        "city": "City: H6vBh",
        "telephone": "25781174",
        "id": 298,
        "pets": [
            
        ]
    },
    {
        "firstName": "FNrSYLA",
        "lastName": "LNSnedu",
        "address": "Address: 3USgc",
        "city": "City: tmD46",
        "telephone": "92541654",
        "id": 299,
        "pets": [
            
        ]
    },
    {
        "firstName": "FNXGSvH",
        "lastName": "LNBgrwZ",
        "address": "Address: vdKym",
        "city": "City: C1JAd",
        "telephone": "79287072",
        "id": 300,
        "pets": [
            
        ]
    },
    {
        "firstName": "FNuDZoy",
        "lastName": "LNMSkGR",
        "address": "Address: bTuHF",
        "city": "City: qvo9Y",
        "telephone": "15207362",
        "id": 301,
        "pets": [
            
        ]
    },
    {
        "firstName": "FNkggKC",
        "lastName": "LNyAOki",
        "address": "Address: Hes7S",
        "city": "City: wFN1C",
        "telephone": "61144383",
        "id": 302,
        "pets": [
            {
                "name": "A",
                "birthDate": "2022-09-09",
                "type": {
                    "name": "cat",
                    "id": 1
                },
                "id": 142,
                "ownerId": 302,
                "visits": [
                    
                ]
            }
        ]
    },
    {
        "firstName": "FNeUDyX",
        "lastName": "LNjriVQ",
        "address": "Address: v3LPB",
        "city": "City: Xp6qV",
        "telephone": "52812946",
        "id": 303,
        "pets": [
            {
                "name": "Bin",
                "birthDate": "2022-09-09",
                "type": {
                    "name": "cat",
                    "id": 1
                },
                "id": 143,
                "ownerId": 303,
                "visits": [
                    
                ]
            }
        ]
    },
    {
        "firstName": "FNULRao",
        "lastName": "LNQfCUs",
        "address": "Address: F9sgN",
        "city": "City: LA3Mp",
        "telephone": "37010747",
        "id": 304,
        "pets": [
            {
                "name": "ThirtyCharsTestNametesttestte",
                "birthDate": "2022-09-09",
                "type": {
                    "name": "cat",
                    "id": 1
                },
                "id": 144,
                "ownerId": 304,
                "visits": [
                    
                ]
            }
        ]
    },
    {
        "firstName": "FNDkiec",
        "lastName": "LNkriur",
        "address": "Address: YKlQJ",
        "city": "City: 5FDRc",
        "telephone": "45309585",
        "id": 305,
        "pets": [
            {
                "name": "test_*()&^%$#@!?/",
                "birthDate": "2022-09-09",
                "type": {
                    "name": "cat",
                    "id": 1
                },
                "id": 145,
                "ownerId": 305,
                "visits": [
                    
                ]
            }
        ]
    },
    {
        "firstName": "FNVxncH",
        "lastName": "LNutuPv",
        "address": "Address: F0Zo6",
        "city": "City: 6bfVA",
        "telephone": "90622309",
        "id": 306,
        "pets": [
            {
                "name": "DdrmX",
                "birthDate": "2022-09-09",
                "type": {
                    "name": "cat",
                    "id": 1
                },
                "id": 146,
                "ownerId": 306,
                "visits": [
                    
                ]
            }
        ]
    },
    {
        "firstName": "FNeefZO",
        "lastName": "LNFeIoJ",
        "address": "Address: MpIgW",
        "city": "City: J4rNI",
        "telephone": "04950064",
        "id": 307,
        "pets": [
            
        ]
    },
    {
        "firstName": "FNJjWQF",
        "lastName": "LNHivbR",
        "address": "Address: 5EDyr",
        "city": "City: YYQYP",
        "telephone": "29804316",
        "id": 308,
        "pets": [
            
        ]
    },
    {
        "firstName": "FNgLucY",
        "lastName": "LNrFdiI",
        "address": "Address: X5NTL",
        "city": "City: E0EO4",
        "telephone": "23850269",
        "id": 309,
        "pets": [
            
        ]
    },
    {
        "firstName": "FNFpTip",
        "lastName": "LNtiTWD",
        "address": "Address: 9rtOC",
        "city": "City: yuCTD",
        "telephone": "68556574",
        "id": 310,
        "pets": [
            
        ]
    },
    {
        "firstName": "FNWgbWi",
        "lastName": "LNreKxp",
        "address": "Address: YL9pz",
        "city": "City: 9VQLa",
        "telephone": "20067657",
        "id": 311,
        "pets": [
            {
                "name": "CHoBg",
                "birthDate": "2022-09-09",
                "type": {
                    "name": "cat",
                    "id": 1
                },
                "id": 148,
                "ownerId": 311,
                "visits": [
                    
                ]
            }
        ]
    },
    {
        "firstName": "FNeeqZh",
        "lastName": "LNPPlGK",
        "address": "Address: QVHA4",
        "city": "City: B26CX",
        "telephone": "63905424",
        "id": 312,
        "pets": [
            {
                "name": "hnkes",
                "birthDate": "2022-09-09",
                "type": {
                    "name": "cat",
                    "id": 1
                },
                "id": 149,
                "ownerId": 312,
                "visits": [
                    
                ]
            }
        ]
    },
    {
        "firstName": "FNjATOD",
        "lastName": "LNoYqhO",
        "address": "Address: 14iVx",
        "city": "City: dnakN",
        "telephone": "28695412",
        "id": 313,
        "pets": [
            {
                "name": "OqiVf",
                "birthDate": "2022-09-09",
                "type": {
                    "name": "cat",
                    "id": 1
                },
                "id": 150,
                "ownerId": 313,
                "visits": [
                    
                ]
            }
        ]
    },
    {
        "firstName": "FNjYubf",
        "lastName": "LNPpqnK",
        "address": "Address: RNgjj",
        "city": "City: eLMnK",
        "telephone": "21912283",
        "id": 314,
        "pets": [
            {
                "name": "lSbez",
                "birthDate": "2022-09-09",
                "type": {
                    "name": "cat",
                    "id": 1
                },
                "id": 151,
                "ownerId": 314,
                "visits": [
                    
                ]
            }
        ]
    },
    {
        "firstName": "FNrqxOD",
        "lastName": "LNMSVFK",
        "address": "Address: UuOzo",
        "city": "City: oQJQv",
        "telephone": "48290602",
        "id": 315,
        "pets": [
            {
                "name": "YPWbk",
                "birthDate": "2022-09-09",
                "type": {
                    "name": "cat",
                    "id": 1
                },
                "id": 152,
                "ownerId": 315,
                "visits": [
                    
                ]
            }
        ]
    },
    {
        "firstName": "FNZtdEz",
        "lastName": "LNDGIfA",
        "address": "Address: AlGRC",
        "city": "City: d9K9I",
        "telephone": "54182939",
        "id": 316,
        "pets": [
            {
                "name": "AhQhe",
                "birthDate": "2022-09-09",
                "type": {
                    "name": "cat",
                    "id": 1
                },
                "id": 153,
                "ownerId": 316,
                "visits": [
                    
                ]
            }
        ]
    },
    {
        "firstName": "FNGaHYl",
        "lastName": "LNZWxnO",
        "address": "Address: HyvMx",
        "city": "City: 5gNrJ",
        "telephone": "88378372",
        "id": 317,
        "pets": [
            {
                "name": "VugCX",
                "birthDate": "2022-09-09",
                "type": {
                    "name": "cat",
                    "id": 1
                },
                "id": 154,
                "ownerId": 317,
                "visits": [
                    
                ]
            }
        ]
    },
    {
        "firstName": "FNbqUQS",
        "lastName": "LNKsjWY",
        "address": "Address: zPRYR",
        "city": "City: SxnQi",
        "telephone": "16085972",
        "id": 318,
        "pets": [
            {
                "name": "A",
                "birthDate": "2022-09-09",
                "type": {
                    "name": "cat",
                    "id": 1
                },
                "id": 155,
                "ownerId": 318,
                "visits": [
                    
                ]
            }
        ]
    },
    {
        "firstName": "FNbvlue",
        "lastName": "LNKLxbW",
        "address": "Address: ospgS",
        "city": "City: HFjGx",
        "telephone": "33923947",
        "id": 319,
        "pets": [
            {
                "name": "John",
                "birthDate": "2022-09-09",
                "type": {
                    "name": "cat",
                    "id": 1
                },
                "id": 156,
                "ownerId": 319,
                "visits": [
                    
                ]
            }
        ]
    },
    {
        "firstName": "FNxchiQ",
        "lastName": "LNngjzr",
        "address": "Address: 6Qq2P",
        "city": "City: Yn9qd",
        "telephone": "99763403",
        "id": 320,
        "pets": [
            {
                "name": "ThirtyCharsTestNametesttestte",
                "birthDate": "2022-09-09",
                "type": {
                    "name": "cat",
                    "id": 1
                },
                "id": 157,
                "ownerId": 320,
                "visits": [
                    
                ]
            }
        ]
    },
    {
        "firstName": "FNsHUKN",
        "lastName": "LNSOTOh",
        "address": "Address: LFtxH",
        "city": "City: 1QHn6",
        "telephone": "48365317",
        "id": 321,
        "pets": [
            {
                "name": "test_*()&^%$#@!?/",
                "birthDate": "2022-09-09",
                "type": {
                    "name": "cat",
                    "id": 1
                },
                "id": 158,
                "ownerId": 321,
                "visits": [
                    
                ]
            }
        ]
    },
    {
        "firstName": "FNWvxTg",
        "lastName": "LNsxSDa",
        "address": "Address: WBFCh",
        "city": "City: YblSh",
        "telephone": "71163671",
        "id": 322,
        "pets": [
            {
                "name": "pETxr",
                "birthDate": "2022-09-09",
                "type": {
                    "name": "cat",
                    "id": 1
                },
                "id": 159,
                "ownerId": 322,
                "visits": [
                    
                ]
            }
        ]
    },
    {
        "firstName": "FNggTYZ",
        "lastName": "LNQPUSr",
        "address": "Address: v8kuG",
        "city": "City: WyZ7B",
        "telephone": "59919504",
        "id": 323,
        "pets": [
            {
                "name": "zqFEo",
                "birthDate": "2022-09-09",
                "type": {
                    "name": "cat",
                    "id": 1
                },
                "id": 160,
                "ownerId": 323,
                "visits": [
                    
                ]
            }
        ]
    },
    {
        "firstName": "FNTUKgE",
        "lastName": "LNNAVEH",
        "address": "Address: bh7XL",
        "city": "City: 4C682",
        "telephone": "79837043",
        "id": 324,
        "pets": [
            {
                "name": "lHywy",
                "birthDate": "2022-09-09",
                "type": {
                    "name": "cat",
                    "id": 1
                },
                "id": 161,
                "ownerId": 324,
                "visits": [
                    
                ]
            }
        ]
    },
    {
        "firstName": "A",
        "lastName": "LNtKSwU",
        "address": "Address: w1Fyo",
        "city": "City: CH9CO",
        "telephone": "46152143",
        "id": 325,
        "pets": [
            
        ]
    },
    {
        "firstName": "John",
        "lastName": "LNrsTHu",
        "address": "Address: c70de",
        "city": "City: Akzkm",
        "telephone": "97328980",
        "id": 326,
        "pets": [
            
        ]
    },
    {
        "firstName": "ThirtyCharsTestNametesttestte",
        "lastName": "LNfqulq",
        "address": "Address: XwoQm",
        "city": "City: 8gRxc",
        "telephone": "75987953",
        "id": 327,
        "pets": [
            
        ]
    },
    {
        "firstName": "FNWToqe",
        "lastName": "LNgALJX",
        "address": "Address: 6ivdS",
        "city": "City: tVvKh",
        "telephone": "41094144",
        "id": 328,
        "pets": [
            
        ]
    },
    {
        "firstName": "FNbPOHl",
        "lastName": "LNzeZOr",
        "address": "Address: gYzIY",
        "city": "City: 49hms",
        "telephone": "41456569",
        "id": 329,
        "pets": [
            {
                "name": "A",
                "birthDate": "2022-09-09",
                "type": {
                    "name": "cat",
                    "id": 1
                },
                "id": 162,
                "ownerId": 329,
                "visits": [
                    
                ]
            }
        ]
    },
    {
        "firstName": "FNMIGjE",
        "lastName": "LNgjSzO",
        "address": "Address: 8jhU7",
        "city": "City: bBX9f",
        "telephone": "31124133",
        "id": 330,
        "pets": [
            {
                "name": "Bin",
                "birthDate": "2022-09-09",
                "type": {
                    "name": "cat",
                    "id": 1
                },
                "id": 163,
                "ownerId": 330,
                "visits": [
                    
                ]
            }
        ]
    },
    {
        "firstName": "FNgxORg",
        "lastName": "LNyjvZj",
        "address": "Address: 3KP2g",
        "city": "City: xcKDh",
        "telephone": "74803694",
        "id": 331,
        "pets": [
            {
                "name": "ThirtyCharsTestNametesttestte",
                "birthDate": "2022-09-09",
                "type": {
                    "name": "cat",
                    "id": 1
                },
                "id": 164,
                "ownerId": 331,
                "visits": [
                    
                ]
            }
        ]
    },
    {
        "firstName": "FNIyTKC",
        "lastName": "LNeKLNj",
        "address": "Address: XoeID",
        "city": "City: y7nu4",
        "telephone": "35143333",
        "id": 332,
        "pets": [
            {
                "name": "test_*()&^%$#@!?/",
                "birthDate": "2022-09-09",
                "type": {
                    "name": "cat",
                    "id": 1
                },
                "id": 165,
                "ownerId": 332,
                "visits": [
                    
                ]
            }
        ]
    },
    {
        "firstName": "FNweSsA",
        "lastName": "LNjsYmX",
        "address": "Address: 3a8nV",
        "city": "City: KIXbR",
        "telephone": "32756456",
        "id": 333,
        "pets": [
            {
                "name": "hkOTl",
                "birthDate": "2022-09-09",
                "type": {
                    "name": "cat",
                    "id": 1
                },
                "id": 166,
                "ownerId": 333,
                "visits": [
                    
                ]
            }
        ]
    },
    {
        "firstName": "George",
        "lastName": "Franklin",
        "address": "110 W. Liberty St.",
        "city": "Madison",
        "telephone": "6085551023",
        "id": 334,
        "pets": [
            
        ]
    },
    {
        "firstName": "George",
        "lastName": "Franklin",
        "address": "110 W. Liberty St.",
        "city": "Madison",
        "telephone": "6085551023",
        "id": 335,
        "pets": [
            
        ]
    },
    {
        "firstName": "George",
        "lastName": "Franklin",
        "address": "110 W. Liberty St.",
        "city": "Madison",
        "telephone": "6085551023",
        "id": 336,
        "pets": [
            
        ]
    },
    {
        "firstName": "George",
        "lastName": "Franklin",
        "address": "110 W. Liberty St.",
        "city": "Madison",
        "telephone": "6085551023",
        "id": 337,
        "pets": [
            
        ]
    },
    {
        "firstName": "George",
        "lastName": "Franklin",
        "address": "110 W. Liberty St.",
        "city": "Madison",
        "telephone": "6085551023",
        "id": 338,
        "pets": [
            
        ]
    },
    {
        "firstName": "George",
        "lastName": "Franklin",
        "address": "110 W. Liberty St.",
        "city": "Madison",
        "telephone": "6085551023",
        "id": 339,
        "pets": [
            
        ]
    },
    {
        "firstName": "George",
        "lastName": "Franklin",
        "address": "110 W. Liberty St.",
        "city": "Madison",
        "telephone": "6085551023",
        "id": 340,
        "pets": [
            
        ]
    },
    {
        "firstName": "George",
        "lastName": "Franklin",
        "address": "110 W. Liberty St.",
        "city": "Madison",
        "telephone": "6085551023",
        "id": 341,
        "pets": [
            
        ]
    },
    {
        "firstName": "George",
        "lastName": "Franklin",
        "address": "110 W. Liberty St.",
        "city": "Madison",
        "telephone": "6085551023",
        "id": 342,
        "pets": [
            
        ]
    },
    {
        "firstName": "George",
        "lastName": "Franklin",
        "address": "110 W. Liberty St.",
        "city": "Madison",
        "telephone": "6085551023",
        "id": 343,
        "pets": [
            
        ]
    },
    {
        "firstName": "George",
        "lastName": "Franklin",
        "address": "110 W. Liberty St.",
        "city": "Madison",
        "telephone": "6085551023",
        "id": 344,
        "pets": [
            
        ]
    },
    {
        "firstName": "George",
        "lastName": "Franklin",
        "address": "110 W. Liberty St.",
        "city": "Madison",
        "telephone": "6085551023",
        "id": 345,
        "pets": [
            
        ]
    },
    {
        "firstName": "George",
        "lastName": "Franklin",
        "address": "110 W. Liberty St.",
        "city": "Madison",
        "telephone": "6085551023",
        "id": 346,
        "pets": [
            
        ]
    },
    {
        "firstName": "George",
        "lastName": "Franklin",
        "address": "110 W. Liberty St.",
        "city": "Madison",
        "telephone": "6085551023",
        "id": 347,
        "pets": [
            
        ]
    },
    {
        "firstName": "George",
        "lastName": "Franklin",
        "address": "110 W. Liberty St.",
        "city": "Madison",
        "telephone": "6085551023",
        "id": 348,
        "pets": [
            
        ]
    },
    {
        "firstName": "George",
        "lastName": "Franklin",
        "address": "110 W. Liberty St.",
        "city": "Madison",
        "telephone": "6085551023",
        "id": 349,
        "pets": [
            
        ]
    },
    {
        "firstName": "George",
        "lastName": "Franklin",
        "address": "110 W. Liberty St.",
        "city": "Madison",
        "telephone": "6085551023",
        "id": 350,
        "pets": [
            
        ]
    },
    {
        "firstName": "George",
        "lastName": "Franklin",
        "address": "110 W. Liberty St.",
        "city": "Madison",
        "telephone": "6085551023",
        "id": 351,
        "pets": [
            
        ]
    },
    {
        "firstName": "George",
        "lastName": "Franklin",
        "address": "110 W. Liberty St.",
        "city": "Madison",
        "telephone": "6085551023",
        "id": 352,
        "pets": [
            
        ]
    },
    {
        "firstName": "George",
        "lastName": "Franklin",
        "address": "110 W. Liberty St.",
        "city": "Madison",
        "telephone": "6085551023",
        "id": 353,
        "pets": [
            
        ]
    },
    {
        "firstName": "George",
        "lastName": "Franklin",
        "address": "110 W. Liberty St.",
        "city": "Madison",
        "telephone": "6085551023",
        "id": 354,
        "pets": [
            
        ]
    },
    {
        "firstName": "George",
        "lastName": "Franklin",
        "address": "110 W. Liberty St.",
        "city": "Madison",
        "telephone": "6085551023",
        "id": 355,
        "pets": [
            
        ]
    },
    {
        "firstName": "George",
        "lastName": "Franklin",
        "address": "110 W. Liberty St.",
        "city": "Madison",
        "telephone": "6085551023",
        "id": 356,
        "pets": [
            
        ]
    },
    {
        "firstName": "George",
        "lastName": "Franklin",
        "address": "110 W. Liberty St.",
        "city": "Madison",
        "telephone": "6085551023",
        "id": 357,
        "pets": [
            
        ]
    },
    {
        "firstName": "George",
        "lastName": "Franklin",
        "address": "110 W. Liberty St.",
        "city": "Madison",
        "telephone": "6085551023",
        "id": 358,
        "pets": [
            
        ]
    },
    {
        "firstName": "George",
        "lastName": "Franklin",
        "address": "110 W. Liberty St.",
        "city": "Madison",
        "telephone": "6085551023",
        "id": 359,
        "pets": [
            
        ]
    },
    {
        "firstName": "George",
        "lastName": "Franklin",
        "address": "110 W. Liberty St.",
        "city": "Madison",
        "telephone": "6085551023",
        "id": 360,
        "pets": [
            
        ]
    },
    {
        "firstName": "George",
        "lastName": "Franklin",
        "address": "110 W. Liberty St.",
        "city": "Madison",
        "telephone": "6085551023",
        "id": 361,
        "pets": [
            
        ]
    },
    {
        "firstName": "George",
        "lastName": "Franklin",
        "address": "110 W. Liberty St.",
        "city": "Madison",
        "telephone": "6085551023",
        "id": 362,
        "pets": [
            
        ]
    },
    {
        "firstName": "George",
        "lastName": "Franklin",
        "address": "110 W. Liberty St.",
        "city": "Madison",
        "telephone": "6085551023",
        "id": 363,
        "pets": [
            
        ]
    },
    {
        "firstName": "George",
        "lastName": "Franklin",
        "address": "110 W. Liberty St.",
        "city": "Madison",
        "telephone": "6085551023",
        "id": 364,
        "pets": [
            
        ]
    },
    {
        "firstName": "George",
        "lastName": "Franklin",
        "address": "110 W. Liberty St.",
        "city": "Madison",
        "telephone": "6085551023",
        "id": 365,
        "pets": [
            
        ]
    },
    {
        "firstName": "George",
        "lastName": "Franklin",
        "address": "110 W. Liberty St.",
        "city": "Madison",
        "telephone": "6085551023",
        "id": 366,
        "pets": [
            
        ]
    },
    {
        "firstName": "George",
        "lastName": "Franklin",
        "address": "110 W. Liberty St.",
        "city": "Madison",
        "telephone": "6085551023",
        "id": 367,
        "pets": [
            
        ]
    },
    {
        "firstName": "George",
        "lastName": "Franklin",
        "address": "110 W. Liberty St.",
        "city": "Madison",
        "telephone": "6085551023",
        "id": 368,
        "pets": [
            
        ]
    },
    {
        "firstName": "George",
        "lastName": "Franklin",
        "address": "110 W. Liberty St.",
        "city": "Madison",
        "telephone": "6085551023",
        "id": 369,
        "pets": [
            
        ]
    },
    {
        "firstName": "George",
        "lastName": "Franklin",
        "address": "110 W. Liberty St.",
        "city": "Madison",
        "telephone": "6085551023",
        "id": 370,
        "pets": [
            
        ]
    },
    {
        "firstName": "George",
        "lastName": "Franklin",
        "address": "110 W. Liberty St.",
        "city": "Madison",
        "telephone": "6085551023",
        "id": 371,
        "pets": [
            
        ]
    },
    {
        "firstName": "George",
        "lastName": "Franklin",
        "address": "110 W. Liberty St.",
        "city": "Madison",
        "telephone": "6085551023",
        "id": 372,
        "pets": [
            
        ]
    },
    {
        "firstName": "George",
        "lastName": "Franklin",
        "address": "110 W. Liberty St.",
        "city": "Madison",
        "telephone": "6085551023",
        "id": 373,
        "pets": [
            
        ]
    },
    {
        "firstName": "George",
        "lastName": "Franklin",
        "address": "110 W. Liberty St.",
        "city": "Madison",
        "telephone": "6085551023",
        "id": 374,
        "pets": [
            
        ]
    },
    {
        "firstName": "George",
        "lastName": "Franklin",
        "address": "110 W. Liberty St.",
        "city": "Madison",
        "telephone": "6085551023",
        "id": 375,
        "pets": [
            
        ]
    },
    {
        "firstName": "George",
        "lastName": "Franklin",
        "address": "110 W. Liberty St.",
        "city": "Madison",
        "telephone": "6085551023",
        "id": 376,
        "pets": [
            
        ]
    },
    {
        "firstName": "George",
        "lastName": "Franklin",
        "address": "110 W. Liberty St.",
        "city": "Madison",
        "telephone": "6085551023",
        "id": 377,
        "pets": [
            
        ]
    },
    {
        "firstName": "George",
        "lastName": "Franklin",
        "address": "110 W. Liberty St.",
        "city": "Madison",
        "telephone": "6085551023",
        "id": 378,
        "pets": [
            
        ]
    },
    {
        "firstName": "George",
        "lastName": "Franklin",
        "address": "110 W. Liberty St.",
        "city": "Madison",
        "telephone": "6085551023",
        "id": 379,
        "pets": [
            
        ]
    },
    {
        "firstName": "George",
        "lastName": "Franklin",
        "address": "110 W. Liberty St.",
        "city": "Madison",
        "telephone": "6085551023",
        "id": 380,
        "pets": [
            
        ]
    },
    {
        "firstName": "George",
        "lastName": "Franklin",
        "address": "110 W. Liberty St.",
        "city": "Madison",
        "telephone": "6085551023",
        "id": 381,
        "pets": [
            
        ]
    },
    {
        "firstName": "George",
        "lastName": "Franklin",
        "address": "110 W. Liberty St.",
        "city": "Madison",
        "telephone": "6085551023",
        "id": 382,
        "pets": [
            
        ]
    },
    {
        "firstName": "George",
        "lastName": "Franklin",
        "address": "110 W. Liberty St.",
        "city": "Madison",
        "telephone": "6085551023",
        "id": 383,
        "pets": [
            
        ]
    },
    {
        "firstName": "George",
        "lastName": "Franklin",
        "address": "110 W. Liberty St.",
        "city": "Madison",
        "telephone": "6085551023",
        "id": 384,
        "pets": [
            
        ]
    },
    {
        "firstName": "George",
        "lastName": "Franklin",
        "address": "110 W. Liberty St.",
        "city": "Madison",
        "telephone": "6085551023",
        "id": 385,
        "pets": [
            
        ]
    },
    {
        "firstName": "George",
        "lastName": "Franklin",
        "address": "110 W. Liberty St.",
        "city": "Madison",
        "telephone": "6085551023",
        "id": 386,
        "pets": [
            
        ]
    },
    {
        "firstName": "George",
        "lastName": "Franklin",
        "address": "110 W. Liberty St.",
        "city": "Madison",
        "telephone": "6085551023",
        "id": 387,
        "pets": [
            
        ]
    },
    {
        "firstName": "George",
        "lastName": "Franklin",
        "address": "110 W. Liberty St.",
        "city": "Madison",
        "telephone": "6085551023",
        "id": 388,
        "pets": [
            
        ]
    },
    {
        "firstName": "George",
        "lastName": "Franklin",
        "address": "110 W. Liberty St.",
        "city": "Madison",
        "telephone": "6085551023",
        "id": 389,
        "pets": [
            
        ]
    },
    {
        "firstName": "George",
        "lastName": "Franklin",
        "address": "110 W. Liberty St.",
        "city": "Madison",
        "telephone": "6085551023",
        "id": 390,
        "pets": [
            
        ]
    },
    {
        "firstName": "George",
        "lastName": "Franklin",
        "address": "110 W. Liberty St.",
        "city": "Madison",
        "telephone": "6085551023",
        "id": 391,
        "pets": [
            
        ]
    },
    {
        "firstName": "George",
        "lastName": "Franklin",
        "address": "110 W. Liberty St.",
        "city": "Madison",
        "telephone": "6085551023",
        "id": 392,
        "pets": [
            
        ]
    },
    {
        "firstName": "George",
        "lastName": "Franklin",
        "address": "110 W. Liberty St.",
        "city": "Madison",
        "telephone": "6085551023",
        "id": 393,
        "pets": [
            
        ]
    },
    {
        "firstName": "George",
        "lastName": "Franklin",
        "address": "110 W. Liberty St.",
        "city": "Madison",
        "telephone": "6085551023",
        "id": 394,
        "pets": [
            
        ]
    },
    {
        "firstName": "George",
        "lastName": "Franklin",
        "address": "110 W. Liberty St.",
        "city": "Madison",
        "telephone": "6085551023",
        "id": 395,
        "pets": [
            
        ]
    },
    {
        "firstName": "George",
        "lastName": "Franklin",
        "address": "110 W. Liberty St.",
        "city": "Madison",
        "telephone": "6085551023",
        "id": 396,
        "pets": [
            
        ]
    },
    {
        "firstName": "George",
        "lastName": "Franklin",
        "address": "110 W. Liberty St.",
        "city": "Madison",
        "telephone": "6085551023",
        "id": 397,
        "pets": [
            
        ]
    },
    {
        "firstName": "George",
        "lastName": "Franklin",
        "address": "110 W. Liberty St.",
        "city": "Madison",
        "telephone": "6085551023",
        "id": 398,
        "pets": [
            
        ]
    },
    {
        "firstName": "George",
        "lastName": "Franklin",
        "address": "110 W. Liberty St.",
        "city": "Madison",
        "telephone": "6085551023",
        "id": 399,
        "pets": [
            
        ]
    },
    {
        "firstName": "George",
        "lastName": "Franklin",
        "address": "110 W. Liberty St.",
        "city": "Madison",
        "telephone": "6085551023",
        "id": 400,
        "pets": [
            
        ]
    },
    {
        "firstName": "George",
        "lastName": "Franklin",
        "address": "110 W. Liberty St.",
        "city": "Madison",
        "telephone": "6085551023",
        "id": 401,
        "pets": [
            
        ]
    },
    {
        "firstName": "George",
        "lastName": "Franklin",
        "address": "110 W. Liberty St.",
        "city": "Madison",
        "telephone": "6085551023",
        "id": 402,
        "pets": [
            
        ]
    },
    {
        "firstName": "George",
        "lastName": "Franklin",
        "address": "110 W. Liberty St.",
        "city": "Madison",
        "telephone": "6085551023",
        "id": 403,
        "pets": [
            
        ]
    },
    {
        "firstName": "George",
        "lastName": "Franklin",
        "address": "110 W. Liberty St.",
        "city": "Madison",
        "telephone": "6085551023",
        "id": 404,
        "pets": [
            
        ]
    },
    {
        "firstName": "George",
        "lastName": "Franklin",
        "address": "110 W. Liberty St.",
        "city": "Madison",
        "telephone": "6085551023",
        "id": 405,
        "pets": [
            
        ]
    },
    {
        "firstName": "George",
        "lastName": "Franklin",
        "address": "110 W. Liberty St.",
        "city": "Madison",
        "telephone": "6085551023",
        "id": 406,
        "pets": [
            
        ]
    },
    {
        "firstName": "George",
        "lastName": "Franklin",
        "address": "110 W. Liberty St.",
        "city": "Madison",
        "telephone": "6085551023",
        "id": 407,
        "pets": [
            
        ]
    },
    {
        "firstName": "George",
        "lastName": "Franklin",
        "address": "110 W. Liberty St.",
        "city": "Madison",
        "telephone": "6085551023",
        "id": 408,
        "pets": [
            
        ]
    },
    {
        "firstName": "George",
        "lastName": "Franklin",
        "address": "110 W. Liberty St.",
        "city": "Madison",
        "telephone": "6085551023",
        "id": 409,
        "pets": [
            
        ]
    },
    {
        "firstName": "George",
        "lastName": "Franklin",
        "address": "110 W. Liberty St.",
        "city": "Madison",
        "telephone": "6085551023",
        "id": 410,
        "pets": [
            
        ]
    },
    {
        "firstName": "George",
        "lastName": "Franklin",
        "address": "110 W. Liberty St.",
        "city": "Madison",
        "telephone": "6085551023",
        "id": 411,
        "pets": [
            
        ]
    },
    {
        "firstName": "George",
        "lastName": "Franklin",
        "address": "110 W. Liberty St.",
        "city": "Madison",
        "telephone": "6085551023",
        "id": 412,
        "pets": [
            
        ]
    },
    {
        "firstName": "George",
        "lastName": "Franklin",
        "address": "110 W. Liberty St.",
        "city": "Madison",
        "telephone": "6085551023",
        "id": 413,
        "pets": [
            
        ]
    },
    {
        "firstName": "George",
        "lastName": "Franklin",
        "address": "110 W. Liberty St.",
        "city": "Madison",
        "telephone": "6085551023",
        "id": 414,
        "pets": [
            
        ]
    },
    {
        "firstName": "George",
        "lastName": "Franklin",
        "address": "110 W. Liberty St.",
        "city": "Madison",
        "telephone": "6085551023",
        "id": 415,
        "pets": [
            
        ]
    },
    {
        "firstName": "George",
        "lastName": "Franklin",
        "address": "110 W. Liberty St.",
        "city": "Madison",
        "telephone": "6085551023",
        "id": 416,
        "pets": [
            
        ]
    },
    {
        "firstName": "George",
        "lastName": "Franklin",
        "address": "110 W. Liberty St.",
        "city": "Madison",
        "telephone": "6085551023",
        "id": 417,
        "pets": [
            
        ]
    },
    {
        "firstName": "George",
        "lastName": "Franklin",
        "address": "110 W. Liberty St.",
        "city": "Madison",
        "telephone": "6085551023",
        "id": 418,
        "pets": [
            
        ]
    },
    {
        "firstName": "George",
        "lastName": "Franklin",
        "address": "110 W. Liberty St.",
        "city": "Madison",
        "telephone": "6085551023",
        "id": 419,
        "pets": [
            
        ]
    },
    {
        "firstName": "George",
        "lastName": "Franklin",
        "address": "110 W. Liberty St.",
        "city": "Madison",
        "telephone": "6085551023",
        "id": 420,
        "pets": [
            
        ]
    },
    {
        "firstName": "George",
        "lastName": "Franklin",
        "address": "110 W. Liberty St.",
        "city": "Madison",
        "telephone": "6085551023",
        "id": 421,
        "pets": [
            
        ]
    },
    {
        "firstName": "George",
        "lastName": "Franklin",
        "address": "110 W. Liberty St.",
        "city": "Madison",
        "telephone": "6085551023",
        "id": 422,
        "pets": [
            
        ]
    },
    {
        "firstName": "George",
        "lastName": "Franklin",
        "address": "110 W. Liberty St.",
        "city": "Madison",
        "telephone": "6085551023",
        "id": 423,
        "pets": [
            
        ]
    },
    {
        "firstName": "George",
        "lastName": "Franklin",
        "address": "110 W. Liberty St.",
        "city": "Madison",
        "telephone": "6085551023",
        "id": 424,
        "pets": [
            
        ]
    },
    {
        "firstName": "George",
        "lastName": "Franklin",
        "address": "110 W. Liberty St.",
        "city": "Madison",
        "telephone": "6085551023",
        "id": 425,
        "pets": [
            
        ]
    },
    {
        "firstName": "George",
        "lastName": "Franklin",
        "address": "110 W. Liberty St.",
        "city": "Madison",
        "telephone": "6085551023",
        "id": 426,
        "pets": [
            
        ]
    },
    {
        "firstName": "George",
        "lastName": "Franklin",
        "address": "110 W. Liberty St.",
        "city": "Madison",
        "telephone": "6085551023",
        "id": 427,
        "pets": [
            
        ]
    },
    {
        "firstName": "George",
        "lastName": "Franklin",
        "address": "110 W. Liberty St.",
        "city": "Madison",
        "telephone": "6085551023",
        "id": 428,
        "pets": [
            
        ]
    },
    {
        "firstName": "George",
        "lastName": "Franklin",
        "address": "110 W. Liberty St.",
        "city": "Madison",
        "telephone": "6085551023",
        "id": 429,
        "pets": [
            
        ]
    },
    {
        "firstName": "George",
        "lastName": "Franklin",
        "address": "110 W. Liberty St.",
        "city": "Madison",
        "telephone": "6085551023",
        "id": 430,
        "pets": [
            
        ]
    },
    {
        "firstName": "George",
        "lastName": "Franklin",
        "address": "110 W. Liberty St.",
        "city": "Madison",
        "telephone": "6085551023",
        "id": 431,
        "pets": [
            
        ]
    },
    {
        "firstName": "George",
        "lastName": "Franklin",
        "address": "110 W. Liberty St.",
        "city": "Madison",
        "telephone": "6085551023",
        "id": 432,
        "pets": [
            
        ]
    },
    {
        "firstName": "George",
        "lastName": "Franklin",
        "address": "110 W. Liberty St.",
        "city": "Madison",
        "telephone": "6085551023",
        "id": 433,
        "pets": [
            
        ]
    },
    {
        "firstName": "George",
        "lastName": "Franklin",
        "address": "110 W. Liberty St.",
        "city": "Madison",
        "telephone": "6085551023",
        "id": 434,
        "pets": [
            
        ]
    },
    {
        "firstName": "George",
        "lastName": "Franklin",
        "address": "110 W. Liberty St.",
        "city": "Madison",
        "telephone": "6085551023",
        "id": 435,
        "pets": [
            
        ]
    },
    {
        "firstName": "George",
        "lastName": "Franklin",
        "address": "110 W. Liberty St.",
        "city": "Madison",
        "telephone": "6085551023",
        "id": 436,
        "pets": [
            
        ]
    },
    {
        "firstName": "George",
        "lastName": "Franklin",
        "address": "110 W. Liberty St.",
        "city": "Madison",
        "telephone": "6085551023",
        "id": 437,
        "pets": [
            
        ]
    },
    {
        "firstName": "George",
        "lastName": "Franklin",
        "address": "110 W. Liberty St.",
        "city": "Madison",
        "telephone": "6085551023",
        "id": 438,
        "pets": [
            
        ]
    },
    {
        "firstName": "George",
        "lastName": "Franklin",
        "address": "110 W. Liberty St.",
        "city": "Madison",
        "telephone": "6085551023",
        "id": 439,
        "pets": [
            
        ]
    },
    {
        "firstName": "George",
        "lastName": "Franklin",
        "address": "110 W. Liberty St.",
        "city": "Madison",
        "telephone": "6085551023",
        "id": 440,
        "pets": [
            
        ]
    },
    {
        "firstName": "George",
        "lastName": "Franklin",
        "address": "110 W. Liberty St.",
        "city": "Madison",
        "telephone": "6085551023",
        "id": 441,
        "pets": [
            
        ]
    },
    {
        "firstName": "George",
        "lastName": "Franklin",
        "address": "110 W. Liberty St.",
        "city": "Madison",
        "telephone": "6085551023",
        "id": 442,
        "pets": [
            
        ]
    },
    {
        "firstName": "George",
        "lastName": "Franklin",
        "address": "110 W. Liberty St.",
        "city": "Madison",
        "telephone": "6085551023",
        "id": 443,
        "pets": [
            
        ]
    },
    {
        "firstName": "George",
        "lastName": "Franklin",
        "address": "110 W. Liberty St.",
        "city": "Madison",
        "telephone": "6085551023",
        "id": 444,
        "pets": [
            
        ]
    },
    {
        "firstName": "George",
        "lastName": "Franklin",
        "address": "110 W. Liberty St.",
        "city": "Madison",
        "telephone": "6085551023",
        "id": 445,
        "pets": [
            
        ]
    },
    {
        "firstName": "George",
        "lastName": "Franklin",
        "address": "110 W. Liberty St.",
        "city": "Madison",
        "telephone": "6085551023",
        "id": 446,
        "pets": [
            
        ]
    },
    {
        "firstName": "George",
        "lastName": "Franklin",
        "address": "110 W. Liberty St.",
        "city": "Madison",
        "telephone": "6085551023",
        "id": 447,
        "pets": [
            
        ]
    },
    {
        "firstName": "George",
        "lastName": "Franklin",
        "address": "110 W. Liberty St.",
        "city": "Madison",
        "telephone": "6085551023",
        "id": 448,
        "pets": [
            
        ]
    },
    {
        "firstName": "George",
        "lastName": "Franklin",
        "address": "110 W. Liberty St.",
        "city": "Madison",
        "telephone": "6085551023",
        "id": 449,
        "pets": [
            
        ]
    },
    {
        "firstName": "George",
        "lastName": "Franklin",
        "address": "110 W. Liberty St.",
        "city": "Madison",
        "telephone": "6085551023",
        "id": 450,
        "pets": [
            
        ]
    },
    {
        "firstName": "George",
        "lastName": "Franklin",
        "address": "110 W. Liberty St.",
        "city": "Madison",
        "telephone": "6085551023",
        "id": 451,
        "pets": [
            
        ]
    },
    {
        "firstName": "George",
        "lastName": "Franklin",
        "address": "110 W. Liberty St.",
        "city": "Madison",
        "telephone": "6085551023",
        "id": 452,
        "pets": [
            
        ]
    },
    {
        "firstName": "George",
        "lastName": "Franklin",
        "address": "110 W. Liberty St.",
        "city": "Madison",
        "telephone": "6085551023",
        "id": 453,
        "pets": [
            
        ]
    },
    {
        "firstName": "George",
        "lastName": "Franklin",
        "address": "110 W. Liberty St.",
        "city": "Madison",
        "telephone": "6085551023",
        "id": 454,
        "pets": [
            
        ]
    },
    {
        "firstName": "George",
        "lastName": "Franklin",
        "address": "110 W. Liberty St.",
        "city": "Madison",
        "telephone": "6085551023",
        "id": 455,
        "pets": [
            
        ]
    },
    {
        "firstName": "George",
        "lastName": "Franklin",
        "address": "110 W. Liberty St.",
        "city": "Madison",
        "telephone": "6085551023",
        "id": 456,
        "pets": [
            
        ]
    },
    {
        "firstName": "George",
        "lastName": "Franklin",
        "address": "110 W. Liberty St.",
        "city": "Madison",
        "telephone": "6085551023",
        "id": 457,
        "pets": [
            
        ]
    },
    {
        "firstName": "George",
        "lastName": "Franklin",
        "address": "110 W. Liberty St.",
        "city": "Madison",
        "telephone": "6085551023",
        "id": 458,
        "pets": [
            
        ]
    },
    {
        "firstName": "George",
        "lastName": "Franklin",
        "address": "110 W. Liberty St.",
        "city": "Madison",
        "telephone": "6085551023",
        "id": 459,
        "pets": [
            
        ]
    },
    {
        "firstName": "George",
        "lastName": "Franklin",
        "address": "110 W. Liberty St.",
        "city": "Madison",
        "telephone": "6085551023",
        "id": 460,
        "pets": [
            
        ]
    },
    {
        "firstName": "George",
        "lastName": "Franklin",
        "address": "110 W. Liberty St.",
        "city": "Madison",
        "telephone": "6085551023",
        "id": 461,
        "pets": [
            
        ]
    },
    {
        "firstName": "George",
        "lastName": "Franklin",
        "address": "110 W. Liberty St.",
        "city": "Madison",
        "telephone": "6085551023",
        "id": 462,
        "pets": [
            
        ]
    },
    {
        "firstName": "George",
        "lastName": "Franklin",
        "address": "110 W. Liberty St.",
        "city": "Madison",
        "telephone": "6085551023",
        "id": 463,
        "pets": [
            
        ]
    },
    {
        "firstName": "George",
        "lastName": "Franklin",
        "address": "110 W. Liberty St.",
        "city": "Madison",
        "telephone": "6085551023",
        "id": 464,
        "pets": [
            
        ]
    },
    {
        "firstName": "George",
        "lastName": "Franklin",
        "address": "110 W. Liberty St.",
        "city": "Madison",
        "telephone": "6085551023",
        "id": 465,
        "pets": [
            
        ]
    },
    {
        "firstName": "George",
        "lastName": "Franklin",
        "address": "110 W. Liberty St.",
        "city": "Madison",
        "telephone": "6085551023",
        "id": 466,
        "pets": [
            
        ]
    },
    {
        "firstName": "George",
        "lastName": "Franklin",
        "address": "110 W. Liberty St.",
        "city": "Madison",
        "telephone": "6085551023",
        "id": 467,
        "pets": [
            
        ]
    },
    {
        "firstName": "George",
        "lastName": "Franklin",
        "address": "110 W. Liberty St.",
        "city": "Madison",
        "telephone": "6085551023",
        "id": 468,
        "pets": [
            
        ]
    },
    {
        "firstName": "George",
        "lastName": "Franklin",
        "address": "110 W. Liberty St.",
        "city": "Madison",
        "telephone": "6085551023",
        "id": 469,
        "pets": [
            
        ]
    },
    {
        "firstName": "George",
        "lastName": "Franklin",
        "address": "110 W. Liberty St.",
        "city": "Madison",
        "telephone": "6085551023",
        "id": 470,
        "pets": [
            
        ]
    },
    {
        "firstName": "George",
        "lastName": "Franklin",
        "address": "110 W. Liberty St.",
        "city": "Madison",
        "telephone": "6085551023",
        "id": 471,
        "pets": [
            
        ]
    },
    {
        "firstName": "George",
        "lastName": "Franklin",
        "address": "110 W. Liberty St.",
        "city": "Madison",
        "telephone": "6085551023",
        "id": 472,
        "pets": [
            
        ]
    },
    {
        "firstName": "George",
        "lastName": "Franklin",
        "address": "110 W. Liberty St.",
        "city": "Madison",
        "telephone": "6085551023",
        "id": 473,
        "pets": [
            
        ]
    },
    {
        "firstName": "George",
        "lastName": "Franklin",
        "address": "110 W. Liberty St.",
        "city": "Madison",
        "telephone": "6085551023",
        "id": 474,
        "pets": [
            
        ]
    },
    {
        "firstName": "George",
        "lastName": "Franklin",
        "address": "110 W. Liberty St.",
        "city": "Madison",
        "telephone": "6085551023",
        "id": 475,
        "pets": [
            
        ]
    },
    {
        "firstName": "George",
        "lastName": "Franklin",
        "address": "110 W. Liberty St.",
        "city": "Madison",
        "telephone": "6085551023",
        "id": 476,
        "pets": [
            
        ]
    },
    {
        "firstName": "George",
        "lastName": "Franklin",
        "address": "110 W. Liberty St.",
        "city": "Madison",
        "telephone": "6085551023",
        "id": 477,
        "pets": [
            
        ]
    },
    {
        "firstName": "George",
        "lastName": "Franklin",
        "address": "110 W. Liberty St.",
        "city": "Madison",
        "telephone": "6085551023",
        "id": 478,
        "pets": [
            
        ]
    },
    {
        "firstName": "George",
        "lastName": "Franklin",
        "address": "110 W. Liberty St.",
        "city": "Madison",
        "telephone": "6085551023",
        "id": 479,
        "pets": [
            
        ]
    },
    {
        "firstName": "George",
        "lastName": "Franklin",
        "address": "110 W. Liberty St.",
        "city": "Madison",
        "telephone": "6085551023",
        "id": 480,
        "pets": [
            
        ]
    },
    {
        "firstName": "George",
        "lastName": "Franklin",
        "address": "110 W. Liberty St.",
        "city": "Madison",
        "telephone": "6085551023",
        "id": 481,
        "pets": [
            
        ]
    },
    {
        "firstName": "George",
        "lastName": "Franklin",
        "address": "110 W. Liberty St.",
        "city": "Madison",
        "telephone": "6085551023",
        "id": 482,
        "pets": [
            
        ]
    },
    {
        "firstName": "George",
        "lastName": "Franklin",
        "address": "110 W. Liberty St.",
        "city": "Madison",
        "telephone": "6085551023",
        "id": 483,
        "pets": [
            
        ]
    },
    {
        "firstName": "George",
        "lastName": "Franklin",
        "address": "110 W. Liberty St.",
        "city": "Madison",
        "telephone": "6085551023",
        "id": 484,
        "pets": [
            
        ]
    },
    {
        "firstName": "George",
        "lastName": "Franklin",
        "address": "110 W. Liberty St.",
        "city": "Madison",
        "telephone": "6085551023",
        "id": 485,
        "pets": [
            
        ]
    },
    {
        "firstName": "George",
        "lastName": "Franklin",
        "address": "110 W. Liberty St.",
        "city": "Madison",
        "telephone": "6085551023",
        "id": 486,
        "pets": [
            
        ]
    },
    {
        "firstName": "George",
        "lastName": "Franklin",
        "address": "110 W. Liberty St.",
        "city": "Madison",
        "telephone": "6085551023",
        "id": 487,
        "pets": [
            
        ]
    },
    {
        "firstName": "George",
        "lastName": "Franklin",
        "address": "110 W. Liberty St.",
        "city": "Madison",
        "telephone": "6085551023",
        "id": 488,
        "pets": [
            
        ]
    },
    {
        "firstName": "George",
        "lastName": "Franklin",
        "address": "110 W. Liberty St.",
        "city": "Madison",
        "telephone": "6085551023",
        "id": 489,
        "pets": [
            
        ]
    },
    {
        "firstName": "George",
        "lastName": "Franklin",
        "address": "110 W. Liberty St.",
        "city": "Madison",
        "telephone": "6085551023",
        "id": 490,
        "pets": [
            
        ]
    },
    {
        "firstName": "George",
        "lastName": "Franklin",
        "address": "110 W. Liberty St.",
        "city": "Madison",
        "telephone": "6085551023",
        "id": 491,
        "pets": [
            
        ]
    },
    {
        "firstName": "George",
        "lastName": "Franklin",
        "address": "110 W. Liberty St.",
        "city": "Madison",
        "telephone": "6085551023",
        "id": 492,
        "pets": [
            
        ]
    },
    {
        "firstName": "George",
        "lastName": "Franklin",
        "address": "110 W. Liberty St.",
        "city": "Madison",
        "telephone": "6085551023",
        "id": 493,
        "pets": [
            
        ]
    },
    {
        "firstName": "George",
        "lastName": "Franklin",
        "address": "110 W. Liberty St.",
        "city": "Madison",
        "telephone": "6085551023",
        "id": 494,
        "pets": [
            
        ]
    },
    {
        "firstName": "George",
        "lastName": "Franklin",
        "address": "110 W. Liberty St.",
        "city": "Madison",
        "telephone": "6085551023",
        "id": 495,
        "pets": [
            
        ]
    },
    {
        "firstName": "George",
        "lastName": "Franklin",
        "address": "110 W. Liberty St.",
        "city": "Madison",
        "telephone": "6085551023",
        "id": 496,
        "pets": [
            
        ]
    },
    {
        "firstName": "George",
        "lastName": "Franklin",
        "address": "110 W. Liberty St.",
        "city": "Madison",
        "telephone": "6085551023",
        "id": 497,
        "pets": [
            
        ]
    },
    {
        "firstName": "George",
        "lastName": "Franklin",
        "address": "110 W. Liberty St.",
        "city": "Madison",
        "telephone": "6085551023",
        "id": 498,
        "pets": [
            
        ]
    },
    {
        "firstName": "George",
        "lastName": "Franklin",
        "address": "110 W. Liberty St.",
        "city": "Madison",
        "telephone": "6085551023",
        "id": 499,
        "pets": [
            
        ]
    },
    {
        "firstName": "George",
        "lastName": "Franklin",
        "address": "110 W. Liberty St.",
        "city": "Madison",
        "telephone": "6085551023",
        "id": 500,
        "pets": [
            
        ]
    },
    {
        "firstName": "George",
        "lastName": "Franklin",
        "address": "110 W. Liberty St.",
        "city": "Madison",
        "telephone": "6085551023",
        "id": 501,
        "pets": [
            
        ]
    },
    {
        "firstName": "George",
        "lastName": "Franklin",
        "address": "110 W. Liberty St.",
        "city": "Madison",
        "telephone": "6085551023",
        "id": 502,
        "pets": [
            
        ]
    },
    {
        "firstName": "George",
        "lastName": "Franklin",
        "address": "110 W. Liberty St.",
        "city": "Madison",
        "telephone": "6085551023",
        "id": 503,
        "pets": [
            
        ]
    },
    {
        "firstName": "George",
        "lastName": "Franklin",
        "address": "110 W. Liberty St.",
        "city": "Madison",
        "telephone": "6085551023",
        "id": 504,
        "pets": [
            
        ]
    },
    {
        "firstName": "George",
        "lastName": "Franklin",
        "address": "110 W. Liberty St.",
        "city": "Madison",
        "telephone": "6085551023",
        "id": 505,
        "pets": [
            
        ]
    },
    {
        "firstName": "George",
        "lastName": "Franklin",
        "address": "110 W. Liberty St.",
        "city": "Madison",
        "telephone": "6085551023",
        "id": 506,
        "pets": [
            
        ]
    },
    {
        "firstName": "George",
        "lastName": "Franklin",
        "address": "110 W. Liberty St.",
        "city": "Madison",
        "telephone": "6085551023",
        "id": 507,
        "pets": [
            
        ]
    },
    {
        "firstName": "George",
        "lastName": "Franklin",
        "address": "110 W. Liberty St.",
        "city": "Madison",
        "telephone": "6085551023",
        "id": 508,
        "pets": [
            
        ]
    },
    {
        "firstName": "George",
        "lastName": "Franklin",
        "address": "110 W. Liberty St.",
        "city": "Madison",
        "telephone": "6085551023",
        "id": 509,
        "pets": [
            
        ]
    },
    {
        "firstName": "George",
        "lastName": "Franklin",
        "address": "110 W. Liberty St.",
        "city": "Madison",
        "telephone": "6085551023",
        "id": 510,
        "pets": [
            
        ]
    },
    {
        "firstName": "George",
        "lastName": "Franklin",
        "address": "110 W. Liberty St.",
        "city": "Madison",
        "telephone": "6085551023",
        "id": 511,
        "pets": [
            
        ]
    },
    {
        "firstName": "George",
        "lastName": "Franklin",
        "address": "110 W. Liberty St.",
        "city": "Madison",
        "telephone": "6085551023",
        "id": 512,
        "pets": [
            
        ]
    },
    {
        "firstName": "George",
        "lastName": "Franklin",
        "address": "110 W. Liberty St.",
        "city": "Madison",
        "telephone": "6085551023",
        "id": 513,
        "pets": [
            
        ]
    },
    {
        "firstName": "George",
        "lastName": "Franklin",
        "address": "110 W. Liberty St.",
        "city": "Madison",
        "telephone": "6085551023",
        "id": 514,
        "pets": [
            
        ]
    },
    {
        "firstName": "George",
        "lastName": "Franklin",
        "address": "110 W. Liberty St.",
        "city": "Madison",
        "telephone": "6085551023",
        "id": 515,
        "pets": [
            
        ]
    },
    {
        "firstName": "George",
        "lastName": "Franklin",
        "address": "110 W. Liberty St.",
        "city": "Madison",
        "telephone": "6085551023",
        "id": 516,
        "pets": [
            
        ]
    },
    {
        "firstName": "George",
        "lastName": "Franklin",
        "address": "110 W. Liberty St.",
        "city": "Madison",
        "telephone": "6085551023",
        "id": 517,
        "pets": [
            
        ]
    },
    {
        "firstName": "George",
        "lastName": "Franklin",
        "address": "110 W. Liberty St.",
        "city": "Madison",
        "telephone": "6085551023",
        "id": 518,
        "pets": [
            
        ]
    },
    {
        "firstName": "George",
        "lastName": "Franklin",
        "address": "110 W. Liberty St.",
        "city": "Madison",
        "telephone": "6085551023",
        "id": 519,
        "pets": [
            
        ]
    },
    {
        "firstName": "George",
        "lastName": "Franklin",
        "address": "110 W. Liberty St.",
        "city": "Madison",
        "telephone": "6085551023",
        "id": 520,
        "pets": [
            
        ]
    },
    {
        "firstName": "George",
        "lastName": "Franklin",
        "address": "110 W. Liberty St.",
        "city": "Madison",
        "telephone": "6085551023",
        "id": 521,
        "pets": [
            
        ]
    },
    {
        "firstName": "George",
        "lastName": "Franklin",
        "address": "110 W. Liberty St.",
        "city": "Madison",
        "telephone": "6085551023",
        "id": 522,
        "pets": [
            
        ]
    },
    {
        "firstName": "George",
        "lastName": "Franklin",
        "address": "110 W. Liberty St.",
        "city": "Madison",
        "telephone": "6085551023",
        "id": 523,
        "pets": [
            
        ]
    },
    {
        "firstName": "A",
        "lastName": "LNWYxjd",
        "address": "Address: gCo61",
        "city": "City: YMpoj",
        "telephone": "36666294",
        "id": 524,
        "pets": [
            
        ]
    },
    {
        "firstName": "John",
        "lastName": "LNQQZxp",
        "address": "Address: 6Z2Pz",
        "city": "City: d2Oz4",
        "telephone": "93828959",
        "id": 525,
        "pets": [
            
        ]
    },
    {
        "firstName": "ThirtyCharsTestNametesttestte",
        "lastName": "LNltkrR",
        "address": "Address: HTNB6",
        "city": "City: ijfEg",
        "telephone": "21564247",
        "id": 526,
        "pets": [
            
        ]
    }
]
  &amp#27;[32mThen &amp#27;[0m&amp#27;[32mnew owner is present in owners list&amp#27;[0m                             &amp#27;[90m# tuichalange.steps.OwnerSteps.newOwnerIsPresentInOwnersList()&amp#27;[0m
]]></system-out>
  </testcase>
  <testcase name="Example #1.3" classname="Examples" time="0.0">
    <skipped message="&apos;cucumber.filter.tags=@Smoke&apos; did not match this scenario"/>
  </testcase>
  <testcase name="Example #1.3" classname="Examples" time="0.0">
    <skipped message="&apos;cucumber.filter.tags=@Smoke&apos; did not match this scenario"/>
  </testcase>
  <testcase name="Example #1.3" classname="Examples" time="0.0">
    <skipped message="&apos;cucumber.filter.tags=@Smoke&apos; did not match this scenario"/>
  </testcase>
  <testcase name="Example #1.3" classname="Examples" time="0.0">
    <skipped message="&apos;cucumber.filter.tags=@Smoke&apos; did not match this scenario"/>
  </testcase>
  <testcase name="Example #1.3" classname="Examples" time="0.0">
    <skipped message="&apos;cucumber.filter.tags=@Smoke&apos; did not match this scenario"/>
  </testcase>
  <testcase name="Example #1.3" classname="Examples" time="0.0">
    <skipped message="&apos;cucumber.filter.tags=@Smoke&apos; did not match this scenario"/>
  </testcase>
  <testcase name="Example #1.3" classname="Examples" time="0.0">
    <skipped message="&apos;cucumber.filter.tags=@Smoke&apos; did not match this scenario"/>
  </testcase>
  <testcase name="Example #1.3" classname="Examples" time="0.0">
    <skipped message="&apos;cucumber.filter.tags=@Smoke&apos; did not match this scenario"/>
  </testcase>
  <testcase name="Example #1.3" classname="Examples" time="0.0">
    <skipped message="&apos;cucumber.filter.tags=@Smoke&apos; did not match this scenario"/>
  </testcase>
  <testcase name="Example #1.3" classname="Examples" time="0.0">
    <skipped message="&apos;cucumber.filter.tags=@Smoke&apos; did not match this scenario"/>
  </testcase>
  <testcase name="Example #1.3" classname="Examples" time="0.0">
    <skipped message="&apos;cucumber.filter.tags=@Smoke&apos; did not match this scenario"/>
  </testcase>
  <testcase name="Example #1.3" classname="Examples" time="0.0">
    <skipped message="&apos;cucumber.filter.tags=@Smoke&apos; did not match this scenario"/>
  </testcase>
  <testcase name="Example #1.3" classname="Examples" time="0.0">
    <skipped message="&apos;cucumber.filter.tags=@Smoke&apos; did not match this scenario"/>
  </testcase>
  <testcase name="Example #1.3" classname="Examples" time="0.0">
    <skipped message="&apos;cucumber.filter.tags=@Smoke&apos; did not match this scenario"/>
  </testcase>
  <testcase name="Example #1.3" classname="Examples" time="0.0">
    <skipped message="&apos;cucumber.filter.tags=@Smoke&apos; did not match this scenario"/>
  </testcase>
  <testcase name="Example #1.3" classname="Examples" time="0.0">
    <skipped message="&apos;cucumber.filter.tags=@Smoke&apos; did not match this scenario"/>
  </testcase>
  <testcase name="Example #1.3" classname="Examples" time="0.0">
    <skipped message="&apos;cucumber.filter.tags=@Smoke&apos; did not match this scenario"/>
  </testcase>
  <testcase name="Example #1.3" classname="Examples" time="0.0">
    <skipped message="&apos;cucumber.filter.tags=@Smoke&apos; did not match this scenario"/>
  </testcase>
  <testcase name="Example #1.3" classname="Examples" time="0.038">
    <failure message="expected: &lt;201&gt; but was: &lt;400&gt;" type="org.opentest4j.AssertionFailedError"><![CDATA[org.opentest4j.AssertionFailedError: expected: <201> but was: <400>
	at tuichalange.actions.ApiActions.createPetWithOwner(ApiActions.java:152)
	at tuichalange.steps.PetSteps.userCreatesOwnerPetsWithName(PetSteps.java:64)
	at ✽.user creates pet with owner with name Bin(file:///Users/apetrova/Documents/examples/src/test/resources/tuichalange/features/pet/createPetTests.feature:18)
]]></failure>
    <system-out><![CDATA[
@Smoke
Scenario Outline: New owner pet is created successfully with name &amp#27;[90m# src/test/resources/tuichalange/features/pet/createPetTests.feature:24&amp#27;[0m
Request method:	POST
Request URI:	http://localhost:9966/petclinic/api/owners
Proxy:			<none>
Request params:	<none>
Query params:	<none>
Form params:	<none>
Path params:	<none>
Headers:		Accept=*/*
				Content-Type=application/json
Cookies:		<none>
Multiparts:		<none>
Body:
{
    "firstName": "FNzuTew",
    "lastName": "LNHYlXM",
    "address": "Address: xGuHQ",
    "city": "City: nZVFd",
    "telephone": "78767085"
}
HTTP/1.1 201 
Vary: Origin
Vary: Access-Control-Request-Method
Vary: Access-Control-Request-Headers
Location: /api/owners/529
X-Content-Type-Options: nosniff
X-XSS-Protection: 0
Cache-Control: no-cache, no-store, max-age=0, must-revalidate
Pragma: no-cache
Expires: 0
X-Frame-Options: DENY
Content-Type: application/json
Transfer-Encoding: chunked
Date: Sat, 20 Jan 2024 15:33:23 GMT
Keep-Alive: timeout=60
Connection: keep-alive

{
    "firstName": "FNzuTew",
    "lastName": "LNHYlXM",
    "address": "Address: xGuHQ",
    "city": "City: nZVFd",
    "telephone": "78767085",
    "id": 529,
    "pets": [
        
    ]
}
  &amp#27;[32mGiven &amp#27;[0m&amp#27;[32muser creates pets owner&amp#27;[0m                                   &amp#27;[90m# tuichalange.steps.OwnerSteps.userCreatesOwner()&amp#27;[0m
Request method:	POST
Request URI:	http://localhost:9966/petclinic/api/owners/529/pets
Proxy:			<none>
Request params:	<none>
Query params:	<none>
Form params:	<none>
Path params:	ownerId=529
Headers:		Accept=*/*
				Content-Type=application/json
Cookies:		<none>
Multiparts:		<none>
Body:
{
    "name": "Bin",
    "birthDate": "2022-09-09",
    "type": {
        "name": "cat",
        "id": 1
    }
}
HTTP/1.1 400 
Vary: Origin
Vary: Access-Control-Request-Method
Vary: Access-Control-Request-Headers
X-Content-Type-Options: nosniff
X-XSS-Protection: 0
Cache-Control: no-cache, no-store, max-age=0, must-revalidate
Pragma: no-cache
Expires: 0
X-Frame-Options: DENY
Content-Type: text/plain;charset=UTF-8
Content-Length: 156
Date: Sat, 20 Jan 2024 15:33:23 GMT
Connection: close

{"className":"org.springframework.dao.IncorrectResultSizeDataAccessException","exMessage":"Query did not return a unique result: 231 results were returned"}
  &amp#27;[31mWhen &amp#27;[0m&amp#27;[31muser creates pet with owner with name &amp#27;[0m&amp#27;[31m&amp#27;[1mBin&amp#27;[0m                  &amp#27;[90m# tuichalange.steps.PetSteps.userCreatesOwnerPetsWithName(java.lang.String)&amp#27;[0m
      &amp#27;[31morg.opentest4j.AssertionFailedError: expected: <201> but was: <400>
	at org.junit.jupiter.api.AssertionFailureBuilder.build(AssertionFailureBuilder.java:151)
	at org.junit.jupiter.api.AssertionFailureBuilder.buildAndThrow(AssertionFailureBuilder.java:132)
	at org.junit.jupiter.api.AssertEquals.failNotEqual(AssertEquals.java:197)
	at org.junit.jupiter.api.AssertEquals.assertEquals(AssertEquals.java:150)
	at org.junit.jupiter.api.AssertEquals.assertEquals(AssertEquals.java:145)
	at org.junit.jupiter.api.Assertions.assertEquals(Assertions.java:531)
	at tuichalange.actions.ApiActions.createPetWithOwner(ApiActions.java:152)
	at tuichalange.steps.PetSteps.userCreatesOwnerPetsWithName(PetSteps.java:64)
	at ✽.user creates pet with owner with name Bin(file:///Users/apetrova/Documents/examples/src/test/resources/tuichalange/features/pet/createPetTests.feature:18)
&amp#27;[0m
  &amp#27;[36mThen &amp#27;[0m&amp#27;[36mnew pet is present in pets list&amp#27;[0m                            &amp#27;[90m# tuichalange.steps.PetSteps.newPetIsPresentInPetsList()&amp#27;[0m
]]></system-out>
  </testcase>
  <testcase name="Example #1.3" classname="Examples" time="0.0">
    <skipped message="&apos;cucumber.filter.tags=@Smoke&apos; did not match this scenario"/>
  </testcase>
  <testcase name="Example #1.3" classname="Examples" time="0.0">
    <skipped message="&apos;cucumber.filter.tags=@Smoke&apos; did not match this scenario"/>
  </testcase>
  <testcase name="Example #1.3" classname="Examples" time="0.045">
    <system-out><![CDATA[
@Smoke
Scenario Outline: New pet type is present in pet type list &amp#27;[90m# src/test/resources/tuichalange/features/pettypes/createPetTypesTests.feature:12&amp#27;[0m
Request method:	GET
Request URI:	http://localhost:9966/petclinic/api/pettypes
Proxy:			<none>
Request params:	<none>
Query params:	<none>
Form params:	<none>
Path params:	<none>
Headers:		Accept=*/*
				Content-Type=application/json
Cookies:		<none>
Multiparts:		<none>
Body:			<none>
HTTP/1.1 200 
Vary: Origin
Vary: Access-Control-Request-Method
Vary: Access-Control-Request-Headers
X-Content-Type-Options: nosniff
X-XSS-Protection: 0
Cache-Control: no-cache, no-store, max-age=0, must-revalidate
Pragma: no-cache
Expires: 0
X-Frame-Options: DENY
Content-Type: application/json
Transfer-Encoding: chunked
Date: Sat, 20 Jan 2024 15:33:23 GMT
Keep-Alive: timeout=60
Connection: keep-alive

[
    {
        "name": "cat",
        "id": 1
    },
    {
        "name": "Leo",
        "id": 2
    },
    {
        "name": "lizard",
        "id": 3
    },
    {
        "name": "snake",
        "id": 4
    },
    {
        "name": "bird",
        "id": 5
    },
    {
        "name": "hamster",
        "id": 6
    },
    {
        "name": "P",
        "id": 7
    },
    {
        "name": "testPet",
        "id": 8
    },
    {
        "name": "123",
        "id": 9
    },
    {
        "name": "testPet_!$%@/123",
        "id": 10
    },
    {
        "name": "testnamewith80charstestnamewith80charstestnamewith80charstestnamewith80charstest",
        "id": 11
    },
    {
        "name": "testPetType",
        "id": 13
    },
    {
        "name": "testPet2",
        "id": 14
    },
    {
        "name": "T",
        "id": 15
    },
    {
        "name": "1234",
        "id": 16
    },
    {
        "name": "testPet_!$%@/124",
        "id": 17
    },
    {
        "name": "testnamewith80charstestnamewith80charstestnamewith80charstestnamewith80charsteOO",
        "id": 18
    },
    {
        "name": "testPet",
        "id": 19
    },
    {
        "name": "testPet",
        "id": 20
    },
    {
        "name": "testPet",
        "id": 21
    },
    {
        "name": "P",
        "id": 22
    },
    {
        "name": "testPet",
        "id": 23
    },
    {
        "name": "123",
        "id": 24
    },
    {
        "name": "testPet_!$%@/123",
        "id": 25
    },
    {
        "name": "testnamewith80charstestnamewith80charstestnamewith80charstestnamewith80charstest",
        "id": 26
    },
    {
        "name": "testPetType",
        "id": 28
    },
    {
        "name": "testPet2",
        "id": 29
    },
    {
        "name": "T",
        "id": 30
    },
    {
        "name": "1234",
        "id": 31
    },
    {
        "name": "testPet_!$%@/124",
        "id": 32
    },
    {
        "name": "testnamewith80charstestnamewith80charstestnamewith80charstestnamewith80charsteOO",
        "id": 33
    },
    {
        "name": "testPet",
        "id": 34
    },
    {
        "name": "testPet",
        "id": 35
    },
    {
        "name": "testPet",
        "id": 36
    },
    {
        "name": "P",
        "id": 37
    },
    {
        "name": "testPet",
        "id": 38
    },
    {
        "name": "123",
        "id": 39
    },
    {
        "name": "testPet_!$%@/123",
        "id": 40
    },
    {
        "name": "testnamewith80charstestnamewith80charstestnamewith80charstestnamewith80charstest",
        "id": 41
    },
    {
        "name": "testPetType",
        "id": 43
    },
    {
        "name": "testPet2",
        "id": 44
    },
    {
        "name": "T",
        "id": 45
    },
    {
        "name": "1234",
        "id": 46
    },
    {
        "name": "testPet_!$%@/124",
        "id": 47
    },
    {
        "name": "testnamewith80charstestnamewith80charstestnamewith80charstestnamewith80charsteOO",
        "id": 48
    },
    {
        "name": "testPet",
        "id": 49
    },
    {
        "name": "testPet",
        "id": 50
    },
    {
        "name": "testPet",
        "id": 51
    },
    {
        "name": "P",
        "id": 52
    },
    {
        "name": "testPet",
        "id": 53
    },
    {
        "name": "123",
        "id": 54
    },
    {
        "name": "testPet_!$%@/123",
        "id": 55
    },
    {
        "name": "testnamewith80charstestnamewith80charstestnamewith80charstestnamewith80charstest",
        "id": 56
    },
    {
        "name": "cat",
        "id": 57
    },
    {
        "name": "cat",
        "id": 58
    },
    {
        "name": "cat",
        "id": 59
    },
    {
        "name": "cat",
        "id": 60
    },
    {
        "name": "cat",
        "id": 61
    },
    {
        "name": "cat",
        "id": 62
    },
    {
        "name": "cat",
        "id": 63
    },
    {
        "name": "cat",
        "id": 64
    },
    {
        "name": "cat",
        "id": 65
    },
    {
        "name": "cat",
        "id": 66
    },
    {
        "name": "cat",
        "id": 67
    },
    {
        "name": "cat",
        "id": 68
    },
    {
        "name": "cat",
        "id": 69
    },
    {
        "name": "cat",
        "id": 70
    },
    {
        "name": "cat",
        "id": 71
    },
    {
        "name": "cat",
        "id": 72
    },
    {
        "name": "cat",
        "id": 73
    },
    {
        "name": "cat",
        "id": 74
    },
    {
        "name": "cat",
        "id": 75
    },
    {
        "name": "cat",
        "id": 76
    },
    {
        "name": "cat",
        "id": 77
    },
    {
        "name": "cat",
        "id": 78
    },
    {
        "name": "cat",
        "id": 79
    },
    {
        "name": "cat",
        "id": 80
    },
    {
        "name": "cat",
        "id": 81
    },
    {
        "name": "cat",
        "id": 82
    },
    {
        "name": "cat",
        "id": 83
    },
    {
        "name": "cat",
        "id": 84
    },
    {
        "name": "cat",
        "id": 85
    },
    {
        "name": "cat",
        "id": 86
    },
    {
        "name": "cat",
        "id": 87
    },
    {
        "name": "cat",
        "id": 88
    },
    {
        "name": "cat",
        "id": 89
    },
    {
        "name": "cat",
        "id": 90
    },
    {
        "name": "cat",
        "id": 91
    },
    {
        "name": "cat",
        "id": 92
    },
    {
        "name": "cat",
        "id": 93
    },
    {
        "name": "cat",
        "id": 94
    },
    {
        "name": "cat",
        "id": 95
    },
    {
        "name": "cat",
        "id": 96
    },
    {
        "name": "cat",
        "id": 97
    },
    {
        "name": "cat",
        "id": 98
    },
    {
        "name": "cat",
        "id": 99
    },
    {
        "name": "cat",
        "id": 100
    },
    {
        "name": "cat",
        "id": 101
    },
    {
        "name": "cat",
        "id": 102
    },
    {
        "name": "cat",
        "id": 103
    },
    {
        "name": "cat",
        "id": 104
    },
    {
        "name": "cat",
        "id": 105
    },
    {
        "name": "cat",
        "id": 106
    },
    {
        "name": "cat",
        "id": 107
    },
    {
        "name": "cat",
        "id": 108
    },
    {
        "name": "cat",
        "id": 109
    },
    {
        "name": "cat",
        "id": 110
    },
    {
        "name": "cat",
        "id": 111
    },
    {
        "name": "cat",
        "id": 112
    },
    {
        "name": "cat",
        "id": 113
    },
    {
        "name": "cat",
        "id": 114
    },
    {
        "name": "cat",
        "id": 115
    },
    {
        "name": "cat",
        "id": 116
    },
    {
        "name": "cat",
        "id": 117
    },
    {
        "name": "cat",
        "id": 118
    },
    {
        "name": "cat",
        "id": 119
    },
    {
        "name": "cat",
        "id": 120
    },
    {
        "name": "cat",
        "id": 121
    },
    {
        "name": "cat",
        "id": 122
    },
    {
        "name": "cat",
        "id": 123
    },
    {
        "name": "cat",
        "id": 124
    },
    {
        "name": "cat",
        "id": 125
    },
    {
        "name": "cat",
        "id": 126
    },
    {
        "name": "cat",
        "id": 127
    },
    {
        "name": "cat",
        "id": 128
    },
    {
        "name": "cat",
        "id": 129
    },
    {
        "name": "cat",
        "id": 130
    },
    {
        "name": "cat",
        "id": 131
    },
    {
        "name": "cat",
        "id": 132
    },
    {
        "name": "cat",
        "id": 133
    },
    {
        "name": "cat",
        "id": 134
    },
    {
        "name": "cat",
        "id": 135
    },
    {
        "name": "cat",
        "id": 136
    },
    {
        "name": "cat",
        "id": 137
    },
    {
        "name": "cat",
        "id": 138
    },
    {
        "name": "cat",
        "id": 139
    },
    {
        "name": "cat",
        "id": 140
    },
    {
        "name": "cat",
        "id": 141
    },
    {
        "name": "cat",
        "id": 142
    },
    {
        "name": "cat",
        "id": 143
    },
    {
        "name": "cat",
        "id": 144
    },
    {
        "name": "cat",
        "id": 145
    },
    {
        "name": "cat",
        "id": 146
    },
    {
        "name": "cat",
        "id": 147
    },
    {
        "name": "cat",
        "id": 148
    },
    {
        "name": "cat",
        "id": 149
    },
    {
        "name": "cat",
        "id": 150
    },
    {
        "name": "cat",
        "id": 151
    },
    {
        "name": "cat",
        "id": 152
    },
    {
        "name": "cat",
        "id": 153
    },
    {
        "name": "cat",
        "id": 154
    },
    {
        "name": "cat",
        "id": 155
    },
    {
        "name": "cat",
        "id": 156
    },
    {
        "name": "cat",
        "id": 157
    },
    {
        "name": "cat",
        "id": 158
    },
    {
        "name": "cat",
        "id": 159
    },
    {
        "name": "cat",
        "id": 160
    },
    {
        "name": "cat",
        "id": 161
    },
    {
        "name": "cat",
        "id": 162
    },
    {
        "name": "cat",
        "id": 163
    },
    {
        "name": "cat",
        "id": 164
    },
    {
        "name": "cat",
        "id": 165
    },
    {
        "name": "cat",
        "id": 166
    },
    {
        "name": "cat",
        "id": 167
    },
    {
        "name": "cat",
        "id": 168
    },
    {
        "name": "cat",
        "id": 169
    },
    {
        "name": "cat",
        "id": 170
    },
    {
        "name": "cat",
        "id": 171
    },
    {
        "name": "cat",
        "id": 172
    },
    {
        "name": "cat",
        "id": 173
    },
    {
        "name": "cat",
        "id": 174
    },
    {
        "name": "cat",
        "id": 175
    },
    {
        "name": "cat",
        "id": 176
    },
    {
        "name": "cat",
        "id": 177
    },
    {
        "name": "cat",
        "id": 178
    },
    {
        "name": "cat",
        "id": 179
    },
    {
        "name": "cat",
        "id": 180
    },
    {
        "name": "cat",
        "id": 181
    },
    {
        "name": "cat",
        "id": 182
    },
    {
        "name": "cat",
        "id": 183
    },
    {
        "name": "cat",
        "id": 184
    },
    {
        "name": "cat",
        "id": 185
    },
    {
        "name": "cat",
        "id": 186
    },
    {
        "name": "cat",
        "id": 187
    },
    {
        "name": "cat",
        "id": 188
    },
    {
        "name": "cat",
        "id": 189
    },
    {
        "name": "cat",
        "id": 190
    },
    {
        "name": "cat",
        "id": 191
    },
    {
        "name": "cat",
        "id": 192
    },
    {
        "name": "cat",
        "id": 193
    },
    {
        "name": "cat",
        "id": 194
    },
    {
        "name": "cat",
        "id": 195
    },
    {
        "name": "cat",
        "id": 196
    },
    {
        "name": "cat",
        "id": 197
    },
    {
        "name": "cat",
        "id": 198
    },
    {
        "name": "cat",
        "id": 199
    },
    {
        "name": "cat",
        "id": 200
    },
    {
        "name": "cat",
        "id": 201
    },
    {
        "name": "cat",
        "id": 202
    },
    {
        "name": "cat",
        "id": 203
    },
    {
        "name": "cat",
        "id": 204
    },
    {
        "name": "cat",
        "id": 205
    },
    {
        "name": "cat",
        "id": 206
    },
    {
        "name": "cat",
        "id": 207
    },
    {
        "name": "cat",
        "id": 208
    },
    {
        "name": "cat",
        "id": 209
    },
    {
        "name": "cat",
        "id": 210
    },
    {
        "name": "cat",
        "id": 211
    },
    {
        "name": "cat",
        "id": 212
    },
    {
        "name": "cat",
        "id": 213
    },
    {
        "name": "cat",
        "id": 214
    },
    {
        "name": "cat",
        "id": 215
    },
    {
        "name": "cat",
        "id": 216
    },
    {
        "name": "cat",
        "id": 217
    },
    {
        "name": "cat",
        "id": 218
    },
    {
        "name": "cat",
        "id": 219
    },
    {
        "name": "cat",
        "id": 220
    },
    {
        "name": "cat",
        "id": 221
    },
    {
        "name": "cat",
        "id": 222
    },
    {
        "name": "cat",
        "id": 223
    },
    {
        "name": "cat",
        "id": 224
    },
    {
        "name": "cat",
        "id": 225
    },
    {
        "name": "cat",
        "id": 226
    },
    {
        "name": "cat",
        "id": 227
    },
    {
        "name": "cat",
        "id": 228
    },
    {
        "name": "cat",
        "id": 229
    },
    {
        "name": "cat",
        "id": 230
    },
    {
        "name": "cat",
        "id": 231
    },
    {
        "name": "cat",
        "id": 232
    },
    {
        "name": "cat",
        "id": 233
    },
    {
        "name": "cat",
        "id": 234
    },
    {
        "name": "cat",
        "id": 235
    },
    {
        "name": "cat",
        "id": 236
    },
    {
        "name": "cat",
        "id": 237
    },
    {
        "name": "cat",
        "id": 238
    },
    {
        "name": "cat",
        "id": 239
    },
    {
        "name": "cat",
        "id": 240
    },
    {
        "name": "cat",
        "id": 241
    },
    {
        "name": "cat",
        "id": 242
    },
    {
        "name": "cat",
        "id": 243
    },
    {
        "name": "cat",
        "id": 244
    },
    {
        "name": "cat",
        "id": 245
    },
    {
        "name": "cat",
        "id": 246
    },
    {
        "name": "cat",
        "id": 247
    },
    {
        "name": "cat",
        "id": 248
    },
    {
        "name": "cat",
        "id": 249
    },
    {
        "name": "cat",
        "id": 250
    },
    {
        "name": "cat",
        "id": 251
    },
    {
        "name": "cat",
        "id": 252
    },
    {
        "name": "cat",
        "id": 253
    },
    {
        "name": "cat",
        "id": 254
    },
    {
        "name": "cat",
        "id": 255
    },
    {
        "name": "cat",
        "id": 256
    },
    {
        "name": "cat",
        "id": 257
    },
    {
        "name": "cat",
        "id": 258
    },
    {
        "name": "cat",
        "id": 259
    },
    {
        "name": "cat",
        "id": 260
    },
    {
        "name": "cat",
        "id": 261
    },
    {
        "name": "cat",
        "id": 262
    },
    {
        "name": "cat",
        "id": 263
    },
    {
        "name": "cat",
        "id": 264
    },
    {
        "name": "cat",
        "id": 265
    },
    {
        "name": "cat",
        "id": 266
    },
    {
        "name": "cat",
        "id": 267
    },
    {
        "name": "cat",
        "id": 268
    },
    {
        "name": "cat",
        "id": 269
    },
    {
        "name": "cat",
        "id": 270
    },
    {
        "name": "cat",
        "id": 271
    },
    {
        "name": "cat",
        "id": 272
    },
    {
        "name": "cat",
        "id": 273
    },
    {
        "name": "cat",
        "id": 274
    },
    {
        "name": "cat",
        "id": 275
    },
    {
        "name": "cat",
        "id": 276
    },
    {
        "name": "cat",
        "id": 277
    },
    {
        "name": "cat",
        "id": 278
    },
    {
        "name": "cat",
        "id": 279
    },
    {
        "name": "cat",
        "id": 280
    },
    {
        "name": "cat",
        "id": 281
    },
    {
        "name": "cat",
        "id": 282
    },
    {
        "name": "cat",
        "id": 283
    },
    {
        "name": "cat",
        "id": 284
    },
    {
        "name": "cat",
        "id": 285
    },
    {
        "name": "cat",
        "id": 286
    },
    {
        "name": "P",
        "id": 287
    },
    {
        "name": "testPet",
        "id": 288
    }
]
  &amp#27;[32mGiven &amp#27;[0m&amp#27;[32mlist of pet types&amp#27;[0m                                  &amp#27;[90m# tuichalange.steps.PetTypesSteps.listOfPetTypes()&amp#27;[0m
Request method:	POST
Request URI:	http://localhost:9966/petclinic/api/pettypes
Proxy:			<none>
Request params:	<none>
Query params:	<none>
Form params:	<none>
Path params:	<none>
Headers:		Accept=*/*
				Content-Type=application/json
Cookies:		<none>
Multiparts:		<none>
Body:
{
    "name": "123",
    "id": null
}
HTTP/1.1 201 
Vary: Origin
Vary: Access-Control-Request-Method
Vary: Access-Control-Request-Headers
Location: /api/pettypes/289
X-Content-Type-Options: nosniff
X-XSS-Protection: 0
Cache-Control: no-cache, no-store, max-age=0, must-revalidate
Pragma: no-cache
Expires: 0
X-Frame-Options: DENY
Content-Type: application/json
Transfer-Encoding: chunked
Date: Sat, 20 Jan 2024 15:33:23 GMT
Keep-Alive: timeout=60
Connection: keep-alive

{
    "name": "123",
    "id": 289
}
  &amp#27;[32mWhen &amp#27;[0m&amp#27;[32muser creates pet type with name &amp#27;[0m&amp#27;[32m&amp#27;[1m123&amp#27;[0m                 &amp#27;[90m# tuichalange.steps.PetTypesSteps.userCreatesPetType(java.lang.String)&amp#27;[0m
Request method:	GET
Request URI:	http://localhost:9966/petclinic/api/pettypes
Proxy:			<none>
Request params:	<none>
Query params:	<none>
Form params:	<none>
Path params:	<none>
Headers:		Accept=*/*
				Content-Type=application/json
Cookies:		<none>
Multiparts:		<none>
Body:			<none>
HTTP/1.1 200 
Vary: Origin
Vary: Access-Control-Request-Method
Vary: Access-Control-Request-Headers
X-Content-Type-Options: nosniff
X-XSS-Protection: 0
Cache-Control: no-cache, no-store, max-age=0, must-revalidate
Pragma: no-cache
Expires: 0
X-Frame-Options: DENY
Content-Type: application/json
Transfer-Encoding: chunked
Date: Sat, 20 Jan 2024 15:33:23 GMT
Keep-Alive: timeout=60
Connection: keep-alive

[
    {
        "name": "cat",
        "id": 1
    },
    {
        "name": "Leo",
        "id": 2
    },
    {
        "name": "lizard",
        "id": 3
    },
    {
        "name": "snake",
        "id": 4
    },
    {
        "name": "bird",
        "id": 5
    },
    {
        "name": "hamster",
        "id": 6
    },
    {
        "name": "P",
        "id": 7
    },
    {
        "name": "testPet",
        "id": 8
    },
    {
        "name": "123",
        "id": 9
    },
    {
        "name": "testPet_!$%@/123",
        "id": 10
    },
    {
        "name": "testnamewith80charstestnamewith80charstestnamewith80charstestnamewith80charstest",
        "id": 11
    },
    {
        "name": "testPetType",
        "id": 13
    },
    {
        "name": "testPet2",
        "id": 14
    },
    {
        "name": "T",
        "id": 15
    },
    {
        "name": "1234",
        "id": 16
    },
    {
        "name": "testPet_!$%@/124",
        "id": 17
    },
    {
        "name": "testnamewith80charstestnamewith80charstestnamewith80charstestnamewith80charsteOO",
        "id": 18
    },
    {
        "name": "testPet",
        "id": 19
    },
    {
        "name": "testPet",
        "id": 20
    },
    {
        "name": "testPet",
        "id": 21
    },
    {
        "name": "P",
        "id": 22
    },
    {
        "name": "testPet",
        "id": 23
    },
    {
        "name": "123",
        "id": 24
    },
    {
        "name": "testPet_!$%@/123",
        "id": 25
    },
    {
        "name": "testnamewith80charstestnamewith80charstestnamewith80charstestnamewith80charstest",
        "id": 26
    },
    {
        "name": "testPetType",
        "id": 28
    },
    {
        "name": "testPet2",
        "id": 29
    },
    {
        "name": "T",
        "id": 30
    },
    {
        "name": "1234",
        "id": 31
    },
    {
        "name": "testPet_!$%@/124",
        "id": 32
    },
    {
        "name": "testnamewith80charstestnamewith80charstestnamewith80charstestnamewith80charsteOO",
        "id": 33
    },
    {
        "name": "testPet",
        "id": 34
    },
    {
        "name": "testPet",
        "id": 35
    },
    {
        "name": "testPet",
        "id": 36
    },
    {
        "name": "P",
        "id": 37
    },
    {
        "name": "testPet",
        "id": 38
    },
    {
        "name": "123",
        "id": 39
    },
    {
        "name": "testPet_!$%@/123",
        "id": 40
    },
    {
        "name": "testnamewith80charstestnamewith80charstestnamewith80charstestnamewith80charstest",
        "id": 41
    },
    {
        "name": "testPetType",
        "id": 43
    },
    {
        "name": "testPet2",
        "id": 44
    },
    {
        "name": "T",
        "id": 45
    },
    {
        "name": "1234",
        "id": 46
    },
    {
        "name": "testPet_!$%@/124",
        "id": 47
    },
    {
        "name": "testnamewith80charstestnamewith80charstestnamewith80charstestnamewith80charsteOO",
        "id": 48
    },
    {
        "name": "testPet",
        "id": 49
    },
    {
        "name": "testPet",
        "id": 50
    },
    {
        "name": "testPet",
        "id": 51
    },
    {
        "name": "P",
        "id": 52
    },
    {
        "name": "testPet",
        "id": 53
    },
    {
        "name": "123",
        "id": 54
    },
    {
        "name": "testPet_!$%@/123",
        "id": 55
    },
    {
        "name": "testnamewith80charstestnamewith80charstestnamewith80charstestnamewith80charstest",
        "id": 56
    },
    {
        "name": "cat",
        "id": 57
    },
    {
        "name": "cat",
        "id": 58
    },
    {
        "name": "cat",
        "id": 59
    },
    {
        "name": "cat",
        "id": 60
    },
    {
        "name": "cat",
        "id": 61
    },
    {
        "name": "cat",
        "id": 62
    },
    {
        "name": "cat",
        "id": 63
    },
    {
        "name": "cat",
        "id": 64
    },
    {
        "name": "cat",
        "id": 65
    },
    {
        "name": "cat",
        "id": 66
    },
    {
        "name": "cat",
        "id": 67
    },
    {
        "name": "cat",
        "id": 68
    },
    {
        "name": "cat",
        "id": 69
    },
    {
        "name": "cat",
        "id": 70
    },
    {
        "name": "cat",
        "id": 71
    },
    {
        "name": "cat",
        "id": 72
    },
    {
        "name": "cat",
        "id": 73
    },
    {
        "name": "cat",
        "id": 74
    },
    {
        "name": "cat",
        "id": 75
    },
    {
        "name": "cat",
        "id": 76
    },
    {
        "name": "cat",
        "id": 77
    },
    {
        "name": "cat",
        "id": 78
    },
    {
        "name": "cat",
        "id": 79
    },
    {
        "name": "cat",
        "id": 80
    },
    {
        "name": "cat",
        "id": 81
    },
    {
        "name": "cat",
        "id": 82
    },
    {
        "name": "cat",
        "id": 83
    },
    {
        "name": "cat",
        "id": 84
    },
    {
        "name": "cat",
        "id": 85
    },
    {
        "name": "cat",
        "id": 86
    },
    {
        "name": "cat",
        "id": 87
    },
    {
        "name": "cat",
        "id": 88
    },
    {
        "name": "cat",
        "id": 89
    },
    {
        "name": "cat",
        "id": 90
    },
    {
        "name": "cat",
        "id": 91
    },
    {
        "name": "cat",
        "id": 92
    },
    {
        "name": "cat",
        "id": 93
    },
    {
        "name": "cat",
        "id": 94
    },
    {
        "name": "cat",
        "id": 95
    },
    {
        "name": "cat",
        "id": 96
    },
    {
        "name": "cat",
        "id": 97
    },
    {
        "name": "cat",
        "id": 98
    },
    {
        "name": "cat",
        "id": 99
    },
    {
        "name": "cat",
        "id": 100
    },
    {
        "name": "cat",
        "id": 101
    },
    {
        "name": "cat",
        "id": 102
    },
    {
        "name": "cat",
        "id": 103
    },
    {
        "name": "cat",
        "id": 104
    },
    {
        "name": "cat",
        "id": 105
    },
    {
        "name": "cat",
        "id": 106
    },
    {
        "name": "cat",
        "id": 107
    },
    {
        "name": "cat",
        "id": 108
    },
    {
        "name": "cat",
        "id": 109
    },
    {
        "name": "cat",
        "id": 110
    },
    {
        "name": "cat",
        "id": 111
    },
    {
        "name": "cat",
        "id": 112
    },
    {
        "name": "cat",
        "id": 113
    },
    {
        "name": "cat",
        "id": 114
    },
    {
        "name": "cat",
        "id": 115
    },
    {
        "name": "cat",
        "id": 116
    },
    {
        "name": "cat",
        "id": 117
    },
    {
        "name": "cat",
        "id": 118
    },
    {
        "name": "cat",
        "id": 119
    },
    {
        "name": "cat",
        "id": 120
    },
    {
        "name": "cat",
        "id": 121
    },
    {
        "name": "cat",
        "id": 122
    },
    {
        "name": "cat",
        "id": 123
    },
    {
        "name": "cat",
        "id": 124
    },
    {
        "name": "cat",
        "id": 125
    },
    {
        "name": "cat",
        "id": 126
    },
    {
        "name": "cat",
        "id": 127
    },
    {
        "name": "cat",
        "id": 128
    },
    {
        "name": "cat",
        "id": 129
    },
    {
        "name": "cat",
        "id": 130
    },
    {
        "name": "cat",
        "id": 131
    },
    {
        "name": "cat",
        "id": 132
    },
    {
        "name": "cat",
        "id": 133
    },
    {
        "name": "cat",
        "id": 134
    },
    {
        "name": "cat",
        "id": 135
    },
    {
        "name": "cat",
        "id": 136
    },
    {
        "name": "cat",
        "id": 137
    },
    {
        "name": "cat",
        "id": 138
    },
    {
        "name": "cat",
        "id": 139
    },
    {
        "name": "cat",
        "id": 140
    },
    {
        "name": "cat",
        "id": 141
    },
    {
        "name": "cat",
        "id": 142
    },
    {
        "name": "cat",
        "id": 143
    },
    {
        "name": "cat",
        "id": 144
    },
    {
        "name": "cat",
        "id": 145
    },
    {
        "name": "cat",
        "id": 146
    },
    {
        "name": "cat",
        "id": 147
    },
    {
        "name": "cat",
        "id": 148
    },
    {
        "name": "cat",
        "id": 149
    },
    {
        "name": "cat",
        "id": 150
    },
    {
        "name": "cat",
        "id": 151
    },
    {
        "name": "cat",
        "id": 152
    },
    {
        "name": "cat",
        "id": 153
    },
    {
        "name": "cat",
        "id": 154
    },
    {
        "name": "cat",
        "id": 155
    },
    {
        "name": "cat",
        "id": 156
    },
    {
        "name": "cat",
        "id": 157
    },
    {
        "name": "cat",
        "id": 158
    },
    {
        "name": "cat",
        "id": 159
    },
    {
        "name": "cat",
        "id": 160
    },
    {
        "name": "cat",
        "id": 161
    },
    {
        "name": "cat",
        "id": 162
    },
    {
        "name": "cat",
        "id": 163
    },
    {
        "name": "cat",
        "id": 164
    },
    {
        "name": "cat",
        "id": 165
    },
    {
        "name": "cat",
        "id": 166
    },
    {
        "name": "cat",
        "id": 167
    },
    {
        "name": "cat",
        "id": 168
    },
    {
        "name": "cat",
        "id": 169
    },
    {
        "name": "cat",
        "id": 170
    },
    {
        "name": "cat",
        "id": 171
    },
    {
        "name": "cat",
        "id": 172
    },
    {
        "name": "cat",
        "id": 173
    },
    {
        "name": "cat",
        "id": 174
    },
    {
        "name": "cat",
        "id": 175
    },
    {
        "name": "cat",
        "id": 176
    },
    {
        "name": "cat",
        "id": 177
    },
    {
        "name": "cat",
        "id": 178
    },
    {
        "name": "cat",
        "id": 179
    },
    {
        "name": "cat",
        "id": 180
    },
    {
        "name": "cat",
        "id": 181
    },
    {
        "name": "cat",
        "id": 182
    },
    {
        "name": "cat",
        "id": 183
    },
    {
        "name": "cat",
        "id": 184
    },
    {
        "name": "cat",
        "id": 185
    },
    {
        "name": "cat",
        "id": 186
    },
    {
        "name": "cat",
        "id": 187
    },
    {
        "name": "cat",
        "id": 188
    },
    {
        "name": "cat",
        "id": 189
    },
    {
        "name": "cat",
        "id": 190
    },
    {
        "name": "cat",
        "id": 191
    },
    {
        "name": "cat",
        "id": 192
    },
    {
        "name": "cat",
        "id": 193
    },
    {
        "name": "cat",
        "id": 194
    },
    {
        "name": "cat",
        "id": 195
    },
    {
        "name": "cat",
        "id": 196
    },
    {
        "name": "cat",
        "id": 197
    },
    {
        "name": "cat",
        "id": 198
    },
    {
        "name": "cat",
        "id": 199
    },
    {
        "name": "cat",
        "id": 200
    },
    {
        "name": "cat",
        "id": 201
    },
    {
        "name": "cat",
        "id": 202
    },
    {
        "name": "cat",
        "id": 203
    },
    {
        "name": "cat",
        "id": 204
    },
    {
        "name": "cat",
        "id": 205
    },
    {
        "name": "cat",
        "id": 206
    },
    {
        "name": "cat",
        "id": 207
    },
    {
        "name": "cat",
        "id": 208
    },
    {
        "name": "cat",
        "id": 209
    },
    {
        "name": "cat",
        "id": 210
    },
    {
        "name": "cat",
        "id": 211
    },
    {
        "name": "cat",
        "id": 212
    },
    {
        "name": "cat",
        "id": 213
    },
    {
        "name": "cat",
        "id": 214
    },
    {
        "name": "cat",
        "id": 215
    },
    {
        "name": "cat",
        "id": 216
    },
    {
        "name": "cat",
        "id": 217
    },
    {
        "name": "cat",
        "id": 218
    },
    {
        "name": "cat",
        "id": 219
    },
    {
        "name": "cat",
        "id": 220
    },
    {
        "name": "cat",
        "id": 221
    },
    {
        "name": "cat",
        "id": 222
    },
    {
        "name": "cat",
        "id": 223
    },
    {
        "name": "cat",
        "id": 224
    },
    {
        "name": "cat",
        "id": 225
    },
    {
        "name": "cat",
        "id": 226
    },
    {
        "name": "cat",
        "id": 227
    },
    {
        "name": "cat",
        "id": 228
    },
    {
        "name": "cat",
        "id": 229
    },
    {
        "name": "cat",
        "id": 230
    },
    {
        "name": "cat",
        "id": 231
    },
    {
        "name": "cat",
        "id": 232
    },
    {
        "name": "cat",
        "id": 233
    },
    {
        "name": "cat",
        "id": 234
    },
    {
        "name": "cat",
        "id": 235
    },
    {
        "name": "cat",
        "id": 236
    },
    {
        "name": "cat",
        "id": 237
    },
    {
        "name": "cat",
        "id": 238
    },
    {
        "name": "cat",
        "id": 239
    },
    {
        "name": "cat",
        "id": 240
    },
    {
        "name": "cat",
        "id": 241
    },
    {
        "name": "cat",
        "id": 242
    },
    {
        "name": "cat",
        "id": 243
    },
    {
        "name": "cat",
        "id": 244
    },
    {
        "name": "cat",
        "id": 245
    },
    {
        "name": "cat",
        "id": 246
    },
    {
        "name": "cat",
        "id": 247
    },
    {
        "name": "cat",
        "id": 248
    },
    {
        "name": "cat",
        "id": 249
    },
    {
        "name": "cat",
        "id": 250
    },
    {
        "name": "cat",
        "id": 251
    },
    {
        "name": "cat",
        "id": 252
    },
    {
        "name": "cat",
        "id": 253
    },
    {
        "name": "cat",
        "id": 254
    },
    {
        "name": "cat",
        "id": 255
    },
    {
        "name": "cat",
        "id": 256
    },
    {
        "name": "cat",
        "id": 257
    },
    {
        "name": "cat",
        "id": 258
    },
    {
        "name": "cat",
        "id": 259
    },
    {
        "name": "cat",
        "id": 260
    },
    {
        "name": "cat",
        "id": 261
    },
    {
        "name": "cat",
        "id": 262
    },
    {
        "name": "cat",
        "id": 263
    },
    {
        "name": "cat",
        "id": 264
    },
    {
        "name": "cat",
        "id": 265
    },
    {
        "name": "cat",
        "id": 266
    },
    {
        "name": "cat",
        "id": 267
    },
    {
        "name": "cat",
        "id": 268
    },
    {
        "name": "cat",
        "id": 269
    },
    {
        "name": "cat",
        "id": 270
    },
    {
        "name": "cat",
        "id": 271
    },
    {
        "name": "cat",
        "id": 272
    },
    {
        "name": "cat",
        "id": 273
    },
    {
        "name": "cat",
        "id": 274
    },
    {
        "name": "cat",
        "id": 275
    },
    {
        "name": "cat",
        "id": 276
    },
    {
        "name": "cat",
        "id": 277
    },
    {
        "name": "cat",
        "id": 278
    },
    {
        "name": "cat",
        "id": 279
    },
    {
        "name": "cat",
        "id": 280
    },
    {
        "name": "cat",
        "id": 281
    },
    {
        "name": "cat",
        "id": 282
    },
    {
        "name": "cat",
        "id": 283
    },
    {
        "name": "cat",
        "id": 284
    },
    {
        "name": "cat",
        "id": 285
    },
    {
        "name": "cat",
        "id": 286
    },
    {
        "name": "P",
        "id": 287
    },
    {
        "name": "testPet",
        "id": 288
    },
    {
        "name": "123",
        "id": 289
    }
]
  &amp#27;[32mThen &amp#27;[0m&amp#27;[32mnew pet type is present in pet types list&amp#27;[0m           &amp#27;[90m# tuichalange.steps.PetTypesSteps.newPetTypeNameIsPresentInPetTypesList()&amp#27;[0m
]]></system-out>
  </testcase>
  <testcase name="Example #1.3" classname="Examples" time="0.0">
    <skipped message="&apos;cucumber.filter.tags=@Smoke&apos; did not match this scenario"/>
  </testcase>
  <testcase name="Example #1.3" classname="Examples" time="0.0">
    <skipped message="&apos;cucumber.filter.tags=@Smoke&apos; did not match this scenario"/>
  </testcase>
  <testcase name="Example #1.3" classname="Examples" time="0.0">
    <skipped message="&apos;cucumber.filter.tags=@Smoke&apos; did not match this scenario"/>
  </testcase>
  <testcase name="Example #1.4" classname="Examples" time="0.0">
    <skipped message="&apos;cucumber.filter.tags=@Smoke&apos; did not match this scenario"/>
  </testcase>
  <testcase name="Example #1.4" classname="Examples" time="0.0">
    <skipped message="&apos;cucumber.filter.tags=@Smoke&apos; did not match this scenario"/>
  </testcase>
  <testcase name="Example #1.4" classname="Examples" time="0.0">
    <skipped message="&apos;cucumber.filter.tags=@Smoke&apos; did not match this scenario"/>
  </testcase>
  <testcase name="Example #1.4" classname="Examples" time="0.0">
    <skipped message="&apos;cucumber.filter.tags=@Smoke&apos; did not match this scenario"/>
  </testcase>
  <testcase name="Example #1.4" classname="Examples" time="0.0">
    <skipped message="&apos;cucumber.filter.tags=@Smoke&apos; did not match this scenario"/>
  </testcase>
  <testcase name="Example #1.4" classname="Examples" time="0.0">
    <skipped message="&apos;cucumber.filter.tags=@Smoke&apos; did not match this scenario"/>
  </testcase>
  <testcase name="Example #1.4" classname="Examples" time="0.0">
    <skipped message="&apos;cucumber.filter.tags=@Smoke&apos; did not match this scenario"/>
  </testcase>
  <testcase name="Example #1.4" classname="Examples" time="0.0">
    <skipped message="&apos;cucumber.filter.tags=@Smoke&apos; did not match this scenario"/>
  </testcase>
  <testcase name="Example #1.4" classname="Examples" time="0.0">
    <skipped message="&apos;cucumber.filter.tags=@Smoke&apos; did not match this scenario"/>
  </testcase>
  <testcase name="Example #1.4" classname="Examples" time="0.03">
    <failure message="expected: &lt;201&gt; but was: &lt;400&gt;" type="org.opentest4j.AssertionFailedError"><![CDATA[org.opentest4j.AssertionFailedError: expected: <201> but was: <400>
	at tuichalange.actions.ApiActions.createPetWithOwner(ApiActions.java:152)
	at tuichalange.steps.PetSteps.userCreatesOwnerPetsWithName(PetSteps.java:64)
	at ✽.user creates pet with owner with name ThirtyCharsTestNametesttestte(file:///Users/apetrova/Documents/examples/src/test/resources/tuichalange/features/pet/createPetTests.feature:18)
]]></failure>
    <system-out><![CDATA[
@Smoke
Scenario Outline: New owner pet is created successfully with name          &amp#27;[90m# src/test/resources/tuichalange/features/pet/createPetTests.feature:25&amp#27;[0m
Request method:	POST
Request URI:	http://localhost:9966/petclinic/api/owners
Proxy:			<none>
Request params:	<none>
Query params:	<none>
Form params:	<none>
Path params:	<none>
Headers:		Accept=*/*
				Content-Type=application/json
Cookies:		<none>
Multiparts:		<none>
Body:
{
    "firstName": "FNufnBL",
    "lastName": "LNzMnqI",
    "address": "Address: 2oFd8",
    "city": "City: hCOYA",
    "telephone": "58894582"
}
HTTP/1.1 201 
Vary: Origin
Vary: Access-Control-Request-Method
Vary: Access-Control-Request-Headers
Location: /api/owners/530
X-Content-Type-Options: nosniff
X-XSS-Protection: 0
Cache-Control: no-cache, no-store, max-age=0, must-revalidate
Pragma: no-cache
Expires: 0
X-Frame-Options: DENY
Content-Type: application/json
Transfer-Encoding: chunked
Date: Sat, 20 Jan 2024 15:33:23 GMT
Keep-Alive: timeout=60
Connection: keep-alive

{
    "firstName": "FNufnBL",
    "lastName": "LNzMnqI",
    "address": "Address: 2oFd8",
    "city": "City: hCOYA",
    "telephone": "58894582",
    "id": 530,
    "pets": [
        
    ]
}
  &amp#27;[32mGiven &amp#27;[0m&amp#27;[32muser creates pets owner&amp#27;[0m                                            &amp#27;[90m# tuichalange.steps.OwnerSteps.userCreatesOwner()&amp#27;[0m
Request method:	POST
Request URI:	http://localhost:9966/petclinic/api/owners/530/pets
Proxy:			<none>
Request params:	<none>
Query params:	<none>
Form params:	<none>
Path params:	ownerId=530
Headers:		Accept=*/*
				Content-Type=application/json
Cookies:		<none>
Multiparts:		<none>
Body:
{
    "name": "ThirtyCharsTestNametesttestte",
    "birthDate": "2022-09-09",
    "type": {
        "name": "cat",
        "id": 1
    }
}
HTTP/1.1 400 
Vary: Origin
Vary: Access-Control-Request-Method
Vary: Access-Control-Request-Headers
X-Content-Type-Options: nosniff
X-XSS-Protection: 0
Cache-Control: no-cache, no-store, max-age=0, must-revalidate
Pragma: no-cache
Expires: 0
X-Frame-Options: DENY
Content-Type: text/plain;charset=UTF-8
Content-Length: 156
Date: Sat, 20 Jan 2024 15:33:23 GMT
Connection: close

{"className":"org.springframework.dao.IncorrectResultSizeDataAccessException","exMessage":"Query did not return a unique result: 231 results were returned"}
  &amp#27;[31mWhen &amp#27;[0m&amp#27;[31muser creates pet with owner with name &amp#27;[0m&amp#27;[31m&amp#27;[1mThirtyCharsTestNametesttestte&amp#27;[0m &amp#27;[90m# tuichalange.steps.PetSteps.userCreatesOwnerPetsWithName(java.lang.String)&amp#27;[0m
      &amp#27;[31morg.opentest4j.AssertionFailedError: expected: <201> but was: <400>
	at org.junit.jupiter.api.AssertionFailureBuilder.build(AssertionFailureBuilder.java:151)
	at org.junit.jupiter.api.AssertionFailureBuilder.buildAndThrow(AssertionFailureBuilder.java:132)
	at org.junit.jupiter.api.AssertEquals.failNotEqual(AssertEquals.java:197)
	at org.junit.jupiter.api.AssertEquals.assertEquals(AssertEquals.java:150)
	at org.junit.jupiter.api.AssertEquals.assertEquals(AssertEquals.java:145)
	at org.junit.jupiter.api.Assertions.assertEquals(Assertions.java:531)
	at tuichalange.actions.ApiActions.createPetWithOwner(ApiActions.java:152)
	at tuichalange.steps.PetSteps.userCreatesOwnerPetsWithName(PetSteps.java:64)
	at ✽.user creates pet with owner with name ThirtyCharsTestNametesttestte(file:///Users/apetrova/Documents/examples/src/test/resources/tuichalange/features/pet/createPetTests.feature:18)
&amp#27;[0m
  &amp#27;[36mThen &amp#27;[0m&amp#27;[36mnew pet is present in pets list&amp#27;[0m                                     &amp#27;[90m# tuichalange.steps.PetSteps.newPetIsPresentInPetsList()&amp#27;[0m
]]></system-out>
  </testcase>
  <testcase name="Example #1.4" classname="Examples" time="0.0">
    <skipped message="&apos;cucumber.filter.tags=@Smoke&apos; did not match this scenario"/>
  </testcase>
  <testcase name="Example #1.4" classname="Examples" time="0.0">
    <skipped message="&apos;cucumber.filter.tags=@Smoke&apos; did not match this scenario"/>
  </testcase>
  <testcase name="Example #1.4" classname="Examples" time="0.033">
    <system-out><![CDATA[
@Smoke
Scenario Outline: New pet type is present in pet type list &amp#27;[90m# src/test/resources/tuichalange/features/pettypes/createPetTypesTests.feature:13&amp#27;[0m
Request method:	GET
Request URI:	http://localhost:9966/petclinic/api/pettypes
Proxy:			<none>
Request params:	<none>
Query params:	<none>
Form params:	<none>
Path params:	<none>
Headers:		Accept=*/*
				Content-Type=application/json
Cookies:		<none>
Multiparts:		<none>
Body:			<none>
HTTP/1.1 200 
Vary: Origin
Vary: Access-Control-Request-Method
Vary: Access-Control-Request-Headers
X-Content-Type-Options: nosniff
X-XSS-Protection: 0
Cache-Control: no-cache, no-store, max-age=0, must-revalidate
Pragma: no-cache
Expires: 0
X-Frame-Options: DENY
Content-Type: application/json
Transfer-Encoding: chunked
Date: Sat, 20 Jan 2024 15:33:23 GMT
Keep-Alive: timeout=60
Connection: keep-alive

[
    {
        "name": "cat",
        "id": 1
    },
    {
        "name": "Leo",
        "id": 2
    },
    {
        "name": "lizard",
        "id": 3
    },
    {
        "name": "snake",
        "id": 4
    },
    {
        "name": "bird",
        "id": 5
    },
    {
        "name": "hamster",
        "id": 6
    },
    {
        "name": "P",
        "id": 7
    },
    {
        "name": "testPet",
        "id": 8
    },
    {
        "name": "123",
        "id": 9
    },
    {
        "name": "testPet_!$%@/123",
        "id": 10
    },
    {
        "name": "testnamewith80charstestnamewith80charstestnamewith80charstestnamewith80charstest",
        "id": 11
    },
    {
        "name": "testPetType",
        "id": 13
    },
    {
        "name": "testPet2",
        "id": 14
    },
    {
        "name": "T",
        "id": 15
    },
    {
        "name": "1234",
        "id": 16
    },
    {
        "name": "testPet_!$%@/124",
        "id": 17
    },
    {
        "name": "testnamewith80charstestnamewith80charstestnamewith80charstestnamewith80charsteOO",
        "id": 18
    },
    {
        "name": "testPet",
        "id": 19
    },
    {
        "name": "testPet",
        "id": 20
    },
    {
        "name": "testPet",
        "id": 21
    },
    {
        "name": "P",
        "id": 22
    },
    {
        "name": "testPet",
        "id": 23
    },
    {
        "name": "123",
        "id": 24
    },
    {
        "name": "testPet_!$%@/123",
        "id": 25
    },
    {
        "name": "testnamewith80charstestnamewith80charstestnamewith80charstestnamewith80charstest",
        "id": 26
    },
    {
        "name": "testPetType",
        "id": 28
    },
    {
        "name": "testPet2",
        "id": 29
    },
    {
        "name": "T",
        "id": 30
    },
    {
        "name": "1234",
        "id": 31
    },
    {
        "name": "testPet_!$%@/124",
        "id": 32
    },
    {
        "name": "testnamewith80charstestnamewith80charstestnamewith80charstestnamewith80charsteOO",
        "id": 33
    },
    {
        "name": "testPet",
        "id": 34
    },
    {
        "name": "testPet",
        "id": 35
    },
    {
        "name": "testPet",
        "id": 36
    },
    {
        "name": "P",
        "id": 37
    },
    {
        "name": "testPet",
        "id": 38
    },
    {
        "name": "123",
        "id": 39
    },
    {
        "name": "testPet_!$%@/123",
        "id": 40
    },
    {
        "name": "testnamewith80charstestnamewith80charstestnamewith80charstestnamewith80charstest",
        "id": 41
    },
    {
        "name": "testPetType",
        "id": 43
    },
    {
        "name": "testPet2",
        "id": 44
    },
    {
        "name": "T",
        "id": 45
    },
    {
        "name": "1234",
        "id": 46
    },
    {
        "name": "testPet_!$%@/124",
        "id": 47
    },
    {
        "name": "testnamewith80charstestnamewith80charstestnamewith80charstestnamewith80charsteOO",
        "id": 48
    },
    {
        "name": "testPet",
        "id": 49
    },
    {
        "name": "testPet",
        "id": 50
    },
    {
        "name": "testPet",
        "id": 51
    },
    {
        "name": "P",
        "id": 52
    },
    {
        "name": "testPet",
        "id": 53
    },
    {
        "name": "123",
        "id": 54
    },
    {
        "name": "testPet_!$%@/123",
        "id": 55
    },
    {
        "name": "testnamewith80charstestnamewith80charstestnamewith80charstestnamewith80charstest",
        "id": 56
    },
    {
        "name": "cat",
        "id": 57
    },
    {
        "name": "cat",
        "id": 58
    },
    {
        "name": "cat",
        "id": 59
    },
    {
        "name": "cat",
        "id": 60
    },
    {
        "name": "cat",
        "id": 61
    },
    {
        "name": "cat",
        "id": 62
    },
    {
        "name": "cat",
        "id": 63
    },
    {
        "name": "cat",
        "id": 64
    },
    {
        "name": "cat",
        "id": 65
    },
    {
        "name": "cat",
        "id": 66
    },
    {
        "name": "cat",
        "id": 67
    },
    {
        "name": "cat",
        "id": 68
    },
    {
        "name": "cat",
        "id": 69
    },
    {
        "name": "cat",
        "id": 70
    },
    {
        "name": "cat",
        "id": 71
    },
    {
        "name": "cat",
        "id": 72
    },
    {
        "name": "cat",
        "id": 73
    },
    {
        "name": "cat",
        "id": 74
    },
    {
        "name": "cat",
        "id": 75
    },
    {
        "name": "cat",
        "id": 76
    },
    {
        "name": "cat",
        "id": 77
    },
    {
        "name": "cat",
        "id": 78
    },
    {
        "name": "cat",
        "id": 79
    },
    {
        "name": "cat",
        "id": 80
    },
    {
        "name": "cat",
        "id": 81
    },
    {
        "name": "cat",
        "id": 82
    },
    {
        "name": "cat",
        "id": 83
    },
    {
        "name": "cat",
        "id": 84
    },
    {
        "name": "cat",
        "id": 85
    },
    {
        "name": "cat",
        "id": 86
    },
    {
        "name": "cat",
        "id": 87
    },
    {
        "name": "cat",
        "id": 88
    },
    {
        "name": "cat",
        "id": 89
    },
    {
        "name": "cat",
        "id": 90
    },
    {
        "name": "cat",
        "id": 91
    },
    {
        "name": "cat",
        "id": 92
    },
    {
        "name": "cat",
        "id": 93
    },
    {
        "name": "cat",
        "id": 94
    },
    {
        "name": "cat",
        "id": 95
    },
    {
        "name": "cat",
        "id": 96
    },
    {
        "name": "cat",
        "id": 97
    },
    {
        "name": "cat",
        "id": 98
    },
    {
        "name": "cat",
        "id": 99
    },
    {
        "name": "cat",
        "id": 100
    },
    {
        "name": "cat",
        "id": 101
    },
    {
        "name": "cat",
        "id": 102
    },
    {
        "name": "cat",
        "id": 103
    },
    {
        "name": "cat",
        "id": 104
    },
    {
        "name": "cat",
        "id": 105
    },
    {
        "name": "cat",
        "id": 106
    },
    {
        "name": "cat",
        "id": 107
    },
    {
        "name": "cat",
        "id": 108
    },
    {
        "name": "cat",
        "id": 109
    },
    {
        "name": "cat",
        "id": 110
    },
    {
        "name": "cat",
        "id": 111
    },
    {
        "name": "cat",
        "id": 112
    },
    {
        "name": "cat",
        "id": 113
    },
    {
        "name": "cat",
        "id": 114
    },
    {
        "name": "cat",
        "id": 115
    },
    {
        "name": "cat",
        "id": 116
    },
    {
        "name": "cat",
        "id": 117
    },
    {
        "name": "cat",
        "id": 118
    },
    {
        "name": "cat",
        "id": 119
    },
    {
        "name": "cat",
        "id": 120
    },
    {
        "name": "cat",
        "id": 121
    },
    {
        "name": "cat",
        "id": 122
    },
    {
        "name": "cat",
        "id": 123
    },
    {
        "name": "cat",
        "id": 124
    },
    {
        "name": "cat",
        "id": 125
    },
    {
        "name": "cat",
        "id": 126
    },
    {
        "name": "cat",
        "id": 127
    },
    {
        "name": "cat",
        "id": 128
    },
    {
        "name": "cat",
        "id": 129
    },
    {
        "name": "cat",
        "id": 130
    },
    {
        "name": "cat",
        "id": 131
    },
    {
        "name": "cat",
        "id": 132
    },
    {
        "name": "cat",
        "id": 133
    },
    {
        "name": "cat",
        "id": 134
    },
    {
        "name": "cat",
        "id": 135
    },
    {
        "name": "cat",
        "id": 136
    },
    {
        "name": "cat",
        "id": 137
    },
    {
        "name": "cat",
        "id": 138
    },
    {
        "name": "cat",
        "id": 139
    },
    {
        "name": "cat",
        "id": 140
    },
    {
        "name": "cat",
        "id": 141
    },
    {
        "name": "cat",
        "id": 142
    },
    {
        "name": "cat",
        "id": 143
    },
    {
        "name": "cat",
        "id": 144
    },
    {
        "name": "cat",
        "id": 145
    },
    {
        "name": "cat",
        "id": 146
    },
    {
        "name": "cat",
        "id": 147
    },
    {
        "name": "cat",
        "id": 148
    },
    {
        "name": "cat",
        "id": 149
    },
    {
        "name": "cat",
        "id": 150
    },
    {
        "name": "cat",
        "id": 151
    },
    {
        "name": "cat",
        "id": 152
    },
    {
        "name": "cat",
        "id": 153
    },
    {
        "name": "cat",
        "id": 154
    },
    {
        "name": "cat",
        "id": 155
    },
    {
        "name": "cat",
        "id": 156
    },
    {
        "name": "cat",
        "id": 157
    },
    {
        "name": "cat",
        "id": 158
    },
    {
        "name": "cat",
        "id": 159
    },
    {
        "name": "cat",
        "id": 160
    },
    {
        "name": "cat",
        "id": 161
    },
    {
        "name": "cat",
        "id": 162
    },
    {
        "name": "cat",
        "id": 163
    },
    {
        "name": "cat",
        "id": 164
    },
    {
        "name": "cat",
        "id": 165
    },
    {
        "name": "cat",
        "id": 166
    },
    {
        "name": "cat",
        "id": 167
    },
    {
        "name": "cat",
        "id": 168
    },
    {
        "name": "cat",
        "id": 169
    },
    {
        "name": "cat",
        "id": 170
    },
    {
        "name": "cat",
        "id": 171
    },
    {
        "name": "cat",
        "id": 172
    },
    {
        "name": "cat",
        "id": 173
    },
    {
        "name": "cat",
        "id": 174
    },
    {
        "name": "cat",
        "id": 175
    },
    {
        "name": "cat",
        "id": 176
    },
    {
        "name": "cat",
        "id": 177
    },
    {
        "name": "cat",
        "id": 178
    },
    {
        "name": "cat",
        "id": 179
    },
    {
        "name": "cat",
        "id": 180
    },
    {
        "name": "cat",
        "id": 181
    },
    {
        "name": "cat",
        "id": 182
    },
    {
        "name": "cat",
        "id": 183
    },
    {
        "name": "cat",
        "id": 184
    },
    {
        "name": "cat",
        "id": 185
    },
    {
        "name": "cat",
        "id": 186
    },
    {
        "name": "cat",
        "id": 187
    },
    {
        "name": "cat",
        "id": 188
    },
    {
        "name": "cat",
        "id": 189
    },
    {
        "name": "cat",
        "id": 190
    },
    {
        "name": "cat",
        "id": 191
    },
    {
        "name": "cat",
        "id": 192
    },
    {
        "name": "cat",
        "id": 193
    },
    {
        "name": "cat",
        "id": 194
    },
    {
        "name": "cat",
        "id": 195
    },
    {
        "name": "cat",
        "id": 196
    },
    {
        "name": "cat",
        "id": 197
    },
    {
        "name": "cat",
        "id": 198
    },
    {
        "name": "cat",
        "id": 199
    },
    {
        "name": "cat",
        "id": 200
    },
    {
        "name": "cat",
        "id": 201
    },
    {
        "name": "cat",
        "id": 202
    },
    {
        "name": "cat",
        "id": 203
    },
    {
        "name": "cat",
        "id": 204
    },
    {
        "name": "cat",
        "id": 205
    },
    {
        "name": "cat",
        "id": 206
    },
    {
        "name": "cat",
        "id": 207
    },
    {
        "name": "cat",
        "id": 208
    },
    {
        "name": "cat",
        "id": 209
    },
    {
        "name": "cat",
        "id": 210
    },
    {
        "name": "cat",
        "id": 211
    },
    {
        "name": "cat",
        "id": 212
    },
    {
        "name": "cat",
        "id": 213
    },
    {
        "name": "cat",
        "id": 214
    },
    {
        "name": "cat",
        "id": 215
    },
    {
        "name": "cat",
        "id": 216
    },
    {
        "name": "cat",
        "id": 217
    },
    {
        "name": "cat",
        "id": 218
    },
    {
        "name": "cat",
        "id": 219
    },
    {
        "name": "cat",
        "id": 220
    },
    {
        "name": "cat",
        "id": 221
    },
    {
        "name": "cat",
        "id": 222
    },
    {
        "name": "cat",
        "id": 223
    },
    {
        "name": "cat",
        "id": 224
    },
    {
        "name": "cat",
        "id": 225
    },
    {
        "name": "cat",
        "id": 226
    },
    {
        "name": "cat",
        "id": 227
    },
    {
        "name": "cat",
        "id": 228
    },
    {
        "name": "cat",
        "id": 229
    },
    {
        "name": "cat",
        "id": 230
    },
    {
        "name": "cat",
        "id": 231
    },
    {
        "name": "cat",
        "id": 232
    },
    {
        "name": "cat",
        "id": 233
    },
    {
        "name": "cat",
        "id": 234
    },
    {
        "name": "cat",
        "id": 235
    },
    {
        "name": "cat",
        "id": 236
    },
    {
        "name": "cat",
        "id": 237
    },
    {
        "name": "cat",
        "id": 238
    },
    {
        "name": "cat",
        "id": 239
    },
    {
        "name": "cat",
        "id": 240
    },
    {
        "name": "cat",
        "id": 241
    },
    {
        "name": "cat",
        "id": 242
    },
    {
        "name": "cat",
        "id": 243
    },
    {
        "name": "cat",
        "id": 244
    },
    {
        "name": "cat",
        "id": 245
    },
    {
        "name": "cat",
        "id": 246
    },
    {
        "name": "cat",
        "id": 247
    },
    {
        "name": "cat",
        "id": 248
    },
    {
        "name": "cat",
        "id": 249
    },
    {
        "name": "cat",
        "id": 250
    },
    {
        "name": "cat",
        "id": 251
    },
    {
        "name": "cat",
        "id": 252
    },
    {
        "name": "cat",
        "id": 253
    },
    {
        "name": "cat",
        "id": 254
    },
    {
        "name": "cat",
        "id": 255
    },
    {
        "name": "cat",
        "id": 256
    },
    {
        "name": "cat",
        "id": 257
    },
    {
        "name": "cat",
        "id": 258
    },
    {
        "name": "cat",
        "id": 259
    },
    {
        "name": "cat",
        "id": 260
    },
    {
        "name": "cat",
        "id": 261
    },
    {
        "name": "cat",
        "id": 262
    },
    {
        "name": "cat",
        "id": 263
    },
    {
        "name": "cat",
        "id": 264
    },
    {
        "name": "cat",
        "id": 265
    },
    {
        "name": "cat",
        "id": 266
    },
    {
        "name": "cat",
        "id": 267
    },
    {
        "name": "cat",
        "id": 268
    },
    {
        "name": "cat",
        "id": 269
    },
    {
        "name": "cat",
        "id": 270
    },
    {
        "name": "cat",
        "id": 271
    },
    {
        "name": "cat",
        "id": 272
    },
    {
        "name": "cat",
        "id": 273
    },
    {
        "name": "cat",
        "id": 274
    },
    {
        "name": "cat",
        "id": 275
    },
    {
        "name": "cat",
        "id": 276
    },
    {
        "name": "cat",
        "id": 277
    },
    {
        "name": "cat",
        "id": 278
    },
    {
        "name": "cat",
        "id": 279
    },
    {
        "name": "cat",
        "id": 280
    },
    {
        "name": "cat",
        "id": 281
    },
    {
        "name": "cat",
        "id": 282
    },
    {
        "name": "cat",
        "id": 283
    },
    {
        "name": "cat",
        "id": 284
    },
    {
        "name": "cat",
        "id": 285
    },
    {
        "name": "cat",
        "id": 286
    },
    {
        "name": "P",
        "id": 287
    },
    {
        "name": "testPet",
        "id": 288
    },
    {
        "name": "123",
        "id": 289
    }
]
  &amp#27;[32mGiven &amp#27;[0m&amp#27;[32mlist of pet types&amp#27;[0m                                  &amp#27;[90m# tuichalange.steps.PetTypesSteps.listOfPetTypes()&amp#27;[0m
Request method:	POST
Request URI:	http://localhost:9966/petclinic/api/pettypes
Proxy:			<none>
Request params:	<none>
Query params:	<none>
Form params:	<none>
Path params:	<none>
Headers:		Accept=*/*
				Content-Type=application/json
Cookies:		<none>
Multiparts:		<none>
Body:
{
    "name": "testPet_!$%@/123",
    "id": null
}
HTTP/1.1 201 
Vary: Origin
Vary: Access-Control-Request-Method
Vary: Access-Control-Request-Headers
Location: /api/pettypes/290
X-Content-Type-Options: nosniff
X-XSS-Protection: 0
Cache-Control: no-cache, no-store, max-age=0, must-revalidate
Pragma: no-cache
Expires: 0
X-Frame-Options: DENY
Content-Type: application/json
Transfer-Encoding: chunked
Date: Sat, 20 Jan 2024 15:33:23 GMT
Keep-Alive: timeout=60
Connection: keep-alive

{
    "name": "testPet_!$%@/123",
    "id": 290
}
  &amp#27;[32mWhen &amp#27;[0m&amp#27;[32muser creates pet type with name &amp#27;[0m&amp#27;[32m&amp#27;[1mtestPet_!$%@/123&amp#27;[0m    &amp#27;[90m# tuichalange.steps.PetTypesSteps.userCreatesPetType(java.lang.String)&amp#27;[0m
Request method:	GET
Request URI:	http://localhost:9966/petclinic/api/pettypes
Proxy:			<none>
Request params:	<none>
Query params:	<none>
Form params:	<none>
Path params:	<none>
Headers:		Accept=*/*
				Content-Type=application/json
Cookies:		<none>
Multiparts:		<none>
Body:			<none>
HTTP/1.1 200 
Vary: Origin
Vary: Access-Control-Request-Method
Vary: Access-Control-Request-Headers
X-Content-Type-Options: nosniff
X-XSS-Protection: 0
Cache-Control: no-cache, no-store, max-age=0, must-revalidate
Pragma: no-cache
Expires: 0
X-Frame-Options: DENY
Content-Type: application/json
Transfer-Encoding: chunked
Date: Sat, 20 Jan 2024 15:33:23 GMT
Keep-Alive: timeout=60
Connection: keep-alive

[
    {
        "name": "cat",
        "id": 1
    },
    {
        "name": "Leo",
        "id": 2
    },
    {
        "name": "lizard",
        "id": 3
    },
    {
        "name": "snake",
        "id": 4
    },
    {
        "name": "bird",
        "id": 5
    },
    {
        "name": "hamster",
        "id": 6
    },
    {
        "name": "P",
        "id": 7
    },
    {
        "name": "testPet",
        "id": 8
    },
    {
        "name": "123",
        "id": 9
    },
    {
        "name": "testPet_!$%@/123",
        "id": 10
    },
    {
        "name": "testnamewith80charstestnamewith80charstestnamewith80charstestnamewith80charstest",
        "id": 11
    },
    {
        "name": "testPetType",
        "id": 13
    },
    {
        "name": "testPet2",
        "id": 14
    },
    {
        "name": "T",
        "id": 15
    },
    {
        "name": "1234",
        "id": 16
    },
    {
        "name": "testPet_!$%@/124",
        "id": 17
    },
    {
        "name": "testnamewith80charstestnamewith80charstestnamewith80charstestnamewith80charsteOO",
        "id": 18
    },
    {
        "name": "testPet",
        "id": 19
    },
    {
        "name": "testPet",
        "id": 20
    },
    {
        "name": "testPet",
        "id": 21
    },
    {
        "name": "P",
        "id": 22
    },
    {
        "name": "testPet",
        "id": 23
    },
    {
        "name": "123",
        "id": 24
    },
    {
        "name": "testPet_!$%@/123",
        "id": 25
    },
    {
        "name": "testnamewith80charstestnamewith80charstestnamewith80charstestnamewith80charstest",
        "id": 26
    },
    {
        "name": "testPetType",
        "id": 28
    },
    {
        "name": "testPet2",
        "id": 29
    },
    {
        "name": "T",
        "id": 30
    },
    {
        "name": "1234",
        "id": 31
    },
    {
        "name": "testPet_!$%@/124",
        "id": 32
    },
    {
        "name": "testnamewith80charstestnamewith80charstestnamewith80charstestnamewith80charsteOO",
        "id": 33
    },
    {
        "name": "testPet",
        "id": 34
    },
    {
        "name": "testPet",
        "id": 35
    },
    {
        "name": "testPet",
        "id": 36
    },
    {
        "name": "P",
        "id": 37
    },
    {
        "name": "testPet",
        "id": 38
    },
    {
        "name": "123",
        "id": 39
    },
    {
        "name": "testPet_!$%@/123",
        "id": 40
    },
    {
        "name": "testnamewith80charstestnamewith80charstestnamewith80charstestnamewith80charstest",
        "id": 41
    },
    {
        "name": "testPetType",
        "id": 43
    },
    {
        "name": "testPet2",
        "id": 44
    },
    {
        "name": "T",
        "id": 45
    },
    {
        "name": "1234",
        "id": 46
    },
    {
        "name": "testPet_!$%@/124",
        "id": 47
    },
    {
        "name": "testnamewith80charstestnamewith80charstestnamewith80charstestnamewith80charsteOO",
        "id": 48
    },
    {
        "name": "testPet",
        "id": 49
    },
    {
        "name": "testPet",
        "id": 50
    },
    {
        "name": "testPet",
        "id": 51
    },
    {
        "name": "P",
        "id": 52
    },
    {
        "name": "testPet",
        "id": 53
    },
    {
        "name": "123",
        "id": 54
    },
    {
        "name": "testPet_!$%@/123",
        "id": 55
    },
    {
        "name": "testnamewith80charstestnamewith80charstestnamewith80charstestnamewith80charstest",
        "id": 56
    },
    {
        "name": "cat",
        "id": 57
    },
    {
        "name": "cat",
        "id": 58
    },
    {
        "name": "cat",
        "id": 59
    },
    {
        "name": "cat",
        "id": 60
    },
    {
        "name": "cat",
        "id": 61
    },
    {
        "name": "cat",
        "id": 62
    },
    {
        "name": "cat",
        "id": 63
    },
    {
        "name": "cat",
        "id": 64
    },
    {
        "name": "cat",
        "id": 65
    },
    {
        "name": "cat",
        "id": 66
    },
    {
        "name": "cat",
        "id": 67
    },
    {
        "name": "cat",
        "id": 68
    },
    {
        "name": "cat",
        "id": 69
    },
    {
        "name": "cat",
        "id": 70
    },
    {
        "name": "cat",
        "id": 71
    },
    {
        "name": "cat",
        "id": 72
    },
    {
        "name": "cat",
        "id": 73
    },
    {
        "name": "cat",
        "id": 74
    },
    {
        "name": "cat",
        "id": 75
    },
    {
        "name": "cat",
        "id": 76
    },
    {
        "name": "cat",
        "id": 77
    },
    {
        "name": "cat",
        "id": 78
    },
    {
        "name": "cat",
        "id": 79
    },
    {
        "name": "cat",
        "id": 80
    },
    {
        "name": "cat",
        "id": 81
    },
    {
        "name": "cat",
        "id": 82
    },
    {
        "name": "cat",
        "id": 83
    },
    {
        "name": "cat",
        "id": 84
    },
    {
        "name": "cat",
        "id": 85
    },
    {
        "name": "cat",
        "id": 86
    },
    {
        "name": "cat",
        "id": 87
    },
    {
        "name": "cat",
        "id": 88
    },
    {
        "name": "cat",
        "id": 89
    },
    {
        "name": "cat",
        "id": 90
    },
    {
        "name": "cat",
        "id": 91
    },
    {
        "name": "cat",
        "id": 92
    },
    {
        "name": "cat",
        "id": 93
    },
    {
        "name": "cat",
        "id": 94
    },
    {
        "name": "cat",
        "id": 95
    },
    {
        "name": "cat",
        "id": 96
    },
    {
        "name": "cat",
        "id": 97
    },
    {
        "name": "cat",
        "id": 98
    },
    {
        "name": "cat",
        "id": 99
    },
    {
        "name": "cat",
        "id": 100
    },
    {
        "name": "cat",
        "id": 101
    },
    {
        "name": "cat",
        "id": 102
    },
    {
        "name": "cat",
        "id": 103
    },
    {
        "name": "cat",
        "id": 104
    },
    {
        "name": "cat",
        "id": 105
    },
    {
        "name": "cat",
        "id": 106
    },
    {
        "name": "cat",
        "id": 107
    },
    {
        "name": "cat",
        "id": 108
    },
    {
        "name": "cat",
        "id": 109
    },
    {
        "name": "cat",
        "id": 110
    },
    {
        "name": "cat",
        "id": 111
    },
    {
        "name": "cat",
        "id": 112
    },
    {
        "name": "cat",
        "id": 113
    },
    {
        "name": "cat",
        "id": 114
    },
    {
        "name": "cat",
        "id": 115
    },
    {
        "name": "cat",
        "id": 116
    },
    {
        "name": "cat",
        "id": 117
    },
    {
        "name": "cat",
        "id": 118
    },
    {
        "name": "cat",
        "id": 119
    },
    {
        "name": "cat",
        "id": 120
    },
    {
        "name": "cat",
        "id": 121
    },
    {
        "name": "cat",
        "id": 122
    },
    {
        "name": "cat",
        "id": 123
    },
    {
        "name": "cat",
        "id": 124
    },
    {
        "name": "cat",
        "id": 125
    },
    {
        "name": "cat",
        "id": 126
    },
    {
        "name": "cat",
        "id": 127
    },
    {
        "name": "cat",
        "id": 128
    },
    {
        "name": "cat",
        "id": 129
    },
    {
        "name": "cat",
        "id": 130
    },
    {
        "name": "cat",
        "id": 131
    },
    {
        "name": "cat",
        "id": 132
    },
    {
        "name": "cat",
        "id": 133
    },
    {
        "name": "cat",
        "id": 134
    },
    {
        "name": "cat",
        "id": 135
    },
    {
        "name": "cat",
        "id": 136
    },
    {
        "name": "cat",
        "id": 137
    },
    {
        "name": "cat",
        "id": 138
    },
    {
        "name": "cat",
        "id": 139
    },
    {
        "name": "cat",
        "id": 140
    },
    {
        "name": "cat",
        "id": 141
    },
    {
        "name": "cat",
        "id": 142
    },
    {
        "name": "cat",
        "id": 143
    },
    {
        "name": "cat",
        "id": 144
    },
    {
        "name": "cat",
        "id": 145
    },
    {
        "name": "cat",
        "id": 146
    },
    {
        "name": "cat",
        "id": 147
    },
    {
        "name": "cat",
        "id": 148
    },
    {
        "name": "cat",
        "id": 149
    },
    {
        "name": "cat",
        "id": 150
    },
    {
        "name": "cat",
        "id": 151
    },
    {
        "name": "cat",
        "id": 152
    },
    {
        "name": "cat",
        "id": 153
    },
    {
        "name": "cat",
        "id": 154
    },
    {
        "name": "cat",
        "id": 155
    },
    {
        "name": "cat",
        "id": 156
    },
    {
        "name": "cat",
        "id": 157
    },
    {
        "name": "cat",
        "id": 158
    },
    {
        "name": "cat",
        "id": 159
    },
    {
        "name": "cat",
        "id": 160
    },
    {
        "name": "cat",
        "id": 161
    },
    {
        "name": "cat",
        "id": 162
    },
    {
        "name": "cat",
        "id": 163
    },
    {
        "name": "cat",
        "id": 164
    },
    {
        "name": "cat",
        "id": 165
    },
    {
        "name": "cat",
        "id": 166
    },
    {
        "name": "cat",
        "id": 167
    },
    {
        "name": "cat",
        "id": 168
    },
    {
        "name": "cat",
        "id": 169
    },
    {
        "name": "cat",
        "id": 170
    },
    {
        "name": "cat",
        "id": 171
    },
    {
        "name": "cat",
        "id": 172
    },
    {
        "name": "cat",
        "id": 173
    },
    {
        "name": "cat",
        "id": 174
    },
    {
        "name": "cat",
        "id": 175
    },
    {
        "name": "cat",
        "id": 176
    },
    {
        "name": "cat",
        "id": 177
    },
    {
        "name": "cat",
        "id": 178
    },
    {
        "name": "cat",
        "id": 179
    },
    {
        "name": "cat",
        "id": 180
    },
    {
        "name": "cat",
        "id": 181
    },
    {
        "name": "cat",
        "id": 182
    },
    {
        "name": "cat",
        "id": 183
    },
    {
        "name": "cat",
        "id": 184
    },
    {
        "name": "cat",
        "id": 185
    },
    {
        "name": "cat",
        "id": 186
    },
    {
        "name": "cat",
        "id": 187
    },
    {
        "name": "cat",
        "id": 188
    },
    {
        "name": "cat",
        "id": 189
    },
    {
        "name": "cat",
        "id": 190
    },
    {
        "name": "cat",
        "id": 191
    },
    {
        "name": "cat",
        "id": 192
    },
    {
        "name": "cat",
        "id": 193
    },
    {
        "name": "cat",
        "id": 194
    },
    {
        "name": "cat",
        "id": 195
    },
    {
        "name": "cat",
        "id": 196
    },
    {
        "name": "cat",
        "id": 197
    },
    {
        "name": "cat",
        "id": 198
    },
    {
        "name": "cat",
        "id": 199
    },
    {
        "name": "cat",
        "id": 200
    },
    {
        "name": "cat",
        "id": 201
    },
    {
        "name": "cat",
        "id": 202
    },
    {
        "name": "cat",
        "id": 203
    },
    {
        "name": "cat",
        "id": 204
    },
    {
        "name": "cat",
        "id": 205
    },
    {
        "name": "cat",
        "id": 206
    },
    {
        "name": "cat",
        "id": 207
    },
    {
        "name": "cat",
        "id": 208
    },
    {
        "name": "cat",
        "id": 209
    },
    {
        "name": "cat",
        "id": 210
    },
    {
        "name": "cat",
        "id": 211
    },
    {
        "name": "cat",
        "id": 212
    },
    {
        "name": "cat",
        "id": 213
    },
    {
        "name": "cat",
        "id": 214
    },
    {
        "name": "cat",
        "id": 215
    },
    {
        "name": "cat",
        "id": 216
    },
    {
        "name": "cat",
        "id": 217
    },
    {
        "name": "cat",
        "id": 218
    },
    {
        "name": "cat",
        "id": 219
    },
    {
        "name": "cat",
        "id": 220
    },
    {
        "name": "cat",
        "id": 221
    },
    {
        "name": "cat",
        "id": 222
    },
    {
        "name": "cat",
        "id": 223
    },
    {
        "name": "cat",
        "id": 224
    },
    {
        "name": "cat",
        "id": 225
    },
    {
        "name": "cat",
        "id": 226
    },
    {
        "name": "cat",
        "id": 227
    },
    {
        "name": "cat",
        "id": 228
    },
    {
        "name": "cat",
        "id": 229
    },
    {
        "name": "cat",
        "id": 230
    },
    {
        "name": "cat",
        "id": 231
    },
    {
        "name": "cat",
        "id": 232
    },
    {
        "name": "cat",
        "id": 233
    },
    {
        "name": "cat",
        "id": 234
    },
    {
        "name": "cat",
        "id": 235
    },
    {
        "name": "cat",
        "id": 236
    },
    {
        "name": "cat",
        "id": 237
    },
    {
        "name": "cat",
        "id": 238
    },
    {
        "name": "cat",
        "id": 239
    },
    {
        "name": "cat",
        "id": 240
    },
    {
        "name": "cat",
        "id": 241
    },
    {
        "name": "cat",
        "id": 242
    },
    {
        "name": "cat",
        "id": 243
    },
    {
        "name": "cat",
        "id": 244
    },
    {
        "name": "cat",
        "id": 245
    },
    {
        "name": "cat",
        "id": 246
    },
    {
        "name": "cat",
        "id": 247
    },
    {
        "name": "cat",
        "id": 248
    },
    {
        "name": "cat",
        "id": 249
    },
    {
        "name": "cat",
        "id": 250
    },
    {
        "name": "cat",
        "id": 251
    },
    {
        "name": "cat",
        "id": 252
    },
    {
        "name": "cat",
        "id": 253
    },
    {
        "name": "cat",
        "id": 254
    },
    {
        "name": "cat",
        "id": 255
    },
    {
        "name": "cat",
        "id": 256
    },
    {
        "name": "cat",
        "id": 257
    },
    {
        "name": "cat",
        "id": 258
    },
    {
        "name": "cat",
        "id": 259
    },
    {
        "name": "cat",
        "id": 260
    },
    {
        "name": "cat",
        "id": 261
    },
    {
        "name": "cat",
        "id": 262
    },
    {
        "name": "cat",
        "id": 263
    },
    {
        "name": "cat",
        "id": 264
    },
    {
        "name": "cat",
        "id": 265
    },
    {
        "name": "cat",
        "id": 266
    },
    {
        "name": "cat",
        "id": 267
    },
    {
        "name": "cat",
        "id": 268
    },
    {
        "name": "cat",
        "id": 269
    },
    {
        "name": "cat",
        "id": 270
    },
    {
        "name": "cat",
        "id": 271
    },
    {
        "name": "cat",
        "id": 272
    },
    {
        "name": "cat",
        "id": 273
    },
    {
        "name": "cat",
        "id": 274
    },
    {
        "name": "cat",
        "id": 275
    },
    {
        "name": "cat",
        "id": 276
    },
    {
        "name": "cat",
        "id": 277
    },
    {
        "name": "cat",
        "id": 278
    },
    {
        "name": "cat",
        "id": 279
    },
    {
        "name": "cat",
        "id": 280
    },
    {
        "name": "cat",
        "id": 281
    },
    {
        "name": "cat",
        "id": 282
    },
    {
        "name": "cat",
        "id": 283
    },
    {
        "name": "cat",
        "id": 284
    },
    {
        "name": "cat",
        "id": 285
    },
    {
        "name": "cat",
        "id": 286
    },
    {
        "name": "P",
        "id": 287
    },
    {
        "name": "testPet",
        "id": 288
    },
    {
        "name": "123",
        "id": 289
    },
    {
        "name": "testPet_!$%@/123",
        "id": 290
    }
]
  &amp#27;[32mThen &amp#27;[0m&amp#27;[32mnew pet type is present in pet types list&amp#27;[0m           &amp#27;[90m# tuichalange.steps.PetTypesSteps.newPetTypeNameIsPresentInPetTypesList()&amp#27;[0m
]]></system-out>
  </testcase>
  <testcase name="Example #1.4" classname="Examples" time="0.0">
    <skipped message="&apos;cucumber.filter.tags=@Smoke&apos; did not match this scenario"/>
  </testcase>
  <testcase name="Example #1.5" classname="Examples" time="0.0">
    <skipped message="&apos;cucumber.filter.tags=@Smoke&apos; did not match this scenario"/>
  </testcase>
  <testcase name="Example #1.5" classname="Examples" time="0.0">
    <skipped message="&apos;cucumber.filter.tags=@Smoke&apos; did not match this scenario"/>
  </testcase>
  <testcase name="Example #1.5" classname="Examples" time="0.0">
    <skipped message="&apos;cucumber.filter.tags=@Smoke&apos; did not match this scenario"/>
  </testcase>
  <testcase name="Example #1.5" classname="Examples" time="0.032">
    <failure message="expected: &lt;201&gt; but was: &lt;400&gt;" type="org.opentest4j.AssertionFailedError"><![CDATA[org.opentest4j.AssertionFailedError: expected: <201> but was: <400>
	at tuichalange.actions.ApiActions.createPetWithOwner(ApiActions.java:152)
	at tuichalange.steps.PetSteps.userCreatesOwnerPetsWithName(PetSteps.java:64)
	at ✽.user creates pet with owner with name test_*()&^%$#@!?/(file:///Users/apetrova/Documents/examples/src/test/resources/tuichalange/features/pet/createPetTests.feature:18)
]]></failure>
    <system-out><![CDATA[
@Smoke
Scenario Outline: New owner pet is created successfully with name &amp#27;[90m# src/test/resources/tuichalange/features/pet/createPetTests.feature:26&amp#27;[0m
Request method:	POST
Request URI:	http://localhost:9966/petclinic/api/owners
Proxy:			<none>
Request params:	<none>
Query params:	<none>
Form params:	<none>
Path params:	<none>
Headers:		Accept=*/*
				Content-Type=application/json
Cookies:		<none>
Multiparts:		<none>
Body:
{
    "firstName": "FNqCEfQ",
    "lastName": "LNEBAoy",
    "address": "Address: K1fC9",
    "city": "City: WDqBH",
    "telephone": "68809435"
}
HTTP/1.1 201 
Vary: Origin
Vary: Access-Control-Request-Method
Vary: Access-Control-Request-Headers
Location: /api/owners/531
X-Content-Type-Options: nosniff
X-XSS-Protection: 0
Cache-Control: no-cache, no-store, max-age=0, must-revalidate
Pragma: no-cache
Expires: 0
X-Frame-Options: DENY
Content-Type: application/json
Transfer-Encoding: chunked
Date: Sat, 20 Jan 2024 15:33:23 GMT
Keep-Alive: timeout=60
Connection: keep-alive

{
    "firstName": "FNqCEfQ",
    "lastName": "LNEBAoy",
    "address": "Address: K1fC9",
    "city": "City: WDqBH",
    "telephone": "68809435",
    "id": 531,
    "pets": [
        
    ]
}
  &amp#27;[32mGiven &amp#27;[0m&amp#27;[32muser creates pets owner&amp#27;[0m                                   &amp#27;[90m# tuichalange.steps.OwnerSteps.userCreatesOwner()&amp#27;[0m
Request method:	POST
Request URI:	http://localhost:9966/petclinic/api/owners/531/pets
Proxy:			<none>
Request params:	<none>
Query params:	<none>
Form params:	<none>
Path params:	ownerId=531
Headers:		Accept=*/*
				Content-Type=application/json
Cookies:		<none>
Multiparts:		<none>
Body:
{
    "name": "test_*()&^%$#@!?/",
    "birthDate": "2022-09-09",
    "type": {
        "name": "cat",
        "id": 1
    }
}
HTTP/1.1 400 
Vary: Origin
Vary: Access-Control-Request-Method
Vary: Access-Control-Request-Headers
X-Content-Type-Options: nosniff
X-XSS-Protection: 0
Cache-Control: no-cache, no-store, max-age=0, must-revalidate
Pragma: no-cache
Expires: 0
X-Frame-Options: DENY
Content-Type: text/plain;charset=UTF-8
Content-Length: 156
Date: Sat, 20 Jan 2024 15:33:23 GMT
Connection: close

{"className":"org.springframework.dao.IncorrectResultSizeDataAccessException","exMessage":"Query did not return a unique result: 231 results were returned"}
  &amp#27;[31mWhen &amp#27;[0m&amp#27;[31muser creates pet with owner with name &amp#27;[0m&amp#27;[31m&amp#27;[1mtest_*()&^%$#@!?/&amp#27;[0m    &amp#27;[90m# tuichalange.steps.PetSteps.userCreatesOwnerPetsWithName(java.lang.String)&amp#27;[0m
      &amp#27;[31morg.opentest4j.AssertionFailedError: expected: <201> but was: <400>
	at org.junit.jupiter.api.AssertionFailureBuilder.build(AssertionFailureBuilder.java:151)
	at org.junit.jupiter.api.AssertionFailureBuilder.buildAndThrow(AssertionFailureBuilder.java:132)
	at org.junit.jupiter.api.AssertEquals.failNotEqual(AssertEquals.java:197)
	at org.junit.jupiter.api.AssertEquals.assertEquals(AssertEquals.java:150)
	at org.junit.jupiter.api.AssertEquals.assertEquals(AssertEquals.java:145)
	at org.junit.jupiter.api.Assertions.assertEquals(Assertions.java:531)
	at tuichalange.actions.ApiActions.createPetWithOwner(ApiActions.java:152)
	at tuichalange.steps.PetSteps.userCreatesOwnerPetsWithName(PetSteps.java:64)
	at ✽.user creates pet with owner with name test_*()&^%$#@!?/(file:///Users/apetrova/Documents/examples/src/test/resources/tuichalange/features/pet/createPetTests.feature:18)
&amp#27;[0m
  &amp#27;[36mThen &amp#27;[0m&amp#27;[36mnew pet is present in pets list&amp#27;[0m                            &amp#27;[90m# tuichalange.steps.PetSteps.newPetIsPresentInPetsList()&amp#27;[0m
]]></system-out>
  </testcase>
  <testcase name="Example #1.5" classname="Examples" time="0.0">
    <skipped message="&apos;cucumber.filter.tags=@Smoke&apos; did not match this scenario"/>
  </testcase>
  <testcase name="Example #1.5" classname="Examples" time="0.0">
    <skipped message="&apos;cucumber.filter.tags=@Smoke&apos; did not match this scenario"/>
  </testcase>
  <testcase name="Example #1.5" classname="Examples" time="0.048">
    <system-out><![CDATA[
@Smoke
Scenario Outline: New pet type is present in pet type list                                                              &amp#27;[90m# src/test/resources/tuichalange/features/pettypes/createPetTypesTests.feature:14&amp#27;[0m
Request method:	GET
Request URI:	http://localhost:9966/petclinic/api/pettypes
Proxy:			<none>
Request params:	<none>
Query params:	<none>
Form params:	<none>
Path params:	<none>
Headers:		Accept=*/*
				Content-Type=application/json
Cookies:		<none>
Multiparts:		<none>
Body:			<none>
HTTP/1.1 200 
Vary: Origin
Vary: Access-Control-Request-Method
Vary: Access-Control-Request-Headers
X-Content-Type-Options: nosniff
X-XSS-Protection: 0
Cache-Control: no-cache, no-store, max-age=0, must-revalidate
Pragma: no-cache
Expires: 0
X-Frame-Options: DENY
Content-Type: application/json
Transfer-Encoding: chunked
Date: Sat, 20 Jan 2024 15:33:23 GMT
Keep-Alive: timeout=60
Connection: keep-alive

[
    {
        "name": "cat",
        "id": 1
    },
    {
        "name": "Leo",
        "id": 2
    },
    {
        "name": "lizard",
        "id": 3
    },
    {
        "name": "snake",
        "id": 4
    },
    {
        "name": "bird",
        "id": 5
    },
    {
        "name": "hamster",
        "id": 6
    },
    {
        "name": "P",
        "id": 7
    },
    {
        "name": "testPet",
        "id": 8
    },
    {
        "name": "123",
        "id": 9
    },
    {
        "name": "testPet_!$%@/123",
        "id": 10
    },
    {
        "name": "testnamewith80charstestnamewith80charstestnamewith80charstestnamewith80charstest",
        "id": 11
    },
    {
        "name": "testPetType",
        "id": 13
    },
    {
        "name": "testPet2",
        "id": 14
    },
    {
        "name": "T",
        "id": 15
    },
    {
        "name": "1234",
        "id": 16
    },
    {
        "name": "testPet_!$%@/124",
        "id": 17
    },
    {
        "name": "testnamewith80charstestnamewith80charstestnamewith80charstestnamewith80charsteOO",
        "id": 18
    },
    {
        "name": "testPet",
        "id": 19
    },
    {
        "name": "testPet",
        "id": 20
    },
    {
        "name": "testPet",
        "id": 21
    },
    {
        "name": "P",
        "id": 22
    },
    {
        "name": "testPet",
        "id": 23
    },
    {
        "name": "123",
        "id": 24
    },
    {
        "name": "testPet_!$%@/123",
        "id": 25
    },
    {
        "name": "testnamewith80charstestnamewith80charstestnamewith80charstestnamewith80charstest",
        "id": 26
    },
    {
        "name": "testPetType",
        "id": 28
    },
    {
        "name": "testPet2",
        "id": 29
    },
    {
        "name": "T",
        "id": 30
    },
    {
        "name": "1234",
        "id": 31
    },
    {
        "name": "testPet_!$%@/124",
        "id": 32
    },
    {
        "name": "testnamewith80charstestnamewith80charstestnamewith80charstestnamewith80charsteOO",
        "id": 33
    },
    {
        "name": "testPet",
        "id": 34
    },
    {
        "name": "testPet",
        "id": 35
    },
    {
        "name": "testPet",
        "id": 36
    },
    {
        "name": "P",
        "id": 37
    },
    {
        "name": "testPet",
        "id": 38
    },
    {
        "name": "123",
        "id": 39
    },
    {
        "name": "testPet_!$%@/123",
        "id": 40
    },
    {
        "name": "testnamewith80charstestnamewith80charstestnamewith80charstestnamewith80charstest",
        "id": 41
    },
    {
        "name": "testPetType",
        "id": 43
    },
    {
        "name": "testPet2",
        "id": 44
    },
    {
        "name": "T",
        "id": 45
    },
    {
        "name": "1234",
        "id": 46
    },
    {
        "name": "testPet_!$%@/124",
        "id": 47
    },
    {
        "name": "testnamewith80charstestnamewith80charstestnamewith80charstestnamewith80charsteOO",
        "id": 48
    },
    {
        "name": "testPet",
        "id": 49
    },
    {
        "name": "testPet",
        "id": 50
    },
    {
        "name": "testPet",
        "id": 51
    },
    {
        "name": "P",
        "id": 52
    },
    {
        "name": "testPet",
        "id": 53
    },
    {
        "name": "123",
        "id": 54
    },
    {
        "name": "testPet_!$%@/123",
        "id": 55
    },
    {
        "name": "testnamewith80charstestnamewith80charstestnamewith80charstestnamewith80charstest",
        "id": 56
    },
    {
        "name": "cat",
        "id": 57
    },
    {
        "name": "cat",
        "id": 58
    },
    {
        "name": "cat",
        "id": 59
    },
    {
        "name": "cat",
        "id": 60
    },
    {
        "name": "cat",
        "id": 61
    },
    {
        "name": "cat",
        "id": 62
    },
    {
        "name": "cat",
        "id": 63
    },
    {
        "name": "cat",
        "id": 64
    },
    {
        "name": "cat",
        "id": 65
    },
    {
        "name": "cat",
        "id": 66
    },
    {
        "name": "cat",
        "id": 67
    },
    {
        "name": "cat",
        "id": 68
    },
    {
        "name": "cat",
        "id": 69
    },
    {
        "name": "cat",
        "id": 70
    },
    {
        "name": "cat",
        "id": 71
    },
    {
        "name": "cat",
        "id": 72
    },
    {
        "name": "cat",
        "id": 73
    },
    {
        "name": "cat",
        "id": 74
    },
    {
        "name": "cat",
        "id": 75
    },
    {
        "name": "cat",
        "id": 76
    },
    {
        "name": "cat",
        "id": 77
    },
    {
        "name": "cat",
        "id": 78
    },
    {
        "name": "cat",
        "id": 79
    },
    {
        "name": "cat",
        "id": 80
    },
    {
        "name": "cat",
        "id": 81
    },
    {
        "name": "cat",
        "id": 82
    },
    {
        "name": "cat",
        "id": 83
    },
    {
        "name": "cat",
        "id": 84
    },
    {
        "name": "cat",
        "id": 85
    },
    {
        "name": "cat",
        "id": 86
    },
    {
        "name": "cat",
        "id": 87
    },
    {
        "name": "cat",
        "id": 88
    },
    {
        "name": "cat",
        "id": 89
    },
    {
        "name": "cat",
        "id": 90
    },
    {
        "name": "cat",
        "id": 91
    },
    {
        "name": "cat",
        "id": 92
    },
    {
        "name": "cat",
        "id": 93
    },
    {
        "name": "cat",
        "id": 94
    },
    {
        "name": "cat",
        "id": 95
    },
    {
        "name": "cat",
        "id": 96
    },
    {
        "name": "cat",
        "id": 97
    },
    {
        "name": "cat",
        "id": 98
    },
    {
        "name": "cat",
        "id": 99
    },
    {
        "name": "cat",
        "id": 100
    },
    {
        "name": "cat",
        "id": 101
    },
    {
        "name": "cat",
        "id": 102
    },
    {
        "name": "cat",
        "id": 103
    },
    {
        "name": "cat",
        "id": 104
    },
    {
        "name": "cat",
        "id": 105
    },
    {
        "name": "cat",
        "id": 106
    },
    {
        "name": "cat",
        "id": 107
    },
    {
        "name": "cat",
        "id": 108
    },
    {
        "name": "cat",
        "id": 109
    },
    {
        "name": "cat",
        "id": 110
    },
    {
        "name": "cat",
        "id": 111
    },
    {
        "name": "cat",
        "id": 112
    },
    {
        "name": "cat",
        "id": 113
    },
    {
        "name": "cat",
        "id": 114
    },
    {
        "name": "cat",
        "id": 115
    },
    {
        "name": "cat",
        "id": 116
    },
    {
        "name": "cat",
        "id": 117
    },
    {
        "name": "cat",
        "id": 118
    },
    {
        "name": "cat",
        "id": 119
    },
    {
        "name": "cat",
        "id": 120
    },
    {
        "name": "cat",
        "id": 121
    },
    {
        "name": "cat",
        "id": 122
    },
    {
        "name": "cat",
        "id": 123
    },
    {
        "name": "cat",
        "id": 124
    },
    {
        "name": "cat",
        "id": 125
    },
    {
        "name": "cat",
        "id": 126
    },
    {
        "name": "cat",
        "id": 127
    },
    {
        "name": "cat",
        "id": 128
    },
    {
        "name": "cat",
        "id": 129
    },
    {
        "name": "cat",
        "id": 130
    },
    {
        "name": "cat",
        "id": 131
    },
    {
        "name": "cat",
        "id": 132
    },
    {
        "name": "cat",
        "id": 133
    },
    {
        "name": "cat",
        "id": 134
    },
    {
        "name": "cat",
        "id": 135
    },
    {
        "name": "cat",
        "id": 136
    },
    {
        "name": "cat",
        "id": 137
    },
    {
        "name": "cat",
        "id": 138
    },
    {
        "name": "cat",
        "id": 139
    },
    {
        "name": "cat",
        "id": 140
    },
    {
        "name": "cat",
        "id": 141
    },
    {
        "name": "cat",
        "id": 142
    },
    {
        "name": "cat",
        "id": 143
    },
    {
        "name": "cat",
        "id": 144
    },
    {
        "name": "cat",
        "id": 145
    },
    {
        "name": "cat",
        "id": 146
    },
    {
        "name": "cat",
        "id": 147
    },
    {
        "name": "cat",
        "id": 148
    },
    {
        "name": "cat",
        "id": 149
    },
    {
        "name": "cat",
        "id": 150
    },
    {
        "name": "cat",
        "id": 151
    },
    {
        "name": "cat",
        "id": 152
    },
    {
        "name": "cat",
        "id": 153
    },
    {
        "name": "cat",
        "id": 154
    },
    {
        "name": "cat",
        "id": 155
    },
    {
        "name": "cat",
        "id": 156
    },
    {
        "name": "cat",
        "id": 157
    },
    {
        "name": "cat",
        "id": 158
    },
    {
        "name": "cat",
        "id": 159
    },
    {
        "name": "cat",
        "id": 160
    },
    {
        "name": "cat",
        "id": 161
    },
    {
        "name": "cat",
        "id": 162
    },
    {
        "name": "cat",
        "id": 163
    },
    {
        "name": "cat",
        "id": 164
    },
    {
        "name": "cat",
        "id": 165
    },
    {
        "name": "cat",
        "id": 166
    },
    {
        "name": "cat",
        "id": 167
    },
    {
        "name": "cat",
        "id": 168
    },
    {
        "name": "cat",
        "id": 169
    },
    {
        "name": "cat",
        "id": 170
    },
    {
        "name": "cat",
        "id": 171
    },
    {
        "name": "cat",
        "id": 172
    },
    {
        "name": "cat",
        "id": 173
    },
    {
        "name": "cat",
        "id": 174
    },
    {
        "name": "cat",
        "id": 175
    },
    {
        "name": "cat",
        "id": 176
    },
    {
        "name": "cat",
        "id": 177
    },
    {
        "name": "cat",
        "id": 178
    },
    {
        "name": "cat",
        "id": 179
    },
    {
        "name": "cat",
        "id": 180
    },
    {
        "name": "cat",
        "id": 181
    },
    {
        "name": "cat",
        "id": 182
    },
    {
        "name": "cat",
        "id": 183
    },
    {
        "name": "cat",
        "id": 184
    },
    {
        "name": "cat",
        "id": 185
    },
    {
        "name": "cat",
        "id": 186
    },
    {
        "name": "cat",
        "id": 187
    },
    {
        "name": "cat",
        "id": 188
    },
    {
        "name": "cat",
        "id": 189
    },
    {
        "name": "cat",
        "id": 190
    },
    {
        "name": "cat",
        "id": 191
    },
    {
        "name": "cat",
        "id": 192
    },
    {
        "name": "cat",
        "id": 193
    },
    {
        "name": "cat",
        "id": 194
    },
    {
        "name": "cat",
        "id": 195
    },
    {
        "name": "cat",
        "id": 196
    },
    {
        "name": "cat",
        "id": 197
    },
    {
        "name": "cat",
        "id": 198
    },
    {
        "name": "cat",
        "id": 199
    },
    {
        "name": "cat",
        "id": 200
    },
    {
        "name": "cat",
        "id": 201
    },
    {
        "name": "cat",
        "id": 202
    },
    {
        "name": "cat",
        "id": 203
    },
    {
        "name": "cat",
        "id": 204
    },
    {
        "name": "cat",
        "id": 205
    },
    {
        "name": "cat",
        "id": 206
    },
    {
        "name": "cat",
        "id": 207
    },
    {
        "name": "cat",
        "id": 208
    },
    {
        "name": "cat",
        "id": 209
    },
    {
        "name": "cat",
        "id": 210
    },
    {
        "name": "cat",
        "id": 211
    },
    {
        "name": "cat",
        "id": 212
    },
    {
        "name": "cat",
        "id": 213
    },
    {
        "name": "cat",
        "id": 214
    },
    {
        "name": "cat",
        "id": 215
    },
    {
        "name": "cat",
        "id": 216
    },
    {
        "name": "cat",
        "id": 217
    },
    {
        "name": "cat",
        "id": 218
    },
    {
        "name": "cat",
        "id": 219
    },
    {
        "name": "cat",
        "id": 220
    },
    {
        "name": "cat",
        "id": 221
    },
    {
        "name": "cat",
        "id": 222
    },
    {
        "name": "cat",
        "id": 223
    },
    {
        "name": "cat",
        "id": 224
    },
    {
        "name": "cat",
        "id": 225
    },
    {
        "name": "cat",
        "id": 226
    },
    {
        "name": "cat",
        "id": 227
    },
    {
        "name": "cat",
        "id": 228
    },
    {
        "name": "cat",
        "id": 229
    },
    {
        "name": "cat",
        "id": 230
    },
    {
        "name": "cat",
        "id": 231
    },
    {
        "name": "cat",
        "id": 232
    },
    {
        "name": "cat",
        "id": 233
    },
    {
        "name": "cat",
        "id": 234
    },
    {
        "name": "cat",
        "id": 235
    },
    {
        "name": "cat",
        "id": 236
    },
    {
        "name": "cat",
        "id": 237
    },
    {
        "name": "cat",
        "id": 238
    },
    {
        "name": "cat",
        "id": 239
    },
    {
        "name": "cat",
        "id": 240
    },
    {
        "name": "cat",
        "id": 241
    },
    {
        "name": "cat",
        "id": 242
    },
    {
        "name": "cat",
        "id": 243
    },
    {
        "name": "cat",
        "id": 244
    },
    {
        "name": "cat",
        "id": 245
    },
    {
        "name": "cat",
        "id": 246
    },
    {
        "name": "cat",
        "id": 247
    },
    {
        "name": "cat",
        "id": 248
    },
    {
        "name": "cat",
        "id": 249
    },
    {
        "name": "cat",
        "id": 250
    },
    {
        "name": "cat",
        "id": 251
    },
    {
        "name": "cat",
        "id": 252
    },
    {
        "name": "cat",
        "id": 253
    },
    {
        "name": "cat",
        "id": 254
    },
    {
        "name": "cat",
        "id": 255
    },
    {
        "name": "cat",
        "id": 256
    },
    {
        "name": "cat",
        "id": 257
    },
    {
        "name": "cat",
        "id": 258
    },
    {
        "name": "cat",
        "id": 259
    },
    {
        "name": "cat",
        "id": 260
    },
    {
        "name": "cat",
        "id": 261
    },
    {
        "name": "cat",
        "id": 262
    },
    {
        "name": "cat",
        "id": 263
    },
    {
        "name": "cat",
        "id": 264
    },
    {
        "name": "cat",
        "id": 265
    },
    {
        "name": "cat",
        "id": 266
    },
    {
        "name": "cat",
        "id": 267
    },
    {
        "name": "cat",
        "id": 268
    },
    {
        "name": "cat",
        "id": 269
    },
    {
        "name": "cat",
        "id": 270
    },
    {
        "name": "cat",
        "id": 271
    },
    {
        "name": "cat",
        "id": 272
    },
    {
        "name": "cat",
        "id": 273
    },
    {
        "name": "cat",
        "id": 274
    },
    {
        "name": "cat",
        "id": 275
    },
    {
        "name": "cat",
        "id": 276
    },
    {
        "name": "cat",
        "id": 277
    },
    {
        "name": "cat",
        "id": 278
    },
    {
        "name": "cat",
        "id": 279
    },
    {
        "name": "cat",
        "id": 280
    },
    {
        "name": "cat",
        "id": 281
    },
    {
        "name": "cat",
        "id": 282
    },
    {
        "name": "cat",
        "id": 283
    },
    {
        "name": "cat",
        "id": 284
    },
    {
        "name": "cat",
        "id": 285
    },
    {
        "name": "cat",
        "id": 286
    },
    {
        "name": "P",
        "id": 287
    },
    {
        "name": "testPet",
        "id": 288
    },
    {
        "name": "123",
        "id": 289
    },
    {
        "name": "testPet_!$%@/123",
        "id": 290
    }
]
  &amp#27;[32mGiven &amp#27;[0m&amp#27;[32mlist of pet types&amp#27;[0m                                                                                               &amp#27;[90m# tuichalange.steps.PetTypesSteps.listOfPetTypes()&amp#27;[0m
Request method:	POST
Request URI:	http://localhost:9966/petclinic/api/pettypes
Proxy:			<none>
Request params:	<none>
Query params:	<none>
Form params:	<none>
Path params:	<none>
Headers:		Accept=*/*
				Content-Type=application/json
Cookies:		<none>
Multiparts:		<none>
Body:
{
    "name": "testnamewith80charstestnamewith80charstestnamewith80charstestnamewith80charstest",
    "id": null
}
HTTP/1.1 201 
Vary: Origin
Vary: Access-Control-Request-Method
Vary: Access-Control-Request-Headers
Location: /api/pettypes/291
X-Content-Type-Options: nosniff
X-XSS-Protection: 0
Cache-Control: no-cache, no-store, max-age=0, must-revalidate
Pragma: no-cache
Expires: 0
X-Frame-Options: DENY
Content-Type: application/json
Transfer-Encoding: chunked
Date: Sat, 20 Jan 2024 15:33:23 GMT
Keep-Alive: timeout=60
Connection: keep-alive

{
    "name": "testnamewith80charstestnamewith80charstestnamewith80charstestnamewith80charstest",
    "id": 291
}
  &amp#27;[32mWhen &amp#27;[0m&amp#27;[32muser creates pet type with name &amp#27;[0m&amp#27;[32m&amp#27;[1mtestnamewith80charstestnamewith80charstestnamewith80charstestnamewith80charstest&amp#27;[0m &amp#27;[90m# tuichalange.steps.PetTypesSteps.userCreatesPetType(java.lang.String)&amp#27;[0m
Request method:	GET
Request URI:	http://localhost:9966/petclinic/api/pettypes
Proxy:			<none>
Request params:	<none>
Query params:	<none>
Form params:	<none>
Path params:	<none>
Headers:		Accept=*/*
				Content-Type=application/json
Cookies:		<none>
Multiparts:		<none>
Body:			<none>
HTTP/1.1 200 
Vary: Origin
Vary: Access-Control-Request-Method
Vary: Access-Control-Request-Headers
X-Content-Type-Options: nosniff
X-XSS-Protection: 0
Cache-Control: no-cache, no-store, max-age=0, must-revalidate
Pragma: no-cache
Expires: 0
X-Frame-Options: DENY
Content-Type: application/json
Transfer-Encoding: chunked
Date: Sat, 20 Jan 2024 15:33:24 GMT
Keep-Alive: timeout=60
Connection: keep-alive

[
    {
        "name": "cat",
        "id": 1
    },
    {
        "name": "Leo",
        "id": 2
    },
    {
        "name": "lizard",
        "id": 3
    },
    {
        "name": "snake",
        "id": 4
    },
    {
        "name": "bird",
        "id": 5
    },
    {
        "name": "hamster",
        "id": 6
    },
    {
        "name": "P",
        "id": 7
    },
    {
        "name": "testPet",
        "id": 8
    },
    {
        "name": "123",
        "id": 9
    },
    {
        "name": "testPet_!$%@/123",
        "id": 10
    },
    {
        "name": "testnamewith80charstestnamewith80charstestnamewith80charstestnamewith80charstest",
        "id": 11
    },
    {
        "name": "testPetType",
        "id": 13
    },
    {
        "name": "testPet2",
        "id": 14
    },
    {
        "name": "T",
        "id": 15
    },
    {
        "name": "1234",
        "id": 16
    },
    {
        "name": "testPet_!$%@/124",
        "id": 17
    },
    {
        "name": "testnamewith80charstestnamewith80charstestnamewith80charstestnamewith80charsteOO",
        "id": 18
    },
    {
        "name": "testPet",
        "id": 19
    },
    {
        "name": "testPet",
        "id": 20
    },
    {
        "name": "testPet",
        "id": 21
    },
    {
        "name": "P",
        "id": 22
    },
    {
        "name": "testPet",
        "id": 23
    },
    {
        "name": "123",
        "id": 24
    },
    {
        "name": "testPet_!$%@/123",
        "id": 25
    },
    {
        "name": "testnamewith80charstestnamewith80charstestnamewith80charstestnamewith80charstest",
        "id": 26
    },
    {
        "name": "testPetType",
        "id": 28
    },
    {
        "name": "testPet2",
        "id": 29
    },
    {
        "name": "T",
        "id": 30
    },
    {
        "name": "1234",
        "id": 31
    },
    {
        "name": "testPet_!$%@/124",
        "id": 32
    },
    {
        "name": "testnamewith80charstestnamewith80charstestnamewith80charstestnamewith80charsteOO",
        "id": 33
    },
    {
        "name": "testPet",
        "id": 34
    },
    {
        "name": "testPet",
        "id": 35
    },
    {
        "name": "testPet",
        "id": 36
    },
    {
        "name": "P",
        "id": 37
    },
    {
        "name": "testPet",
        "id": 38
    },
    {
        "name": "123",
        "id": 39
    },
    {
        "name": "testPet_!$%@/123",
        "id": 40
    },
    {
        "name": "testnamewith80charstestnamewith80charstestnamewith80charstestnamewith80charstest",
        "id": 41
    },
    {
        "name": "testPetType",
        "id": 43
    },
    {
        "name": "testPet2",
        "id": 44
    },
    {
        "name": "T",
        "id": 45
    },
    {
        "name": "1234",
        "id": 46
    },
    {
        "name": "testPet_!$%@/124",
        "id": 47
    },
    {
        "name": "testnamewith80charstestnamewith80charstestnamewith80charstestnamewith80charsteOO",
        "id": 48
    },
    {
        "name": "testPet",
        "id": 49
    },
    {
        "name": "testPet",
        "id": 50
    },
    {
        "name": "testPet",
        "id": 51
    },
    {
        "name": "P",
        "id": 52
    },
    {
        "name": "testPet",
        "id": 53
    },
    {
        "name": "123",
        "id": 54
    },
    {
        "name": "testPet_!$%@/123",
        "id": 55
    },
    {
        "name": "testnamewith80charstestnamewith80charstestnamewith80charstestnamewith80charstest",
        "id": 56
    },
    {
        "name": "cat",
        "id": 57
    },
    {
        "name": "cat",
        "id": 58
    },
    {
        "name": "cat",
        "id": 59
    },
    {
        "name": "cat",
        "id": 60
    },
    {
        "name": "cat",
        "id": 61
    },
    {
        "name": "cat",
        "id": 62
    },
    {
        "name": "cat",
        "id": 63
    },
    {
        "name": "cat",
        "id": 64
    },
    {
        "name": "cat",
        "id": 65
    },
    {
        "name": "cat",
        "id": 66
    },
    {
        "name": "cat",
        "id": 67
    },
    {
        "name": "cat",
        "id": 68
    },
    {
        "name": "cat",
        "id": 69
    },
    {
        "name": "cat",
        "id": 70
    },
    {
        "name": "cat",
        "id": 71
    },
    {
        "name": "cat",
        "id": 72
    },
    {
        "name": "cat",
        "id": 73
    },
    {
        "name": "cat",
        "id": 74
    },
    {
        "name": "cat",
        "id": 75
    },
    {
        "name": "cat",
        "id": 76
    },
    {
        "name": "cat",
        "id": 77
    },
    {
        "name": "cat",
        "id": 78
    },
    {
        "name": "cat",
        "id": 79
    },
    {
        "name": "cat",
        "id": 80
    },
    {
        "name": "cat",
        "id": 81
    },
    {
        "name": "cat",
        "id": 82
    },
    {
        "name": "cat",
        "id": 83
    },
    {
        "name": "cat",
        "id": 84
    },
    {
        "name": "cat",
        "id": 85
    },
    {
        "name": "cat",
        "id": 86
    },
    {
        "name": "cat",
        "id": 87
    },
    {
        "name": "cat",
        "id": 88
    },
    {
        "name": "cat",
        "id": 89
    },
    {
        "name": "cat",
        "id": 90
    },
    {
        "name": "cat",
        "id": 91
    },
    {
        "name": "cat",
        "id": 92
    },
    {
        "name": "cat",
        "id": 93
    },
    {
        "name": "cat",
        "id": 94
    },
    {
        "name": "cat",
        "id": 95
    },
    {
        "name": "cat",
        "id": 96
    },
    {
        "name": "cat",
        "id": 97
    },
    {
        "name": "cat",
        "id": 98
    },
    {
        "name": "cat",
        "id": 99
    },
    {
        "name": "cat",
        "id": 100
    },
    {
        "name": "cat",
        "id": 101
    },
    {
        "name": "cat",
        "id": 102
    },
    {
        "name": "cat",
        "id": 103
    },
    {
        "name": "cat",
        "id": 104
    },
    {
        "name": "cat",
        "id": 105
    },
    {
        "name": "cat",
        "id": 106
    },
    {
        "name": "cat",
        "id": 107
    },
    {
        "name": "cat",
        "id": 108
    },
    {
        "name": "cat",
        "id": 109
    },
    {
        "name": "cat",
        "id": 110
    },
    {
        "name": "cat",
        "id": 111
    },
    {
        "name": "cat",
        "id": 112
    },
    {
        "name": "cat",
        "id": 113
    },
    {
        "name": "cat",
        "id": 114
    },
    {
        "name": "cat",
        "id": 115
    },
    {
        "name": "cat",
        "id": 116
    },
    {
        "name": "cat",
        "id": 117
    },
    {
        "name": "cat",
        "id": 118
    },
    {
        "name": "cat",
        "id": 119
    },
    {
        "name": "cat",
        "id": 120
    },
    {
        "name": "cat",
        "id": 121
    },
    {
        "name": "cat",
        "id": 122
    },
    {
        "name": "cat",
        "id": 123
    },
    {
        "name": "cat",
        "id": 124
    },
    {
        "name": "cat",
        "id": 125
    },
    {
        "name": "cat",
        "id": 126
    },
    {
        "name": "cat",
        "id": 127
    },
    {
        "name": "cat",
        "id": 128
    },
    {
        "name": "cat",
        "id": 129
    },
    {
        "name": "cat",
        "id": 130
    },
    {
        "name": "cat",
        "id": 131
    },
    {
        "name": "cat",
        "id": 132
    },
    {
        "name": "cat",
        "id": 133
    },
    {
        "name": "cat",
        "id": 134
    },
    {
        "name": "cat",
        "id": 135
    },
    {
        "name": "cat",
        "id": 136
    },
    {
        "name": "cat",
        "id": 137
    },
    {
        "name": "cat",
        "id": 138
    },
    {
        "name": "cat",
        "id": 139
    },
    {
        "name": "cat",
        "id": 140
    },
    {
        "name": "cat",
        "id": 141
    },
    {
        "name": "cat",
        "id": 142
    },
    {
        "name": "cat",
        "id": 143
    },
    {
        "name": "cat",
        "id": 144
    },
    {
        "name": "cat",
        "id": 145
    },
    {
        "name": "cat",
        "id": 146
    },
    {
        "name": "cat",
        "id": 147
    },
    {
        "name": "cat",
        "id": 148
    },
    {
        "name": "cat",
        "id": 149
    },
    {
        "name": "cat",
        "id": 150
    },
    {
        "name": "cat",
        "id": 151
    },
    {
        "name": "cat",
        "id": 152
    },
    {
        "name": "cat",
        "id": 153
    },
    {
        "name": "cat",
        "id": 154
    },
    {
        "name": "cat",
        "id": 155
    },
    {
        "name": "cat",
        "id": 156
    },
    {
        "name": "cat",
        "id": 157
    },
    {
        "name": "cat",
        "id": 158
    },
    {
        "name": "cat",
        "id": 159
    },
    {
        "name": "cat",
        "id": 160
    },
    {
        "name": "cat",
        "id": 161
    },
    {
        "name": "cat",
        "id": 162
    },
    {
        "name": "cat",
        "id": 163
    },
    {
        "name": "cat",
        "id": 164
    },
    {
        "name": "cat",
        "id": 165
    },
    {
        "name": "cat",
        "id": 166
    },
    {
        "name": "cat",
        "id": 167
    },
    {
        "name": "cat",
        "id": 168
    },
    {
        "name": "cat",
        "id": 169
    },
    {
        "name": "cat",
        "id": 170
    },
    {
        "name": "cat",
        "id": 171
    },
    {
        "name": "cat",
        "id": 172
    },
    {
        "name": "cat",
        "id": 173
    },
    {
        "name": "cat",
        "id": 174
    },
    {
        "name": "cat",
        "id": 175
    },
    {
        "name": "cat",
        "id": 176
    },
    {
        "name": "cat",
        "id": 177
    },
    {
        "name": "cat",
        "id": 178
    },
    {
        "name": "cat",
        "id": 179
    },
    {
        "name": "cat",
        "id": 180
    },
    {
        "name": "cat",
        "id": 181
    },
    {
        "name": "cat",
        "id": 182
    },
    {
        "name": "cat",
        "id": 183
    },
    {
        "name": "cat",
        "id": 184
    },
    {
        "name": "cat",
        "id": 185
    },
    {
        "name": "cat",
        "id": 186
    },
    {
        "name": "cat",
        "id": 187
    },
    {
        "name": "cat",
        "id": 188
    },
    {
        "name": "cat",
        "id": 189
    },
    {
        "name": "cat",
        "id": 190
    },
    {
        "name": "cat",
        "id": 191
    },
    {
        "name": "cat",
        "id": 192
    },
    {
        "name": "cat",
        "id": 193
    },
    {
        "name": "cat",
        "id": 194
    },
    {
        "name": "cat",
        "id": 195
    },
    {
        "name": "cat",
        "id": 196
    },
    {
        "name": "cat",
        "id": 197
    },
    {
        "name": "cat",
        "id": 198
    },
    {
        "name": "cat",
        "id": 199
    },
    {
        "name": "cat",
        "id": 200
    },
    {
        "name": "cat",
        "id": 201
    },
    {
        "name": "cat",
        "id": 202
    },
    {
        "name": "cat",
        "id": 203
    },
    {
        "name": "cat",
        "id": 204
    },
    {
        "name": "cat",
        "id": 205
    },
    {
        "name": "cat",
        "id": 206
    },
    {
        "name": "cat",
        "id": 207
    },
    {
        "name": "cat",
        "id": 208
    },
    {
        "name": "cat",
        "id": 209
    },
    {
        "name": "cat",
        "id": 210
    },
    {
        "name": "cat",
        "id": 211
    },
    {
        "name": "cat",
        "id": 212
    },
    {
        "name": "cat",
        "id": 213
    },
    {
        "name": "cat",
        "id": 214
    },
    {
        "name": "cat",
        "id": 215
    },
    {
        "name": "cat",
        "id": 216
    },
    {
        "name": "cat",
        "id": 217
    },
    {
        "name": "cat",
        "id": 218
    },
    {
        "name": "cat",
        "id": 219
    },
    {
        "name": "cat",
        "id": 220
    },
    {
        "name": "cat",
        "id": 221
    },
    {
        "name": "cat",
        "id": 222
    },
    {
        "name": "cat",
        "id": 223
    },
    {
        "name": "cat",
        "id": 224
    },
    {
        "name": "cat",
        "id": 225
    },
    {
        "name": "cat",
        "id": 226
    },
    {
        "name": "cat",
        "id": 227
    },
    {
        "name": "cat",
        "id": 228
    },
    {
        "name": "cat",
        "id": 229
    },
    {
        "name": "cat",
        "id": 230
    },
    {
        "name": "cat",
        "id": 231
    },
    {
        "name": "cat",
        "id": 232
    },
    {
        "name": "cat",
        "id": 233
    },
    {
        "name": "cat",
        "id": 234
    },
    {
        "name": "cat",
        "id": 235
    },
    {
        "name": "cat",
        "id": 236
    },
    {
        "name": "cat",
        "id": 237
    },
    {
        "name": "cat",
        "id": 238
    },
    {
        "name": "cat",
        "id": 239
    },
    {
        "name": "cat",
        "id": 240
    },
    {
        "name": "cat",
        "id": 241
    },
    {
        "name": "cat",
        "id": 242
    },
    {
        "name": "cat",
        "id": 243
    },
    {
        "name": "cat",
        "id": 244
    },
    {
        "name": "cat",
        "id": 245
    },
    {
        "name": "cat",
        "id": 246
    },
    {
        "name": "cat",
        "id": 247
    },
    {
        "name": "cat",
        "id": 248
    },
    {
        "name": "cat",
        "id": 249
    },
    {
        "name": "cat",
        "id": 250
    },
    {
        "name": "cat",
        "id": 251
    },
    {
        "name": "cat",
        "id": 252
    },
    {
        "name": "cat",
        "id": 253
    },
    {
        "name": "cat",
        "id": 254
    },
    {
        "name": "cat",
        "id": 255
    },
    {
        "name": "cat",
        "id": 256
    },
    {
        "name": "cat",
        "id": 257
    },
    {
        "name": "cat",
        "id": 258
    },
    {
        "name": "cat",
        "id": 259
    },
    {
        "name": "cat",
        "id": 260
    },
    {
        "name": "cat",
        "id": 261
    },
    {
        "name": "cat",
        "id": 262
    },
    {
        "name": "cat",
        "id": 263
    },
    {
        "name": "cat",
        "id": 264
    },
    {
        "name": "cat",
        "id": 265
    },
    {
        "name": "cat",
        "id": 266
    },
    {
        "name": "cat",
        "id": 267
    },
    {
        "name": "cat",
        "id": 268
    },
    {
        "name": "cat",
        "id": 269
    },
    {
        "name": "cat",
        "id": 270
    },
    {
        "name": "cat",
        "id": 271
    },
    {
        "name": "cat",
        "id": 272
    },
    {
        "name": "cat",
        "id": 273
    },
    {
        "name": "cat",
        "id": 274
    },
    {
        "name": "cat",
        "id": 275
    },
    {
        "name": "cat",
        "id": 276
    },
    {
        "name": "cat",
        "id": 277
    },
    {
        "name": "cat",
        "id": 278
    },
    {
        "name": "cat",
        "id": 279
    },
    {
        "name": "cat",
        "id": 280
    },
    {
        "name": "cat",
        "id": 281
    },
    {
        "name": "cat",
        "id": 282
    },
    {
        "name": "cat",
        "id": 283
    },
    {
        "name": "cat",
        "id": 284
    },
    {
        "name": "cat",
        "id": 285
    },
    {
        "name": "cat",
        "id": 286
    },
    {
        "name": "P",
        "id": 287
    },
    {
        "name": "testPet",
        "id": 288
    },
    {
        "name": "123",
        "id": 289
    },
    {
        "name": "testPet_!$%@/123",
        "id": 290
    },
    {
        "name": "testnamewith80charstestnamewith80charstestnamewith80charstestnamewith80charstest",
        "id": 291
    }
]
  &amp#27;[32mThen &amp#27;[0m&amp#27;[32mnew pet type is present in pet types list&amp#27;[0m                                                                        &amp#27;[90m# tuichalange.steps.PetTypesSteps.newPetTypeNameIsPresentInPetTypesList()&amp#27;[0m
]]></system-out>
  </testcase>
  <testcase name="Example #1.5" classname="Examples" time="0.0">
    <skipped message="&apos;cucumber.filter.tags=@Smoke&apos; did not match this scenario"/>
  </testcase>
  <testcase name="Owner can be deleted by id" classname="Delete Owner Api Tests" time="0.0">
    <skipped message="&apos;cucumber.filter.tags=@Smoke&apos; did not match this scenario"/>
  </testcase>
  <testcase name="404 error in case delete owner by nonexistent id" classname="Delete Owner Api Tests" time="0.0">
    <skipped message="&apos;cucumber.filter.tags=@Smoke&apos; did not match this scenario"/>
  </testcase>
  <testcase name="Owner can be requested by id" classname="Owner Details Api Tests" time="0.0">
    <skipped message="&apos;cucumber.filter.tags=@Smoke&apos; did not match this scenario"/>
  </testcase>
  <testcase name="Owner with pet can be requested by id" classname="Owner Details Api Tests" time="0.0">
    <skipped message="&apos;cucumber.filter.tags=@Smoke&apos; did not match this scenario"/>
  </testcase>
  <testcase name="Empty response in case request owner by nonexistent id" classname="Owner Details Api Tests" time="0.0">
    <skipped message="&apos;cucumber.filter.tags=@Smoke&apos; did not match this scenario"/>
  </testcase>
  <testcase name="Owners can be searched by last name (exact search)" classname="Search Owner Api Tests" time="0.0">
    <skipped message="&apos;cucumber.filter.tags=@Smoke&apos; did not match this scenario"/>
  </testcase>
  <testcase name="Owners can be searched by last name (partial search)" classname="Search Owner Api Tests" time="0.0">
    <skipped message="&apos;cucumber.filter.tags=@Smoke&apos; did not match this scenario"/>
  </testcase>
  <testcase name="Empty response in case search owner by nonexistent last name" classname="Search Owner Api Tests" time="0.0">
    <skipped message="&apos;cucumber.filter.tags=@Smoke&apos; did not match this scenario"/>
  </testcase>
  <testcase name="404 error in case update owner by nonexistent id" classname="Update Owner Api Tests" time="0.0">
    <skipped message="&apos;cucumber.filter.tags=@Smoke&apos; did not match this scenario"/>
  </testcase>
  <testcase name="New owner pet is created successfully with birth date" classname="Create Pet Api Tests" time="0.0">
    <skipped message="&apos;cucumber.filter.tags=@Smoke&apos; did not match this scenario"/>
  </testcase>
  <testcase name="New owner pet is not created in case name is null" classname="Create Pet Api Tests" time="0.0">
    <skipped message="&apos;cucumber.filter.tags=@Smoke&apos; did not match this scenario"/>
  </testcase>
  <testcase name="New owner pet is not created in case birth date is null" classname="Create Pet Api Tests" time="0.0">
    <skipped message="&apos;cucumber.filter.tags=@Smoke&apos; did not match this scenario"/>
  </testcase>
  <testcase name="New owner pet is not created in case pet type is null" classname="Create Pet Api Tests" time="0.0">
    <skipped message="&apos;cucumber.filter.tags=@Smoke&apos; did not match this scenario"/>
  </testcase>
  <testcase name="Pet can be deleted by id" classname="Delete Pet Api Tests" time="0.0">
    <skipped message="&apos;cucumber.filter.tags=@Smoke&apos; did not match this scenario"/>
  </testcase>
  <testcase name="404 error in case delete pet by nonexistent id" classname="Delete Pet Api Tests" time="0.0">
    <skipped message="&apos;cucumber.filter.tags=@Smoke&apos; did not match this scenario"/>
  </testcase>
  <testcase name="Owner pet details can be requested by id" classname="Get Pet Details Api Tests" time="0.033">
    <failure message="expected: &lt;201&gt; but was: &lt;400&gt;" type="org.opentest4j.AssertionFailedError"><![CDATA[org.opentest4j.AssertionFailedError: expected: <201> but was: <400>
	at tuichalange.actions.ApiActions.createPetWithOwner(ApiActions.java:152)
	at tuichalange.steps.PetSteps.userCreatesPet(PetSteps.java:71)
	at ✽.user creates pet with owner(file:///Users/apetrova/Documents/examples/src/test/resources/tuichalange/features/pet/getPetDetailsTests.feature:6)
]]></failure>
    <system-out><![CDATA[
@Smoke
Scenario: Owner pet details can be requested by id &amp#27;[90m# src/test/resources/tuichalange/features/pet/getPetDetailsTests.feature:4&amp#27;[0m
Request method:	POST
Request URI:	http://localhost:9966/petclinic/api/owners
Proxy:			<none>
Request params:	<none>
Query params:	<none>
Form params:	<none>
Path params:	<none>
Headers:		Accept=*/*
				Content-Type=application/json
Cookies:		<none>
Multiparts:		<none>
Body:
{
    "firstName": "FNArAeb",
    "lastName": "LNbOhzV",
    "address": "Address: sMk4g",
    "city": "City: G8KXm",
    "telephone": "18517712"
}
HTTP/1.1 201 
Vary: Origin
Vary: Access-Control-Request-Method
Vary: Access-Control-Request-Headers
Location: /api/owners/532
X-Content-Type-Options: nosniff
X-XSS-Protection: 0
Cache-Control: no-cache, no-store, max-age=0, must-revalidate
Pragma: no-cache
Expires: 0
X-Frame-Options: DENY
Content-Type: application/json
Transfer-Encoding: chunked
Date: Sat, 20 Jan 2024 15:33:23 GMT
Keep-Alive: timeout=60
Connection: keep-alive

{
    "firstName": "FNArAeb",
    "lastName": "LNbOhzV",
    "address": "Address: sMk4g",
    "city": "City: G8KXm",
    "telephone": "18517712",
    "id": 532,
    "pets": [
        
    ]
}
  &amp#27;[32mGiven &amp#27;[0m&amp#27;[32muser creates pets owner&amp#27;[0m                    &amp#27;[90m# tuichalange.steps.OwnerSteps.userCreatesOwner()&amp#27;[0m
Request method:	POST
Request URI:	http://localhost:9966/petclinic/api/owners/532/pets
Proxy:			<none>
Request params:	<none>
Query params:	<none>
Form params:	<none>
Path params:	ownerId=532
Headers:		Accept=*/*
				Content-Type=application/json
Cookies:		<none>
Multiparts:		<none>
Body:
{
    "name": "WObHB",
    "birthDate": "2022-09-09",
    "type": {
        "name": "cat",
        "id": 1
    }
}
HTTP/1.1 400 
Vary: Origin
Vary: Access-Control-Request-Method
Vary: Access-Control-Request-Headers
X-Content-Type-Options: nosniff
X-XSS-Protection: 0
Cache-Control: no-cache, no-store, max-age=0, must-revalidate
Pragma: no-cache
Expires: 0
X-Frame-Options: DENY
Content-Type: text/plain;charset=UTF-8
Content-Length: 156
Date: Sat, 20 Jan 2024 15:33:23 GMT
Connection: close

{"className":"org.springframework.dao.IncorrectResultSizeDataAccessException","exMessage":"Query did not return a unique result: 231 results were returned"}
  &amp#27;[31mAnd &amp#27;[0m&amp#27;[31muser creates pet with owner&amp#27;[0m                  &amp#27;[90m# tuichalange.steps.PetSteps.userCreatesPet()&amp#27;[0m
      &amp#27;[31morg.opentest4j.AssertionFailedError: expected: <201> but was: <400>
	at org.junit.jupiter.api.AssertionFailureBuilder.build(AssertionFailureBuilder.java:151)
	at org.junit.jupiter.api.AssertionFailureBuilder.buildAndThrow(AssertionFailureBuilder.java:132)
	at org.junit.jupiter.api.AssertEquals.failNotEqual(AssertEquals.java:197)
	at org.junit.jupiter.api.AssertEquals.assertEquals(AssertEquals.java:150)
	at org.junit.jupiter.api.AssertEquals.assertEquals(AssertEquals.java:145)
	at org.junit.jupiter.api.Assertions.assertEquals(Assertions.java:531)
	at tuichalange.actions.ApiActions.createPetWithOwner(ApiActions.java:152)
	at tuichalange.steps.PetSteps.userCreatesPet(PetSteps.java:71)
	at ✽.user creates pet with owner(file:///Users/apetrova/Documents/examples/src/test/resources/tuichalange/features/pet/getPetDetailsTests.feature:6)
&amp#27;[0m
  &amp#27;[36mWhen &amp#27;[0m&amp#27;[36muser requests pet details by id&amp#27;[0m             &amp#27;[90m# tuichalange.steps.PetSteps.getPetsDetailsById()&amp#27;[0m
  &amp#27;[36mThen &amp#27;[0m&amp#27;[36mpet with owner details are correct&amp#27;[0m          &amp#27;[90m# tuichalange.steps.PetSteps.petDetailsAreCorrect()&amp#27;[0m
]]></system-out>
  </testcase>
  <testcase name="Pet not found error in case requesting nonexistent pet" classname="Get Pet Details Api Tests" time="0.0">
    <skipped message="&apos;cucumber.filter.tags=@Smoke&apos; did not match this scenario"/>
  </testcase>
  <testcase name="Pet is not updated with null name" classname="Update Pet Api Tests" time="0.0">
    <skipped message="&apos;cucumber.filter.tags=@Smoke&apos; did not match this scenario"/>
  </testcase>
  <testcase name="Pet is not updated with null birth date" classname="Update Pet Api Tests" time="0.0">
    <skipped message="&apos;cucumber.filter.tags=@Smoke&apos; did not match this scenario"/>
  </testcase>
  <testcase name="Pet is not updated with null pet type" classname="Update Pet Api Tests" time="0.0">
    <skipped message="&apos;cucumber.filter.tags=@Smoke&apos; did not match this scenario"/>
  </testcase>
  <testcase name="Pet type can be deleted successfully" classname="Delete Pet Types Api" time="0.0">
    <skipped message="&apos;cucumber.filter.tags=@Smoke&apos; did not match this scenario"/>
  </testcase>
  <testcase name="Pet type not found error in case deleting nonexistent pet type" classname="Delete Pet Types Api" time="0.0">
    <skipped message="&apos;cucumber.filter.tags=@Smoke&apos; did not match this scenario"/>
  </testcase>
  <testcase name="Pet type can be requested by id" classname="Get Pet Types Details Api" time="0.0">
    <skipped message="&apos;cucumber.filter.tags=@Smoke&apos; did not match this scenario"/>
  </testcase>
  <testcase name="Pet type not found error in case requesting nonexistent pet type" classname="Get Pet Types Details Api" time="0.0">
    <skipped message="&apos;cucumber.filter.tags=@Smoke&apos; did not match this scenario"/>
  </testcase>
  <testcase name="Pet type not found error in case updating nonexistent pet type" classname="Update Pet Types Api" time="0.0">
    <skipped message="&apos;cucumber.filter.tags=@Smoke&apos; did not match this scenario"/>
  </testcase>
</testsuite>